[2025-06-30 06:00:01] INFO - 🔧 Logging initialized
[2025-06-30 06:00:01] INFO - 프로그램 시작됨
[2025-06-30 06:00:01] INFO - 
🚀 크롤러 실행 시도 1/3
[2025-06-30 06:00:38] WARNING - ⚠️ 크롤러 실행 중 예외 발생: TimeoutError - Page.wait_for_selector: Timeout 30000ms exceeded.
Call log:
  - waiting for locator("select#orderTab") to be visible

[2025-06-30 06:00:38] INFO - 🔁 크롤러를 다시 실행합니다...
[2025-06-30 06:00:38] INFO - 
🚀 크롤러 실행 시도 2/3
[2025-06-30 06:01:20] WARNING - ⚠️ 크롤러 실행 중 예외 발생: TimeoutError - Page.wait_for_selector: Timeout 30000ms exceeded.
Call log:
  - waiting for locator("select#orderTab") to be visible

[2025-06-30 06:01:20] INFO - 🔁 크롤러를 다시 실행합니다...
[2025-06-30 06:01:20] INFO - 
🚀 크롤러 실행 시도 3/3
[2025-06-30 06:01:34] INFO - 🔢 총 공고 수: 168893건 → 최대 페이지 수: 3378 페이지
[2025-06-30 06:01:34] INFO - 
📄 현재 페이지: 1
[2025-06-30 06:01:35] INFO - 0001 | 잉글리시에그 강동고덕센터 | 유아영어놀이 교사 (센터/홈방문) 채용 | 4시간 전 등록
[2025-06-30 06:01:35] INFO - 0002 | 에이치알에스코리아 | [KT제주사옥/KT그룹 정규직] 핸드폰 요금제 전산변경처리 및 상담 | 4시간 전 등록
[2025-06-30 06:01:35] INFO - 0003 | 미래비전 | 삼성디스플레이협력사/OLED액정생산/3조2교대(4일근무2일휴무)/기숙사가능 | 5시간 전 등록
[2025-06-30 06:01:35] INFO - 0004 | 유크리에이트 | 라이프스타일 브랜드 생산 기획/관리 매니저 채용 (경력직) | 5시간 전 등록
[2025-06-30 06:01:35] INFO - 0005 | 유크리에이트 | 라이프스타일 브랜드 CS 관리 커뮤니케이션 팀 채용 (신입/경력) | 5시간 전 등록
[2025-06-30 06:01:36] INFO - 0006 | ㈜스파클인터렉티브 | 광고기획(팀장 및 본부장급) | 5시간 전 등록
[2025-06-30 06:01:36] INFO - 0007 | ㈜맘스터치앤컴퍼니 | 교육 기획·운영 | 5시간 전 등록
[2025-06-30 06:01:36] INFO - 0008 | ㈜맘스터치앤컴퍼니 | 전략/경영기획 그룹장 | 5시간 전 등록
[2025-06-30 06:01:36] INFO - 0009 | 보람상조피플 주식회사 | 보람상조피플 성수본사-리빙플래너 | 5시간 전 등록
[2025-06-30 06:01:36] INFO - 0010 | 보람상조피플 주식회사 | 지점장(관리직) 후보 / 보람상조피플(주) | 5시간 전 등록
[2025-06-30 06:01:36] INFO - 0011 | 이유학원 | 상담실장/영재고 과고 수학강사 | 5시간 전 등록
[2025-06-30 06:01:37] INFO - 0012 | ㈜더플랜오 | 양재천 와인 다이닝 [brda] 키친 추가 채용 공고 | 5시간 전 등록
[2025-06-30 06:01:37] INFO - 0013 | (주)원스탑프렙 | (Full-Time) Junior Literature Instructor in Seoul | 5시간 전 등록
[2025-06-30 06:01:37] INFO - 0014 | (주)원스탑프렙 | [정규직] Advanced Math Instructor in Seoul (SAT Math, Calculus) | 5시간 전 등록
[2025-06-30 06:01:37] INFO - 0015 | 아이비실용음악학원 | 인천실용음악학원 - 기타 강사 선생님 모집 | 5시간 전 등록
[2025-06-30 06:01:37] INFO - 0016 | 키친25(Kitchen25) | 키친25 외식사업부 채용 공고 | 5시간 전 등록
[2025-06-30 06:01:37] INFO - 0017 | ㈜더파운더즈 | [ANUA 아누아] 글로벌 인플루언서 마케팅 리드 (북미권) | 5시간 전 등록
[2025-06-30 06:01:37] INFO - 0018 | 코어인사이트㈜ | 하드웨어개발 엔지니어 경력직 인재를 모집합니다. | 5시간 전 등록
[2025-06-30 06:01:38] INFO - 0019 | 금영제너럴 | GYG엘리베이터 파주공장 살바니니, 권상기 제작, 생산 기술, 제품 A/S 등 | 5시간 전 등록
[2025-06-30 06:01:38] INFO - 0020 | 금영제너럴 | GYG엘리베이터 승강기유지관리사업 지점원 (광주전남, 전북지사) | 5시간 전 등록
[2025-06-30 06:01:38] INFO - 0021 | 금영제너럴 | GYG엘리베이터 승강기유지관리사업 지점장,지점원(강북,파주,공덕,안양) | 5시간 전 등록
[2025-06-30 06:01:38] INFO - 0022 | 전국택시공제조합 | 전국택시공제조합 직원모집 공고 | 5시간 전 등록
[2025-06-30 06:01:38] INFO - 0023 | ㈜행복재무상담센터 | [정규직/교대역 4분거리]CS매니저 채용(점심 식대 무제한) | 5시간 전 등록
[2025-06-30 06:01:38] INFO - 0024 | (주)한성저축은행 | 한성저축은행 수신텔러 경력직 채용 | 5시간 전 등록
[2025-06-30 06:01:39] INFO - 0025 | 하나금융파인드㈜ | [하나금융파인드] ICT지원파트 담당자 채용 | 5시간 전 등록
[2025-06-30 06:01:39] INFO - 0026 | ㈜대명엔컴 | 타일커팅 및 가공/공장직 신입 모집 | 5시간 전 등록
[2025-06-30 06:01:39] INFO - 0027 | 유화증권㈜ | [유화증권] 지점영업직 신입직원 채용 | 5시간 전 등록
[2025-06-30 06:01:39] INFO - 0028 | 오비맥주㈜ | [ABInBev Korea 오비맥주] GMT/CET/SET 신입사원 채용 | 5시간 전 등록
[2025-06-30 06:01:39] INFO - 0029 | 한미유압기계 | 회계 경력직 | 5시간 전 등록
[2025-06-30 06:01:39] INFO - 0030 | ㈜스튜디오좋 | [스튜디오좋] 제작3팀 카피라이터(경력) 모집합니다. | 5시간 전 등록
[2025-06-30 06:01:40] INFO - 0031 | ㈜메이드코퍼레이션 | 영상 콘텐츠 에디터 (숏폼 중심) 채용 | 5시간 전 등록
[2025-06-30 06:01:40] INFO - 0032 | 한국지역난방기술 | 전기설계 기술인력 채용 | 5시간 전 등록
[2025-06-30 06:01:40] INFO - 0033 | (학) 연세대학교 | 연세대학교 신촌장례식장 상례사ㆍ상담사 채용 | 5시간 전 등록
[2025-06-30 06:01:40] INFO - 0034 | (재)아산나눔재단 | [아산나눔재단] 홍보팀 & 경영지원팀 분야별 직원 채용 | 5시간 전 등록
[2025-06-30 06:01:40] INFO - 0035 | 티티유프라이빗에쿼티㈜ | 비서/리셉션 안내 채용 | 5시간 전 등록
[2025-06-30 06:01:40] INFO - 0036 | ㈜아모레퍼시픽 | 아모레퍼시픽 설화수 브랜드 디자인팀 계약직 채용 공고 | 5시간 전 등록
[2025-06-30 06:01:41] INFO - 0037 | 주식회사 파수 | 신입공채-SW개발/SW컨설턴트/해외사업/영업 | 5시간 전 등록
[2025-06-30 06:01:41] INFO - 0038 | ㈜다날 | 정보보호 담당자 | 5시간 전 등록
[2025-06-30 06:01:41] INFO - 0039 | ㈜다날 | 데이터 분석 Engineer | 5시간 전 등록
[2025-06-30 06:01:41] INFO - 0040 | ㈜나인스쿨 | 주)나인스쿨 웹개발자 경력직 구인 | 5시간 전 등록
[2025-06-30 06:01:41] INFO - 0041 | ㈜씨엠에스랩 | [씨엠에스랩] 재무회계 담당자 | 5시간 전 등록
[2025-06-30 06:01:41] INFO - 0042 | ㈜리가켐 바이오사이언스 | [STAFF] 연구지원직 채용 | 5시간 전 등록
[2025-06-30 06:01:41] INFO - 0043 | (재)춘천바이오산업진흥원 | (재)춘천바이오산업진흥원 채용 재공고(계약직 푸드테크과제 사업운영) | 5시간 전 등록
[2025-06-30 06:01:42] INFO - 0044 | (재) 서울예술단 | (재)서울예술단 2025년 제2차 직원 채용 공고 (마케팅) | 5시간 전 등록
[2025-06-30 06:01:42] INFO - 0045 | (재) 서울예술단 | (재)서울예술단 2025년 제2차 직원 채용 공고 (예산, 재무회계) | 5시간 전 등록
[2025-06-30 06:01:42] INFO - 0046 | ㈜에이덴 | ㈜제티노코리아 기술팀 채용 | 5시간 전 등록
[2025-06-30 06:01:42] INFO - 0047 | 농업회사법인㈜웨일즈 | 생산직 포지션 채용 | 5시간 전 등록
[2025-06-30 06:01:42] INFO - 0048 | ㈜에버넷 | 펌웨어 경력자 모집 | 5시간 전 등록
[2025-06-30 06:01:42] INFO - 0049 | 더리본㈜ 인천지점 | 더리본(주) 신입모집 | 5시간 전 등록
[2025-06-30 06:01:43] INFO - 0050 | 더리본㈜ 인천지점 | 더리본 음식서빙 도우미 / 상례사 (총괄매니저) 채용 공고 | 5시간 전 등록
[2025-06-30 06:01:43] INFO - ⏱ 2.77초 대기
[2025-06-30 06:01:46] INFO - 
📄 현재 페이지: 2
[2025-06-30 06:01:46] INFO - 0051 | 인커넥트 | [채팅상담/고정급260만이상/구로디지털]-글로벌기업 제품이용관련 문의상담 | 5시간 전 등록
[2025-06-30 06:01:46] INFO - 0052 | 인커넥트 | [늦게출근 일찍퇴근(4Hor5H 선택)/삼각지역]-웰컴저축은행 단기상담(6개월) | 5시간 전 등록
[2025-06-30 06:01:46] INFO - 0053 | 인커넥트 | [연산역(도보3분)/월최대300만]-LG전자 이전설치 전담 정규상담사 모집 | 5시간 전 등록
[2025-06-30 06:01:47] INFO - 0054 | 씨에스쉐어링㈜ | [CS쉐어링/ 홍대센터] 고객센터 관리자(파트장) 채용 | 5시간 전 등록
[2025-06-30 06:01:47] INFO - 0055 | 씨에스쉐어링㈜ | 경영기획본부 경리회계담당자 채용 | 5시간 전 등록
[2025-06-30 06:01:47] INFO - 0056 | AIA생명보험-본사 | 오전10시-오후5시[광주오픈]AIA생명 본사상담원모집/면접선물-신입/경력 | 5시간 전 등록
[2025-06-30 06:01:47] INFO - 0057 | AIA생명보험-본사 | 오전10시-오후4시[울산오픈]AIA생명 본사상담원모집/면접선물-신입/경력 | 5시간 전 등록
[2025-06-30 06:01:47] INFO - 0058 | AIA생명보험-본사 | 오전10시-오후4시[부산오픈]AIA생명 본사상담원모집/면접선물-신입/경력 | 5시간 전 등록
[2025-06-30 06:01:47] INFO - 0059 | AIA생명보험-본사 | 오전10시-오후2시[대구오픈]AIA생명 본사상담원모집/면접선물-신입/경력 | 5시간 전 등록
[2025-06-30 06:01:48] INFO - 0060 | Letswork | 초보가능/정규직채용[원주단구동]KT고객센터 인바운드상담원모집-신입/경력 | 5시간 전 등록
[2025-06-30 06:01:48] INFO - 0061 | Letswork | 초보가능/정규직채용[고양삼송역]KT고객센터 인바운드상담원모집-신입/경력 | 5시간 전 등록
[2025-06-30 06:01:48] INFO - 0062 | 퍼펙트커리어㈜ | ㅣ상여금1년 12회ㅣ월450 OKㅣ복지OKㅣPCB 안산-시흥 강소기업 공채ㅣ | 5시간 전 등록
[2025-06-30 06:01:48] INFO - 0063 | 리드커리어 주식회사 | [잠실본사] IT자산관리 실무자라면 클릭- 쿠팡 본사 단기 프로젝트 채용 | 5시간 전 등록
[2025-06-30 06:01:48] INFO - 0064 | 리드커리어 주식회사 | [식대지급/연3000만/재택병행] 지그재그 헬스&뷰티 AMD 채용 | 5시간 전 등록
[2025-06-30 06:01:48] INFO - 0065 | ㈜굿앰비즈 | [화전동]LS산전 변압기 부품 생산직 남자-2교대[시급10,400] | 5시간 전 등록
[2025-06-30 06:01:48] INFO - 0066 | 하랑 | [장비지원(배송)/재택교육/재택근무] 쿠팡 이용문의 안내 쉬운 업무 | 5시간 전 등록
[2025-06-30 06:01:49] INFO - 0067 | 하랑 | [주말근무/대학생/투잡 가능] LG유플러스 기술지원 업무 | 5시간 전 등록
[2025-06-30 06:01:49] INFO - 0068 | ㈜인커넥트 | [범어역/고정232만(수당별도)] iM뱅크(구)대구은행 고객센터 인바운드 상담 | 5시간 전 등록
[2025-06-30 06:01:49] INFO - 0069 | 주식회사 엠피씨플러스 | [HP코리아/정규직] 온라인스토어 기획운영/마케팅 당담자 채용 | 5시간 전 등록
[2025-06-30 06:01:49] INFO - 0070 | ㈜코리아인 | [대기업 동해사업장] 팀내 사무보조 모집(신입환영) | 5시간 전 등록
[2025-06-30 06:01:49] INFO - 0071 | 하랑 | [에이닷 광주수완지점]수강생 1대1 학습코칭 진도관리 강사 채용[전공무관] | 5시간 전 등록
[2025-06-30 06:01:49] INFO - 0072 | ㈜신영아웃소싱 | [충북진천/중견기업] ㈜면사랑.생산/물류.정규직 채용 | 5시간 전 등록
[2025-06-30 06:01:50] INFO - 0073 | 하랑 | [에이닷 해운대지점]수강생 1대1 학습코칭 진도관리 강사 채용[전공무관] | 5시간 전 등록
[2025-06-30 06:01:50] INFO - 0074 | ㈜신영아웃소싱 | [청주강내/상여금] PCB.3조2교대.정규직 채용(보충역특례가능) | 5시간 전 등록
[2025-06-30 06:01:50] INFO - 0075 | ㈜신영아웃소싱 | [대전유성구탑립동/상여금] PCB.주간2교대/주간고정.정규직 채용 | 5시간 전 등록
[2025-06-30 06:01:50] INFO - 0076 | 동호에이치알㈜ | [삼성역] 중견 사모펀드 운용사 리스크관리본부 직원 채용 | 5시간 전 등록
[2025-06-30 06:01:50] INFO - 0077 | ㈜메타엠 | [전화면접/증원] 전월세,담보대출 미비서류 1차확인(영업X) | 5시간 전 등록
[2025-06-30 06:01:50] INFO - 0078 | ㈜지원에이치에스 | 인천전자생산/기능 ]면접없이 바로입사/가불가능/상여금618/통근버스운행 | 5시간 전 등록
[2025-06-30 06:01:51] INFO - 0079 | 대한상공회의소 | 청년취업 사관학교 AI 특화 캠퍼스 2기 모집 | 5시간 전 등록
[2025-06-30 06:01:51] INFO - 0080 | ㈜지앤비시스템 | 과천 펜타원 기계실 기계기사 구인 (지식산업센터) | 5시간 전 등록
[2025-06-30 06:01:51] INFO - 0081 | 휴인 | 병점/화성/K:/인바운드센터/고객관리/3시퇴근/탄력근무/3403 | 5시간 전 등록
[2025-06-30 06:01:51] INFO - 0082 | 휴인 | 성남/모란/3201D/고객관리상담/탄력근무제/5시간근무/3201 | 5시간 전 등록
[2025-06-30 06:01:51] INFO - 0083 | 휴인 | 장기근무가능/3시까지/요일시간조절가능/업무효율굿/워라벨가능/전주H5505 | 5시간 전 등록
[2025-06-30 06:01:51] INFO - 0084 | 한화손해보험 | 3시 퇴근-[고객관리부서]-고객관리업무 전화상담,전산업무 월300이상 | 5시간 전 등록
[2025-06-30 06:01:52] INFO - 0085 | 휴인 | 월급날/통장보고/미소짓고싶다며/여기가/바로그곳/프리미엄/포항H센터 | 5시간 전 등록
[2025-06-30 06:01:52] INFO - 0086 | 휴인 | 라이프케어/고객상담팀/경력무관/초보가능/복지좋은회사/3221 | 5시간 전 등록
[2025-06-30 06:01:52] INFO - 0087 | 터미널 에스프레소 하우스 사당 | [터미널에스프레소하우스 사당] 정직원 바리스타 모집 | 5시간 전 등록
[2025-06-30 06:01:52] INFO - 0088 | 이든 | [이든] 쇼핑 로직 분석가 채용 | 5시간 전 등록
[2025-06-30 06:01:52] INFO - 0089 | ㈜메디톡스 | IT 경력사원 채용 | 6시간 전 등록
[2025-06-30 06:01:52] INFO - 0090 | ㈜메디톡스 | 학술 경력사원 채용 | 6시간 전 등록
[2025-06-30 06:01:52] INFO - 0091 | ㈜더존비즈온 | [웹개발-경력]더존비앤씨티 웹개발자(온라인 교육 웹 서비스) 경력 채용 | 6시간 전 등록
[2025-06-30 06:01:53] INFO - 0092 | ㈜더존비즈온 | [영업 - 경력] 더존비즈온 AI 솔루션 영업 직군 경력 채용 | 6시간 전 등록
[2025-06-30 06:01:53] INFO - 0093 | ㈜더존비즈온 | [IT컨설팅 - 경력]더존비즈온 IT 컨설턴트 대구/부산지역 경력 채용 | 6시간 전 등록
[2025-06-30 06:01:53] INFO - 0094 | ㈜더존비즈온 | [사업관리 - 계약직]더존비즈온 IT 솔루션 사업기획, 관리 계약직 채용 | 6시간 전 등록
[2025-06-30 06:01:53] INFO - 0095 | 엔피비알(NPBR) | 22년전통 브리핑 영업 전문강사 신입 및 경력 모집(경기.인천) | 7시간 전 등록
[2025-06-30 06:01:53] INFO - 0096 | 원진치과의원 | [강남역 1분거리 /주5일] 원진치과의원 데스크·초진 접수 정규직 채용 | 7시간 전 등록
[2025-06-30 06:01:53] INFO - 0097 | ㈜럭스피엠 | 사무, 오퍼레이션 인재채용 신입 및 경력 (원주) | 7시간 전 등록
[2025-06-30 06:01:54] INFO - 0098 | ㈜파인슐레산본캠퍼스 | 유치부 조리사 모집 | 7시간 전 등록
[2025-06-30 06:01:54] INFO - 0099 | 신한생명보험 | [본사직영 콜센터 직원 모집] 안정적인 급여 및 교육비/ 정착지원금 지급 | 7시간 전 등록
[2025-06-30 06:01:54] INFO - 0100 | 프라임에셋 | 병원인하우스 근무하실분 모집/ 경단녀.투잡가능/ 온라인영업 가능 | 7시간 전 등록
[2025-06-30 06:01:54] INFO - ⏱ 1.55초 대기
[2025-06-30 06:01:56] INFO - 
📄 현재 페이지: 3
[2025-06-30 06:01:57] INFO - 0101 | 흥국생명보험㈜ | [본사직영 영업실장/ 관리자급 모집] 업계1위 복합TM센터, 업무만족도 1위 | 7시간 전 등록
[2025-06-30 06:01:57] INFO - 0102 | 흥국생명보험㈜ | [2025년 본사직영 신규채용] 기본급300. 정착지윈금지급. 복합TM센터 | 7시간 전 등록
[2025-06-30 06:01:57] INFO - 0103 | 에이포인트 컴퍼니 | (주)에이포인트컴퍼니 에이전시(캐스팅)&매니지먼트 직원 채용 | 7시간 전 등록
[2025-06-30 06:01:57] INFO - 0104 | ㈜도토리 | 야키토리 나루토 상수(합정)점 정직원 모집 / 300- / 8일 / 연차 / 인센 / | 8시간 전 등록
[2025-06-30 06:01:57] INFO - 0105 | ㈜지앤훈컴퍼니 | 숙박업위탁관리 업무 | 8시간 전 등록
[2025-06-30 06:01:58] INFO - 0106 | ㈜도토리 | 야키토리 나루토 건대점 정직원 모집 / 300- / 8일 / 연차 / 인센 / 퇴직금 | 8시간 전 등록
[2025-06-30 06:01:58] INFO - 0107 | ㈜도토리 | 야키토리 나루토 강남점 정직원 모집 / 300- / 8일 / 연차 / 인센 / 퇴직금 | 8시간 전 등록
[2025-06-30 06:01:58] INFO - 0108 | 에이스경영자문그룹 | 전화 섭외사원 모집(정부 지원 사업 방문 약속) / 기본급 ,인센티브 지급 | 8시간 전 등록
[2025-06-30 06:01:58] INFO - 0109 | 로이드 전주효자점 | [로이드 전주 효자점]쥬얼리 판매사원 모집 [250/인센] 경력자우대 | 8시간 전 등록
[2025-06-30 06:01:58] INFO - 0110 | 민원자동차정비센터 | [민원자동차정비센터] 자동차 정비사 채용 | 8시간 전 등록
[2025-06-30 06:01:58] INFO - 0111 | ㈜이데일리씨앤비 | [이데일리TV] 프리랜서 아나운서 채용 | 8시간 전 등록
[2025-06-30 06:01:58] INFO - 0112 | 사랑모아금웅서비스박숙영 | [지점장/관리자급 모집] 파격적인 지원/ 법인카드 지급/ 쾌적한 업무환경 | 8시간 전 등록
[2025-06-30 06:01:59] INFO - 0113 | 스카이영수학원 | 초등 수학 3시간or4시간&영어 중등부 4시간 | 8시간 전 등록
[2025-06-30 06:01:59] INFO - 0114 | 에이포인트 컴퍼니 | (주)에이포인트컴퍼니 마케팅 직원 신입/경력 채용중 | 8시간 전 등록
[2025-06-30 06:01:59] INFO - 0115 | 정온 | (주)정온에서 경력직 직원 모집합니다.(업계 최고 대우) | 8시간 전 등록
[2025-06-30 06:01:59] INFO - 0116 | 현대자동차블루핸즈사우점 | 블루핸즈 사우점 경력엔지니어 모집(주5일) | 8시간 전 등록
[2025-06-30 06:01:59] INFO - 0117 | 금강화물㈜ | 대형 트레일러 기사 모집 | 8시간 전 등록
[2025-06-30 06:01:59] INFO - 0118 | 바이브성형외과의원 | [신논현역/강남역] 바이브 성형외과 수술/시술 인재 채용 공고 | 8시간 전 등록
[2025-06-30 06:01:59] INFO - 0119 | 자연한의원 | [접수/예약] 접수실 접수 정규직 모집 공고 | 8시간 전 등록
[2025-06-30 06:02:00] INFO - 0120 | ㈜비전솔루션 | [월350수준]양지IC5분거리/가불주급가능/마루업계1위기업/편한분위기 | 8시간 전 등록
[2025-06-30 06:02:00] INFO - 0121 | ㈜잡위드 | [공공기관/월곡역] KIST 나노팹센터 장비 유지보수 및 안전관리자 모집 | 8시간 전 등록
[2025-06-30 06:02:00] INFO - 0122 | ㈜블루팬더 | CAFE24 쇼핑몰 운영관리 AMD 직원 구인 (유명제약회사 자사몰) | 8시간 전 등록
[2025-06-30 06:02:00] INFO - 0123 | ㈜학지사에듀 | [학지사그룹] 학점은행제 학습설계 직원채용 | 8시간 전 등록
[2025-06-30 06:02:00] INFO - 0124 | 하운드호텔 이천터미널 | 호텔 캐셔 모십니다 | 8시간 전 등록
[2025-06-30 06:02:00] INFO - 0125 | 대오라텍스㈜ | 배송 및 물류관리 사원 모집 | 8시간 전 등록
[2025-06-30 06:02:01] INFO - 0126 | ㈜하루의공간 | 리빙브랜드 감각적인 컨텐츠 디자이너 | 8시간 전 등록
[2025-06-30 06:02:01] INFO - 0127 | 미친부엌신제주점 | 미친부엌 신제주점에서 주방 직원모십니다(월8회휴무) | 8시간 전 등록
[2025-06-30 06:02:01] INFO - 0128 | 미친부엌 | 미친부엌 본점에서 주방직원 모셔요(월8회휴무) | 8시간 전 등록
[2025-06-30 06:02:01] INFO - 0129 | 방파제 | THE 방파제 팀원모집 1.요리부 쉐프 / 2.홀서빙 스텝 | 8시간 전 등록
[2025-06-30 06:02:01] INFO - 0130 | 크린몬 | 청소대행전문업체/야간근무/격주휴무/ | 8시간 전 등록
[2025-06-30 06:02:01] INFO - 0131 | 메디세라의료기 | 의료기 체험실 실장님 및 직원 구합니다 (경력자 우대) | 8시간 전 등록
[2025-06-30 06:02:01] INFO - 0132 | ㈜낚시야 | 부산 낚시야 매장직원을 구합니다. | 8시간 전 등록
[2025-06-30 06:02:02] INFO - 0133 | 몬스터클리닉 | 골반필러 컨텐츠, 바이럴 마케터 팀원/팀장님 모집합니다(최고수준우대) | 8시간 전 등록
[2025-06-30 06:02:02] INFO - 0134 | ㈜테스트이앤씨 | [정규직] 소프트웨어 테스트 엔지니어 채용 (판교/경력,신입) | 8시간 전 등록
[2025-06-30 06:02:02] INFO - 0135 | 늘품장애인보호작업장 솔트(salt) | 늘품장애인보호작업장 솔트 제빵사 채용 공고 | 9시간 전 등록
[2025-06-30 06:02:02] INFO - 0136 | ㈜제이케이일렉트릭 | 대전시 중구 유천동 (호송경비 보조직) 모집. | 9시간 전 등록
[2025-06-30 06:02:02] INFO - 0137 | ㈜세컨드플랜 | [루비스카페 Ruby`s cafe] 한남점 홀 정규직 신입/경력 채용 | 9시간 전 등록
[2025-06-30 06:02:02] INFO - 0138 | 도훈인터내셔널 | 온라인 쇼핑몰 AMD 채용(신입/경력) | 9시간 전 등록
[2025-06-30 06:02:03] INFO - 0139 | 제이케이미래㈜ | 오프라인 쇼핑몰 마케팅, MD리테일, 채널 관리자 채용 | 9시간 전 등록
[2025-06-30 06:02:03] INFO - 0140 | 행림원외탕전 | 행림원외탕전 웹 디자이너 채용 (1명) | 9시간 전 등록
[2025-06-30 06:02:03] INFO - 0141 | 도훈인터내셔널 | 온라인 쇼핑몰 MD 채용(신입/경력) | 9시간 전 등록
[2025-06-30 06:02:03] INFO - 0142 | 데이릿 | [EOPP] 퓨전 한식 다이닝 데이릿 성수 홀&주방 직원 채용 [연봉 3400-4400] | 9시간 전 등록
[2025-06-30 06:02:03] INFO - 0143 | 지앤지자산관리㈜ | 성수동 인근빌딩 미화원 모집 | 9시간 전 등록
[2025-06-30 06:02:03] INFO - 0144 | 데이릿 용산점 | 퓨전한식 데이릿 용산점 요리사 모집 [연봉 3400-4400] | 9시간 전 등록
[2025-06-30 06:02:03] INFO - 0145 | 영우유통 | 무인매장 납품사원모집 (초보자환영) | 9시간 전 등록
[2025-06-30 06:02:04] INFO - 0146 | ㈜브로트아트 | (주)브로트아트에서 매장 직원 및 매니저를 채용합니다. | 9시간 전 등록
[2025-06-30 06:02:04] INFO - 0147 | 아트앤하트혁신센터 | 미술치료전공 미술선생님 모십니다 | 9시간 전 등록
[2025-06-30 06:02:04] INFO - 0148 | 스마일재가방문요양센터 | 스마일재가방문요양센터 사회복지사 신입&경력 채용 [소흘읍 송우리] | 9시간 전 등록
[2025-06-30 06:02:04] INFO - 0149 | ㈜비알오 | 경영기획 / 경영컨설팅 | 9시간 전 등록
[2025-06-30 06:02:04] INFO - 0150 | 하주푸드 | [경력2년이상][경남 김해] 식품(소스) 생산직 사원을 모십니다. | 9시간 전 등록
[2025-06-30 06:02:04] INFO - ⏱ 2.40초 대기
[2025-06-30 06:02:07] INFO - 
📄 현재 페이지: 4
[2025-06-30 06:02:07] INFO - 0151 | 모드닉 | [의정부 베이커리 카페] 제과제빵팀 직원 채용합니다 | 9시간 전 등록
[2025-06-30 06:02:08] INFO - 0152 | 예신 | 정규직 상담실장 채용 | 9시간 전 등록
[2025-06-30 06:02:08] INFO - 0153 | ㈜더네이처 | 직영점 매장운영 및 조리직원 구인 | 9시간 전 등록
[2025-06-30 06:02:08] INFO - 0154 | ㈜더네이처 | 본사 직영점 매장운영 및 교육팀장 모집 | 9시간 전 등록
[2025-06-30 06:02:08] INFO - 0155 | 롯데리아 홈플러스 마산양덕점 | 직원채용 (롯데리아 홈플러스 마산양덕점) | 9시간 전 등록
[2025-06-30 06:02:08] INFO - 0156 | 아티장크로아상 | 북촌계동)아티장크로아상 신입베이커/판매직 모집 | 9시간 전 등록
[2025-06-30 06:02:08] INFO - 0157 | ㈜호텔폭스아트홀 | ㈜호텔폭스아트홀 룸메이드 채용 | 9시간 전 등록
[2025-06-30 06:02:09] INFO - 0158 | ㈜헤비스테이크 화정역점 | (주)헤비스테이크 대학로점 채용 공고 | 9시간 전 등록
[2025-06-30 06:02:09] INFO - 0159 | ㈜헤비스테이크 화정역점 | (주)헤비스테이크 대학로점 채용 공고(각종 수당, 휴가 별도지급) | 9시간 전 등록
[2025-06-30 06:02:09] INFO - 0160 | ㈜호텔폭스아트홀 | ㈜호텔폭스아트홀 프론트데스크 채용 | 9시간 전 등록
[2025-06-30 06:02:09] INFO - 0161 | ㈜디오티앤 | 인테리어 설계. 디자이너 모십니다. | 9시간 전 등록
[2025-06-30 06:02:09] INFO - 0162 | ㈜미래엔에듀파트너 | [인천 전 지역] 초등 방과후 컴퓨터 강사 모집 | 9시간 전 등록
[2025-06-30 06:02:09] INFO - 0163 | ㈜오픈컴퍼니 | [연봉3.700] 한암동 (홀.주방 직원) 모집 | 9시간 전 등록
[2025-06-30 06:02:09] INFO - 0164 | ㈜잇올 | [용인수지센터 1관] 잇올 스파르타 센터 운영관리자 채용 | 9시간 전 등록
[2025-06-30 06:02:10] INFO - 0165 | 문화공인중개사 | 인천 부평 문화부동산 소속공인중개사 모집 합니다. | 9시간 전 등록
[2025-06-30 06:02:10] INFO - 0166 | ㈜씨엔모터스 | CN모터스 경영지원팀장모집(회계/인사/총무) | 9시간 전 등록
[2025-06-30 06:02:10] INFO - 0167 | ㈜화물뱅크 | 3.5톤냉동탑차 운전기사 모집 | 9시간 전 등록
[2025-06-30 06:02:10] INFO - 0168 | 홍대구루메&텐큐 | 홍대구루메 주방, 홀서빙 알바, 5,6일 정직원 구합니다. | 9시간 전 등록
[2025-06-30 06:02:10] INFO - 0169 | 헤비스테이크 강남역점 | (주)헤비스테이크 강남역점 홀/주방 직원 채용(각종수당, 휴가 별도지급) | 9시간 전 등록
[2025-06-30 06:02:10] INFO - 0170 | 홍대구루메 | 홍대구루메 주방,홀 주5,6일 정직원 구합니다 | 10시간 전 등록
[2025-06-30 06:02:11] INFO - 0171 | ㈜지헌 | 롯데리아 춘천온의점에서 관리자(사원,매니져)님을 모십니다. | 10시간 전 등록
[2025-06-30 06:02:11] INFO - 0172 | ㈜다이드 | 평택 인테리어 현장관리 및 설계, 디자인 경력 구인 | 10시간 전 등록
[2025-06-30 06:02:11] INFO - 0173 | ㈜써큘러랩스 | 서비스 운영 관리 | 10시간 전 등록
[2025-06-30 06:02:11] INFO - 0174 | 아소산 | 저희 아소산과 함께 할 설거지 스텝 구합니다 . | 10시간 전 등록
[2025-06-30 06:02:11] INFO - 0175 | 신트라(SINTRA)호텔 | 3교대 1일근무2일휴무 프런트 주임(캐셔)님 모집합니다. | 10시간 전 등록
[2025-06-30 06:02:11] INFO - 0176 | 스킨넷 | 라이브방송 틱톡방송 초보자환영 여성의류 쇼호스트 모피방송 | 10시간 전 등록
[2025-06-30 06:02:11] INFO - 0177 | 스킨넷 | 초보자환영 여성의류 쇼호스트 모피방송 라이브방송 틱톡방송 풀타임 | 10시간 전 등록
[2025-06-30 06:02:12] INFO - 0178 | 헬렌도론인터내셔널센터㈜ | 유치부 · 초등부 한국인 선생님 채용 | 10시간 전 등록
[2025-06-30 06:02:12] INFO - 0179 | ㈜헤비스테이크 | (주)헤비스테이크 매장지원팀 정규직 채용(각종수당, 휴가 별도지급) | 10시간 전 등록
[2025-06-30 06:02:12] INFO - 0180 | ㈜미래소방 | 사무직 구합니다 | 10시간 전 등록
[2025-06-30 06:02:12] INFO - 0181 | 헬렌도론인터내셔널센터㈜ | 유치부 · 초등부 원장 채용 | 10시간 전 등록
[2025-06-30 06:02:12] INFO - 0182 | ㈜에임코퍼레이션 | 쿠팡 물류창고 입출고 및 재고관리 | 10시간 전 등록
[2025-06-30 06:02:12] INFO - 0183 | 한국호텔리어협회 | 특급호텔&골프장호텔 호텔리어 정규직/ | 10시간 전 등록
[2025-06-30 06:02:13] INFO - 0184 | ㈜나랏말교육 | [잠실 송파 / 국어전문학원] 행정직원 모집합니다. | 10시간 전 등록
[2025-06-30 06:02:13] INFO - 0185 | ㈜나나컴퍼니 | 정규직 마케팅 사원 채용공고(보험대리점) | 10시간 전 등록
[2025-06-30 06:02:13] INFO - 0186 | ㈜위티에스 | 사업관리/품질관리(대기업) | 10시간 전 등록
[2025-06-30 06:02:13] INFO - 0187 | 한국호텔리어협회 | 특급관광호텔&골프장호텔 부문별 채용 (호텔리어, 프론트, 식음료, 조리사 | 10시간 전 등록
[2025-06-30 06:02:13] INFO - 0188 | 한국호텔리어협회 | 특급호텔 정규직 (호텔리어, 프론트, 객실, 연회부, 식음료/레저) | 10시간 전 등록
[2025-06-30 06:02:13] INFO - 0189 | ㈜조은씨앤이 | 조은씨앤이에서 함께 하실 직원 모집합니다 | 10시간 전 등록
[2025-06-30 06:02:13] INFO - 0190 | ㈜보 | [보마켓] 나인원 한남 카페 파트타임 채용 | 10시간 전 등록
[2025-06-30 06:02:14] INFO - 0191 | 다온숲 | [다온숲 풀빛정원] 브런치 카페 신입 및 경력 주말 파트타임 채용공고 | 10시간 전 등록
[2025-06-30 06:02:14] INFO - 0192 | ㈜팥고당에스피 | [팥고당 문정점] 홀직원 구인합니다. | 10시간 전 등록
[2025-06-30 06:02:14] INFO - 0193 | ㈜빌라퍼즈 | 가평 풀빌라 펜션 카운터직원 모집 신입환영 :) | 10시간 전 등록
[2025-06-30 06:02:14] INFO - 0194 | 잭펍(JACK PUB) 옥정점 | 잭펍 양주 옥정점에서 딜러의 꿈을 키울 인재를 구합니다 | 10시간 전 등록
[2025-06-30 06:02:14] INFO - 0195 | ㈜비전솔루션 | [월320이상]가벼운물류/양지IC5분거리/편한 현장/냉동1년 이상 경험자 | 10시간 전 등록
[2025-06-30 06:02:14] INFO - 0196 | 래미안로이파크입주자대표회의 | [동작구] 아파트 커뮤니티센터 카페 바리스타 매니저 구인 | 10시간 전 등록
[2025-06-30 06:02:15] INFO - 0197 | ㈜경보 | [유지커피웍스]제주도 카페 바리스타 모집 | 10시간 전 등록
[2025-06-30 06:02:15] INFO - 0198 | 일타영수학원 | 초등/중등 영어 전임 선생님을 모십니다. | 10시간 전 등록
[2025-06-30 06:02:15] INFO - 0199 | 오라잇 | [ 급구 ] 주 5일 한성대역 인근 제과점 발렛근무자 모집 | 10시간 전 등록
[2025-06-30 06:02:15] INFO - 0200 | 데이원 모빌리티(DAY-1 MOBILITY) | 수입차량 정비 및 배반차 담당 업무 직원모집 | 10시간 전 등록
[2025-06-30 06:02:15] INFO - ⏱ 2.77초 대기
[2025-06-30 06:02:18] INFO - 
📄 현재 페이지: 5
[2025-06-30 06:02:19] INFO - 0201 | ㈜수이케이 | 영업지원 및 CS담당 (정규직) | 10시간 전 등록
[2025-06-30 06:02:19] INFO - 0202 | ㈜비전솔루션 | [300만이상]경기광주/무료기숙사/단순생산/업무쉬움/3식제공/마지막한자리 | 10시간 전 등록
[2025-06-30 06:02:19] INFO - 0203 | 헤비스테이크 대학로점 | (주)헤비스테이크 대학로점 주5일 Captain 채용공고(각종수당 및 휴가 별도 | 10시간 전 등록
[2025-06-30 06:02:19] INFO - 0204 | 헤비스테이크 대학로점 | (주)헤비스테이크 대학로점 주4일 STAFF 채용공고(각종수당 및 휴가 별도) | 10시간 전 등록
[2025-06-30 06:02:19] INFO - 0205 | 놀러오개애견유치원애견호텔천천점 | 놀러오개 애견유치원,호텔 [수원 천천점] 선생님모집 | 10시간 전 등록
[2025-06-30 06:02:19] INFO - 0206 | ㈜엔에이치오 | 롯데리아 노원역점에서 정규직 부점장 채용합니다 | 10시간 전 등록
[2025-06-30 06:02:20] INFO - 0207 | 도시엔 | 건축 공무 보조 품질, 안전 (서류 정리) 파트타임 시간조절 | 10시간 전 등록
[2025-06-30 06:02:20] INFO - 0208 | 해담 | [정규직] 사무직 직원 채용 (기본급 310) | 11시간 전 등록
[2025-06-30 06:02:20] INFO - 0209 | 뚜스뚜스 홈플러스강서점 | [신입우대] 뚜스뚜스 강서점 베이커리 브런치 카페 `홀 바리스타` 채용 | 11시간 전 등록
[2025-06-30 06:02:20] INFO - 0210 | 씨엔티테크㈜ | 씨엔티테크(주) 백엔드 신입 개발자 채용 | 11시간 전 등록
[2025-06-30 06:02:20] INFO - 0211 | 씨엔티테크㈜ | 씨엔티테크(주) 프론트엔드 신입 개발자 채용 | 11시간 전 등록
[2025-06-30 06:02:20] INFO - 0212 | 데이원 모빌리티(DAY-1 MOBILITY) | 렌트카회사 사무보조 정직원 모집 (신입/경력 무관) | 11시간 전 등록
[2025-06-30 06:02:20] INFO - 0213 | ㈜더베이직코퍼레이션 | 남성복 쇼핑몰 웹디자이너 모집 | 11시간 전 등록
[2025-06-30 06:02:21] INFO - 0214 | 위티에스글로벌 | 사업관리/품질관리(대기업) | 11시간 전 등록
[2025-06-30 06:02:21] INFO - 0215 | 카페창업사관학교 | 세일즈 영업 잘하는시는분 모십니다. | 11시간 전 등록
[2025-06-30 06:02:21] INFO - 0216 | 온에어스탁컴퍼니 | 주식 유튜브 영상편집자 신규채용 (재택근무, 7일 풀타임) | 11시간 전 등록
[2025-06-30 06:02:21] INFO - 0217 | ㈜대농마트 | [4주 기준 월 6회 휴무(연차,휴일대체포함)] 마트內업무 진열/관리/배송 | 11시간 전 등록
[2025-06-30 06:02:21] INFO - 0218 | 대한민국입시학원 | 대구 수성구 범어동 입시학원에서 사회강사 모집 | 11시간 전 등록
[2025-06-30 06:02:21] INFO - 0219 | ㈜질문과 대답 | 양평 기숙학원에서 학생과선생님 모집합니다. | 11시간 전 등록
[2025-06-30 06:02:22] INFO - 0220 | 주식회사디쉬 | 이탈리안 레스토랑에서 주방 직원 모집 (정규/계약직) | 11시간 전 등록
[2025-06-30 06:02:22] INFO - 0221 | 형주한의원 | [주4] 분당 ,판교한의원 간호조무사 치료실 팀원 구인합니다. | 11시간 전 등록
[2025-06-30 06:02:22] INFO - 0222 | 헬무트커피로스터스 | 헬무트커피에서 바리스타 구인 공고합니다.(카페업무) | 11시간 전 등록
[2025-06-30 06:02:22] INFO - 0223 | 세나코리아(오디오프로브) | (주)오디오프로브 그래픽디자이너 모집 | 11시간 전 등록
[2025-06-30 06:02:22] INFO - 0224 | ㈜씨앤에스푸드 | (주)씨앤에스푸드 (물류/입출고) 채용 | 11시간 전 등록
[2025-06-30 06:02:22] INFO - 0225 | 형주한의원 | [주4.36시간] 분당 한의원 , 판교한의원 치료실 채용합니다 | 11시간 전 등록
[2025-06-30 06:02:22] INFO - 0226 | 명문자동차 | 중고자동차 판매하실 외국인 모집 | 11시간 전 등록
[2025-06-30 06:02:23] INFO - 0227 | 한성PS | 일당 18만 초간단 현장 보조직 구합니다. | 11시간 전 등록
[2025-06-30 06:02:23] INFO - 0228 | 법무법인 태성 | 법무법인 재개발 재건축 정비사업 등기담당자 채용 | 11시간 전 등록
[2025-06-30 06:02:23] INFO - 0229 | 오레노라멘 인사점 | [주5일/9시간근무/안국역] 오레노라멘 인사 주방직원 채용 | 11시간 전 등록
[2025-06-30 06:02:23] INFO - 0230 | ㈜하람로지스 | 하람로지스 현장 파트타임 경력직 채용/월-금,일/19시-23시 | 11시간 전 등록
[2025-06-30 06:02:23] INFO - 0231 | ㈜대농마트 | 중형 마트 `상품 진열` 파트타이머 모집 | 11시간 전 등록
[2025-06-30 06:02:23] INFO - 0232 | 대한민국입시학원 | 대구 수성구 범어동 입시학원에서 수학강사 모집 | 11시간 전 등록
[2025-06-30 06:02:23] INFO - 0233 | 어글리베이커리(UglyBakery) | [어글리 베이커리] 밝은 성격의 제빵사 채용 | 11시간 전 등록
[2025-06-30 06:02:24] INFO - 0234 | 봄날 컴퍼니 | 상담 구인 포시즌패밀리 수원/용인 점 | 11시간 전 등록
[2025-06-30 06:02:24] INFO - 0235 | ㈜하람로지스 | (주)하람로지스 식품물류센터 상품분류(피커)경력직모집/월-토/10-19시 | 11시간 전 등록
[2025-06-30 06:02:24] INFO - 0236 | 클라우드아틀라스코리아㈜ | 제주시 호텔 프런트 정규직 구합니다. | 11시간 전 등록
[2025-06-30 06:02:24] INFO - 0237 | SNC 동물메디컬센터 | SNC동물메디컬센터 주/야간 응급 동물보건사 신입 구인 | 11시간 전 등록
[2025-06-30 06:02:24] INFO - 0238 | SNC 동물메디컬센터 | 24시 SNC동물메디컬센터 리셉 매니저 신입/경력 구인 | 11시간 전 등록
[2025-06-30 06:02:24] INFO - 0239 | 제주이엠365의원 | [EMT 증원 제주EM365의원 , 월 15/16일 스케줄 근무] | 11시간 전 등록
[2025-06-30 06:02:25] INFO - 0240 | ㈜우리맛 | [한식] 우리맛 한우전문점 홀/주방 신입,경력 채용 (이태원) | 11시간 전 등록
[2025-06-30 06:02:25] INFO - 0241 | ㈜루씨드 | [신입/경력] 뷰티 브랜드 잇퓨, 글로벌/해외 MD | 12시간 전 등록
[2025-06-30 06:02:25] INFO - 0242 | 퀀텀리프 | 아파트 모델하우스 TM부,영업부 모집 신규,경력 | 12시간 전 등록
[2025-06-30 06:02:25] INFO - 0243 | ㈜크림라벨 마포지점 | 크림라벨케이크샵 마포점 홀 직원채용합니다(사원) | 12시간 전 등록
[2025-06-30 06:02:25] INFO - 0244 | 청량산제빵소 | 청량산제빵소 카페 주5일 근무직원 구인합니다. | 12시간 전 등록
[2025-06-30 06:02:25] INFO - 0245 | 빵에 이야기를 담다 | 빵에이야기를담다에서 베이커리생산 인재를 모집합니다 | 12시간 전 등록
[2025-06-30 06:02:25] INFO - 0246 | 맥형컴퍼니 감골연탄집 선유도역점 | [감골연탄집]선유도크루(주방,홀정직원)/파트타이머PT(홀시급12000) | 12시간 전 등록
[2025-06-30 06:02:26] INFO - 0247 | 블랙스톤에듀팜리조트 | (주)블랙스톤에듀팜리조트 재경파트(회계,세무) 직원모집 | 12시간 전 등록
[2025-06-30 06:02:26] INFO - 0248 | 플라츠 | LG유플러스 협력 업체 단순 전산 사무원 구인합니다. | 12시간 전 등록
[2025-06-30 06:02:26] INFO - 0249 | 데이뷰의원 여의도 | [도보 1분] 데이뷰의원 여의도 간호팀 채용 | 12시간 전 등록
[2025-06-30 06:02:26] INFO - 0250 | ㈜펭귄박스 | 페를로 BOH 이탈리안 레스토랑 주방 요리사 | 12시간 전 등록
[2025-06-30 06:02:26] INFO - ✅ 5페이지마다 CSV 저장 완료 (총 250건)
[2025-06-30 06:02:26] INFO - ⏱ 1.62초 대기
[2025-06-30 06:02:28] INFO - 
📄 현재 페이지: 6
[2025-06-30 06:02:28] INFO - 0251 | ㈜펭귄박스 | 페를로 BOH 이탈리안 레스토랑 세컨 주방 요리사 | 12시간 전 등록
[2025-06-30 06:02:29] INFO - 0252 | 내추럴하이 | 내추럴하이 [홀] 파트타이머 모집 | 12시간 전 등록
[2025-06-30 06:02:29] INFO - 0253 | ㈜하람로지스 | (주)하람로지스 식품물류센터 입식지게차 전문 경력직모집/월-토/10-19시 | 12시간 전 등록
[2025-06-30 06:02:29] INFO - 0254 | 보람상조피플㈜ | 34년 전통 보람상조 성수본사 장례행사 전문가 특별채용 | 12시간 전 등록
[2025-06-30 06:02:29] INFO - 0255 | ㈜헤비스테이크 여의도점 | (주)헤비스테이크 여의도점 주(5일) 직원 채용(신입/경력) | 12시간 전 등록
[2025-06-30 06:02:29] INFO - 0256 | 언더아머코리아(유) / 여주팩토리하우스 | [여주아울렛] 언더아머코리아 직원 모집(40,32,24시간 파트타이머 채용] | 12시간 전 등록
[2025-06-30 06:02:29] INFO - 0257 | ㈜와인사랑 롯데에비뉴엘 월드타워점 | 아영fbc ) 잠실 에비뉴엘 6층 더페어링 디저트 파트 모집 | 12시간 전 등록
[2025-06-30 06:02:29] INFO - 0258 | 승한식당 | [계절별 한식 전문점 승한식당] 요리사 및 홀서버 채용 | 12시간 전 등록
[2025-06-30 06:02:30] INFO - 0259 | 언더아머코리아(유) / 여주팩토리하우스 | [여주아울렛]언더아머코리아 판매사원 모집[FT/주 5일/일8시간 근무] | 12시간 전 등록
[2025-06-30 06:02:30] INFO - 0260 | 코즈믹버거 청담점 | 코즈믹버거 청담점 주방/홀 정규직 및 파트 타이머 채용 (강남구청,청담) | 12시간 전 등록
[2025-06-30 06:02:30] INFO - 0261 | ㈜비앤씨팩토리 | [㈜비앤씨팩토리] 너구리베이글 합정점 제빵팀 직원을 모집합니다. | 12시간 전 등록
[2025-06-30 06:02:30] INFO - 0262 | 보람상조피플㈜ | 보람상조 피플 성수본사 - 리빙플래너 모집 | 12시간 전 등록
[2025-06-30 06:02:30] INFO - 0263 | ㈜와인사랑 롯데에비뉴엘 월드타워점 | 아영fbc) 잠실 에비뉴엘 6층 더페어링 주방 직원 모집(cdp, demi, commis) | 12시간 전 등록
[2025-06-30 06:02:30] INFO - 0264 | 어린음악대 어린화가들 주촌원 음악미술학원 | 김해 음악미술학원 차량선생님 모집중 | 12시간 전 등록
[2025-06-30 06:02:31] INFO - 0265 | ㈜메이커플랫폼 | SI사업 및 Web Agency 영업직 모집 | 12시간 전 등록
[2025-06-30 06:02:31] INFO - 0266 | ㈜피노컴퍼니 | 천안 피노카페 브런치파트 주방 신입/경력 채용 | 12시간 전 등록
[2025-06-30 06:02:31] INFO - 0267 | ㈜서프앤터프그룹 | 청담동 스시오마카세 스시장종현 주방직원 구인 | 12시간 전 등록
[2025-06-30 06:02:31] INFO - 0268 | ㈜풀무원푸드앤컬처 | 양평(상)휴게소 관리자(상품담당) 신입/경력 모집 | 12시간 전 등록
[2025-06-30 06:02:31] INFO - 0269 | ㈜에스엠트레이드 | 회계, 결산, 마감,정산 관리 담당자 모집합니다. | 12시간 전 등록
[2025-06-30 06:02:31] INFO - 0270 | 쿄베이커리 | [쿄베이커리x더인피닛카페]에서 제빵직원 모집합니다. | 12시간 전 등록
[2025-06-30 06:02:31] INFO - 0271 | 유어플레이스 | 트렌디한 디자인 회사에서 감각있는 디자이너분을 모십니다 | 12시간 전 등록
[2025-06-30 06:02:32] INFO - 0272 | 메니인소프트㈜ | UX/UI 디자이너를 모집합니다. | 12시간 전 등록
[2025-06-30 06:02:32] INFO - 0273 | 중등관고등어학원 | [주4일] 초중등 파트 영어강사님 모십니다. | 12시간 전 등록
[2025-06-30 06:02:32] INFO - 0274 | 소프트랩스 | 웹(PHP)개발자 경력 모집 | 12시간 전 등록
[2025-06-30 06:02:32] INFO - 0275 | 봄내스포츠 | 스키용품점 쇼핑몰 / sns 마케팅 관리 신입/경력직 정직원 채용합니다 | 12시간 전 등록
[2025-06-30 06:02:32] INFO - 0276 | 아따(ATTA) | [한남동] 화덕바 아따( ATTA )에서 홀 서비스직 채용 (신입/경력) | 12시간 전 등록
[2025-06-30 06:02:32] INFO - 0277 | 큰샘학원 | 중등 수학조교선생님 구함 | 12시간 전 등록
[2025-06-30 06:02:33] INFO - 0278 | 중등관고등어학원 | [주4일] 초중등 정규직 영어강사님 모십니다. | 12시간 전 등록
[2025-06-30 06:02:33] INFO - 0279 | ㈜비비다컴 | OXFG 프랜차이즈 BM(브랜드 매니저/마케팅)팀 경력 모집 | 12시간 전 등록
[2025-06-30 06:02:33] INFO - 0280 | 부산뷰호텔 | 부산역 호텔 부산뷰호텔 [프론트팀] 야간타임 채용공고 모집중. | 12시간 전 등록
[2025-06-30 06:02:33] INFO - 0281 | 카페 발랑솔(Cafe Valensol | 남양주 북한강 신축 카페 발랑솔 경력직 바리스타 채용 | 13시간 전 등록
[2025-06-30 06:02:33] INFO - 0282 | 주식회사 에이피플 | (야간일근) 전기산업기사 자격증소지 3년이상 경력자 모집합니다. | 13시간 전 등록
[2025-06-30 06:02:33] INFO - 0283 | ㈜명인에듀 김포지점 대치명인학원 | [대치명인학원 김포캠퍼스] 데스크 직원 채용 | 13시간 전 등록
[2025-06-30 06:02:34] INFO - 0284 | 발효문화㈜ | (경력무관) 졸업 예정자 가능 /마케팅 영어 리서치 및 해외 수출관련업무 | 13시간 전 등록
[2025-06-30 06:02:34] INFO - 0285 | ㈜인얼스커피 / 범일점 | 인얼스커피(범일점) 바리스타 모집 | 13시간 전 등록
[2025-06-30 06:02:34] INFO - 0286 | Zurich Instruments AG | 양자컴퓨팅 기술지원 엔지니어 - Quantum Application Scientist | 13시간 전 등록
[2025-06-30 06:02:34] INFO - 0287 | ㈜예스맨파워 | [중구 황학동] 중견기업 대표이사 수행기사 채용 | 13시간 전 등록
[2025-06-30 06:02:34] INFO - 0288 | (주)맨파워코리아 | [장성/초보가능]식자재 물류 단순 분류 및 피킹 직원 채용(1) | 13시간 전 등록
[2025-06-30 06:02:34] INFO - 0289 | 우림개발㈜오산휴게소(과천) | 캐셔 및 판매사원 모집합니다. | 13시간 전 등록
[2025-06-30 06:02:35] INFO - 0290 | ㈜브라이트스콜라스아카데미 | 국제학교 학원 선생님 채용 | 13시간 전 등록
[2025-06-30 06:02:35] INFO - 0291 | 팔도익스프레스 | 이삿짐센터 포장이사 작업원 직원모집 합니다 | 13시간 전 등록
[2025-06-30 06:02:35] INFO - 0292 | 브라이드순수 | 브라이드순수 웨딩드레스 웨딩스타일리스트 & 웨딩플래너 채용 | 13시간 전 등록
[2025-06-30 06:02:35] INFO - 0293 | 유앤아이의원 안양점 | 유앤아이의원 안양점 상담실장 모집 / 주 4일 /월 세후 500이상 | 13시간 전 등록
[2025-06-30 06:02:35] INFO - 0294 | 송정반점 | 송정반점 중식당 홀매니저/서빙 직원 모집합니다. | 13시간 전 등록
[2025-06-30 06:02:35] INFO - 0295 | ㈜아이즈피스트 | [훈썸] 로맨스/BL 성인 콘텐츠 영상 PD | 13시간 전 등록
[2025-06-30 06:02:35] INFO - 0296 | 하나테크 | 마케팅 채용 공고 | 13시간 전 등록
[2025-06-30 06:02:36] INFO - 0297 | ㈜엔지아커넥트 | 방위 산업 분야의 소프트웨어 개발자 채용 | 13시간 전 등록
[2025-06-30 06:02:36] INFO - 0298 | ㈜삼원가든 썬더버드 청담점 | (주) 삼원가든 썬더버드 청담점에서 키친직원 모집합니다. | 13시간 전 등록
[2025-06-30 06:02:36] INFO - 0299 | 하나테크 | 탄성코트 & 줄눈 시공팀원 채용 공고 | 13시간 전 등록
[2025-06-30 06:02:36] INFO - 0300 | ㈜글루가 | [ohora] 글로벌사업본부 미국/국내 SNS 콘텐츠 제작 담당자(신입) 채용 | 13시간 전 등록
[2025-06-30 06:02:36] INFO - ⏱ 2.09초 대기
[2025-06-30 06:02:38] INFO - 
📄 현재 페이지: 7
[2025-06-30 06:02:39] INFO - 0301 | 하카코리아 | 하카(HAKA) 서울지역 직영점 매장관리 신입/경력 채용 | 13시간 전 등록
[2025-06-30 06:02:39] INFO - 0302 | 애프터유(무아레478) | 가평 무아레478 리조트 객실안내 초보및경력사원 모집 공고 | 13시간 전 등록
[2025-06-30 06:02:39] INFO - 0303 | 무니버니 | [무니버니]웹 디자이너, 그래픽 디자이너 채용 | 13시간 전 등록
[2025-06-30 06:02:39] INFO - 0304 | 365본맥한의원 | [야간X/연차/인센티브/실수령210이상/식사제공/주5/일요일X]정릉동한의원 | 13시간 전 등록
[2025-06-30 06:02:39] INFO - 0305 | ㈜코리아포트원 | [PortOne/IT핀테크기업] HR 총무담당자(GA MANAGER) | 13시간 전 등록
[2025-06-30 06:02:40] INFO - 0306 | 럭스 컴패니언 (Lux Companion) | 명품 반려견 패션 브랜드 Tailored Tails에서 Lead Designer를 채용합니다 | 13시간 전 등록
[2025-06-30 06:02:40] INFO - 0307 | ㈜화이트엔젤 | 김해 가야랜드에서 매표팀 정직원 모집합니다 | 13시간 전 등록
[2025-06-30 06:02:40] INFO - 0308 | 듀플렉스 | 듀플렉스 홀 직원 채용 격주5일 근무 | 13시간 전 등록
[2025-06-30 06:02:40] INFO - 0309 | ㈜코리아포트원 | [PortOne/IT핀테크기업] 급여/보상 담당자(C&B) | 13시간 전 등록
[2025-06-30 06:02:40] INFO - 0310 | ㈜엔클레버 | 설계 검토 및 프로젝트 관리 인원을 모집합니다 | 13시간 전 등록
[2025-06-30 06:02:40] INFO - 0311 | ㈜이세큐 | 이마트 트레이더스 송림점 주차(카트)사원 정규직, 알바 모집 | 13시간 전 등록
[2025-06-30 06:02:40] INFO - 0312 | ㈜이세큐 | 트레이더스 송림점 환경팀 정규 사원 모집 | 13시간 전 등록
[2025-06-30 06:02:41] INFO - 0313 | 하카코리아 | [하카코리아]직영점 인테리어 감리 경력 채용 | 13시간 전 등록
[2025-06-30 06:02:41] INFO - 0314 | 베이크오프 | 베이크오프에서 영업팀 모집합니다 | 14시간 전 등록
[2025-06-30 06:02:41] INFO - 0315 | ㈜팀엘제이 | 양양 리버티 크록스 팝업 관리직 및 직원 모집 | 14시간 전 등록
[2025-06-30 06:02:41] INFO - 0316 | 이유엔 주식회사 | 메디통-웹(서비스) 기획자를 모집합니다. | 14시간 전 등록
[2025-06-30 06:02:41] INFO - 0317 | ㈜프로에스콤 | (속초/365만)반얀트리 카시아 속초호텔 보안책임자(팀장급) 채용 | 14시간 전 등록
[2025-06-30 06:02:41] INFO - 0318 | ㈜마롱에프앤비 | [베이커리 신입, 경력 채용] 마롱리 면사무소, 카페 | 14시간 전 등록
[2025-06-30 06:02:41] INFO - 0319 | ㈜뷰티끄랩코리아 | 온라인 쇼핑몰 MD AMD 모집 | 14시간 전 등록
[2025-06-30 06:02:42] INFO - 0320 | ㈜마롱에프앤비 | [바리스타 신입, 경력 채용] 마롱리 면사무소, 카페 | 14시간 전 등록
[2025-06-30 06:02:42] INFO - 0321 | 오씨제이씨앤씨 | 소모몰타운점 점장직 | 14시간 전 등록
[2025-06-30 06:02:42] INFO - 0322 | 톤즈의원 | [톤즈의원] 피부과 홈페이지 웹솔루션 개발 및 유지운영 개발자 | 14시간 전 등록
[2025-06-30 06:02:42] INFO - 0323 | 에스티(ST) 디자인 | 한샘 리하우스 디자이너 (RD) 영업직 신입 및 경력 채용 | 14시간 전 등록
[2025-06-30 06:02:42] INFO - 0324 | ㈜헬로파크 | (주)헬로파크 청주 키즈카페 헬로파크 오창점 운영매니저 채용 공고 | 14시간 전 등록
[2025-06-30 06:02:42] INFO - 0325 | 라치오 비. 엘 | Lazio BL 이탈리안 레스토랑 주방 정직원모집 | 14시간 전 등록
[2025-06-30 06:02:42] INFO - 0326 | 쿠팡풀필먼트서비스 유한회사 | [쿠팡 양지4] 물류센터(신선) 현장사원 대규모 채용 | 14시간 전 등록
[2025-06-30 06:02:43] INFO - 0327 | JL메디컬서비스 | (수원역) 병원 통역사- 몽골/ 베트남/ 필리핀 | 14시간 전 등록
[2025-06-30 06:02:43] INFO - 0328 | ㈜옵티플렉스 | 머신 비젼 AOI 장비 개발 | 14시간 전 등록
[2025-06-30 06:02:43] INFO - 0329 | 루아스포사 | [대전웨딩드레스샵] 루아스포사 드레스실 직원 (인원충원, 경력자 우대) | 14시간 전 등록
[2025-06-30 06:02:43] INFO - 0330 | 지오서베이㈜ | 측량업무(드론, 공공측량) (신입 및 경력) 정직원 채용 | 14시간 전 등록
[2025-06-30 06:02:43] INFO - 0331 | 써니너스유통영농조합법인 | 농산물 소분, 포장 및 입출고 사원 모집 | 14시간 전 등록
[2025-06-30 06:02:43] INFO - 0332 | 스킨랩엘이촌점 | 스킨랩엘 이촌점 신입 테라피스트 모집 (화-토 근무) | 14시간 전 등록
[2025-06-30 06:02:44] INFO - 0333 | 스킨랩엘이촌점 | 신입 관리사 모집 | 14시간 전 등록
[2025-06-30 06:02:44] INFO - 0334 | 스킨랩엘이촌점 | 경력 관리사 모집 | 14시간 전 등록
[2025-06-30 06:02:44] INFO - 0335 | 스킨랩엘이촌점 | 호텔스파경력자 (시니어) 하반기 채용공고 | 14시간 전 등록
[2025-06-30 06:02:44] INFO - 0336 | 스킨랩엘이촌점 | 경력파트 센터장 구인공고 | 14시간 전 등록
[2025-06-30 06:02:44] INFO - 0337 | 달리자한의원 | [주4.5/월260] 동료가 좋은 한의원, 치료실 간호조무사 구인 | 14시간 전 등록
[2025-06-30 06:02:44] INFO - 0338 | 휴온 | 용평리조트 드래곤밸리호텔 호텔사우나 캐셔 구합니다. | 14시간 전 등록
[2025-06-30 06:02:44] INFO - 0339 | ㈜우리꽃연구소 | [우리꽃연구소/맘껏푸드랩] 제로슈가 밀크티 국내영업 및 박람회 담당 사원 | 14시간 전 등록
[2025-06-30 06:02:45] INFO - 0340 | 우리푸드 | 단체급식 조리사 모집합니다. (서울시 성동구) | 14시간 전 등록
[2025-06-30 06:02:45] INFO - 0341 | ㈜천일디자인 | [천일디자인] 인테리어 설계 경력직 모집 | 14시간 전 등록
[2025-06-30 06:02:45] INFO - 0342 | ㈜더좋은 | [ 부산 부산진구 지역] 약국 내 영양제 상담(건강코디네이터 채용) | 14시간 전 등록
[2025-06-30 06:02:45] INFO - 0343 | 에이컴퍼니 | [정규직] 에이렌탈 배송업무 신입 및 경력 사원 모집 | 14시간 전 등록
[2025-06-30 06:02:45] INFO - 0344 | ㈜동원F&B | [GNC] 백화점 건강기능식품 매장 중간관리 매니저 채용 | 14시간 전 등록
[2025-06-30 06:02:45] INFO - 0345 | 헥스콘 | [헥스콘] 소수정예 RefacX 미션팀 - 그로스 마케터 영입 | 14시간 전 등록
[2025-06-30 06:02:45] INFO - 0346 | 콜드버터베이크샵 | 대전 콜드버터베이크샵 제과제빵 직원 구합니다 :) | 14시간 전 등록
[2025-06-30 06:02:46] INFO - 0347 | (주)이레카오토모티브 | 법인기업 대표이사 비서채용 기본급350만 | 14시간 전 등록
[2025-06-30 06:02:46] INFO - 0348 | 킨쇼 | [송파]정통일식당 킨쇼에서 일식조리사 모집합니다(BT 3-5시/ 월차지급) | 14시간 전 등록
[2025-06-30 06:02:46] INFO - 0349 | 삼성영어양덕학원 | 마산양덕동 양덕초 근처 초등 중등 영어 선생님 구인 | 14시간 전 등록
[2025-06-30 06:02:46] INFO - 0350 | ㈜로브 | 제주 한림에있는 풀빌라에서 수영장 청소만 해주실분 구합니다 | 14시간 전 등록
[2025-06-30 06:02:46] INFO - ⏱ 3.43초 대기
[2025-06-30 06:02:50] INFO - 
📄 현재 페이지: 8
[2025-06-30 06:02:50] INFO - 0351 | ㈜메사인재 (MESA Co.,Ltd.) | 대치동 학원 행정실장 구인합니다 | 14시간 전 등록
[2025-06-30 06:02:51] INFO - 0352 | 캡틴제이어학원 | 토익강사 또는 회화 강사 모집 | 14시간 전 등록
[2025-06-30 06:02:51] INFO - 0353 | ㈜로브 | 제주 협재해수욕장 앞에있는 콘스트호텔에서 같이일하실 프론트 직원구해용 | 14시간 전 등록
[2025-06-30 06:02:51] INFO - 0354 | 베루체광주주식회사 | [베루체 광주점] 예물상담 신입 & 경력 채용 | 14시간 전 등록
[2025-06-30 06:02:51] INFO - 0355 | ㈜디자인그룹이삭 | [이삭디자인] 2025 인테리어 주거 경력직 디자이너 모집 (청담지점) | 14시간 전 등록
[2025-06-30 06:02:51] INFO - 0356 | ㈜디자인그룹이삭 | [이삭디자인] 2025 인테리어 주거 경력직 디자이너 모집 (의정부지점) | 15시간 전 등록
[2025-06-30 06:02:51] INFO - 0357 | 트리플에이치㈜ | 트리플에이치 그룹 주식 투자, 해외투자, M&A, AI Ad부문 채용공고 | 15시간 전 등록
[2025-06-30 06:02:51] INFO - 0358 | 탑수산 | 수산물 배송 주5일 근무자 모십니다. | 15시간 전 등록
[2025-06-30 06:02:52] INFO - 0359 | ㈜바이오로제트 | 건강기능식품 제제개발팀 경력사원 모집 | 15시간 전 등록
[2025-06-30 06:02:52] INFO - 0360 | ㈜바이오로제트 | 건강기능식품 생산 제조파트 직원 모집 | 15시간 전 등록
[2025-06-30 06:02:52] INFO - 0361 | 원앤원㈜ | [원앤원(주)] 크레스타운 커피 전문 바리스타 채용 (잠실종합운동장역) | 15시간 전 등록
[2025-06-30 06:02:52] INFO - 0362 | ㈜바이오로제트 | 건강기능식품 포장직원 모집(6개월 계약직사원) | 15시간 전 등록
[2025-06-30 06:02:52] INFO - 0363 | 신화푸드 판교긴자 | [판교/ 일식] 판교긴자 영업부 조리부 홀,주방, 정직원 모집 (경력직우대) | 15시간 전 등록
[2025-06-30 06:02:52] INFO - 0364 | 일송개발 | [주 4일 근무] 울산 호텔 오션뷰 하우스키핑 룸메이드 (HOUSE KEEPING) | 15시간 전 등록
[2025-06-30 06:02:52] INFO - 0365 | 다산플래뮤미술학원 | [플래뮤다산교육원] 토요일 담당 선생님 모집합니다 | 15시간 전 등록
[2025-06-30 06:02:53] INFO - 0366 | 라쿠텐심포니코리아㈜ | [Internet Services BU] Senior Frontend Engineer (프론트엔드) 채용 | 15시간 전 등록
[2025-06-30 06:02:53] INFO - 0367 | ㈜에스테이블 | [여의도] 대형 프리미엄 고깃집 조리부 팀원 채용 | 15시간 전 등록
[2025-06-30 06:02:53] INFO - 0368 | ㈜조인어스 | [서울/당산/본사] Scan Global 해상수입(포워딩) 경력직 사원모집 | 15시간 전 등록
[2025-06-30 06:02:53] INFO - 0369 | 리코제이 | [RICO`J] 대전 유성구 레스토랑에서 홀 서빙 구인 | 15시간 전 등록
[2025-06-30 06:02:53] INFO - 0370 | 쿠차라 | [대한제분 계열사]보나비 쿠차라 삼성서초사옥점 조리 신입/경력 채용 | 15시간 전 등록
[2025-06-30 06:02:53] INFO - 0371 | ㈜리사르커피 | 리사르 종로점 파트타이머 채용 | 15시간 전 등록
[2025-06-30 06:02:53] INFO - 0372 | 써니너스유통영농조합법인 | 농산물 구매, 영업관리 사원 채용 | 15시간 전 등록
[2025-06-30 06:02:54] INFO - 0373 | 와이케이파트너스 | 로테이션 미팅 마케팅 | 15시간 전 등록
[2025-06-30 06:02:54] INFO - 0374 | ㈜한듬레포츠 | 안내데스크 접수 정규직 직원 모집 | 15시간 전 등록
[2025-06-30 06:02:54] INFO - 0375 | ㈜쇼골프 | [쇼골프 김포공항점] 인도어 골프연습장 시설팀 직원 채용 | 15시간 전 등록
[2025-06-30 06:02:54] INFO - 0376 | 쿠차라 | [대한제분 계열사]보나비 쿠차라 판교카카오점 조리 신입/경력 채용 | 15시간 전 등록
[2025-06-30 06:02:54] INFO - 0377 | 코업스타클래스 관리단대표회의 | 주상복합 아파트 미화직원 구인 | 15시간 전 등록
[2025-06-30 06:02:54] INFO - 0378 | ㈜푸디베리 | 고메스퀘어 신대방점 샐러드 파트 주방 직원 구인합니다. | 15시간 전 등록
[2025-06-30 06:02:55] INFO - 0379 | 아나파마취통증의학과의원 | 영도구 아나파 통증의학과, 아르바이트 간호조무사 모집 (간호사도 가능) | 15시간 전 등록
[2025-06-30 06:02:55] INFO - 0380 | ㈜고고다소프트 | 오래 함께 하실 수행비서 신입/경력 채용 모집 | 15시간 전 등록
[2025-06-30 06:02:55] INFO - 0381 | 신통학원 | 초등 중등 영어과 수학과 선생님 모십니다 | 15시간 전 등록
[2025-06-30 06:02:55] INFO - 0382 | ㈜에스제이유통 | 금산 세종마트 정육코너 양념육 판매사원 모집(월6회 휴무) | 15시간 전 등록
[2025-06-30 06:02:55] INFO - 0383 | ㈜에렉스 | 아시안푸드 전문점 페이페이 마곡코엑스점 주방 정직원 모집 | 15시간 전 등록
[2025-06-30 06:02:55] INFO - 0384 | 포항우편집중국 | [급구] [상시모집] 소포 업무 기간제 근로자 모집(석근 1) | 15시간 전 등록
[2025-06-30 06:02:55] INFO - 0385 | 심리상담센테 마음,봄 | 심리상담센터 행정팀 데스크&디자인 담당-금토일월 근무 | 15시간 전 등록
[2025-06-30 06:02:56] INFO - 0386 | ㈜스칸디에듀 | [스칸디에듀] 핀란드 문해력연구소 대치개포점 국어강사 채용 | 15시간 전 등록
[2025-06-30 06:02:56] INFO - 0387 | ㈜제이앤비컨설팅 | [주5일/근무환경우수]건강보험공단 고객센터 상담원 채용 | 15시간 전 등록
[2025-06-30 06:02:56] INFO - 0388 | 푸디스트㈜ | 푸디스트(주) 국립중앙박물관 푸드코트 조리사 모집 | 15시간 전 등록
[2025-06-30 06:02:56] INFO - 0389 | 보스안과의원 | 보스안과에서 간호조무사 충원 (신규환영, 경력무관) | 15시간 전 등록
[2025-06-30 06:02:56] INFO - 0390 | 원조명동칼국수 서울성모병원점 | [주말 고정휴무, 5.5일]조리부 구합니다 | 15시간 전 등록
[2025-06-30 06:02:56] INFO - 0391 | 꽁크㈜ | 압구정 레스토랑 꽁크 홀 직원 모집합니다 | 15시간 전 등록
[2025-06-30 06:02:57] INFO - 0392 | ㈜청운이엔지 | 파주 문지리 535 대형카페 베이커리 팀원모집합니다. | 15시간 전 등록
[2025-06-30 06:02:57] INFO - 0393 | ㈜청운이엔지 | 파주 문지리535 대형카페 바리스타 직원 모집합니다. | 15시간 전 등록
[2025-06-30 06:02:57] INFO - 0394 | ㈜다온비즈 | 카앤쿡 7월오픈 신세계백화점의정부점 디테일링 세차, 광택 신입/경력 | 15시간 전 등록
[2025-06-30 06:02:57] INFO - 0395 | 미성엠프로㈜ | [시설] 이랜트 패션 물류센터 시설관리 직원 모집(교대, 전기안전관리자등) | 15시간 전 등록
[2025-06-30 06:02:57] INFO - 0396 | 리움공인중개사사무소 | 소속공인중개사 or 중개보조원 채용 | 16시간 전 등록
[2025-06-30 06:02:57] INFO - 0397 | 주식회사 더스크랙 | [DUSK그룹] 실력있는 이커머스 기업에서 함께 성장할 CS 매니저 | 16시간 전 등록
[2025-06-30 06:02:57] INFO - 0398 | ㈜신비바이오(SINBIBIO CO.,LTD) | 건강기능식품 제조/생산 직원 모집 | 16시간 전 등록
[2025-06-30 06:02:58] INFO - 0399 | ㈜온더플로우 | 대형카페에서 마감조 직원을 구합니다. | 16시간 전 등록
[2025-06-30 06:02:58] INFO - 0400 | 제이아이시스템 | [코딩두잇] IT취업상담 전문 강사 모집 (개발/이직/커리어 상담분야) | 16시간 전 등록
[2025-06-30 06:02:58] INFO - ⏱ 2.96초 대기
[2025-06-30 06:03:01] INFO - 
📄 현재 페이지: 9
[2025-06-30 06:03:01] INFO - 0401 | 티에프티 커피로스터스(TFT COFFEE ROASTERS) | 티에프티커피에서 제과파트 담당쟈를 모십니다. | 16시간 전 등록
[2025-06-30 06:03:02] INFO - 0402 | 휴대폰 두정점 | 휴대폰판매사원모집 / 월400 확실하게 벌어서 같이 휴가가요 | 16시간 전 등록
[2025-06-30 06:03:02] INFO - 0403 | 무토스 | [무토스 성남분당지사] 방문미술교사 신입,경력 채용 | 16시간 전 등록
[2025-06-30 06:03:02] INFO - 0404 | ㈜와일드벅스 | [움버거앤윙스 뽀로로테마파크월미도점]에서 주말근무자 모집합니다. | 16시간 전 등록
[2025-06-30 06:03:02] INFO - 0405 | 한화호텔앤드리조트㈜에스테이트 부문 | [한화호텔&리조트] 갤러리아광교점 방재파트 대리급 채용 | 16시간 전 등록
[2025-06-30 06:03:02] INFO - 0406 | 파스타트리오 | 논현 양식 맛집 파스타트리오와 함께 할 직원을 모집합니당당숭구리당당 | 16시간 전 등록
[2025-06-30 06:03:02] INFO - 0407 | ㈜아이코닉코리아 | 신사동 가로수길 샌프란시스코 스타일 헤이즈밀 베이커리 바리스타 채용 | 16시간 전 등록
[2025-06-30 06:03:03] INFO - 0408 | ㈜남서울승마클럽 | 승마클럽 보조코치(초보가능) | 16시간 전 등록
[2025-06-30 06:03:03] INFO - 0409 | 한국호텔리어협회 | 특급관광호텔&골프장호텔 정규직/ | 16시간 전 등록
[2025-06-30 06:03:03] INFO - 0410 | 한국호텔리어협회 | 특급호텔&골프장호텔 호텔리어 정규직 | 16시간 전 등록
[2025-06-30 06:03:03] INFO - 0411 | 비엔엠컴퍼니 | (주)BNM COMPANY에서 PC방 매장관리자를 모집합니다. | 16시간 전 등록
[2025-06-30 06:03:03] INFO - 0412 | 주식회사 레터스 | EENK 서울/부산지역 매장 세일즈 채용 | 16시간 전 등록
[2025-06-30 06:03:03] INFO - 0413 | ㈜에스티디씨 | [무신사스탠다드] 강동 아이파크더리버 매니저 구인 | 16시간 전 등록
[2025-06-30 06:03:04] INFO - 0414 | 미래공인중개사사무소 | 부동산중개 / 빌라 매매,분양 / 비율 6-70퍼센트 / 광고 빵빵 / 경력 무관 | 16시간 전 등록
[2025-06-30 06:03:04] INFO - 0415 | 문디자인 | 실내인테리어 주거전문 디자이너 채용합니다 | 16시간 전 등록
[2025-06-30 06:03:04] INFO - 0416 | ㈜스트라다 | (공덕)바리스타 정직원 채용 | 16시간 전 등록
[2025-06-30 06:03:04] INFO - 0417 | 언어와사고 | 중등 전임 국어강사 채용 | 16시간 전 등록
[2025-06-30 06:03:04] INFO - 0418 | 탑수산 | 야간 수산물 배송 사원 구합니다. 400만 | 16시간 전 등록
[2025-06-30 06:03:04] INFO - 0419 | 주식회사 아이엠웰 | 갤러리 운영 스탭 모집 | 16시간 전 등록
[2025-06-30 06:03:04] INFO - 0420 | 탑수산 | 활어 배송 납품 직원 모십니다. (지입차 아닙니다) | 16시간 전 등록
[2025-06-30 06:03:05] INFO - 0421 | 신화2005아우라 | 간단한 사무 또는 직원관리 인사팀에서 근무하실분 | 16시간 전 등록
[2025-06-30 06:03:05] INFO - 0422 | ㈜토브메디컬 | (주)토브메디컬 구급차 운전대원 채용 | 16시간 전 등록
[2025-06-30 06:03:05] INFO - 0423 | ㈜낫씽디자인그룹 | 시각(브랜드) 디자이너 [서울사무소] 경력직 모집합니다. | 16시간 전 등록
[2025-06-30 06:03:05] INFO - 0424 | 파파존스 반포점 | 파파존스 반포점 직원(매니저)님을 모십니다 | 16시간 전 등록
[2025-06-30 06:03:05] INFO - 0425 | 주식회사 비포블루밍 | [주40시간/월9회휴무] 용산 아이파크몰 비포블루밍 매장 채용 | 16시간 전 등록
[2025-06-30 06:03:05] INFO - 0426 | 씨앤에이논술평택점학원 | 초등독서논술파트(화목토)강사모집(씨앤에이논술 평택 고덕점) | 16시간 전 등록
[2025-06-30 06:03:06] INFO - 0427 | ㈜압구정파인만교육 | [파인만 교육] 압구정파인만학원(고등관) 상담실(상담 및 행정) 인재채용 | 16시간 전 등록
[2025-06-30 06:03:06] INFO - 0428 | 프롬미 판교점 | 프롬미 판교점 피부관리사 모집 | 16시간 전 등록
[2025-06-30 06:03:06] INFO - 0429 | ㈜나이스 | 휴대폰 매장 정직원 모집, 기본급 보장, 추가 인센티브 | 16시간 전 등록
[2025-06-30 06:03:06] INFO - 0430 | ㈜내산 | 내산 주4일제 품질 담당자 모집 (디스플레이/필름/자동차) | 16시간 전 등록
[2025-06-30 06:03:06] INFO - 0431 | ㈜온유아이랩 | [온유아이랩] UX/UI 기획자 채용 | 16시간 전 등록
[2025-06-30 06:03:06] INFO - 0432 | ㈜제이비케이코리아 | JBK KOREA - 이커머스 온라인 영업 / MD 경력 채용 | 16시간 전 등록
[2025-06-30 06:03:06] INFO - 0433 | 박승철헤어스투디오 왕십리 센트라스점 | 미용의 꿈을 펼칠 인턴분들 지원해주세요 꼭이요. | 16시간 전 등록
[2025-06-30 06:03:07] INFO - 0434 | 연세우리병원 | 조리사(찬모) 모집합니다 | 16시간 전 등록
[2025-06-30 06:03:07] INFO - 0435 | 에이치픽스 | 하이엔드 수입가구 세일즈 & 아울렛 판매 채용 | 16시간 전 등록
[2025-06-30 06:03:07] INFO - 0436 | ㈜아이민글로비스 | 아이민용산본점 2025년 촬영 연출(어시) 알바 및 정직원 채용 | 16시간 전 등록
[2025-06-30 06:03:07] INFO - 0437 | ㈜애니파이브 | AI신사업 및 과제발굴 담당 채용 | 16시간 전 등록
[2025-06-30 06:03:07] INFO - 0438 | ㈜유니에스 | 신세계백화점 VIP라운지 관리자 모집 | 17시간 전 등록
[2025-06-30 06:03:07] INFO - 0439 | 카페 스테이 | 로스터리 카페 스테이에서 함께할 바리스타를 구인 | 17시간 전 등록
[2025-06-30 06:03:08] INFO - 0440 | 나인블럭신갈점 | [나인블럭 신갈점] 키친파트 관리자 채용 | 17시간 전 등록
[2025-06-30 06:03:08] INFO - 0441 | 오감플레이 | 부산전지역 - 영유아 오감놀이 문화센터 강사 모집 | 17시간 전 등록
[2025-06-30 06:03:08] INFO - 0442 | 오감플레이 | (대구지역) 영유아 오감놀이 문화센터 강사 모집 | 17시간 전 등록
[2025-06-30 06:03:08] INFO - 0443 | ㈜럭스피엠 | 기구 생산 및 조립 담당자 (원주) | 17시간 전 등록
[2025-06-30 06:03:08] INFO - 0444 | ㈜케이트리 | [케이트리호텔 평택] 조리팀 신규 채용 (기숙사 운영) | 17시간 전 등록
[2025-06-30 06:03:08] INFO - 0445 | 이종현(닥터망고) | (높은연봉, 인센티브) 일본어 통역과 상담 도와주실 분을 채용합니다. | 17시간 전 등록
[2025-06-30 06:03:08] INFO - 0446 | 엔씨마교육 | 본사직영 압구정본원 초/중등 수학,과학 선생님을 모십니다. | 17시간 전 등록
[2025-06-30 06:03:09] INFO - 0447 | ㈜아이빌리프 | 쇼핑몰 관리 및 마케팅 담당자 모집합니다 | 17시간 전 등록
[2025-06-30 06:03:09] INFO - 0448 | ㈜태광네트웍정보 | [4.5일 근무] 2025 상반기 공개채용 (경리 회계 및 총무) | 17시간 전 등록
[2025-06-30 06:03:09] INFO - 0449 | 포컬포인트 | 다비치F&B 포컬포인트 서울역점 바리스타 모십니다. | 17시간 전 등록
[2025-06-30 06:03:09] INFO - 0450 | 더한다이닝 | 더한다이닝에서 소믈리에 모집합니다. | 17시간 전 등록
[2025-06-30 06:03:09] INFO - ⏱ 2.72초 대기
[2025-06-30 06:03:12] INFO - 
📄 현재 페이지: 10
[2025-06-30 06:03:12] INFO - 0451 | 라운지스파 | 스파 테라피스트 경력 (주말포함 3,4일 아르바이트,2만) 정규직 가능 | 17시간 전 등록
[2025-06-30 06:03:13] INFO - 0452 | 라운지스파 | 스파 테라피스트 경력만 (실장 팀장, 조건 협의) | 17시간 전 등록
[2025-06-30 06:03:13] INFO - 0453 | 라온디테일링 | 세차 아르바이트모집 | 17시간 전 등록
[2025-06-30 06:03:13] INFO - 0454 | ㈜클래스가다른교육 S4고덕국제점학원 | 초5-중3 영어강사 충원공고 | 17시간 전 등록
[2025-06-30 06:03:13] INFO - 0455 | 주식회사 산과들미트 | 축산물 가공업 회사에 가족같이 근무하실 팀원을 모십니다. | 17시간 전 등록
[2025-06-30 06:03:13] INFO - 0456 | 하나회계법인 | [하나회계법인서초지점] 정부지원사업 회계정산 및 기타업무 신입직원 모집 | 17시간 전 등록
[2025-06-30 06:03:13] INFO - 0457 | 꼬미다 큐큐큐 | 양재 스페니쉬 레스토랑 [ 꼬미다 큐큐큐 ] 정규직 채용 | 17시간 전 등록
[2025-06-30 06:03:14] INFO - 0458 | 터보맥스 | 2025년 하반기 외함설계 기술자 모집 | 17시간 전 등록
[2025-06-30 06:03:14] INFO - 0459 | 큐브어학원 | 영어 선생님 모십니다( 영어능통자, 교포, 원어민) | 17시간 전 등록
[2025-06-30 06:03:14] INFO - 0460 | ㈜머바르니(mubareuni) | 용인 최대규모 미용학원에서 피부 국가자격증 강사님을 모집합니다 | 17시간 전 등록
[2025-06-30 06:03:14] INFO - 0461 | 지금공인중개사사무소 | 평택 고덕신도시 [지금부동산] 직원모집합니다. | 17시간 전 등록
[2025-06-30 06:03:14] INFO - 0462 | 더 퍼스트클래스 파티 | [강서 더퍼스트클래스파티] 돌잔치전문점 예약실 직원 채용 공고 | 17시간 전 등록
[2025-06-30 06:03:14] INFO - 0463 | 터보맥스 | 생산본부 기계조립팀 담당자 모집 | 17시간 전 등록
[2025-06-30 06:03:14] INFO - 0464 | 노크 | [아트팩토리참기름] 카페 바리스타 /신입/경력/ | 17시간 전 등록
[2025-06-30 06:03:15] INFO - 0465 | JSIHK Limited | [해외] 한식 조리 주방장 채용(월 450 이상) | 17시간 전 등록
[2025-06-30 06:03:15] INFO - 0466 | 이데아호텔 | 부산역 호텔 프런트 직원 채용 (주 2일, 주간) | 17시간 전 등록
[2025-06-30 06:03:15] INFO - 0467 | 51퍼센트(51Percent) | 51퍼센트 매장관리직 평일 목금 | 17시간 전 등록
[2025-06-30 06:03:15] INFO - 0468 | 인트로맨㈜ | [서울/충무로/평일] 생명보험협회 본사 사무지원 | 17시간 전 등록
[2025-06-30 06:03:15] INFO - 0469 | ㈜에렉스 | 아시안푸드 전문점 페이페이 마곡코엑스점 주방 수셰프.캡틴 모집 | 17시간 전 등록
[2025-06-30 06:03:15] INFO - 0470 | 개포자이프레지던스 입주자대표회의 | 개포동역 근처 커뮤니티 사내카페 바리스타 직원 모집 합니다. | 17시간 전 등록
[2025-06-30 06:03:16] INFO - 0471 | ㈜까페공작단 | [명동피자 명동본점] 주방직원 신입/경력 정규직 채용 (연봉 3000부터) | 17시간 전 등록
[2025-06-30 06:03:16] INFO - 0472 | ㈜까페공작단 | [명동피자 신논현점] 주방직원 신입/경력 정규직 채용 (연봉 3000부터) | 17시간 전 등록
[2025-06-30 06:03:16] INFO - 0473 | ㈜지오디 | [경력무관](주)지오디 키오스크 / 하우징 설계 연구개발팀 정규직 채용 | 17시간 전 등록
[2025-06-30 06:03:16] INFO - 0474 | ㈜까페공작단 | [명동피자 동대문점] 주방직원 신입/경력 정규직 채용 (연봉 3000부터) | 17시간 전 등록
[2025-06-30 06:03:16] INFO - 0475 | ㈜까페공작단 | [명동피자 동대문점] 홀 직원 신입/경력 정규직 채용 (연봉 3000부터) | 17시간 전 등록
[2025-06-30 06:03:16] INFO - 0476 | ㈜까페공작단 | [명동피자 명동본점] 홀 직원 신입/경력 정규직 채용 (연봉 3000부터) | 17시간 전 등록
[2025-06-30 06:03:16] INFO - 0477 | 포레스트아웃팅스용인점 | [용인점] 포레스트아웃팅스 베이커리 (신입, 경력) 모집. | 18시간 전 등록
[2025-06-30 06:03:17] INFO - 0478 | FM동물메디컬센터 | [고양본점] FM 동물메디컬센터 주간 테크니션 선생님 모집합니다 | 18시간 전 등록
[2025-06-30 06:03:17] INFO - 0479 | ㈜조은더블유앤씨 | 기술배우시며 일하실분 모집합니다. 초보자환영 | 18시간 전 등록
[2025-06-30 06:03:17] INFO - 0480 | 주식회사 팡뮤제 | [팡뮤제 강남본점] 정규직 파티쉐 채용 [신입/경력(5년차 이하)] | 18시간 전 등록
[2025-06-30 06:03:17] INFO - 0481 | 루미너리어학원 | [루미너리 어학원] 유 / 초등부 파트타임 영어 강사 모집 (초등부 증설) | 18시간 전 등록
[2025-06-30 06:03:17] INFO - 0482 | 빵데까사 PAN DE CASA | 식빵전문 베이커리 주니어 베이커 모집 (신입가능) | 18시간 전 등록
[2025-06-30 06:03:17] INFO - 0483 | 유니센스일대일영어학원 | [영등포구청역] 성인대상 1:1 교포급 영어회화 강사 | 18시간 전 등록
[2025-06-30 06:03:17] INFO - 0484 | 로이스 | 로이스테일러 청담(맞춤정장/맞춤예복 직원 채용) | 18시간 전 등록
[2025-06-30 06:03:18] INFO - 0485 | 루미너리어학원 | 루미너리어학원 영어 뮤지컬 강사 모집 (유·초등부) | 18시간 전 등록
[2025-06-30 06:03:18] INFO - 0486 | 라라코스트 | (주5일) 라라코스트 들안길(직영)점 주방조리사 신입 및 경력직 채용 | 18시간 전 등록
[2025-06-30 06:03:18] INFO - 0487 | 우주원예 | 우주원예.꽃도매.꽃집.서울고속터미널.경부선.3층 직원 모집 | 18시간 전 등록
[2025-06-30 06:03:18] INFO - 0488 | 제스트커뮤니케이션 | 전기 용접 가능 직원 채용(간판 관련 경력자 우대)-숙소제공 | 18시간 전 등록
[2025-06-30 06:03:18] INFO - 0489 | 미가스튜디오(부천점) | 아기사진 가족사진 상담자 모집 ( 주말 알바 or 정직원 ) | 18시간 전 등록
[2025-06-30 06:03:19] INFO - 0490 | 한국불교태고종 경은사(유일추모공원) | 유일추모공원 신입채용(안치의전,안내,시설관리) | 18시간 전 등록
[2025-06-30 06:03:19] INFO - 0491 | 지인산부인과의원 | [경력자 최고우대]지인산부인과 간호조무사(외래/수술) 채용 | 18시간 전 등록
[2025-06-30 06:03:19] INFO - 0492 | ㈜손샘영어범어고등 | 고등영어 수능/내신 강사모집(주4-6일 / 초중등부 수업X) | 18시간 전 등록
[2025-06-30 06:03:19] INFO - 0493 | 주노에프앤비㈜ | 한식레스토랑 광화문한상에서 함께 할 홀 직원을 모집합니다. | 18시간 전 등록
[2025-06-30 06:03:19] INFO - 0494 | 호텔 뮤제오(HOTEL MUSEO) | 강서동 [호텔뮤제오] F&B 조리부 보테가레스토랑commi(막내)신입사원 모집. | 18시간 전 등록
[2025-06-30 06:03:19] INFO - 0495 | 서현수산 | 연안부두.수산.배송및매장(경력자및초보자지원가능) | 18시간 전 등록
[2025-06-30 06:03:19] INFO - 0496 | 죽향산업㈜ | 담양죽향CC 프런트, 경기과 직원 채용 | 18시간 전 등록
[2025-06-30 06:03:20] INFO - 0497 | 이케아코리아 유한회사 | [IKEA Goyang] Interior Design Co-worker | 18시간 전 등록
[2025-06-30 06:03:20] INFO - 0498 | 무무식당 | [수원 행궁동]신규오픈 무무옥 주방팀원 및 홀 파트타이머 모집 | 19시간 전 등록
[2025-06-30 06:03:20] INFO - 0499 | 동아상사 | [연4400이상] 주류유통기업 (유)동아주류상사 영업배송직원 모집(정규직) | 19시간 전 등록
[2025-06-30 06:03:20] INFO - 0500 | 스파더벨렉(spa the belec) | 인천 송도 스파샵 경력 테라피스트 채용 | 19시간 전 등록
[2025-06-30 06:03:20] INFO - ✅ 5페이지마다 CSV 저장 완료 (총 500건)
[2025-06-30 06:03:20] INFO - ⏱ 3.16초 대기
[2025-06-30 06:03:24] INFO - 
📄 현재 페이지: 11
[2025-06-30 06:03:24] INFO - 0501 | ㈜마따따 | MAZIMOU에서 제작팀을 이끌어갈 인재를 모집합니다. | 19시간 전 등록
[2025-06-30 06:03:24] INFO - 0502 | ㈜지글 | 주5일 중식당 조리직 신입 모집 | 19시간 전 등록
[2025-06-30 06:03:24] INFO - 0503 | 에이머 | 교대역 이탈리안 레스토랑 에이머 주방 정직원 모집 | 19시간 전 등록
[2025-06-30 06:03:24] INFO - 0504 | ㈜에스씨에이게임부산 | [부산 SBS게임아카데미 멘토 채용] - 사업부 신입사원 채용 | 19시간 전 등록
[2025-06-30 06:03:25] INFO - 0505 | ㈜너울 | [강릉&속초 레스토랑] 너울주막 양식 및 브런치 메뉴 조리 및 매장 운영 | 19시간 전 등록
[2025-06-30 06:03:25] INFO - 0506 | ㈜너울 | [강릉&속초 레스토랑] 너울주막 양식 및 브런치 메뉴 조리 및 매장 운영 등 | 19시간 전 등록
[2025-06-30 06:03:25] INFO - 0507 | 베이커리 리종 | 베이커리 경력자 및 부장님 모집합니다 | 19시간 전 등록
[2025-06-30 06:03:25] INFO - 0508 | 리빙웰치과병원 | 간호조무사 모집 | 19시간 전 등록
[2025-06-30 06:03:25] INFO - 0509 | 주식회사퓨처웨이브 | 하남감일 리퍼브마트 정직원채용 | 19시간 전 등록
[2025-06-30 06:03:25] INFO - 0510 | 더블루버드㈜ | 우스블랑 청담점 주말 오후 커피제조 및 홀관리 | 19시간 전 등록
[2025-06-30 06:03:25] INFO - 0511 | ㈜드림코스 | [재무팀/외부감사대응] IFRS회계관리,세무관리,재무분석,기업IR가능자 모집 | 19시간 전 등록
[2025-06-30 06:03:26] INFO - 0512 | 링크소프트웨어 | [개발] 중급 을지로 하나은행 여신개발 금융필 입니다. | 19시간 전 등록
[2025-06-30 06:03:26] INFO - 0513 | 밴스의원 일산 | [밴스의원] 피부과 총괄실장 모집 | 19시간 전 등록
[2025-06-30 06:03:26] INFO - 0514 | 상대원 동물병원 | 상대원 동물병원에서 수의 테크니션 선생님을 구인합니다 | 19시간 전 등록
[2025-06-30 06:03:26] INFO - 0515 | 밴스의원 일산 | [밴스의원] 일본 단기 상주 가능한 상담실장 모집 (일본어 능통 한국인) | 19시간 전 등록
[2025-06-30 06:03:26] INFO - 0516 | 삼성 밴스의원 | [밴스의원 삼성점] 상담실장 모집 | 19시간 전 등록
[2025-06-30 06:03:26] INFO - 0517 | 삼성 밴스의원 | [밴스의원 삼성점] 국내 코디네이터 모집 | 19시간 전 등록
[2025-06-30 06:03:26] INFO - 0518 | ㈜부자되세요 / 창고43 | [BHC group] 창고43송도점 홀 관리자 및 정직원 채용 | 19시간 전 등록
[2025-06-30 06:03:27] INFO - 0519 | 밴스의원 청담 | [밴스의원] 일본 단기 상주 가능한 상담실장 모집 (일본어 능통 한국인) | 19시간 전 등록
[2025-06-30 06:03:27] INFO - 0520 | ㈜부자되세요 / 창고43 | [BHC group] 창고43송도점 주방 관리자 및 사원 정직원 채용 | 19시간 전 등록
[2025-06-30 06:03:27] INFO - 0521 | ㈜심비즈코리아 | 웹퍼블리셔(웹디자인) 경력직 채용 | 19시간 전 등록
[2025-06-30 06:03:27] INFO - 0522 | ㈜심비즈코리아 | Java 기반 웹시스템 개발자 모집 | 19시간 전 등록
[2025-06-30 06:03:27] INFO - 0523 | 새들브라운 | 주5일 / 인천 계산역 새들브라운 레스토랑 양식 신입,경력 1명 채용합니다 | 19시간 전 등록
[2025-06-30 06:03:27] INFO - 0524 | ㈜심비즈코리아 | [리더급] Java 경력 Web 개발자 모집 | 19시간 전 등록
[2025-06-30 06:03:27] INFO - 0525 | 영원유통 | [가락시장]야간 배송 및 매장 관리 직원 | 19시간 전 등록
[2025-06-30 06:03:28] INFO - 0526 | 밴스의원 명동 | 명동점 밴스의원 총괄실장 채용 | 19시간 전 등록
[2025-06-30 06:03:28] INFO - 0527 | ㈜오션시티 | 신촌 에버8 레지던스(가족호텔)에서 하우스맨 모집합니다. | 19시간 전 등록
[2025-06-30 06:03:28] INFO - 0528 | 카시아속초호텔앤리조트㈜ | 반얀그룹 카시아 속초 Reservation 신입/경력 채용 | 19시간 전 등록
[2025-06-30 06:03:28] INFO - 0529 | 우리베이커리 | 케이크생산경력있는 해썹팀장구합니다. | 19시간 전 등록
[2025-06-30 06:03:28] INFO - 0530 | ㈜메타게이지코퍼레이션 | 프론트 앤드 개발자 모십니다 | 19시간 전 등록
[2025-06-30 06:03:28] INFO - 0531 | 다이닝서로(dining seoro) | 이탈리안레스토랑 다이닝서로 홀 직원 모집합니다 | 19시간 전 등록
[2025-06-30 06:03:29] INFO - 0532 | 헤이데이 의원 | [주5일/월290만]강남역 헤이데이의원 일본어 코디네이터 모집 | 19시간 전 등록
[2025-06-30 06:03:29] INFO - 0533 | ㈜더세이프렌터카 | 더세이프렌터카 셔틀버스 운전기사 채용 | 19시간 전 등록
[2025-06-30 06:03:29] INFO - 0534 | 동일스포츠클럽 | 스포츠골프클럽 프론트 담당 | 19시간 전 등록
[2025-06-30 06:03:29] INFO - 0535 | ㈜에렉스 | 아시안푸드 페이페이 마곡나루 코엑스점 주방 수셰프.캡틴.사원 모집 | 19시간 전 등록
[2025-06-30 06:03:29] INFO - 0536 | 금룡네트웍로지스, | [5톤화물차운전] 수도권 센터 담당자 / 1:1 연수및 안전교육필수진행 | 19시간 전 등록
[2025-06-30 06:03:29] INFO - 0537 | 오디디주식회사 | [성수동/한식다이닝바] 홀 크루 및 매니져 모집 | 19시간 전 등록
[2025-06-30 06:03:29] INFO - 0538 | 1등타이어청주점 | 티스테이션 방서사거리점 타이어 초보/경력자 모집 | 19시간 전 등록
[2025-06-30 06:03:30] INFO - 0539 | 삼전순약공업㈜ | 삼전순약공업(주) 대전 배송기사 채용(계약직) | 19시간 전 등록
[2025-06-30 06:03:30] INFO - 0540 | 카밋오토 | [초보가능][주5일] 자동차(신차) 결제 진행 사무실 TM 매니저 모집 | 19시간 전 등록
[2025-06-30 06:03:30] INFO - 0541 | ㈜미디어웹 | [넷마블 계열사]미디어웹에서 서비스개발자를 모십니다 | 19시간 전 등록
[2025-06-30 06:03:30] INFO - 0542 | 르82 | 프렌치비스트로 주방 경력 또는 신입직원 모집합니다.(르82) | 19시간 전 등록
[2025-06-30 06:03:30] INFO - 0543 | 레서트㈜ | [여행사] 일본 지사 담당자 채용 | 19시간 전 등록
[2025-06-30 06:03:30] INFO - 0544 | 호텔 소설 | [서초 소설호텔] 프런트 신입/경력 채용(한국인만 가능) | 19시간 전 등록
[2025-06-30 06:03:30] INFO - 0545 | ㈜정정당당 | [서울/인천/경기 지역] 영업지원팀 홀 매니저 구인 | 19시간 전 등록
[2025-06-30 06:03:31] INFO - 0546 | ㈜정정당당 | 식사재 배송 - ( 숙소 제공 ) | 19시간 전 등록
[2025-06-30 06:03:31] INFO - 0547 | ㈜정정당당 | ERP [본사 / 직영 매장] 재고 관리 담당자 채용 | 19시간 전 등록
[2025-06-30 06:03:31] INFO - 0548 | ㈜정정당당 | 피자 매니저 구인 (피자 배우실 분) | 19시간 전 등록
[2025-06-30 06:03:31] INFO - 0549 | ㈜엘도라도 | 엘도라도 오송점 브런치 설거지 및 주방보조 모집합니다 | 19시간 전 등록
[2025-06-30 06:03:31] INFO - 0550 | 대평데이터컨설팅 | 데이터품질진단및개선 | 20시간 전 등록
[2025-06-30 06:03:31] INFO - ⏱ 3.03초 대기
[2025-06-30 06:03:35] INFO - 
📄 현재 페이지: 12
[2025-06-30 06:03:35] INFO - 0551 | 대보유통㈜ | 화성(목포방향)휴게소 조리관리자(주임,대리급) 모집합니다. | 20시간 전 등록
[2025-06-30 06:03:35] INFO - 0552 | 꽃보다취업 | 콘텐츠 마케팅, 영상촬영/편집 하실분 모집합니다 | 20시간 전 등록
[2025-06-30 06:03:35] INFO - 0553 | 끗 한의원 구로점 | [구로디지털 주3/4/5 급여350만] 피부관리사/코디네이터 선생님 모집 | 20시간 전 등록
[2025-06-30 06:03:36] INFO - 0554 | 놀러오개 송파점 | 놀러오개 애견유치원,호텔 [서울 송파점] 파트타임 직원 충원 | 20시간 전 등록
[2025-06-30 06:03:36] INFO - 0555 | 용인이엠365의원 | [월 16일 근무] 외래 데스크 인력 채용 | 20시간 전 등록
[2025-06-30 06:03:36] INFO - 0556 | ㈜보경비스타 | 달인 대보 칼국수에서 점장 채용합니다. | 20시간 전 등록
[2025-06-30 06:03:36] INFO - 0557 | HOTEL ICC | [호텔ICC] 웨딩예약실(성별 무관) 정직원 채용합니다. | 20시간 전 등록
[2025-06-30 06:03:36] INFO - 0558 | ㈜데일리셔스 | [신규오픈]샤브샤브 전문점`모락샤브`FOH 홀 직원 모집합니다. | 20시간 전 등록
[2025-06-30 06:03:36] INFO - 0559 | ㈜데일리셔스 | [신규오픈] 샤브샤브 전문점`모락샤브`BOH 주방 직원 모집합니다. | 20시간 전 등록
[2025-06-30 06:03:37] INFO - 0560 | 한국신체정보㈜ | 운동처방사님 채용 | 20시간 전 등록
[2025-06-30 06:03:37] INFO - 0561 | 고메스퀘어 영통점 | 고메스퀘어 영통점 매니저 채용 | 20시간 전 등록
[2025-06-30 06:03:37] INFO - 0562 | 더홍 스튜디오 | 가족사진 스튜디오 의상연출 코디작가님 모십니다. | 20시간 전 등록
[2025-06-30 06:03:37] INFO - 0563 | 스시 하루 | (주5일)일식,오마카세, 스시하루신사에서 주방스탭을 모집합니다. | 20시간 전 등록
[2025-06-30 06:03:37] INFO - 0564 | 스토어 로지 | 이테르 명동 ITER Myeongdong 서비스 팀원 모집 | 20시간 전 등록
[2025-06-30 06:03:37] INFO - 0565 | 홍춘짬뽕 | [홍춘 채용공고] 용인 죽전 중식 맛집, 함께 성장할 주방 멤버 모집 | 20시간 전 등록
[2025-06-30 06:03:37] INFO - 0566 | 케이투냉동 | 편의점 배송기사 | 20시간 전 등록
[2025-06-30 06:03:38] INFO - 0567 | ㈜로이힐즈 | [로이힐즈] 반려동물 장례 커넥터 / 신입·경력 사원 모집공고 | 20시간 전 등록
[2025-06-30 06:03:38] INFO - 0568 | ㈜애드무브 | 유튜브 숏츠 콘텐츠 기획자 채용 | 20시간 전 등록
[2025-06-30 06:03:38] INFO - 0569 | ㈜유안에이치알 | [한진대전 대전MEGA HUB] 야간 지게차 운전원 모집 | 20시간 전 등록
[2025-06-30 06:03:38] INFO - 0570 | 청운주간보호센터 | 청운주간보호센터 조리사 공개채용 | 20시간 전 등록
[2025-06-30 06:03:38] INFO - 0571 | 쉐프조 | 문래역 베이커리카페 쉐프조 배송직원 구합니다 | 20시간 전 등록
[2025-06-30 06:03:38] INFO - 0572 | ㈜마인드프로 | 2025년 웹프로그래머(JAVA) 백엔드개발자 정규직원(경력) 대리/과장급 채용 | 20시간 전 등록
[2025-06-30 06:03:38] INFO - 0573 | 벨라 | 메이크업/ 고객상담 및 예약/ 의상관리 | 20시간 전 등록
[2025-06-30 06:03:39] INFO - 0574 | 빠르끄 | [일산 / 빠르끄] 베이커 제과제빵사 모집 (팀장/경력사원) | 21시간 전 등록
[2025-06-30 06:03:39] INFO - 0575 | ㈜알에이엠씨 | [신입 / 경력] 로얄동물메디컬센터 본원 동물보건사 모집 | 21시간 전 등록
[2025-06-30 06:03:39] INFO - 0576 | ㈜알에이엠씨 | [신입 / 경력] 로얄동물메디컬센터 본원 야간근무 동물보건사 모집 | 21시간 전 등록
[2025-06-30 06:03:39] INFO - 0577 | ㈜웨딩그룹위더스영등포 | 웨딩그룹위더스 영등포 비서 (보좌관)모집 | 21시간 전 등록
[2025-06-30 06:03:39] INFO - 0578 | ㈜웨딩그룹위더스영등포 | 예약 사무업무 신입 / 경력직 채용[웨딩그룹위더스 영등포] | 21시간 전 등록
[2025-06-30 06:03:39] INFO - 0579 | ㈜크리에이티브꾼 | 광고용 배너,현수막 시공/철거 현장 팀장님 모집 | 21시간 전 등록
[2025-06-30 06:03:39] INFO - 0580 | 온에어성형외과 | [강남역성형외과] 상담 실장님 모십니다. | 21시간 전 등록
[2025-06-30 06:03:40] INFO - 0581 | 아띠랑스비앙드 | 제빵소 꾸움/제빵사/파티쉐/베이커리모집 | 21시간 전 등록
[2025-06-30 06:03:40] INFO - 0582 | 에르메스 퍼퓸 신세계 대전점 | 에르메스퍼퓸/신세계 백화점 대전점 /판매사원채용 | 21시간 전 등록
[2025-06-30 06:03:40] INFO - 0583 | 에버스마일치과 | [주5일]에버스마일치과 목동점 코디네이터 모집 | 21시간 전 등록
[2025-06-30 06:03:40] INFO - 0584 | ㈜에프앤씨시스템 | [아워홈 인천공항] 다이닝/푸드코트 홀 관리자 경력직 모집 | 21시간 전 등록
[2025-06-30 06:03:40] INFO - 0585 | ㈜에이치와이소프트 | Java,Procedure,HR경험(7월1일/26년4월15일/영종도/중급이상) | 21시간 전 등록
[2025-06-30 06:03:40] INFO - 0586 | ㈜에이치와이소프트 | Java,React(즉시/12월말(26년5월말연장예상)/가산디지털단지/중급이상) | 21시간 전 등록
[2025-06-30 06:03:40] INFO - 0587 | ㈜지에이치 | HOTEL HAVEN 객실팀 프론트 채용 월 250만 이상 | 21시간 전 등록
[2025-06-30 06:03:41] INFO - 0588 | 주식회사 씨앤테크놀러지 | 상여금, 연봉 4,800만, 정착지원금, 가불가능, 초보가능, 기숙사 무료 | 21시간 전 등록
[2025-06-30 06:03:41] INFO - 0589 | 프롬미 신도림점 | [프롬미 신도림점] 직업 만족도 높은 테라피스트 채용 | 22시간 전 등록
[2025-06-30 06:03:41] INFO - 0590 | ㈜몽스(몽스베이커리 본점) | 몽스베이커리 - 동탄 목동점 베이커리 생산 직원 채용 | 22시간 전 등록
[2025-06-30 06:03:41] INFO - 0591 | 라임하우스 | 게스트하우스, 펜션(숙박업) 관리자 | 22시간 전 등록
[2025-06-30 06:03:41] INFO - 0592 | ㈜플러스하이 | 성장률 200프로 진행중인 회사의 개발자모집(React) Lxx | 22시간 전 등록
[2025-06-30 06:03:41] INFO - 0593 | ㈜유윙 | 클라우드 환경 풀스텍 설계 분석 개발자 모집 | 22시간 전 등록
[2025-06-30 06:03:41] INFO - 0594 | ㈜알티비네트웍스 | 해외 여행 오퍼레이터 및 출장(t/c) 모집( 경력자) | 22시간 전 등록
[2025-06-30 06:03:42] INFO - 0595 | ㈜퍼플페퍼 | 제페니즈 프렌치 다이닝 그랑디르 홀 서버 채용(주4.5일근무) | 22시간 전 등록
[2025-06-30 06:03:42] INFO - 0596 | ㈜윌앤비전 | [전주 롯데] 정관장 판매직원 모집 | 22시간 전 등록
[2025-06-30 06:03:42] INFO - 0597 | 서안필름 | 영화미술/드라마 미술팀에서 [그래픽디자이너 지원팀] 모집합니다 | 22시간 전 등록
[2025-06-30 06:03:42] INFO - 0598 | 세무회계신세계 | 7월 오픈, 평택, 세무회계 신세계 경력직 초빙 | 23시간 전 등록
[2025-06-30 06:03:42] INFO - ⛔ 1일 이내 게시글 크롤링 완료 — 종료
[2025-06-30 06:03:42] INFO - 📝 마지막 데이터 저장 완료 (총 598건)
[2025-06-30 06:03:42] INFO - ✅ 크롤러 정상 종료
[2025-06-30 06:03:42] INFO - 테이블 생성 시작
[2025-06-30 06:03:42] INFO - 테이블 생성 완료
[2025-06-30 06:03:42] INFO - 0번째 행 입력
[2025-06-30 06:03:42] INFO - 1번째 행 입력
[2025-06-30 06:03:43] INFO - 2번째 행 입력
[2025-06-30 06:03:43] INFO - 3번째 행 입력
[2025-06-30 06:03:43] INFO - 4번째 행 입력
[2025-06-30 06:03:43] INFO - 5번째 행 입력
[2025-06-30 06:03:43] INFO - 6번째 행 입력
[2025-06-30 06:03:43] INFO - 7번째 행 입력
[2025-06-30 06:03:43] INFO - 8번째 행 입력
[2025-06-30 06:03:43] INFO - 9번째 행 입력
[2025-06-30 06:03:43] INFO - 10번째 행 입력
[2025-06-30 06:03:43] INFO - 11번째 행 입력
[2025-06-30 06:03:43] INFO - 12번째 행 입력
[2025-06-30 06:03:43] INFO - 13번째 행 입력
[2025-06-30 06:03:43] INFO - 14번째 행 입력
[2025-06-30 06:03:43] INFO - 15번째 행 입력
[2025-06-30 06:03:43] INFO - 16번째 행 입력
[2025-06-30 06:03:43] INFO - 17번째 행 입력
[2025-06-30 06:03:43] INFO - 18번째 행 입력
[2025-06-30 06:03:43] INFO - 19번째 행 입력
[2025-06-30 06:03:43] INFO - 20번째 행 입력
[2025-06-30 06:03:43] INFO - 21번째 행 입력
[2025-06-30 06:03:43] INFO - 22번째 행 입력
[2025-06-30 06:03:44] INFO - 23번째 행 입력
[2025-06-30 06:03:44] INFO - 24번째 행 입력
[2025-06-30 06:03:44] INFO - 25번째 행 입력
[2025-06-30 06:03:44] INFO - 26번째 행 입력
[2025-06-30 06:03:44] INFO - 27번째 행 입력
[2025-06-30 06:03:44] INFO - 28번째 행 입력
[2025-06-30 06:03:44] INFO - 29번째 행 입력
[2025-06-30 06:03:44] INFO - 30번째 행 입력
[2025-06-30 06:03:44] INFO - 31번째 행 입력
[2025-06-30 06:03:44] INFO - 32번째 행 입력
[2025-06-30 06:03:44] INFO - 33번째 행 입력
[2025-06-30 06:03:44] INFO - 34번째 행 입력
[2025-06-30 06:03:44] INFO - 35번째 행 입력
[2025-06-30 06:03:44] INFO - 36번째 행 입력
[2025-06-30 06:03:44] INFO - 37번째 행 입력
[2025-06-30 06:03:44] INFO - 38번째 행 입력
[2025-06-30 06:03:44] INFO - 39번째 행 입력
[2025-06-30 06:03:44] INFO - 40번째 행 입력
[2025-06-30 06:03:44] INFO - 41번째 행 입력
[2025-06-30 06:03:45] INFO - 42번째 행 입력
[2025-06-30 06:03:45] INFO - 43번째 행 입력
[2025-06-30 06:03:45] INFO - 44번째 행 입력
[2025-06-30 06:03:45] INFO - 45번째 행 입력
[2025-06-30 06:03:45] INFO - 46번째 행 입력
[2025-06-30 06:03:45] INFO - 47번째 행 입력
[2025-06-30 06:03:45] INFO - 48번째 행 입력
[2025-06-30 06:03:45] INFO - 49번째 행 입력
[2025-06-30 06:03:45] INFO - 50번째 행 입력
[2025-06-30 06:03:45] INFO - 51번째 행 입력
[2025-06-30 06:03:45] INFO - 52번째 행 입력
[2025-06-30 06:03:45] INFO - 53번째 행 입력
[2025-06-30 06:03:45] INFO - 54번째 행 입력
[2025-06-30 06:03:45] INFO - 55번째 행 입력
[2025-06-30 06:03:45] INFO - 56번째 행 입력
[2025-06-30 06:03:45] INFO - 57번째 행 입력
[2025-06-30 06:03:45] INFO - 58번째 행 입력
[2025-06-30 06:03:45] INFO - 59번째 행 입력
[2025-06-30 06:03:45] INFO - 60번째 행 입력
[2025-06-30 06:03:45] INFO - 61번째 행 입력
[2025-06-30 06:03:46] INFO - 62번째 행 입력
[2025-06-30 06:03:46] INFO - 63번째 행 입력
[2025-06-30 06:03:46] INFO - 64번째 행 입력
[2025-06-30 06:03:46] INFO - 65번째 행 입력
[2025-06-30 06:03:46] INFO - 66번째 행 입력
[2025-06-30 06:03:46] INFO - 67번째 행 입력
[2025-06-30 06:03:46] INFO - 68번째 행 입력
[2025-06-30 06:03:46] INFO - 69번째 행 입력
[2025-06-30 06:03:46] INFO - 70번째 행 입력
[2025-06-30 06:03:46] INFO - 71번째 행 입력
[2025-06-30 06:03:46] INFO - 72번째 행 입력
[2025-06-30 06:03:46] INFO - 73번째 행 입력
[2025-06-30 06:03:46] INFO - 74번째 행 입력
[2025-06-30 06:03:46] INFO - 75번째 행 입력
[2025-06-30 06:03:46] INFO - 76번째 행 입력
[2025-06-30 06:03:46] INFO - 77번째 행 입력
[2025-06-30 06:03:46] INFO - 78번째 행 입력
[2025-06-30 06:03:46] INFO - 79번째 행 입력
[2025-06-30 06:03:47] INFO - 80번째 행 입력
[2025-06-30 06:03:47] INFO - 81번째 행 입력
[2025-06-30 06:03:47] INFO - 82번째 행 입력
[2025-06-30 06:03:47] INFO - 83번째 행 입력
[2025-06-30 06:03:47] INFO - 84번째 행 입력
[2025-06-30 06:03:47] INFO - 85번째 행 입력
[2025-06-30 06:03:47] INFO - 86번째 행 입력
[2025-06-30 06:03:47] INFO - 87번째 행 입력
[2025-06-30 06:03:47] INFO - 88번째 행 입력
[2025-06-30 06:03:47] INFO - [SKIPPED - DUPLICATE] ㈜메디톡스 / IT 경력사원 채용 / 2025-07-11 은 이미 존재하여 삽입되지 않았습니다.
[2025-06-30 06:03:47] INFO - 89번째 행 입력
[2025-06-30 06:03:47] INFO - [SKIPPED - DUPLICATE] ㈜메디톡스 / 학술 경력사원 채용 / 2025-07-10 은 이미 존재하여 삽입되지 않았습니다.
[2025-06-30 06:03:47] INFO - 90번째 행 입력
[2025-06-30 06:03:47] INFO - 91번째 행 입력
[2025-06-30 06:03:47] INFO - 92번째 행 입력
[2025-06-30 06:03:47] INFO - 93번째 행 입력
[2025-06-30 06:03:47] INFO - 94번째 행 입력
[2025-06-30 06:03:48] INFO - 95번째 행 입력
[2025-06-30 06:03:48] INFO - 96번째 행 입력
[2025-06-30 06:03:48] INFO - 97번째 행 입력
[2025-06-30 06:03:48] INFO - 98번째 행 입력
[2025-06-30 06:03:48] INFO - 99번째 행 입력
[2025-06-30 06:03:48] INFO - [SKIPPED - DUPLICATE] 프라임에셋 / 병원인하우스 근무하실분 모집/ 경단녀.투잡가능/ 온라인영업 가능 / 2025-07-03 은 이미 존재하여 삽입되지 않았습니다.
[2025-06-30 06:03:48] INFO - 100번째 행 입력
[2025-06-30 06:03:48] INFO - 101번째 행 입력
[2025-06-30 06:03:48] INFO - 102번째 행 입력
[2025-06-30 06:03:48] INFO - 103번째 행 입력
[2025-06-30 06:03:48] INFO - 104번째 행 입력
[2025-06-30 06:03:48] INFO - 105번째 행 입력
[2025-06-30 06:03:48] INFO - 106번째 행 입력
[2025-06-30 06:03:48] INFO - 107번째 행 입력
[2025-06-30 06:03:48] INFO - 108번째 행 입력
[2025-06-30 06:03:48] INFO - 109번째 행 입력
[2025-06-30 06:03:48] INFO - 110번째 행 입력
[2025-06-30 06:03:48] INFO - [SKIPPED - DUPLICATE] ㈜이데일리씨앤비 / [이데일리TV] 프리랜서 아나운서 채용 / 2025-07-02 은 이미 존재하여 삽입되지 않았습니다.
[2025-06-30 06:03:48] INFO - 111번째 행 입력
[2025-06-30 06:03:48] INFO - 112번째 행 입력
[2025-06-30 06:03:48] INFO - 113번째 행 입력
[2025-06-30 06:03:48] INFO - 114번째 행 입력
[2025-06-30 06:03:48] INFO - 115번째 행 입력
[2025-06-30 06:03:49] INFO - 116번째 행 입력
[2025-06-30 06:03:49] INFO - 117번째 행 입력
[2025-06-30 06:03:49] INFO - 118번째 행 입력
[2025-06-30 06:03:49] INFO - 119번째 행 입력
[2025-06-30 06:03:49] INFO - 120번째 행 입력
[2025-06-30 06:03:49] INFO - 121번째 행 입력
[2025-06-30 06:03:49] INFO - 122번째 행 입력
[2025-06-30 06:03:49] INFO - 123번째 행 입력
[2025-06-30 06:03:49] INFO - 124번째 행 입력
[2025-06-30 06:03:49] INFO - 125번째 행 입력
[2025-06-30 06:03:49] INFO - 126번째 행 입력
[2025-06-30 06:03:49] INFO - 127번째 행 입력
[2025-06-30 06:03:49] INFO - 128번째 행 입력
[2025-06-30 06:03:49] INFO - 129번째 행 입력
[2025-06-30 06:03:49] INFO - 130번째 행 입력
[2025-06-30 06:03:49] INFO - 131번째 행 입력
[2025-06-30 06:03:49] INFO - 132번째 행 입력
[2025-06-30 06:03:49] INFO - 133번째 행 입력
[2025-06-30 06:03:49] INFO - 134번째 행 입력
[2025-06-30 06:03:49] INFO - 135번째 행 입력
[2025-06-30 06:03:49] INFO - 136번째 행 입력
[2025-06-30 06:03:49] INFO - 137번째 행 입력
[2025-06-30 06:03:50] INFO - 138번째 행 입력
[2025-06-30 06:03:50] INFO - 139번째 행 입력
[2025-06-30 06:03:50] INFO - 140번째 행 입력
[2025-06-30 06:03:50] INFO - 141번째 행 입력
[2025-06-30 06:03:50] INFO - 142번째 행 입력
[2025-06-30 06:03:50] INFO - 143번째 행 입력
[2025-06-30 06:03:50] INFO - 144번째 행 입력
[2025-06-30 06:03:50] INFO - 145번째 행 입력
[2025-06-30 06:03:50] INFO - 146번째 행 입력
[2025-06-30 06:03:50] INFO - 147번째 행 입력
[2025-06-30 06:03:50] INFO - 148번째 행 입력
[2025-06-30 06:03:50] INFO - 149번째 행 입력
[2025-06-30 06:03:50] INFO - 150번째 행 입력
[2025-06-30 06:03:50] INFO - 151번째 행 입력
[2025-06-30 06:03:50] INFO - 152번째 행 입력
[2025-06-30 06:03:50] INFO - 153번째 행 입력
[2025-06-30 06:03:50] INFO - 154번째 행 입력
[2025-06-30 06:03:50] INFO - 155번째 행 입력
[2025-06-30 06:03:50] INFO - 156번째 행 입력
[2025-06-30 06:03:50] INFO - 157번째 행 입력
[2025-06-30 06:03:50] INFO - 158번째 행 입력
[2025-06-30 06:03:50] INFO - 159번째 행 입력
[2025-06-30 06:03:50] INFO - 160번째 행 입력
[2025-06-30 06:03:51] INFO - 161번째 행 입력
[2025-06-30 06:03:51] INFO - 162번째 행 입력
[2025-06-30 06:03:51] INFO - 163번째 행 입력
[2025-06-30 06:03:51] INFO - 164번째 행 입력
[2025-06-30 06:03:51] INFO - 165번째 행 입력
[2025-06-30 06:03:51] INFO - 166번째 행 입력
[2025-06-30 06:03:51] INFO - 167번째 행 입력
[2025-06-30 06:03:51] INFO - 168번째 행 입력
[2025-06-30 06:03:51] INFO - 169번째 행 입력
[2025-06-30 06:03:51] INFO - 170번째 행 입력
[2025-06-30 06:03:51] INFO - 171번째 행 입력
[2025-06-30 06:03:51] INFO - 172번째 행 입력
[2025-06-30 06:03:51] INFO - 173번째 행 입력
[2025-06-30 06:03:51] INFO - 174번째 행 입력
[2025-06-30 06:03:51] INFO - 175번째 행 입력
[2025-06-30 06:03:51] INFO - 176번째 행 입력
[2025-06-30 06:03:51] INFO - 177번째 행 입력
[2025-06-30 06:03:51] INFO - 178번째 행 입력
[2025-06-30 06:03:51] INFO - 179번째 행 입력
[2025-06-30 06:03:51] INFO - 180번째 행 입력
[2025-06-30 06:03:51] INFO - 181번째 행 입력
[2025-06-30 06:03:51] INFO - 182번째 행 입력
[2025-06-30 06:03:51] INFO - 183번째 행 입력
[2025-06-30 06:03:51] INFO - 184번째 행 입력
[2025-06-30 06:03:52] INFO - 185번째 행 입력
[2025-06-30 06:03:52] INFO - 186번째 행 입력
[2025-06-30 06:03:52] INFO - 187번째 행 입력
[2025-06-30 06:03:52] INFO - 188번째 행 입력
[2025-06-30 06:03:52] INFO - 189번째 행 입력
[2025-06-30 06:03:52] INFO - 190번째 행 입력
[2025-06-30 06:03:52] INFO - 191번째 행 입력
[2025-06-30 06:03:52] INFO - 192번째 행 입력
[2025-06-30 06:03:52] INFO - 193번째 행 입력
[2025-06-30 06:03:52] INFO - 194번째 행 입력
[2025-06-30 06:03:52] INFO - 195번째 행 입력
[2025-06-30 06:03:52] INFO - 196번째 행 입력
[2025-06-30 06:03:52] INFO - 197번째 행 입력
[2025-06-30 06:03:52] INFO - 198번째 행 입력
[2025-06-30 06:03:52] INFO - 199번째 행 입력
[2025-06-30 06:03:52] INFO - 200번째 행 입력
[2025-06-30 06:03:52] INFO - 201번째 행 입력
[2025-06-30 06:03:52] INFO - 202번째 행 입력
[2025-06-30 06:03:52] INFO - 203번째 행 입력
[2025-06-30 06:03:52] INFO - 204번째 행 입력
[2025-06-30 06:03:53] INFO - 205번째 행 입력
[2025-06-30 06:03:53] INFO - 206번째 행 입력
[2025-06-30 06:03:53] INFO - 207번째 행 입력
[2025-06-30 06:03:53] INFO - 208번째 행 입력
[2025-06-30 06:03:53] INFO - 209번째 행 입력
[2025-06-30 06:03:53] INFO - 210번째 행 입력
[2025-06-30 06:03:53] INFO - 211번째 행 입력
[2025-06-30 06:03:53] INFO - 212번째 행 입력
[2025-06-30 06:03:53] INFO - 213번째 행 입력
[2025-06-30 06:03:53] INFO - 214번째 행 입력
[2025-06-30 06:03:53] INFO - 215번째 행 입력
[2025-06-30 06:03:53] INFO - 216번째 행 입력
[2025-06-30 06:03:53] INFO - 217번째 행 입력
[2025-06-30 06:03:53] INFO - 218번째 행 입력
[2025-06-30 06:03:53] INFO - 219번째 행 입력
[2025-06-30 06:03:53] INFO - 220번째 행 입력
[2025-06-30 06:03:53] INFO - 221번째 행 입력
[2025-06-30 06:03:53] INFO - 222번째 행 입력
[2025-06-30 06:03:53] INFO - 223번째 행 입력
[2025-06-30 06:03:53] INFO - 224번째 행 입력
[2025-06-30 06:03:53] INFO - 225번째 행 입력
[2025-06-30 06:03:53] INFO - 226번째 행 입력
[2025-06-30 06:03:53] INFO - 227번째 행 입력
[2025-06-30 06:03:53] INFO - 228번째 행 입력
[2025-06-30 06:03:53] INFO - 229번째 행 입력
[2025-06-30 06:03:54] INFO - 230번째 행 입력
[2025-06-30 06:03:54] INFO - 231번째 행 입력
[2025-06-30 06:03:54] INFO - 232번째 행 입력
[2025-06-30 06:03:54] INFO - 233번째 행 입력
[2025-06-30 06:03:54] INFO - 234번째 행 입력
[2025-06-30 06:03:54] INFO - 235번째 행 입력
[2025-06-30 06:03:54] INFO - 236번째 행 입력
[2025-06-30 06:03:54] INFO - 237번째 행 입력
[2025-06-30 06:03:54] INFO - 238번째 행 입력
[2025-06-30 06:03:54] INFO - 239번째 행 입력
[2025-06-30 06:03:54] INFO - 240번째 행 입력
[2025-06-30 06:03:54] INFO - 241번째 행 입력
[2025-06-30 06:03:54] INFO - 242번째 행 입력
[2025-06-30 06:03:54] INFO - 243번째 행 입력
[2025-06-30 06:03:54] INFO - 244번째 행 입력
[2025-06-30 06:03:54] INFO - 245번째 행 입력
[2025-06-30 06:03:54] INFO - 246번째 행 입력
[2025-06-30 06:03:54] INFO - 247번째 행 입력
[2025-06-30 06:03:54] INFO - 248번째 행 입력
[2025-06-30 06:03:54] INFO - 249번째 행 입력
[2025-06-30 06:03:54] INFO - 250번째 행 입력
[2025-06-30 06:03:54] INFO - 251번째 행 입력
[2025-06-30 06:03:54] INFO - 252번째 행 입력
[2025-06-30 06:03:55] INFO - 253번째 행 입력
[2025-06-30 06:03:55] INFO - 254번째 행 입력
[2025-06-30 06:03:55] INFO - 255번째 행 입력
[2025-06-30 06:03:55] INFO - 256번째 행 입력
[2025-06-30 06:03:55] INFO - 257번째 행 입력
[2025-06-30 06:03:55] INFO - 258번째 행 입력
[2025-06-30 06:03:55] INFO - 259번째 행 입력
[2025-06-30 06:03:55] INFO - 260번째 행 입력
[2025-06-30 06:03:55] INFO - 261번째 행 입력
[2025-06-30 06:03:55] INFO - 262번째 행 입력
[2025-06-30 06:03:55] INFO - 263번째 행 입력
[2025-06-30 06:03:55] INFO - 264번째 행 입력
[2025-06-30 06:03:55] INFO - 265번째 행 입력
[2025-06-30 06:03:55] INFO - 266번째 행 입력
[2025-06-30 06:03:55] INFO - 267번째 행 입력
[2025-06-30 06:03:55] INFO - 268번째 행 입력
[2025-06-30 06:03:55] INFO - 269번째 행 입력
[2025-06-30 06:03:55] INFO - 270번째 행 입력
[2025-06-30 06:03:55] INFO - 271번째 행 입력
[2025-06-30 06:03:55] INFO - 272번째 행 입력
[2025-06-30 06:03:55] INFO - 273번째 행 입력
[2025-06-30 06:03:55] INFO - 274번째 행 입력
[2025-06-30 06:03:55] INFO - 275번째 행 입력
[2025-06-30 06:03:56] INFO - 276번째 행 입력
[2025-06-30 06:03:56] INFO - 277번째 행 입력
[2025-06-30 06:03:56] INFO - 278번째 행 입력
[2025-06-30 06:03:56] INFO - 279번째 행 입력
[2025-06-30 06:03:56] INFO - 280번째 행 입력
[2025-06-30 06:03:56] INFO - 281번째 행 입력
[2025-06-30 06:03:56] INFO - 282번째 행 입력
[2025-06-30 06:03:56] INFO - 283번째 행 입력
[2025-06-30 06:03:56] INFO - 284번째 행 입력
[2025-06-30 06:03:56] INFO - 285번째 행 입력
[2025-06-30 06:03:56] INFO - 286번째 행 입력
[2025-06-30 06:03:56] INFO - 287번째 행 입력
[2025-06-30 06:03:56] INFO - 288번째 행 입력
[2025-06-30 06:03:56] INFO - 289번째 행 입력
[2025-06-30 06:03:56] INFO - 290번째 행 입력
[2025-06-30 06:03:56] INFO - 291번째 행 입력
[2025-06-30 06:03:56] INFO - 292번째 행 입력
[2025-06-30 06:03:56] INFO - 293번째 행 입력
[2025-06-30 06:03:56] INFO - 294번째 행 입력
[2025-06-30 06:03:56] INFO - [SKIPPED - DUPLICATE] ㈜아이즈피스트 / [훈썸] 로맨스/BL 성인 콘텐츠 영상 PD / 9999-12-31 은 이미 존재하여 삽입되지 않았습니다.
[2025-06-30 06:03:56] INFO - 295번째 행 입력
[2025-06-30 06:03:56] INFO - 296번째 행 입력
[2025-06-30 06:03:56] INFO - 297번째 행 입력
[2025-06-30 06:03:57] INFO - 298번째 행 입력
[2025-06-30 06:03:57] INFO - 299번째 행 입력
[2025-06-30 06:03:57] INFO - 300번째 행 입력
[2025-06-30 06:03:57] INFO - 301번째 행 입력
[2025-06-30 06:03:57] INFO - 302번째 행 입력
[2025-06-30 06:03:57] INFO - 303번째 행 입력
[2025-06-30 06:03:57] INFO - 304번째 행 입력
[2025-06-30 06:03:57] INFO - 305번째 행 입력
[2025-06-30 06:03:57] INFO - 306번째 행 입력
[2025-06-30 06:03:57] INFO - 307번째 행 입력
[2025-06-30 06:03:57] INFO - 308번째 행 입력
[2025-06-30 06:03:57] INFO - 309번째 행 입력
[2025-06-30 06:03:57] INFO - 310번째 행 입력
[2025-06-30 06:03:57] INFO - 311번째 행 입력
[2025-06-30 06:03:57] INFO - 312번째 행 입력
[2025-06-30 06:03:57] INFO - 313번째 행 입력
[2025-06-30 06:03:57] INFO - 314번째 행 입력
[2025-06-30 06:03:57] INFO - 315번째 행 입력
[2025-06-30 06:03:57] INFO - 316번째 행 입력
[2025-06-30 06:03:57] INFO - 317번째 행 입력
[2025-06-30 06:03:57] INFO - 318번째 행 입력
[2025-06-30 06:03:58] INFO - 319번째 행 입력
[2025-06-30 06:03:58] INFO - 320번째 행 입력
[2025-06-30 06:03:58] INFO - 321번째 행 입력
[2025-06-30 06:03:58] INFO - 322번째 행 입력
[2025-06-30 06:03:58] INFO - 323번째 행 입력
[2025-06-30 06:03:58] INFO - 324번째 행 입력
[2025-06-30 06:03:58] INFO - 325번째 행 입력
[2025-06-30 06:03:58] INFO - 326번째 행 입력
[2025-06-30 06:03:58] INFO - 327번째 행 입력
[2025-06-30 06:03:58] INFO - 328번째 행 입력
[2025-06-30 06:03:58] INFO - 329번째 행 입력
[2025-06-30 06:03:58] INFO - 330번째 행 입력
[2025-06-30 06:03:58] INFO - 331번째 행 입력
[2025-06-30 06:03:58] INFO - 332번째 행 입력
[2025-06-30 06:03:58] INFO - 333번째 행 입력
[2025-06-30 06:03:58] INFO - 334번째 행 입력
[2025-06-30 06:03:58] INFO - 335번째 행 입력
[2025-06-30 06:03:58] INFO - 336번째 행 입력
[2025-06-30 06:03:58] INFO - 337번째 행 입력
[2025-06-30 06:03:58] INFO - 338번째 행 입력
[2025-06-30 06:03:58] INFO - 339번째 행 입력
[2025-06-30 06:03:58] INFO - 340번째 행 입력
[2025-06-30 06:03:58] INFO - 341번째 행 입력
[2025-06-30 06:03:59] INFO - 342번째 행 입력
[2025-06-30 06:03:59] INFO - 343번째 행 입력
[2025-06-30 06:03:59] INFO - 344번째 행 입력
[2025-06-30 06:03:59] INFO - 345번째 행 입력
[2025-06-30 06:03:59] INFO - 346번째 행 입력
[2025-06-30 06:03:59] INFO - 347번째 행 입력
[2025-06-30 06:03:59] INFO - 348번째 행 입력
[2025-06-30 06:03:59] INFO - 349번째 행 입력
[2025-06-30 06:03:59] INFO - 350번째 행 입력
[2025-06-30 06:03:59] INFO - 351번째 행 입력
[2025-06-30 06:03:59] INFO - 352번째 행 입력
[2025-06-30 06:03:59] INFO - 353번째 행 입력
[2025-06-30 06:03:59] INFO - 354번째 행 입력
[2025-06-30 06:03:59] INFO - 355번째 행 입력
[2025-06-30 06:03:59] INFO - 356번째 행 입력
[2025-06-30 06:03:59] INFO - 357번째 행 입력
[2025-06-30 06:03:59] INFO - 358번째 행 입력
[2025-06-30 06:03:59] INFO - 359번째 행 입력
[2025-06-30 06:03:59] INFO - 360번째 행 입력
[2025-06-30 06:03:59] INFO - 361번째 행 입력
[2025-06-30 06:03:59] INFO - 362번째 행 입력
[2025-06-30 06:03:59] INFO - 363번째 행 입력
[2025-06-30 06:03:59] INFO - 364번째 행 입력
[2025-06-30 06:04:00] INFO - 365번째 행 입력
[2025-06-30 06:04:00] INFO - 366번째 행 입력
[2025-06-30 06:04:00] INFO - 367번째 행 입력
[2025-06-30 06:04:00] INFO - 368번째 행 입력
[2025-06-30 06:04:00] INFO - 369번째 행 입력
[2025-06-30 06:04:00] INFO - 370번째 행 입력
[2025-06-30 06:04:00] INFO - 371번째 행 입력
[2025-06-30 06:04:00] INFO - 372번째 행 입력
[2025-06-30 06:04:00] INFO - 373번째 행 입력
[2025-06-30 06:04:00] INFO - 374번째 행 입력
[2025-06-30 06:04:00] INFO - 375번째 행 입력
[2025-06-30 06:04:00] INFO - 376번째 행 입력
[2025-06-30 06:04:00] INFO - 377번째 행 입력
[2025-06-30 06:04:00] INFO - 378번째 행 입력
[2025-06-30 06:04:00] INFO - 379번째 행 입력
[2025-06-30 06:04:00] INFO - 380번째 행 입력
[2025-06-30 06:04:00] INFO - 381번째 행 입력
[2025-06-30 06:04:00] INFO - 382번째 행 입력
[2025-06-30 06:04:00] INFO - 383번째 행 입력
[2025-06-30 06:04:00] INFO - 384번째 행 입력
[2025-06-30 06:04:00] INFO - 385번째 행 입력
[2025-06-30 06:04:00] INFO - 386번째 행 입력
[2025-06-30 06:04:00] INFO - 387번째 행 입력
[2025-06-30 06:04:01] INFO - 388번째 행 입력
[2025-06-30 06:04:01] INFO - 389번째 행 입력
[2025-06-30 06:04:01] INFO - 390번째 행 입력
[2025-06-30 06:04:01] INFO - 391번째 행 입력
[2025-06-30 06:04:01] INFO - 392번째 행 입력
[2025-06-30 06:04:01] INFO - 393번째 행 입력
[2025-06-30 06:04:01] INFO - 394번째 행 입력
[2025-06-30 06:04:01] INFO - 395번째 행 입력
[2025-06-30 06:04:01] INFO - 396번째 행 입력
[2025-06-30 06:04:01] INFO - 397번째 행 입력
[2025-06-30 06:04:01] INFO - 398번째 행 입력
[2025-06-30 06:04:01] INFO - 399번째 행 입력
[2025-06-30 06:04:01] INFO - 400번째 행 입력
[2025-06-30 06:04:01] INFO - 401번째 행 입력
[2025-06-30 06:04:01] INFO - 402번째 행 입력
[2025-06-30 06:04:01] INFO - 403번째 행 입력
[2025-06-30 06:04:01] INFO - 404번째 행 입력
[2025-06-30 06:04:01] INFO - 405번째 행 입력
[2025-06-30 06:04:01] INFO - 406번째 행 입력
[2025-06-30 06:04:01] INFO - 407번째 행 입력
[2025-06-30 06:04:01] INFO - 408번째 행 입력
[2025-06-30 06:04:01] INFO - 409번째 행 입력
[2025-06-30 06:04:02] INFO - 410번째 행 입력
[2025-06-30 06:04:02] INFO - 411번째 행 입력
[2025-06-30 06:04:02] INFO - 412번째 행 입력
[2025-06-30 06:04:02] INFO - 413번째 행 입력
[2025-06-30 06:04:02] INFO - 414번째 행 입력
[2025-06-30 06:04:02] INFO - 415번째 행 입력
[2025-06-30 06:04:02] INFO - 416번째 행 입력
[2025-06-30 06:04:02] INFO - 417번째 행 입력
[2025-06-30 06:04:02] INFO - 418번째 행 입력
[2025-06-30 06:04:02] INFO - 419번째 행 입력
[2025-06-30 06:04:02] INFO - 420번째 행 입력
[2025-06-30 06:04:02] INFO - 421번째 행 입력
[2025-06-30 06:04:02] INFO - 422번째 행 입력
[2025-06-30 06:04:02] INFO - 423번째 행 입력
[2025-06-30 06:04:02] INFO - 424번째 행 입력
[2025-06-30 06:04:02] INFO - 425번째 행 입력
[2025-06-30 06:04:02] INFO - 426번째 행 입력
[2025-06-30 06:04:02] INFO - 427번째 행 입력
[2025-06-30 06:04:02] INFO - 428번째 행 입력
[2025-06-30 06:04:02] INFO - 429번째 행 입력
[2025-06-30 06:04:02] INFO - 430번째 행 입력
[2025-06-30 06:04:02] INFO - 431번째 행 입력
[2025-06-30 06:04:02] INFO - 432번째 행 입력
[2025-06-30 06:04:03] INFO - 433번째 행 입력
[2025-06-30 06:04:03] INFO - 434번째 행 입력
[2025-06-30 06:04:03] INFO - 435번째 행 입력
[2025-06-30 06:04:03] INFO - 436번째 행 입력
[2025-06-30 06:04:03] INFO - 437번째 행 입력
[2025-06-30 06:04:03] INFO - 438번째 행 입력
[2025-06-30 06:04:03] INFO - 439번째 행 입력
[2025-06-30 06:04:03] INFO - 440번째 행 입력
[2025-06-30 06:04:03] INFO - 441번째 행 입력
[2025-06-30 06:04:03] INFO - 442번째 행 입력
[2025-06-30 06:04:03] INFO - 443번째 행 입력
[2025-06-30 06:04:03] INFO - 444번째 행 입력
[2025-06-30 06:04:03] INFO - 445번째 행 입력
[2025-06-30 06:04:03] INFO - 446번째 행 입력
[2025-06-30 06:04:03] INFO - 447번째 행 입력
[2025-06-30 06:04:03] INFO - 448번째 행 입력
[2025-06-30 06:04:03] INFO - 449번째 행 입력
[2025-06-30 06:04:03] INFO - 450번째 행 입력
[2025-06-30 06:04:03] INFO - 451번째 행 입력
[2025-06-30 06:04:03] INFO - 452번째 행 입력
[2025-06-30 06:04:03] INFO - 453번째 행 입력
[2025-06-30 06:04:03] INFO - 454번째 행 입력
[2025-06-30 06:04:03] INFO - 455번째 행 입력
[2025-06-30 06:04:03] INFO - 456번째 행 입력
[2025-06-30 06:04:04] INFO - 457번째 행 입력
[2025-06-30 06:04:04] INFO - 458번째 행 입력
[2025-06-30 06:04:04] INFO - 459번째 행 입력
[2025-06-30 06:04:04] INFO - 460번째 행 입력
[2025-06-30 06:04:04] INFO - 461번째 행 입력
[2025-06-30 06:04:04] INFO - 462번째 행 입력
[2025-06-30 06:04:04] INFO - 463번째 행 입력
[2025-06-30 06:04:04] INFO - 464번째 행 입력
[2025-06-30 06:04:04] INFO - 465번째 행 입력
[2025-06-30 06:04:04] INFO - 466번째 행 입력
[2025-06-30 06:04:04] INFO - 467번째 행 입력
[2025-06-30 06:04:04] INFO - [SKIPPED - DUPLICATE] 인트로맨㈜ / [서울/충무로/평일] 생명보험협회 본사 사무지원 / 2025-07-02 은 이미 존재하여 삽입되지 않았습니다.
[2025-06-30 06:04:04] INFO - 468번째 행 입력
[2025-06-30 06:04:04] INFO - 469번째 행 입력
[2025-06-30 06:04:04] INFO - 470번째 행 입력
[2025-06-30 06:04:04] INFO - 471번째 행 입력
[2025-06-30 06:04:04] INFO - 472번째 행 입력
[2025-06-30 06:04:04] INFO - 473번째 행 입력
[2025-06-30 06:04:04] INFO - 474번째 행 입력
[2025-06-30 06:04:04] INFO - 475번째 행 입력
[2025-06-30 06:04:04] INFO - 476번째 행 입력
[2025-06-30 06:04:04] INFO - 477번째 행 입력
[2025-06-30 06:04:04] INFO - 478번째 행 입력
[2025-06-30 06:04:04] INFO - 479번째 행 입력
[2025-06-30 06:04:05] INFO - 480번째 행 입력
[2025-06-30 06:04:05] INFO - 481번째 행 입력
[2025-06-30 06:04:05] INFO - 482번째 행 입력
[2025-06-30 06:04:05] INFO - 483번째 행 입력
[2025-06-30 06:04:05] INFO - 484번째 행 입력
[2025-06-30 06:04:05] INFO - 485번째 행 입력
[2025-06-30 06:04:05] INFO - 486번째 행 입력
[2025-06-30 06:04:05] INFO - 487번째 행 입력
[2025-06-30 06:04:05] INFO - 488번째 행 입력
[2025-06-30 06:04:05] INFO - 489번째 행 입력
[2025-06-30 06:04:05] INFO - 490번째 행 입력
[2025-06-30 06:04:05] INFO - 491번째 행 입력
[2025-06-30 06:04:05] INFO - 492번째 행 입력
[2025-06-30 06:04:05] INFO - 493번째 행 입력
[2025-06-30 06:04:05] INFO - 494번째 행 입력
[2025-06-30 06:04:05] INFO - 495번째 행 입력
[2025-06-30 06:04:05] INFO - 496번째 행 입력
[2025-06-30 06:04:05] INFO - 497번째 행 입력
[2025-06-30 06:04:05] INFO - 498번째 행 입력
[2025-06-30 06:04:05] INFO - 499번째 행 입력
[2025-06-30 06:04:05] INFO - 500번째 행 입력
[2025-06-30 06:04:05] INFO - 501번째 행 입력
[2025-06-30 06:04:06] INFO - 502번째 행 입력
[2025-06-30 06:04:06] INFO - 503번째 행 입력
[2025-06-30 06:04:06] INFO - 504번째 행 입력
[2025-06-30 06:04:06] INFO - 505번째 행 입력
[2025-06-30 06:04:06] INFO - 506번째 행 입력
[2025-06-30 06:04:06] INFO - 507번째 행 입력
[2025-06-30 06:04:06] INFO - 508번째 행 입력
[2025-06-30 06:04:06] INFO - 509번째 행 입력
[2025-06-30 06:04:06] INFO - 510번째 행 입력
[2025-06-30 06:04:06] INFO - 511번째 행 입력
[2025-06-30 06:04:06] INFO - 512번째 행 입력
[2025-06-30 06:04:06] INFO - 513번째 행 입력
[2025-06-30 06:04:06] INFO - 514번째 행 입력
[2025-06-30 06:04:06] INFO - 515번째 행 입력
[2025-06-30 06:04:06] INFO - 516번째 행 입력
[2025-06-30 06:04:06] INFO - 517번째 행 입력
[2025-06-30 06:04:06] INFO - 518번째 행 입력
[2025-06-30 06:04:06] INFO - 519번째 행 입력
[2025-06-30 06:04:06] INFO - 520번째 행 입력
[2025-06-30 06:04:06] INFO - 521번째 행 입력
[2025-06-30 06:04:06] INFO - 522번째 행 입력
[2025-06-30 06:04:06] INFO - 523번째 행 입력
[2025-06-30 06:04:07] INFO - 524번째 행 입력
[2025-06-30 06:04:07] INFO - 525번째 행 입력
[2025-06-30 06:04:07] INFO - 526번째 행 입력
[2025-06-30 06:04:07] INFO - 527번째 행 입력
[2025-06-30 06:04:07] INFO - 528번째 행 입력
[2025-06-30 06:04:07] INFO - 529번째 행 입력
[2025-06-30 06:04:07] INFO - 530번째 행 입력
[2025-06-30 06:04:07] INFO - 531번째 행 입력
[2025-06-30 06:04:07] INFO - 532번째 행 입력
[2025-06-30 06:04:07] INFO - 533번째 행 입력
[2025-06-30 06:04:07] INFO - 534번째 행 입력
[2025-06-30 06:04:07] INFO - 535번째 행 입력
[2025-06-30 06:04:07] INFO - 536번째 행 입력
[2025-06-30 06:04:07] INFO - 537번째 행 입력
[2025-06-30 06:04:07] INFO - 538번째 행 입력
[2025-06-30 06:04:07] INFO - 539번째 행 입력
[2025-06-30 06:04:07] INFO - 540번째 행 입력
[2025-06-30 06:04:07] INFO - 541번째 행 입력
[2025-06-30 06:04:07] INFO - 542번째 행 입력
[2025-06-30 06:04:07] INFO - 543번째 행 입력
[2025-06-30 06:04:08] INFO - 544번째 행 입력
[2025-06-30 06:04:08] INFO - 545번째 행 입력
[2025-06-30 06:04:08] INFO - 546번째 행 입력
[2025-06-30 06:04:08] INFO - 547번째 행 입력
[2025-06-30 06:04:08] INFO - 548번째 행 입력
[2025-06-30 06:04:08] INFO - 549번째 행 입력
[2025-06-30 06:04:08] INFO - 550번째 행 입력
[2025-06-30 06:04:08] INFO - 551번째 행 입력
[2025-06-30 06:04:08] INFO - 552번째 행 입력
[2025-06-30 06:04:08] INFO - 553번째 행 입력
[2025-06-30 06:04:08] INFO - 554번째 행 입력
[2025-06-30 06:04:08] INFO - 555번째 행 입력
[2025-06-30 06:04:08] INFO - 556번째 행 입력
[2025-06-30 06:04:08] INFO - 557번째 행 입력
[2025-06-30 06:04:08] INFO - 558번째 행 입력
[2025-06-30 06:04:08] INFO - 559번째 행 입력
[2025-06-30 06:04:08] INFO - 560번째 행 입력
[2025-06-30 06:04:08] INFO - 561번째 행 입력
[2025-06-30 06:04:08] INFO - 562번째 행 입력
[2025-06-30 06:04:08] INFO - 563번째 행 입력
[2025-06-30 06:04:08] INFO - 564번째 행 입력
[2025-06-30 06:04:08] INFO - 565번째 행 입력
[2025-06-30 06:04:08] INFO - 566번째 행 입력
[2025-06-30 06:04:09] INFO - 567번째 행 입력
[2025-06-30 06:04:09] INFO - 568번째 행 입력
[2025-06-30 06:04:09] INFO - 569번째 행 입력
[2025-06-30 06:04:09] INFO - 570번째 행 입력
[2025-06-30 06:04:09] INFO - 571번째 행 입력
[2025-06-30 06:04:09] INFO - 572번째 행 입력
[2025-06-30 06:04:09] INFO - 573번째 행 입력
[2025-06-30 06:04:09] INFO - 574번째 행 입력
[2025-06-30 06:04:09] INFO - 575번째 행 입력
[2025-06-30 06:04:09] INFO - 576번째 행 입력
[2025-06-30 06:04:09] INFO - 577번째 행 입력
[2025-06-30 06:04:09] INFO - 578번째 행 입력
[2025-06-30 06:04:09] INFO - 579번째 행 입력
[2025-06-30 06:04:09] INFO - 580번째 행 입력
[2025-06-30 06:04:09] INFO - 581번째 행 입력
[2025-06-30 06:04:09] INFO - 582번째 행 입력
[2025-06-30 06:04:09] INFO - 583번째 행 입력
[2025-06-30 06:04:09] INFO - 584번째 행 입력
[2025-06-30 06:04:09] INFO - 585번째 행 입력
[2025-06-30 06:04:09] INFO - 586번째 행 입력
[2025-06-30 06:04:09] INFO - 587번째 행 입력
[2025-06-30 06:04:09] INFO - 588번째 행 입력
[2025-06-30 06:04:09] INFO - 589번째 행 입력
[2025-06-30 06:04:09] INFO - 590번째 행 입력
[2025-06-30 06:04:10] INFO - 591번째 행 입력
[2025-06-30 06:04:10] INFO - 592번째 행 입력
[2025-06-30 06:04:10] INFO - 593번째 행 입력
[2025-06-30 06:04:10] INFO - 594번째 행 입력
[2025-06-30 06:04:10] INFO - 595번째 행 입력
[2025-06-30 06:04:10] INFO - 596번째 행 입력
[2025-06-30 06:04:10] INFO - 597번째 행 입력
[2025-06-30 06:04:10] INFO - 프로그램 종료
