[2025-07-14 06:00:02] INFO - 🔧 Logging initialized
[2025-07-14 06:00:02] INFO - 프로그램 시작됨
[2025-07-14 06:00:02] INFO - 
🚀 크롤러 실행 시도 1/3
[2025-07-14 06:00:19] INFO - 🔢 총 공고 수: 173171건 → 최대 페이지 수: 3464 페이지
[2025-07-14 06:00:19] INFO - 
📄 현재 페이지: 1
[2025-07-14 06:00:19] INFO - 0001 | ㈜에이치앤티아웃소싱시스템 | [KTcs/정규직] KT스카이라이프 대표전화 사원 모집(신입/경력) | 4시간 전 등록
[2025-07-14 06:00:19] INFO - 0002 | 일월 | 경남대점 댓거리 일월 직원 모집합니다 | 5시간 전 등록
[2025-07-14 06:00:20] INFO - 0003 | ㈜도원물류 | (주)도원물류/급여제 /대형화물차량 운전하실 기사님 (신용무관) | 5시간 전 등록
[2025-07-14 06:00:20] INFO - 0004 | 영재운수 | 수도권 물류센터 주력 운송 / 회사차 운전하는 안정적인 급여 (신용무관) | 5시간 전 등록
[2025-07-14 06:00:20] INFO - 0005 | 에이치알에스코리아 | 카카오페이 타임스퀘어센터/ 앱 이용관련 채팅, 게시판 인바운드 통합센터 | 5시간 전 등록
[2025-07-14 06:00:20] INFO - 0006 | 에이치알에스코리아 | 쿠쿠가전 마곡센터/ AS센터 / 접수, 가까운 센터안내 전산처리 상담 | 5시간 전 등록
[2025-07-14 06:00:20] INFO - 0007 | 에이치알에스코리아 | SSG닷컴 수원센터(향후 재택가능) / 쇼핑몰 CS관련 담당자 모집 | 5시간 전 등록
[2025-07-14 06:00:21] INFO - 0008 | 에이치알에스코리아 | 현대카드 타임스퀘어센터/ 카드 분실 재발급, 선결제, 한도문의안내 등 | 5시간 전 등록
[2025-07-14 06:00:21] INFO - 0009 | 미래비전 | 삼성디스플레이협력사/OLED액정생산/3조2교대/우수기업/기숙사가능 | 5시간 전 등록
[2025-07-14 06:00:21] INFO - 0010 | ㈜로이첸 | [경기/포천] 무역부(일본영업) 경력직 | 5시간 전 등록
[2025-07-14 06:00:21] INFO - 0011 | ㈜에이피알 | [제조] 의료기기 제조기술 담당 경력 | 5시간 전 등록
[2025-07-14 06:00:21] INFO - 0012 | 에스케이쉴더스㈜ | 네트워크 및 보안 운영 경력직 채용(충북 청주) | 5시간 전 등록
[2025-07-14 06:00:21] INFO - 0013 | 이트너스㈜ | 이트너스(주) 2025년 3차 E-ON 채용연계형 인턴 모집 | 5시간 전 등록
[2025-07-14 06:00:21] INFO - 0014 | ㈜이지세이브 | [이지세이브 ] 영등포/송내 센터 다이렉트 자동차보험 비교 상담원 모집 | 5시간 전 등록
[2025-07-14 06:00:22] INFO - 0015 | ㈜젬블로컴퍼니 | 보드게임 개발사 (주)젬블로컴퍼니 2025년 대외사업팀 채용 | 5시간 전 등록
[2025-07-14 06:00:22] INFO - 0016 | 이인텔리전스㈜ | [대구] AI 학습 데이터 라벨러 채용 | 5시간 전 등록
[2025-07-14 06:00:22] INFO - 0017 | ㈜아린 엠.에이치.씨 | (주)아린엠에이치씨 연구소(개발팀) 연구원 채용공고 | 5시간 전 등록
[2025-07-14 06:00:22] INFO - 0018 | ㈜아린 엠.에이치.씨 | (주)아린엠에이치씨 마케팅 담당자 모집 | 5시간 전 등록
[2025-07-14 06:00:22] INFO - 0019 | ㈜아린 엠.에이치.씨 | (주)아린엠에이치씨 품질담당 모집 | 5시간 전 등록
[2025-07-14 06:00:22] INFO - 0020 | ㈜아린 엠.에이치.씨 | ㈜아린엠에이치씨 생산직(가공보조) 채용 | 5시간 전 등록
[2025-07-14 06:00:23] INFO - 0021 | ㈜와그 | [WAUG]와그 해외여행 제휴영업 경력직 채용 | 5시간 전 등록
[2025-07-14 06:00:23] INFO - 0022 | ㈜와그 | [WAUG]와그 일본 제휴 비즈니스 담당자 모집(신입/경력) | 5시간 전 등록
[2025-07-14 06:00:23] INFO - 0023 | ㈜와그 | [WAUG]와그 재무팀 경력직 모집 | 5시간 전 등록
[2025-07-14 06:00:23] INFO - 0024 | 영진약품㈜ | 영진약품㈜ 부문별 수시 채용 | 5시간 전 등록
[2025-07-14 06:00:23] INFO - 0025 | ㈜한빛산업 | 유압,유압시스템 설계 | 5시간 전 등록
[2025-07-14 06:00:23] INFO - 0026 | 사소한 | [온라인마케팅]사무직/초보자가능/오후출근 | 5시간 전 등록
[2025-07-14 06:00:24] INFO - 0027 | ㈜케이디에프 | KDF 공무부 보일러, 설비관리직 ( 현장 근무/주야2교대) | 5시간 전 등록
[2025-07-14 06:00:24] INFO - 0028 | 교원그룹 | 교원그룹 7월 정기채용 | 5시간 전 등록
[2025-07-14 06:00:24] INFO - 0029 | ㈜스페이스랩 | 디자인설계 경력직 모집 | 5시간 전 등록
[2025-07-14 06:00:24] INFO - 0030 | ㈜더존비즈온 | [그룹웨어 구축 - 경력]더존비즈온 그룹웨어 및 ERP 컨설팅 경력자 채용 | 5시간 전 등록
[2025-07-14 06:00:24] INFO - 0031 | ㈜뉴시스 | 뉴시스 부산취재본부 경력기자 채용 | 5시간 전 등록
[2025-07-14 06:00:24] INFO - 0032 | ㈜뉴시스 | 뉴시스 부산취재본부 수습기자 채용 | 5시간 전 등록
[2025-07-14 06:00:24] INFO - 0033 | ㈜단비교육 | 에듀테크1등기업 단비교육(프론트엔드/백엔드개발/서비스운영/온라인마케팅/채널마케팅/교사운영/고객상담) | 5시간 전 등록
[2025-07-14 06:00:25] INFO - 0034 | ㈜더조은홈 | [생활용품 유통업체] 영업팀 MD 모집 | 5시간 전 등록
[2025-07-14 06:00:25] INFO - 0035 | ㈜크레아코퍼레이션 | 영상사업팀 영상제작자(종합편집) 모집 | 5시간 전 등록
[2025-07-14 06:00:25] INFO - 0036 | ㈜나무커뮤니케이션 | [NAVER/KAKAO 공식광고대행사] IT개발팀 백엔드 경력 개발자 채용 | 5시간 전 등록
[2025-07-14 06:00:25] INFO - 0037 | 유화증권㈜ | [유화증권] 재무관리 신입 및 경력직원 채용 | 5시간 전 등록
[2025-07-14 06:00:25] INFO - 0038 | ㈜에픽스에이치앤엘(Epics H&L Co.Ltd) | 헬스케어기업 [경영지원 사무직 채용] 월 250만부터 / 전산 액셀 행정 사무 | 5시간 전 등록
[2025-07-14 06:00:25] INFO - 0039 | 주식회사 지티렌트카 | [대구 전채] G7렌터카 고객 및 매장관리 현장직 계약직 모집 | 5시간 전 등록
[2025-07-14 06:00:26] INFO - 0040 | ㈜페슬 | 대만 이커머스 및 마케팅 담당자 채용 | 5시간 전 등록
[2025-07-14 06:00:26] INFO - 0041 | 윌리엄스홍콩리미티드한국지점 | Workflow Coordinator 모집 | 5시간 전 등록
[2025-07-14 06:00:26] INFO - 0042 | 현대해상화재보험㈜ | 2025년 현대해상 장기보험 사고조사전담 채용 | 5시간 전 등록
[2025-07-14 06:00:26] INFO - 0043 | 더워터멜론㈜ | [브랜드경험그룹] 브랜드 캠페인 기획자(AE, 경력) | 5시간 전 등록
[2025-07-14 06:00:26] INFO - 0044 | 포항공과대학교산학협력단 | POSTECH(포항공과대학교)혁신융합대학사업단 연구계약직 채용 공고 | 5시간 전 등록
[2025-07-14 06:00:26] INFO - 0045 | 이브이앤솔루션 (주) | 크린토피아 용인지사 월330 이상 야간배송기사/ 회사 차 이용 | 5시간 전 등록
[2025-07-14 06:00:26] INFO - 0046 | 한국방송통신대학교 | 2025년도 제3차 한국방송통신대학교 학사관리직 채용시험 공고(건축) | 5시간 전 등록
[2025-07-14 06:00:27] INFO - 0047 | ㈜쎌바이오텍인터내셔날 | [제약/바이오 유산균 듀오락] 온라인 외부몰 MD 경력 채용 | 5시간 전 등록
[2025-07-14 06:00:27] INFO - 0048 | ㈜데이원컴퍼니 | [패스트캠퍼스] 브랜드 콘텐츠 디자이너 | 5시간 전 등록
[2025-07-14 06:00:27] INFO - 0049 | 앨트웰텍㈜ | 생산관리 신입/경력직 채용 | 5시간 전 등록
[2025-07-14 06:00:27] INFO - 0050 | 이브이앤솔루션 (주) | 크린토피아 광주 광산지사 월300 야간배송기사/ 회사 차 이용 (비용 X) | 5시간 전 등록
[2025-07-14 06:00:27] INFO - ⏱ 3.28초 대기
[2025-07-14 06:00:31] INFO - 
📄 현재 페이지: 2
[2025-07-14 06:00:31] INFO - 0051 | ㈜두드림교육 | 컴퓨터활용능력2급실기(7월22일-8월22일) 화목/화목금 19:20-22:20 | 5시간 전 등록
[2025-07-14 06:00:31] INFO - 0052 | ㈜연세교육아카데미 | KDT/ 네트워크,정보보안,AWS,클라우드,서버 등 정보기술개발 시간강사 모집 | 5시간 전 등록
[2025-07-14 06:00:32] INFO - 0053 | 에이에스엠엘코리아㈜ | [ASML] EUV Technical Support Engineer (Flow&Temperature) | 5시간 전 등록
[2025-07-14 06:00:32] INFO - 0054 | ㈜서울써브스 | [SUBWAY] 써브웨이 강남역GT타워점 정규직 매니저 공개 채용 | 5시간 전 등록
[2025-07-14 06:00:32] INFO - 0055 | (주)원스탑프렙 | [정규직] Teach Advanced Math in Seoul, Apgujeong (SAT Math, Calculus) | 5시간 전 등록
[2025-07-14 06:00:32] INFO - 0056 | 동화세상 에듀코 | [신입/경력] 영어선생님/영어강사 급구 (초중고)-와와학습코칭학원 | 5시간 전 등록
[2025-07-14 06:00:32] INFO - 0057 | 한화솔루션㈜인사이트 제이드 | [한화솔루션 인사이트]제이드팰리스G.C. 일식 조리사 채용 | 5시간 전 등록
[2025-07-14 06:00:32] INFO - 0058 | 유화증권㈜ | [유화증권] 영업지원(콜센터 및 업무개발) 직원 채용공고 | 5시간 전 등록
[2025-07-14 06:00:33] INFO - 0059 | 농업회사법인㈜웨일즈 | 생산직 포지션 채용합니다. | 5시간 전 등록
[2025-07-14 06:00:33] INFO - 0060 | 하이미디어아카데미 | [하이미디어아카데미] 교육 상담팀 정규직 채용 | 5시간 전 등록
[2025-07-14 06:00:33] INFO - 0061 | ㈜서울써브스 | [SUBWAY] 써브웨이 직영점 강남역GT타워점 정규직 매니저 공개 채용 | 5시간 전 등록
[2025-07-14 06:00:33] INFO - 0062 | 미용하는사람들뷰티아카데미 | 의정부 미용하는사람들 메이크업강사모집 | 5시간 전 등록
[2025-07-14 06:00:33] INFO - 0063 | 와이비엠교육 | 3주 단기 초보 학생가능 유치원출강 영어강사 | 5시간 전 등록
[2025-07-14 06:00:33] INFO - 0064 | ㈜리터니티 | SCM 물류기획 | 5시간 전 등록
[2025-07-14 06:00:33] INFO - 0065 | ㈜리터니티 | 영상 PD | 5시간 전 등록
[2025-07-14 06:00:34] INFO - 0066 | ㈜아데코코리아 | [신한은행 본점/일 4시간] 글로벌전략부 통번역 채용 (석사 우대) | 5시간 전 등록
[2025-07-14 06:00:34] INFO - 0067 | 인커넥트 | [여의도역/월평균470만/TM경력자]-NH캐피탈 아웃바운드 정규상담사 모집 | 5시간 전 등록
[2025-07-14 06:00:34] INFO - 0068 | 리드커리어 주식회사 | [잠실 본사] IT자산관리 쿠팡 본사 3개월 단기프로젝트 채용 | 5시간 전 등록
[2025-07-14 06:00:34] INFO - 0069 | 시어링동명 | 시어링 동명 퓨전 한옥 레스토랑 주방직원 홀직원을 모집합니다. | 5시간 전 등록
[2025-07-14 06:00:34] INFO - 0070 | ㈜선정인터내셔날 | [수행기사 경력직] KT 임원운전직/강남구 | 5시간 전 등록
[2025-07-14 06:00:34] INFO - 0071 | ㈜선정인터내셔날 | [인사보조/채용지원] KT 인재실 사무보조 | 5시간 전 등록
[2025-07-14 06:00:35] INFO - 0072 | ㈜삼구아이앤씨 | 강동구 소재 오피스 빌딩 현장 소장 구인 | 5시간 전 등록
[2025-07-14 06:00:35] INFO - 0073 | 우아한청년들 | 우아한청년들에서 Business Analyst 모집중 | 5시간 전 등록
[2025-07-14 06:00:35] INFO - 0074 | 주식회사 엠피씨플러스 | [초보가능] 토스뱅크 간단문의 인바운드 상담사 채용 | 5시간 전 등록
[2025-07-14 06:00:35] INFO - 0075 | ㈜휴로넷 | [25년첫채용/정규직]SKT광주사옥 114 대표번호 단순CS상담업무[치평동] | 5시간 전 등록
[2025-07-14 06:00:35] INFO - 0076 | ㈜동양이엠에스 | SBS Biz 온라인뉴스 기사편집자 모집 | 5시간 전 등록
[2025-07-14 06:00:35] INFO - 0077 | ㈜휴로넷 | [25년첫채용/정규직]SKT광주사옥 114 대표번호 단순CS상담업무[우산동] | 5시간 전 등록
[2025-07-14 06:00:35] INFO - 0078 | ㈜휴로넷 | [25년첫채용/정규직]SKT청주사옥 114 대표번호 단순CS상담업무[사창동] | 5시간 전 등록
[2025-07-14 06:00:36] INFO - 0079 | ㈜휴로넷 | [25년첫채용/정규직]SKT대구사옥 114 대표번호 단순CS상담업무[동구] | 5시간 전 등록
[2025-07-14 06:00:36] INFO - 0080 | ㈜휴로넷 | [25년첫채용/정규직]SKT부산사옥 114 대표번호 단순CS상담업무[동래구] | 5시간 전 등록
[2025-07-14 06:00:36] INFO - 0081 | ㈜휴로넷 | [25년첫채용/정규직]SKT부산사옥 114 대표번호 단순CS상담업무[해운대구] | 5시간 전 등록
[2025-07-14 06:00:36] INFO - 0082 | ㈜인커넥트 | [전포동/최고의 복지/월평균270만/부서선택] LG헬로비전 고객센터 상담 | 5시간 전 등록
[2025-07-14 06:00:36] INFO - 0083 | 주식회사 엠피씨플러스 | [단기] 까르띠에 고객센터 인바운드 CS단기상담사 채용 | 5시간 전 등록
[2025-07-14 06:00:36] INFO - 0084 | 다우인력직업소개소 | 코스닥상장 중견기업 전산개발 유지보수 연 3700만 이상 채용공고 | 5시간 전 등록
[2025-07-14 06:00:37] INFO - 0085 | ㈜제인솔루션 | [본에스티스] 화장품 국내영업 경력 사원 모집합니다. | 5시간 전 등록
[2025-07-14 06:00:37] INFO - 0086 | ㈜제이앤비컨설팅 | [대형버스운전가능자/성과급별도] 기아 본사(양재) 버스의전 운전원 채용 | 5시간 전 등록
[2025-07-14 06:00:37] INFO - 0087 | ㈜프로에스콤 | 쿠팡 경산 2센터 경비.보안사원 채용 [복지카드 소지자 우대/ 월246만] | 5시간 전 등록
[2025-07-14 06:00:37] INFO - 0088 | ㈜제이앤비컨설팅 | (8월1일입사/견습상담원모집/남녀무관) 롯데카드 채권추심 견습생 채용 | 5시간 전 등록
[2025-07-14 06:00:37] INFO - 0089 | ㈜제이앤비컨설팅 | (대전/남녀무관/2-3개월구간)롯데카드 대전콜렉션 채권추심원 사원모집 | 5시간 전 등록
[2025-07-14 06:00:37] INFO - 0090 | 에이치알에스코리아㈜ | HRS코리아㈜ 수시채용 채용공고 | 5시간 전 등록
[2025-07-14 06:00:38] INFO - 0091 | ㈜미르마에이치알 | 역삼동/선정릉역)라움아트센터 직원식당 찬모 모집 | 5시간 전 등록
[2025-07-14 06:00:38] INFO - 0092 | 하랑 | [에이닷 김포사우지점]수강생 1대1 학습코칭 진도관리 강사 채용[전공무관] | 5시간 전 등록
[2025-07-14 06:00:38] INFO - 0093 | 하랑 | [에이닷 광주수완지점]수강생 1대1 학습코칭 진도관리 강사 채용[전공무관] | 5시간 전 등록
[2025-07-14 06:00:38] INFO - 0094 | 하랑 | [에이닷 평택합정지점]수강생 1대1 학습코칭 진도관리 강사 채용[전공무관] | 5시간 전 등록
[2025-07-14 06:00:38] INFO - 0095 | 유니에스 | [시청역/광화문/사무직] TV조선 본사 팀 사무보조 채용 | 5시간 전 등록
[2025-07-14 06:00:38] INFO - 0096 | 케이에프앤에스㈜ | [광화문&종각역/299만]KT광화문 임원비서(8월말 입사예정) | 5시간 전 등록
[2025-07-14 06:00:39] INFO - 0097 | ㈜지아이티아카데미 부천 | [전액지원] 취업하실 수강생을 모집합니다. (실내건축기사/영상/웹/시각) | 5시간 전 등록
[2025-07-14 06:00:39] INFO - 0098 | ㈜플러스82 (PLUS 82 Co | 외식프랜차이즈㈜PLUS82 운영관리SV/영업/경영(재경)팀 브랜드분야별 채용 | 5시간 전 등록
[2025-07-14 06:00:39] INFO - 0099 | 유엔에스코리아 | [월265만/주급가능] 포시즌스 특급호텔 신규모집 | 5시간 전 등록
[2025-07-14 06:00:39] INFO - 0100 | 혜윰 학원 | 초중등 수학 강사 | 7시간 전 등록
[2025-07-14 06:00:39] INFO - ⏱ 2.97초 대기
[2025-07-14 06:00:43] INFO - 
📄 현재 페이지: 3
[2025-07-14 06:00:43] INFO - 0101 | 주식회사솔루션제이 | 세무영업 기업 섭외 아웃바운드 TM /재택근무 가능함 | 7시간 전 등록
[2025-07-14 06:00:43] INFO - 0102 | 대치동리즈집현전원격학원 | 대치동리즈집현전 고등 국어·논술 강사 모집 | 7시간 전 등록
[2025-07-14 06:00:44] INFO - 0103 | 흥국생명보험㈜ | [본사직영 영업실장/ 관리자급 모집] 업계1위 복합TM센터, 업무만족도 1위 | 7시간 전 등록
[2025-07-14 06:00:44] INFO - 0104 | 흥국생명보험㈜ | [2025년 본사직영 신규채용] 기본급300. 정착지윈금지급. 복합TM센터 | 7시간 전 등록
[2025-07-14 06:00:44] INFO - 0105 | 신한생명보험 | [본사직영 콜센터 직원 모집] 안정적인 급여 및 교육비/ 정착지원금 지급 | 7시간 전 등록
[2025-07-14 06:00:44] INFO - 0106 | 한솔교육 안동지사 | 한솔교육, 안동, 예천, 영주, 상주 점촌 방문교사 모집 합니다 | 7시간 전 등록
[2025-07-14 06:00:44] INFO - 0107 | ㈜공감인테리어 | [신입/경력] 디지털 콘텐츠 운영 담당자 모집 | 8시간 전 등록
[2025-07-14 06:00:44] INFO - 0108 | 에이스경영자문그룹 | 전화 섭외사원 모집(정부 지원 사업 방문 약속) / 기본급 ,인센티브 지급 | 8시간 전 등록
[2025-07-14 06:00:45] INFO - 0109 | 에이스경영자문그룹 | 장기요양기관에서 기장 및 사무, 사회복지 업무 하셨던 분 | 8시간 전 등록
[2025-07-14 06:00:45] INFO - 0110 | 현복인테리어 | 데스커 / 일룸 가구시공기사님 모집 초보자분 환영 | 8시간 전 등록
[2025-07-14 06:00:45] INFO - 0111 | 디자인Roasting | 편집디자이너 경력직 채용 | 8시간 전 등록
[2025-07-14 06:00:45] INFO - 0112 | 디자인 Roasting | 경력 디자이너 채용 | 8시간 전 등록
[2025-07-14 06:00:45] INFO - 0113 | ㈜차이들 | 강남/강남역 고급 중식당 차이룸 매니저, 홀 직원 모집합니다 | 8시간 전 등록
[2025-07-14 06:00:45] INFO - 0114 | 디자인HADA | 디자이너 채용[편집 경력자] | 8시간 전 등록
[2025-07-14 06:00:46] INFO - 0115 | 퍼센트워시 | 안산 퍼센트워시 디테일링샵에서 팀원 모집합니다. | 8시간 전 등록
[2025-07-14 06:00:46] INFO - 0116 | 주식회사솔루션제이 | 세무.재무 영업 방문 상담 업무/기업 컨설팅 | 8시간 전 등록
[2025-07-14 06:00:46] INFO - 0117 | 사랑모아금웅서비스박숙영 | [지점장/관리자급 모집] 파격적인 지원/ 법인카드 지급/ 쾌적한 업무환경 | 8시간 전 등록
[2025-07-14 06:00:46] INFO - 0118 | 지인산부인과의원 | [주40시간/경력자 최고우대]지인산부인과 간호조무사(외래/수술) 채용 | 8시간 전 등록
[2025-07-14 06:00:46] INFO - 0119 | 목동문예창작학원 | 문예창작(시) 강사 모집 [정규직·주4일·연봉 3600 이상] | 8시간 전 등록
[2025-07-14 06:00:46] INFO - 0120 | ㈜홍약품 | 의약품도매업 사무직 직원 채용합니다. | 8시간 전 등록
[2025-07-14 06:00:46] INFO - 0121 | ㈜오픈스 | [서울로인 서울역점][연봉 3,700]홀 / 주방 정직원 채용 (신입/경력) | 8시간 전 등록
[2025-07-14 06:00:47] INFO - 0122 | ㈜성화종합건설 | 건설 경리사원모집 | 8시간 전 등록
[2025-07-14 06:00:47] INFO - 0123 | 고트델리 서촌 | [샌드위치,델리] 고트델리 신규 스탭을 모집합니다 | 8시간 전 등록
[2025-07-14 06:00:47] INFO - 0124 | ㈜멜팅스톤 | 성수동 Tenne(테니)에서 브런치 조리직원 구합니다. (근무08:30 - 17:30) | 8시간 전 등록
[2025-07-14 06:00:47] INFO - 0125 | 부산서면 닥터에버스의원 | [닥터에버스의원 부산서면]부산피부과 간호조무사님 모십니다 | 8시간 전 등록
[2025-07-14 06:00:47] INFO - 0126 | ㈜홀라인 | [홀라인 제주 평대점 스태프] 의류, 아웃도어 편집샵, 캠핑 매장 | 8시간 전 등록
[2025-07-14 06:00:47] INFO - 0127 | 유니센스일대일영어학원 | [영등포구청역] 성인대상 1:1 교포급 영어회화 강사 | 8시간 전 등록
[2025-07-14 06:00:47] INFO - 0128 | ㈜지붕과공간칸디자인 | [경력직] 지붕과공간칸디자인 실내인테리어 디자이너 충원 | 8시간 전 등록
[2025-07-14 06:00:48] INFO - 0129 | 카페 앤앤드 | 의정부로데오 수플레 팬케이크 디저트 전문점 카페 앤앤드 정직원 채용공고 | 8시간 전 등록
[2025-07-14 06:00:48] INFO - 0130 | 유의미커피로스터즈 | 유의미커피로스터즈 동탄점에서 함께할 바리스타를 구합니다. | 8시간 전 등록
[2025-07-14 06:00:48] INFO - 0131 | ㈜블랭커 | 디지털 인쇄, UV프린트 / 굿즈 인쇄 쇼핑몰 직원 채용 | 8시간 전 등록
[2025-07-14 06:00:48] INFO - 0132 | 케이씨비에스예술단(KCBS 예술단) | 기독예술단 (피아노,바이올린,작편곡,비올라,성악) 단원 모집 이메일접수요 | 8시간 전 등록
[2025-07-14 06:00:48] INFO - 0133 | 더포스영수학원 | 초중 수학강의 | 8시간 전 등록
[2025-07-14 06:00:48] INFO - 0134 | 수지온케어365의원 | 수지온케어365의원 간호조무사(피부과) 채용 공고 | 8시간 전 등록
[2025-07-14 06:00:49] INFO - 0135 | 하남미사짐보리 | 영유아 놀이 경력직 모집/목금토일 주4일 근무 | 9시간 전 등록
[2025-07-14 06:00:49] INFO - 0136 | 인라이튼학원 | 영어 보조 강사 모집 | 9시간 전 등록
[2025-07-14 06:00:49] INFO - 0137 | 폼드팡 안양엔터식스점 | 폼드팡 제빵사 채용 | 9시간 전 등록
[2025-07-14 06:00:49] INFO - 0138 | 커피공장헤이리 | 헤이리 커피공장에서 제빵사 구합니다 | 9시간 전 등록
[2025-07-14 06:00:49] INFO - 0139 | ㈜지피에프파트너스아이엔씨 | [의왕 롯데프리미엄아울렛 코코스퀘어] 반려견 동반 레스토랑 홀 팀원 모집 | 9시간 전 등록
[2025-07-14 06:00:49] INFO - 0140 | 유닉솔루션㈜ | 유닉솔루션(주) 플랫폼 서비스 QA 경력자 채용 | 9시간 전 등록
[2025-07-14 06:00:50] INFO - 0141 | 미엘린 | 반포 소재 영어학원 주3일 근무 데스크 직원 | 9시간 전 등록
[2025-07-14 06:00:50] INFO - 0142 | 주성씨엔디 | LG 인증점 사무보조 행정직원 모집 | 9시간 전 등록
[2025-07-14 06:00:50] INFO - 0143 | 압구정경희한의원 | [압구정동] 성장을 함께할 데스크팀 팀장님을 모집합니다. | 9시간 전 등록
[2025-07-14 06:00:50] INFO - 0144 | 농업회사법인㈜투마루 | [실무형 사무보조] 김천혁신도시 빵류제조 실무직 채용 | 9시간 전 등록
[2025-07-14 06:00:50] INFO - 0145 | ㈜엘핀 | Backend 개발 전문가 모집(2년 이상 경력 우대) | 9시간 전 등록
[2025-07-14 06:00:50] INFO - 0146 | ㈜에스투원디자인 | 디자이너(설계-건축,인테리어) 모집 | 9시간 전 등록
[2025-07-14 06:00:50] INFO - 0147 | ㈜에이치앤케이이앤지 | 기술부 R&D 연구원 신입/경력 채용 | 9시간 전 등록
[2025-07-14 06:00:51] INFO - 0148 | 무디브레드마켓 | 무디브레드마켓 2호점 바리스타 팀원 구합니다 | 9시간 전 등록
[2025-07-14 06:00:51] INFO - 0149 | 싱크삼형제 | 포천[싱크대 제조 공장]재단사신규모집 | 9시간 전 등록
[2025-07-14 06:00:51] INFO - 0150 | 농업회사법인㈜투마루 | [정규직/계약진 전환형] 빵류 제조 생산직 채용(김천혁신도시) | 9시간 전 등록
[2025-07-14 06:00:51] INFO - ⏱ 3.04초 대기
[2025-07-14 06:00:54] INFO - 
📄 현재 페이지: 4
[2025-07-14 06:00:55] INFO - 0151 | ㈜대교 | 차이홍&대교 랭귀지 스퀘어 영어 강사 모집 | 9시간 전 등록
[2025-07-14 06:00:55] INFO - 0152 | ㈜비비비인터내셔날 | [프리미엄 스파 브랜드] 헤드스파,테라피스트 구인합니다. | 9시간 전 등록
[2025-07-14 06:00:55] INFO - 0153 | ㈜대교 | 차이홍&대교 랭귀지 스퀘어 일본어 강사 채용 | 9시간 전 등록
[2025-07-14 06:00:55] INFO - 0154 | 의정부에어컨청소 세탁기청소 우렁총각 | 의정부.양주 우렁총각 에어컨,세탁기,건조기 분해청소 기사모집/비흡연필수 | 9시간 전 등록
[2025-07-14 06:00:55] INFO - 0155 | ㈜제이에스허브 | 온라인 MD 정규직 채용 | 9시간 전 등록
[2025-07-14 06:00:56] INFO - 0156 | 루브레드 발산 | 루브레드 신입 및 경력 제빵사 모집 합니다. | 9시간 전 등록
[2025-07-14 06:00:56] INFO - 0157 | 플러거 | 마켓빌리 Vue/React/Web Publisher/ Web Designer Recruitm | 9시간 전 등록
[2025-07-14 06:00:56] INFO - 0158 | 플러거 | 마켓빌리 JAVA /DBA/ TA/AA/ Back-end Recruitment | 9시간 전 등록
[2025-07-14 06:00:56] INFO - 0159 | DB손해보험 | DB손해보험 GA 설계매니저 채용 [광주] | 9시간 전 등록
[2025-07-14 06:00:56] INFO - 0160 | ㈜이스텍솔루션 | 납품, 배송, 물류 관리 직원 모집합니다 | 9시간 전 등록
[2025-07-14 06:00:56] INFO - 0161 | 여수 마리나부페 | 여수 마리나 부페 영업부 정규직 채용 | 9시간 전 등록
[2025-07-14 06:00:56] INFO - 0162 | 여수 마리나부페 | 여수 마리나 부페 조리부 정규직 채용 | 9시간 전 등록
[2025-07-14 06:00:57] INFO - 0163 | 하나테크 | 탄성코트 & 줄눈 시공팀원 채용 공고 | 10시간 전 등록
[2025-07-14 06:00:57] INFO - 0164 | 하나테크 | 마케팅 채용 공고 | 10시간 전 등록
[2025-07-14 06:00:57] INFO - 0165 | 브런치빈 안양평촌점 | 브런치빈 안양평촌점에서 홀 바리스타 직원 모십니다. | 10시간 전 등록
[2025-07-14 06:00:57] INFO - 0166 | 더홍 | (주)더홍코리아 가족사진 스튜디오 TM전화상담사 모집 | 10시간 전 등록
[2025-07-14 06:00:57] INFO - 0167 | ㈜어반레시피 | 어반레시피 운림본점 주방 직원 모집 | 10시간 전 등록
[2025-07-14 06:00:57] INFO - 0168 | 진평925 | 에이스외식산업 채용] 진평925 홀 서버 구인 | 10시간 전 등록
[2025-07-14 06:00:58] INFO - 0169 | 홍대구루메 | 홍대구루메 주방,홀 주5,6일 정직원 구합니다 | 10시간 전 등록
[2025-07-14 06:00:58] INFO - 0170 | 홍대구루메&텐큐 | 홍대구루메 주방, 홀서빙 알바, 5,6일 정직원 구합니다. | 10시간 전 등록
[2025-07-14 06:00:58] INFO - 0171 | ㈜에스지티 | [대표가 직접 작성 한] 브랜드 MD 채용공고 (온라인 쇼핑몰) | 10시간 전 등록
[2025-07-14 06:00:58] INFO - 0172 | 은호테크 | 쇼핑몰 관리 웹 디자이너 & AMD 경력자 채용 | 10시간 전 등록
[2025-07-14 06:00:58] INFO - 0173 | 라니에스테틱 | 양산 덕계동 에스테틱에서 피부관리사 선생님을 구합니다 | 10시간 전 등록
[2025-07-14 06:00:58] INFO - 0174 | ㈜에스지티 | [에스지티 - 대표가 직접 작성 한] 인하우스 마케터 채용 (이커머스) | 10시간 전 등록
[2025-07-14 06:00:58] INFO - 0175 | 메이린의원 | 메이린의원 더현대서울점에서 코디네이터 2명을 채용합니다. | 10시간 전 등록
[2025-07-14 06:00:59] INFO - 0176 | (유)로마 | 해운대 파인 다이닝 [율링] - 주방 BOH팀 채용 (Sous Chef, CDP, Commis) | 10시간 전 등록
[2025-07-14 06:00:59] INFO - 0177 | 테이트모던 | [2025년] 테이트모던/맥문동 F&B 식음료서비스팀 신입 및 경력직 채용 | 10시간 전 등록
[2025-07-14 06:00:59] INFO - 0178 | ㈜브라이언스커피 | [Brian`s coffee] 브라이언스커피 베이커리 팀원 정규직 채용 | 10시간 전 등록
[2025-07-14 06:00:59] INFO - 0179 | 맥문동 | 2025 [맥문동/테이트모던] F&B 식음료&서비스팀 신입 및 경력직 채용 | 10시간 전 등록
[2025-07-14 06:00:59] INFO - 0180 | ㈜브라이언스커피 | [Brian`s coffee] 브라이언스커피 베이커리 매장 홀관리 직원 모집 | 10시간 전 등록
[2025-07-14 06:00:59] INFO - 0181 | 에스에이치컴퍼니 | [KT 월곶점] 월250 추가 인센티브 / 대리점에서 근무하실분 구합니다 | 10시간 전 등록
[2025-07-14 06:01:00] INFO - 0182 | 라니에듀 | [추가모집] 온라인 마케터 | 10시간 전 등록
[2025-07-14 06:01:00] INFO - 0183 | 릴리프 성형외과 | [신사역 / 리아성형외과] 마케팅 팀장 모집합니다 | 10시간 전 등록
[2025-07-14 06:01:00] INFO - 0184 | 릴리프 성형외과 | [신사역 / 리아성형외과] 코디네이터 모집합니다 | 10시간 전 등록
[2025-07-14 06:01:00] INFO - 0185 | 뷰티온의원 내포신도시점 | 뷰티온의원 내포신도시점에서 상담실장님을 모십니다 | 10시간 전 등록
[2025-07-14 06:01:00] INFO - 0186 | 뷰티온의원 내포신도시점 | 뷰티온의원 내포신도시점에서 코디네이터님을 모십니다 | 10시간 전 등록
[2025-07-14 06:01:00] INFO - 0187 | 이명J관학원 | [송도입시전문] 이명학원 중등 과학 강사 모집 | 10시간 전 등록
[2025-07-14 06:01:00] INFO - 0188 | 루피나 | 주얼리 쇼핑몰 상품기획 MD 및 웹디자인 | 10시간 전 등록
[2025-07-14 06:01:01] INFO - 0189 | 메멘토투어 | [스페인 바르셀로나] 투어 가이드님 모집(업계 최고 대우) | 10시간 전 등록
[2025-07-14 06:01:01] INFO - 0190 | ㈜교원구몬 | [아이들과소통하실분]유아,초저10분관리/신입,주부가능/2일3일근무가능 | 10시간 전 등록
[2025-07-14 06:01:01] INFO - 0191 | 강서 샤인빔의원 | [샤인빔 강서] (자격증무관) 연 3900만 레이져어시 주5일 모집 | 10시간 전 등록
[2025-07-14 06:01:01] INFO - 0192 | 팜브릿지 | 포천 팜브릿지카페 키친팀(보조쉐프) 모집. | 10시간 전 등록
[2025-07-14 06:01:01] INFO - 0193 | ㈜포켓메모리 | 커뮤니케이션 능력이 뛰어난 기획자를 모십니다(PM역할 포함) | 10시간 전 등록
[2025-07-14 06:01:01] INFO - 0194 | 무브컴퍼니 | 웹디자이너 채용 | 10시간 전 등록
[2025-07-14 06:01:02] INFO - 0195 | ㈜성북동 사람들 박앤윤남양주 | 남양주현대아울렛 성북동빵공장 바리스타사원1채용 | 10시간 전 등록
[2025-07-14 06:01:02] INFO - 0196 | 지스펙㈜ | [인덕원]00은행 기업뱅킹 채널파트 담당( 기업뱅킹 경험자 ) 중급/고급 5명 | 10시간 전 등록
[2025-07-14 06:01:02] INFO - 0197 | 롤링핀범어점 | 롤링핀범어점에서 제과제빵 파트 직원을 구합니다 | 10시간 전 등록
[2025-07-14 06:01:02] INFO - 0198 | 지스펙㈜ | [을지로입구] 은행 차세대(퇴직연금,상품/React필수) 중급/고급 7명 | 10시간 전 등록
[2025-07-14 06:01:02] INFO - 0199 | 농업회사법인㈜제주활인목장 | 행사지원출장(남.자.만.여.성.불.가) | 11시간 전 등록
[2025-07-14 06:01:02] INFO - 0200 | (주)필업컴퍼니 | [현대백화점 압구정 본점] 식품관 짐 도움서비스 및 카트 정리 | 11시간 전 등록
[2025-07-14 06:01:02] INFO - ⏱ 3.22초 대기
[2025-07-14 06:01:06] INFO - 
📄 현재 페이지: 5
[2025-07-14 06:01:06] INFO - 0201 | 로동 | 안드로이드 앱 개발자 구인(Android - JAVA) | 11시간 전 등록
[2025-07-14 06:01:07] INFO - 0202 | 24시송도오케이동물의료센터 | (송도) 오케이동물메디컬센터 리셉션, 안내데스크 직원 채용합니다 | 11시간 전 등록
[2025-07-14 06:01:07] INFO - 0203 | 유아이 팩토리(UI FACTORY) | [프리] CRM React개발자 모집 (중급) | 11시간 전 등록
[2025-07-14 06:01:07] INFO - 0204 | ㈜트라가여의도 | [트라가 여의도점] 스페인 레스토랑 홀 신입/경력 식구를 찾습니다 | 11시간 전 등록
[2025-07-14 06:01:07] INFO - 0205 | ㈜트라가여의도 | [트라가 여의도점] 스페인 레스토랑에서 주방 신입/경력 정직원을 찾습니다 | 11시간 전 등록
[2025-07-14 06:01:07] INFO - 0206 | ㈜트라가가로수길 | [트라가 가로수길점]스페인 레스토랑 트라가 에서 홀 부문 신입/경력 정직 | 11시간 전 등록
[2025-07-14 06:01:07] INFO - 0207 | ㈜트라가가로수길 | [트라가 가로수길점] 스페인 레스토랑에서 주방 정직원을 찾습니다 | 11시간 전 등록
[2025-07-14 06:01:07] INFO - 0208 | ㈜트라가 강남역 | [트라가 강남역점] 스페인 레스토랑에서 홀 신입/경력 식구를 찾습니다 | 11시간 전 등록
[2025-07-14 06:01:08] INFO - 0209 | ㈜트라가 강남역 | [트라가 강남역점] 스페인 레스토랑에서 주방 신입/경력 정직원을 찾습니다 | 11시간 전 등록
[2025-07-14 06:01:08] INFO - 0210 | ㈜트라가삼성 | [트라가 삼성점] 스페인 레스토랑에서 홀 신입/경력 식구를 찾습니다 | 11시간 전 등록
[2025-07-14 06:01:08] INFO - 0211 | ㈜트라가삼성 | [트라가 삼성점] 스페인 레스토랑에서 주방 신입/경력 정직원을 찾습니다 | 11시간 전 등록
[2025-07-14 06:01:08] INFO - 0212 | 코스모아 | 선박 구명 및 소방 설비 정비/점검 정규직 모집 | 11시간 전 등록
[2025-07-14 06:01:08] INFO - 0213 | 인천외국어마을 | (재)로이교육재단 회계관리 및 노무관리 관리자 채용 | 11시간 전 등록
[2025-07-14 06:01:08] INFO - 0214 | ㈜서프앤터프그룹 | 청담동 스시 오마카세 스시장종현에서 주방직원 충원합니다. | 11시간 전 등록
[2025-07-14 06:01:09] INFO - 0215 | ㈜트라가역삼 | [트라가 본점] 스페인 레스토랑 트라가 에서 홀 부문 신입/경력 정직원 모 | 11시간 전 등록
[2025-07-14 06:01:09] INFO - 0216 | 크래프트아일랜드 위례점 | 주방 staff를 모집합니다. (파트타임 가능) | 11시간 전 등록
[2025-07-14 06:01:09] INFO - 0217 | ㈜트라가역삼 | [트라가 본점] 스페인 레스토랑 트라가 에서 주방 부문 신입/경력 정직원 | 11시간 전 등록
[2025-07-14 06:01:09] INFO - 0218 | 더 크로아상 랩 | [크로아상랩] 카운터 응대 친절하게 해주실 분 구합니다 | 11시간 전 등록
[2025-07-14 06:01:09] INFO - 0219 | 주식회사 메데이아 | (주)메데이아 - 인사담당자 및 수행비서 채용 | 11시간 전 등록
[2025-07-14 06:01:09] INFO - 0220 | ㈜이마이웨딩 | [EMYWEDDING] 2025년 상반기 대전 웨딩플래너 공개채용 [신입/경력] | 11시간 전 등록
[2025-07-14 06:01:09] INFO - 0221 | 멘쇼쿠 | 라멘 전문점 멘쇼쿠(신사역 본점)에서 직원을 모집합니다. | 11시간 전 등록
[2025-07-14 06:01:10] INFO - 0222 | 호미지 | 반포동 이자카야 호미지에서 주방직원 모집합니다 | 11시간 전 등록
[2025-07-14 06:01:10] INFO - 0223 | 더 크로아상 랩 | [크로아상랩] 베이커리 파티쉐 직원 채용 | 11시간 전 등록
[2025-07-14 06:01:10] INFO - 0224 | ㈜바이오스트림 | [비네이쳐스브랜드] 커머스 컨텐츠 퍼포먼스 마케터 채용 | 11시간 전 등록
[2025-07-14 06:01:10] INFO - 0225 | 뷰66 | 카페 뷰66 양주스퀘어점 바리스타&베이커리 정규직 모집 | 11시간 전 등록
[2025-07-14 06:01:10] INFO - 0226 | (유)현아농산 | 식자재 배송기사님을 모십니다. | 11시간 전 등록
[2025-07-14 06:01:10] INFO - 0227 | 뷰66 | 카페 뷰66 미호 본점 바리스타 경력직/신입 정규직 모집 | 11시간 전 등록
[2025-07-14 06:01:11] INFO - 0228 | 에스엔에스(SNS)실용음악학원 | [SNS실용음악학원] 퍼포먼스 마케팅 (TikTok, Meta, Google) 관리자 채용 | 11시간 전 등록
[2025-07-14 06:01:11] INFO - 0229 | ㈜와이앤피 | 명장시대베이커리카페에서 홀 정규직직원 구합니다. | 11시간 전 등록
[2025-07-14 06:01:11] INFO - 0230 | ㈜파인우드리빙 | [무브먼트랩 더현대대구] 리빙 편집샵 매장 매니저 모집 | 11시간 전 등록
[2025-07-14 06:01:11] INFO - 0231 | ㈜하이렌터카 | [하이렌터카] 김포공항지점 배반차 사원 채용 | 11시간 전 등록
[2025-07-14 06:01:11] INFO - 0232 | 마우디 | [홍대/연희동] 서양가정식 -CHEF 구인 | 11시간 전 등록
[2025-07-14 06:01:11] INFO - 0233 | ㈜제주왕 | 여행사 렌트카 예약실 사원 모집 | 11시간 전 등록
[2025-07-14 06:01:11] INFO - 0234 | 메종 파이프그라운드 | 광화문 파이프그라운드 주방 스텝 채용 주 48시간 / 300만 | 11시간 전 등록
[2025-07-14 06:01:12] INFO - 0235 | 메종 파이프그라운드 | 서울숲 파이프그라운드 주방 스텝 채용 주 48시간 / 300만 | 11시간 전 등록
[2025-07-14 06:01:12] INFO - 0236 | 메종 파이프그라운드 | 메종 파이프그라운드 홀 주말 파트타이머 모집 (서빙,커피)시급 13,000 | 11시간 전 등록
[2025-07-14 06:01:12] INFO - 0237 | 메종 파이프그라운드 | 파이프그라운드 서울숲 홀 스텝 모집(서빙, 커피) 주 48시간 월275만 | 11시간 전 등록
[2025-07-14 06:01:12] INFO - 0238 | ㈜유컴스 | 여행사 렌트카 예약실(영어 필수) 사원 모집 | 11시간 전 등록
[2025-07-14 06:01:12] INFO - 0239 | ㈜에스비티제약 | 회사 수행비서/사무 행정 업무 | 11시간 전 등록
[2025-07-14 06:01:12] INFO - 0240 | ㈜에이치제이컴퍼니 | TM ,간단한 해피콜 업무하실 사원, /주부가능/재택가능 | 11시간 전 등록
[2025-07-14 06:01:13] INFO - 0241 | ㈜와이앤피 | 명장시대베이커리카페에서 홀 아르바이트생 구합니다. | 11시간 전 등록
[2025-07-14 06:01:13] INFO - 0242 | 르솔 아뜰리에 | 함께 성장할 헤어 메이크업 아티스트를 모집합니다 | 11시간 전 등록
[2025-07-14 06:01:13] INFO - 0243 | 밀크하우스 | [밀크하우스] 웹디자이너 정규직 채용 | 11시간 전 등록
[2025-07-14 06:01:13] INFO - 0244 | ㈜네츠모빌리티 | 비응급 병원이동 서비스매니저 채용 | 11시간 전 등록
[2025-07-14 06:01:13] INFO - 0245 | ㈜이룸시스템 | 김포 SAP Consultant 인력 모집 | 11시간 전 등록
[2025-07-14 06:01:13] INFO - 0246 | ㈜찰스 | 찰스퍼니처 원목 가구 제작 팀원 모집 | 11시간 전 등록
[2025-07-14 06:01:13] INFO - 0247 | ㈜호놀룰루컴퍼니 | [뭉클트립] 백엔드 개발자 모집 | 12시간 전 등록
[2025-07-14 06:01:14] INFO - 0248 | ㈜쉬즈베이글 | 한우오마카세 감성화로 우메인 논현점 직원 모집 (주방,홀직원) | 12시간 전 등록
[2025-07-14 06:01:14] INFO - 0249 | ㈜현대백화점 | 현대백화점 영업전략실 Art&Culture팀 경력 채용 | 12시간 전 등록
[2025-07-14 06:01:14] INFO - 0250 | 농협생명보험㈜ | [NH농협생명] 경기GA사업국 일반계약직 채용공고 | 12시간 전 등록
[2025-07-14 06:01:14] INFO - ✅ 5페이지마다 CSV 저장 완료 (총 250건)
[2025-07-14 06:01:14] INFO - ⏱ 2.39초 대기
[2025-07-14 06:01:17] INFO - 
📄 현재 페이지: 6
[2025-07-14 06:01:17] INFO - 0251 | ㈜아데코코리아 | [해운대/외국계 SW솔루션사] Tech Support Coordinator 경력직 채용 | 12시간 전 등록
[2025-07-14 06:01:17] INFO - 0252 | 주식회사 크리에이티브랩 | 온라인 광고 마케팅 기획자(PM) 모집(신입-주니어) | 12시간 전 등록
[2025-07-14 06:01:17] INFO - 0253 | 뷰티온 의원 별내점 | 남양주 구리, 별내 , 피부과 간호조무사 모집공고 | 12시간 전 등록
[2025-07-14 06:01:18] INFO - 0254 | 김경오빵집 | 광주광역시 북구 중흥동 김경오빵집 제과 제빵사 채용 | 12시간 전 등록
[2025-07-14 06:01:18] INFO - 0255 | 틴트오토 | 자동차 썬팅, 유리막, PPF 기사님 모집 | 12시간 전 등록
[2025-07-14 06:01:18] INFO - 0256 | ㈜소셜에티켓 | 주식회사 소셜에티켓 `더콜디스트모먼트`에서 패션디자이너 팀장급 모집 | 12시간 전 등록
[2025-07-14 06:01:18] INFO - 0257 | ㈜위즈아이앤씨 | [종로] SK온 구매관리시스템 구축 ( JAVA / EMRO ) | 12시간 전 등록
[2025-07-14 06:01:18] INFO - 0258 | ㈜위즈아이앤씨 | (기흥) HL홀딩스 데이터센터 서버 운영 모집 건 | 12시간 전 등록
[2025-07-14 06:01:18] INFO - 0259 | ㈜위즈아이앤씨 | [군산] 두산 퓨얼셀 MES시스템 구축 건 (C#) | 12시간 전 등록
[2025-07-14 06:01:18] INFO - 0260 | ㈜위즈아이앤씨 | (오금) 퍼시스 ERP 시스템 구축 (Next.js, Typescrit, axios, 퍼블리싱) | 12시간 전 등록
[2025-07-14 06:01:19] INFO - 0261 | ㈜힙제스터 | (주)힙제스터 웨일로서울김포공항점 하우스맨 모집 | 12시간 전 등록
[2025-07-14 06:01:19] INFO - 0262 | 펀푸드 | 온라인 식품 쇼핑몰 경력직 MD를 모집합니다. | 12시간 전 등록
[2025-07-14 06:01:19] INFO - 0263 | 프레피컴퍼니 | [신사동] 증명사진관 스튜디오 주말 작가 구인구직 | 12시간 전 등록
[2025-07-14 06:01:19] INFO - 0264 | 로이드 전주효자점 | [로이드 전주 효자점]쥬얼리 판매사원 모집 [250/인센] 경력자우대/ | 12시간 전 등록
[2025-07-14 06:01:19] INFO - 0265 | 인트로맨㈜ | [대한상공회의소/시청/평일] 원산지증명센터 무역인증 발급업무 | 12시간 전 등록
[2025-07-14 06:01:19] INFO - 0266 | 백상코퍼레이션㈜ | 연3960만 수원대형빌딩(호텔) 시설주임 주5 | 12시간 전 등록
[2025-07-14 06:01:20] INFO - 0267 | 주식회사 에이앤 | 상품 포장 및 상하차 자신있는 분 구합니다 | 12시간 전 등록
[2025-07-14 06:01:20] INFO - 0268 | 더리본㈜ 미래지점 | 행사도우미 , 장례진행도우미, 행사관리자모집 | 12시간 전 등록
[2025-07-14 06:01:20] INFO - 0269 | 그리니 피부과의원 | [서초 피부과 전문의]상담.코디.간호.피부 선생님 | 12시간 전 등록
[2025-07-14 06:01:20] INFO - 0270 | ㈜더좋은교육 | 1:1개인지도 직업과외 전문선생님 모집(서울/경기) | 12시간 전 등록
[2025-07-14 06:01:20] INFO - 0271 | 인카금융서비스㈜ | [구로디지털단지] 인카금융서비스(주) 소율사업단 계약관리부 총무님 모집 | 12시간 전 등록
[2025-07-14 06:01:20] INFO - 0272 | ㈜다옴시스템즈 | 삼성생명 채널시스템 SM 개발자 모집 | 12시간 전 등록
[2025-07-14 06:01:20] INFO - 0273 | ㈜온누리푸드 | (주)온누리푸드의 F&B 식당에서 팔당 직영점 홀 직원 및 단기근무자 채용다 | 12시간 전 등록
[2025-07-14 06:01:21] INFO - 0274 | 인카금융서비스㈜ | [코스닥상장GA] 인카다이렉트-VFC 소율본사 계약관리부서 총무님 모집 | 12시간 전 등록
[2025-07-14 06:01:21] INFO - 0275 | 플랜티 | [채용] 메디컬 마케팅(오프라인) 담당자 모집 | 12시간 전 등록
[2025-07-14 06:01:21] INFO - 0276 | 앤크. | 매장 마감, 관리 직원구합니다 | 12시간 전 등록
[2025-07-14 06:01:21] INFO - 0277 | ㈜베이비유 | [수성구] 베이비 스튜디오 고객관리 상담 경력/신입 매니저 모집 | 12시간 전 등록
[2025-07-14 06:01:21] INFO - 0278 | ㈜온누리푸드 | (주)온누리푸드- 직원 식당에서 이모님 모십니다 | 12시간 전 등록
[2025-07-14 06:01:21] INFO - 0279 | ㈜중원 | [주식회사 중원] 퓨어그램 화장품 웹디자이너 채용 | 12시간 전 등록
[2025-07-14 06:01:22] INFO - 0280 | 제일제과 | 전주한옥마을 대형카페 홀직원 모집 | 12시간 전 등록
[2025-07-14 06:01:22] INFO - 0281 | ㈜학지사에듀 | 교원연수, 학점은행, HRD 등 이러닝 콘텐츠 교수설계, PM모집 | 12시간 전 등록
[2025-07-14 06:01:22] INFO - 0282 | 콩아트미술학원 | 아이들과 진심으로 소통하는, 실력 있는 창의미술 선생님을 모집합니다. | 12시간 전 등록
[2025-07-14 06:01:22] INFO - 0283 | 주식회사 에이피플 | (야간일근) 전기산업기사 이상 전기자격증소지하신 분 모집합니다. | 12시간 전 등록
[2025-07-14 06:01:22] INFO - 0284 | ㈜학지사에듀 | [웹프로그래머 및 웹기획 분야] PHP/ASP / MSSQL 개발자 및 웹기획자 모집 | 13시간 전 등록
[2025-07-14 06:01:22] INFO - 0285 | ㈜학지사에듀 | 학점은행 학사운영/HRD 훈련과정 운영/교원연수 운영 등 모집 | 13시간 전 등록
[2025-07-14 06:01:22] INFO - 0286 | ㈜승화일렉트론 | 기술개발 정규직 모집 | 13시간 전 등록
[2025-07-14 06:01:23] INFO - 0287 | ㈜승화일렉트론 | 생산기술 정규직 모집 | 13시간 전 등록
[2025-07-14 06:01:23] INFO - 0288 | ㈜승화일렉트론 | 품질관리 정규직 모집 | 13시간 전 등록
[2025-07-14 06:01:23] INFO - 0289 | ㈜승화일렉트론 | 총무사무원 정규직 모집 | 13시간 전 등록
[2025-07-14 06:01:23] INFO - 0290 | 실력의차이 수학학원 | 범어동 수학학원 중고등 수학강사 채용 | 13시간 전 등록
[2025-07-14 06:01:23] INFO - 0291 | 해강개발㈜ | [차고지-잠원동] 수행기사 모집 | 13시간 전 등록
[2025-07-14 06:01:23] INFO - 0292 | 백영실버스테이 | 강서구 방화역 단기 시설 요양보호사 모집합니다. | 13시간 전 등록
[2025-07-14 06:01:23] INFO - 0293 | ㈜메디포엠 | 제약원료 영업사원 모집 | 13시간 전 등록
[2025-07-14 06:01:24] INFO - 0294 | 에이에스이티㈜ | 경영지원관련 회계 담당자 채용의 건 | 13시간 전 등록
[2025-07-14 06:01:24] INFO - 0295 | 디자인희룸 | 유튜브콘텐츠 PD채용 | 13시간 전 등록
[2025-07-14 06:01:24] INFO - 0296 | ㈜에이치엘설비엔지니어링 | 건축설비 관련 기술자 모집 | 13시간 전 등록
[2025-07-14 06:01:24] INFO - 0297 | 미래아이코딩학원 | 일산 코딩학원 강사 주중 2일 | 13시간 전 등록
[2025-07-14 06:01:24] INFO - 0298 | 스노우엠코리아 유한책임회사 | [미국 뉴욕 베이커리] 메뉴 개발 및 생산 담당자 - 해외근무 | 13시간 전 등록
[2025-07-14 06:01:24] INFO - 0299 | 에이에스이티㈜ | 차세대 이차전지용 부품개발관련 기업부설연구소 연구직 채용의 건 | 13시간 전 등록
[2025-07-14 06:01:24] INFO - 0300 | 빅스마일커피 | 빅스마일커피 제빵사 모집공고 | 13시간 전 등록
[2025-07-14 06:01:24] INFO - ⏱ 1.71초 대기
[2025-07-14 06:01:27] INFO - 
📄 현재 페이지: 7
[2025-07-14 06:01:27] INFO - 0301 | 수상한책읽기 국어학원 | 초등 독서, 중고등 국어 학원 강사 채용 | 13시간 전 등록
[2025-07-14 06:01:27] INFO - 0302 | ㈜보메청담 | 황학동에서 새롭게 시작하는 보메청담에서 같이 일할 홀 직원을 구합니다. | 13시간 전 등록
[2025-07-14 06:01:27] INFO - 0303 | 강아하이엔드중고등수학과학전문학원 | 천안아산 강아하이엔드 수학 전문 강사 채용모집 | 13시간 전 등록
[2025-07-14 06:01:27] INFO - 0304 | 대한농산 | 농산물 판매 유통 직원 모집 | 13시간 전 등록
[2025-07-14 06:01:28] INFO - 0305 | 하이테크감정평가법인㈜ | 하이테크감정평가법인 소속감정평가사 모집 | 13시간 전 등록
[2025-07-14 06:01:28] INFO - 0306 | ㈜도희 | 온라인 광고관리 경력직 채용 (영업업무 없음) | 13시간 전 등록
[2025-07-14 06:01:28] INFO - 0307 | ㈜에스디인터내셔날 중대동점 | [9BLOCK COFFEE]나인블럭 고속터미널점 신입 / 경력 바리스타 채용 | 13시간 전 등록
[2025-07-14 06:01:28] INFO - 0308 | ㈜지에프씨코리아 | 조달 입찰 - 통계 수학 숫자 모델 지표 관심 많으신 분 (통계학문 지식) | 13시간 전 등록
[2025-07-14 06:01:28] INFO - 0309 | 더윈 | [제주 서귀포] 호텔 윈스토리 프런트 직원 모집 (기숙사 지원) | 13시간 전 등록
[2025-07-14 06:01:28] INFO - 0310 | ㈜텔몬 | 온라인마케팅, 마케팅기획 관리, 사무보조데이터분석 | 13시간 전 등록
[2025-07-14 06:01:28] INFO - 0311 | 브롬튼컨설팅 | 교육 컨설팅 운영지원 매니저 채용 [압구정] | 13시간 전 등록
[2025-07-14 06:01:29] INFO - 0312 | ㈜와이에이치홀딩스 | 카페/커피숍/베이커리 매니저 및 보조 채용 | 13시간 전 등록
[2025-07-14 06:01:29] INFO - 0313 | ㈜와이에이치홀딩스 | 회계/경리/서무 경력직 채용 | 13시간 전 등록
[2025-07-14 06:01:29] INFO - 0314 | ㈜와이에이치홀딩스 | 일식당 오마카세 주방장 및 주방보조 채용 | 13시간 전 등록
[2025-07-14 06:01:29] INFO - 0315 | 케이엘정보통신㈜ | [서울] 공공기관 사업관리 / 유지보수 관리 / 프로젝트 관리 | 13시간 전 등록
[2025-07-14 06:01:29] INFO - 0316 | 주식회사 에이스렌트카 | (주)에이스렌트카와 함께하실 경력직 영업이사 모집합니다. | 13시간 전 등록
[2025-07-14 06:01:29] INFO - 0317 | 겸하당 | 겸하당 모충점 제빵사 모집 | 13시간 전 등록
[2025-07-14 06:01:29] INFO - 0318 | 37.5 동탄점 | [37.5 동탄점/연봉 3,200 이상/주 2회 휴무] 브런치카페 조리사 신입, 경력 | 13시간 전 등록
[2025-07-14 06:01:30] INFO - 0319 | 37.5 동탄호수점 | [동탄/브런치카페] 키친 스태프 신입,경력 (요리, 조리, 주방) | 13시간 전 등록
[2025-07-14 06:01:30] INFO - 0320 | ㈜도레도레 | (주)도레도레 신규 베이커리 브랜드 아모르나폴리 용산점 부점장 모집 | 13시간 전 등록
[2025-07-14 06:01:30] INFO - 0321 | (주)빨라쪼 | 크라운해태 빨라쪼 생산직원 채용 | 14시간 전 등록
[2025-07-14 06:01:30] INFO - 0322 | 유현 유한책임회사 | 금융권 SM 업무를 담당하실 분을 모십니다. | 14시간 전 등록
[2025-07-14 06:01:30] INFO - 0323 | 전주 그린섬 미술학원(전주 애니섬 만화학원) | 미술학원 강사모집(애니/디자인) | 14시간 전 등록
[2025-07-14 06:01:30] INFO - 0324 | ㈜립코 | 회계/경리/서무 채용 | 14시간 전 등록
[2025-07-14 06:01:30] INFO - 0325 | 수 에비뉴 스튜디오 | 테레지아 웨딩스튜디오 셀렉 매니져 채용 (前 수에비뉴) | 14시간 전 등록
[2025-07-14 06:01:31] INFO - 0326 | ㈜이레 | 더케이쇼에서 매표소 직원을 구합니다 | 14시간 전 등록
[2025-07-14 06:01:31] INFO - 0327 | 서울예쁨의원 | 다산신도시 서울예쁨의원에서 간호조무사/간호사 선생님 모집합니다. | 14시간 전 등록
[2025-07-14 06:01:31] INFO - 0328 | 강남가족사진관 | 주말 재택근무/파트타임 TM 인/아웃바운드 콜 근무 하실 분 모집(경력자만) | 14시간 전 등록
[2025-07-14 06:01:31] INFO - 0329 | 스콜 | 서면 레스토랑 & 비어펍 `SkoLL`에서 조리부 직원을 모집합니다. | 14시간 전 등록
[2025-07-14 06:01:31] INFO - 0330 | ㈜아토에프앤비 | 앨리스도넛 청사포 바리스타 아르바이트 / 직원모집 | 14시간 전 등록
[2025-07-14 06:01:31] INFO - 0331 | 다니엘학원 | 운정) 중등 수학 선생님 모집 | 14시간 전 등록
[2025-07-14 06:01:32] INFO - 0332 | 쿠팡풀필먼트서비스 유한회사 | [CFS]인천 쿠팡 HR 채용담당자 주간조/오후조 모집 | 14시간 전 등록
[2025-07-14 06:01:32] INFO - 0333 | WE병원 | WE병원 세일즈 지배인 모집 | 14시간 전 등록
[2025-07-14 06:01:32] INFO - 0334 | 강남가족사진관 | 평일/재택 파트타임 TM 인,아웃 바운드 경력자 직원 구합니다. | 14시간 전 등록
[2025-07-14 06:01:32] INFO - 0335 | ㈜TEI | 오키나와공항 지상직 | 14시간 전 등록
[2025-07-14 06:01:32] INFO - 0336 | ㈜굿베이션 | 인테리어 현장관리 | 14시간 전 등록
[2025-07-14 06:01:32] INFO - 0337 | ㈜한아름마트 | 한아름마트 배달 및 상품진열 정직원 모집 | 14시간 전 등록
[2025-07-14 06:01:32] INFO - 0338 | 프롬미 판교점 | 판교 피부관리사 모집 | 14시간 전 등록
[2025-07-14 06:01:33] INFO - 0339 | ㈜디몰드 | 경리 담당자 구인 | 14시간 전 등록
[2025-07-14 06:01:33] INFO - 0340 | ㈜TEI | 후쿠오카 공항 면세점 | 14시간 전 등록
[2025-07-14 06:01:33] INFO - 0341 | 더 퍼스트클래스 파티 | [강서 더퍼스트클래스파티] 돌잔치전문점 예약실 직원 채용 | 14시간 전 등록
[2025-07-14 06:01:33] INFO - 0342 | 그리디어스유니지 | 패션브랜딩과 패턴그래픽 개발 | 14시간 전 등록
[2025-07-14 06:01:33] INFO - 0343 | ㈜TEI | [ TEI ] 나리타공항 지상직 | 14시간 전 등록
[2025-07-14 06:01:33] INFO - 0344 | ㈜TEI | 하네다 공항 모바일 카운터 | 14시간 전 등록
[2025-07-14 06:01:33] INFO - 0345 | WE병원 | WE병원 방사선사 모집 | 14시간 전 등록
[2025-07-14 06:01:34] INFO - 0346 | ㈜코리아인 | [차고지:강남구 도곡동/즉시면접] 중견기업 임원 수행기사 모집 | 14시간 전 등록
[2025-07-14 06:01:34] INFO - 0347 | ㈜에스제이유통 | 금산 세종마트 정육코너 양념육 판매사원 모집(월6회 휴무) | 14시간 전 등록
[2025-07-14 06:01:34] INFO - 0348 | 릴리맥 | [릴리맥] 이스트폴점 프리랜서 플로리스트 구인(주3일근무,마감전담) | 14시간 전 등록
[2025-07-14 06:01:34] INFO - 0349 | 북서울 한의원 | 미아역 도보 2분거리 한의원 직원 채용 | 14시간 전 등록
[2025-07-14 06:01:34] INFO - 0350 | WE병원 | WE병원 집단급식소 영양사 모집 | 14시간 전 등록
[2025-07-14 06:01:34] INFO - ⏱ 3.11초 대기
[2025-07-14 06:01:38] INFO - 
📄 현재 페이지: 8
[2025-07-14 06:01:38] INFO - 0351 | 본우리반상 명동스테이트타워 | 주5일근무 공휴일 휴무)본우리반상 명동점에서 주방장 구인합니다 | 14시간 전 등록
[2025-07-14 06:01:38] INFO - 0352 | WE병원 | WE병원 약사 모집 | 14시간 전 등록
[2025-07-14 06:01:38] INFO - 0353 | 하나공인중개사사무소 | [기본급과 인센티브]평생직업 1순위 하나부동산 신입직원 모집(매매/임대) | 14시간 전 등록
[2025-07-14 06:01:39] INFO - 0354 | 유진공인중개사사무소 | (대구시 수성구)유진공인중개사사무소 직원 모집 | 14시간 전 등록
[2025-07-14 06:01:39] INFO - 0355 | 위호텔 | 위(WE)호텔 시설팀 영선 기사 직원 구인 | 14시간 전 등록
[2025-07-14 06:01:39] INFO - 0356 | 위호텔 | 위(WE)호텔 웰니스팀(메디컬스파) 직원(스파 테라피스트) 모집 | 14시간 전 등록
[2025-07-14 06:01:39] INFO - 0357 | 쿠팡풀필먼트서비스 유한회사 | [쿠팡CFS] 신규 오픈 인천 45센터 Team Captain 현장관리자 모집 | 14시간 전 등록
[2025-07-14 06:01:39] INFO - 0358 | ㈜에이비씨에어라인센터 | [ABC승무원학원 강남점] 전직 승무원 강사님 채용공고 | 14시간 전 등록
[2025-07-14 06:01:39] INFO - 0359 | 위호텔 | WE호텔 총무팀(인사,총무) 경력 직원 채용 | 14시간 전 등록
[2025-07-14 06:01:39] INFO - 0360 | 김은경기능장요리학원 | 요리학원국비훈련강사 | 14시간 전 등록
[2025-07-14 06:01:40] INFO - 0361 | 위호텔 | 위(WE)호텔(5성급) 식음팀(신입&경력) 직원 모집 | 14시간 전 등록
[2025-07-14 06:01:40] INFO - 0362 | 정원갈비 | 정원갈비에서 가족같은분 구해요 | 14시간 전 등록
[2025-07-14 06:01:40] INFO - 0363 | 한국호텔리어협회 | 특급호텔&골프장호텔 호텔리어 정규직/ | 14시간 전 등록
[2025-07-14 06:01:40] INFO - 0364 | 리움동물 의료센터 | [24시송파리움동물의료센터] 주간 테크니션 경력자(1년이상) 후반기 | 14시간 전 등록
[2025-07-14 06:01:40] INFO - 0365 | 한국호텔리어협회 | 특급호텔&골프장호텔 호텔리어 정규직 | 14시간 전 등록
[2025-07-14 06:01:40] INFO - 0366 | esc2 | esc2와 함께 할 직원 모집합니다 | 14시간 전 등록
[2025-07-14 06:01:40] INFO - 0367 | 대성축산 | [신입,경력]영상 콘텐츠 메인PD (브랜드관련,SNS,광고 영상콘텐츠 제작) | 14시간 전 등록
[2025-07-14 06:01:41] INFO - 0368 | ㈜신세계인터내셔날 | [신세계인터내셔날] 프랑스 니치 퍼퓸 딥티크(Diptyque) 중간관리 SM | 15시간 전 등록
[2025-07-14 06:01:41] INFO - 0369 | ㈜토스어학원 | 학원 통학차량 안전 도우미 | 15시간 전 등록
[2025-07-14 06:01:41] INFO - 0370 | 테이블에이 | 테이블에이 동물원 홍대점에서 사육사를 모집합니다. | 15시간 전 등록
[2025-07-14 06:01:41] INFO - 0371 | 미디워웍스 | 후쿠오카 공항 면세점 코스메 코너 | 15시간 전 등록
[2025-07-14 06:01:41] INFO - 0372 | ㈜캐디안 | 웹 WEB -프론트엔드 개발자 (5년 이상 경력자 Only) | 15시간 전 등록
[2025-07-14 06:01:41] INFO - 0373 | 더 레이나 웨딩홀 | 더 레이나 웨딩홀 연회부 직원모집 | 15시간 전 등록
[2025-07-14 06:01:42] INFO - 0374 | ㈜캐디안 | 웹 WEB -백엔드 개발자 (5년 이상 경력자 Only) | 15시간 전 등록
[2025-07-14 06:01:42] INFO - 0375 | ㈜아재가미래다 | TAA(타) 삼각지 퓨전 모던 이자카야 주방 조리 크루 채용(퓨전 음식 조리) | 15시간 전 등록
[2025-07-14 06:01:42] INFO - 0376 | E. I. E 노원상계어학원 | EiE노원상계어학원 초중등부영어선생님 채용(신입,경력) | 15시간 전 등록
[2025-07-14 06:01:42] INFO - 0377 | ㈜뷰케이코리아 | 라씨엘르 브랜드 마케터 채용 | 15시간 전 등록
[2025-07-14 06:01:42] INFO - 0378 | ㈜라곰스포츠 | 재송역 인근 대단지 아파트 커뮤니티센터 오후 인포데스크구인 | 15시간 전 등록
[2025-07-14 06:01:42] INFO - 0379 | ㈜퓨리온 CAFE FINE | 신규 오픈 이탈리안 레스토랑 홀직원(신입, 경력)채용합니다. | 15시간 전 등록
[2025-07-14 06:01:42] INFO - 0380 | ㈜퓨리온 CAFE FINE | 신규 오픈 이탈리안 레스토랑 바리스타 채용합니다. | 15시간 전 등록
[2025-07-14 06:01:43] INFO - 0381 | ㈜퓨리온 CAFE FINE | 신규 오픈 이탈리안레스토랑 주방직원(신입, 경력) 채용합니다. | 15시간 전 등록
[2025-07-14 06:01:43] INFO - 0382 | ㈜라곰스포츠 | 재송역 인근 대단지 아파트 커뮤니티센터 오후 트레이너 구인 | 15시간 전 등록
[2025-07-14 06:01:43] INFO - 0383 | ㈜라곰스포츠 | 재송역 인근 대단지 아파트 커뮤니티센터 오전 인포데스크구인 | 15시간 전 등록
[2025-07-14 06:01:43] INFO - 0384 | 시작한의원 | [ 선릉역/주5일 ] 시작한의원 검사 담당선생님 구인합니다. | 15시간 전 등록
[2025-07-14 06:01:43] INFO - 0385 | 에이원링크㈜ | AI 기반 수어 자동번역기 개발 엔지니어 | 15시간 전 등록
[2025-07-14 06:01:43] INFO - 0386 | ㈜라곰스포츠 | 재송역 인근 대단지 아파트 커뮤니티센터 오전 트레이너 구인 | 15시간 전 등록
[2025-07-14 06:01:43] INFO - 0387 | LP E&C | [LP E&C 신입 채용] 반도체 장비 가스감지기 유지관리 및 검교정(평 | 15시간 전 등록
[2025-07-14 06:01:44] INFO - 0388 | ㈜퀵스타 | [퀵스타] 사무보조 채용공고 (단순 잡무, 전화 업무 전달) | 15시간 전 등록
[2025-07-14 06:01:44] INFO - 0389 | ㈜한맥소프트웨어 | 콜센타 솔루션 구축지원/운영 | 15시간 전 등록
[2025-07-14 06:01:44] INFO - 0390 | 이도 | 대구 모델하우스 상담사 모집중 내용필수 [모델하우스/분양] | 15시간 전 등록
[2025-07-14 06:01:44] INFO - 0391 | 아이비실용음악학원 | 아이비실용음악학원 엔터, 방송 경력 댄스 강사님 모집 | 15시간 전 등록
[2025-07-14 06:01:44] INFO - 0392 | ㈜한맥소프트웨어 | Java개발 Front End(React 필수) | 15시간 전 등록
[2025-07-14 06:01:44] INFO - 0393 | 아이비실용음악학원 | 강남 아이비실용음악학원 - 프로 작곡가 출신 미디 강사님 모집 | 15시간 전 등록
[2025-07-14 06:01:44] INFO - 0394 | 메이비 | 베이커리 카페 메이비에서 베이커리 사원을 모집합니다 | 15시간 전 등록
[2025-07-14 06:01:45] INFO - 0395 | 금싸라기 | 부동산 분양대행 마케터 / 신입4기 모집합니다. | 15시간 전 등록
[2025-07-14 06:01:45] INFO - 0396 | 광주휴대폰싼집 유텔레콤 | [유텔레콤] 양산동 노란집 휴대폰 매장 장기근무 보조사원 모집 | 15시간 전 등록
[2025-07-14 06:01:45] INFO - 0397 | 효천라온음악학원 | 음악학원 (피아노) 강사 선생님을 모십니다 | 15시간 전 등록
[2025-07-14 06:01:45] INFO - 0398 | ㈜와이엔컬쳐앤스페이스 | 춘천 La ToPia(라토피아) 요식업/외식업 홀서빙 모집 | 15시간 전 등록
[2025-07-14 06:01:45] INFO - 0399 | 아이비실용음악학원 | 강남 아이비실용음악학원 - 연습생,데뷔자 출신 보컬 강사님 모집 | 15시간 전 등록
[2025-07-14 06:01:45] INFO - 0400 | ㈜헤비스테이크 여의도점 | (주)헤비스테이크 여의도점 주5일 직원 채용(신입/경력) | 15시간 전 등록
[2025-07-14 06:01:45] INFO - ⏱ 2.09초 대기
[2025-07-14 06:01:48] INFO - 
📄 현재 페이지: 9
[2025-07-14 06:01:48] INFO - 0401 | ㈜헤비스테이크 여의도점 | (주)헤비스테이크 여의도점 주(5일) 직원 채용(신입/경력) | 15시간 전 등록
[2025-07-14 06:01:49] INFO - 0402 | 주식회사 고메 | 고메스퀘어 평택고덕점에서 샐러드 파트 직원 구인합니다. | 15시간 전 등록
[2025-07-14 06:01:49] INFO - 0403 | 은나무 | [인사동] 핸드메이드 악세서리샵 은나무 판매 매니저 모집 | 15시간 전 등록
[2025-07-14 06:01:49] INFO - 0404 | ㈜글로벌콘텐츠진흥원 | TM 및 상담 업무 엔터테인먼트 신인개발 | 15시간 전 등록
[2025-07-14 06:01:49] INFO - 0405 | 영진선박 | 선박 엔진 엔지니어 신입/경력 사원 모집 | 15시간 전 등록
[2025-07-14 06:01:49] INFO - 0406 | 램지 | [부산광안리] 미쉐린 레스토랑 램지에서 홀 서버 (FOH) 채용 합니다 (주5일 | 15시간 전 등록
[2025-07-14 06:01:49] INFO - 0407 | 유한회사블랙그라운드 | 피자브루클린 이태원점에서 함께 일할 파트타이머 사원 모집 | 15시간 전 등록
[2025-07-14 06:01:49] INFO - 0408 | ㈜노비아갈라 | 노바아 갈라 웨딩 [조리부] 직원 모십니다. (동촌/전자관) | 15시간 전 등록
[2025-07-14 06:01:50] INFO - 0409 | 쿠팡풀필먼트서비스 유한회사 | [쿠팡 양지4] 냉장/냉동 신선물류 지게차 야간 근무자 채용 | 15시간 전 등록
[2025-07-14 06:01:50] INFO - 0410 | 스파더벨렉(spa the belec) | 인천 송도 고급스파샵 테라피스트 피부관리사 모집 | 15시간 전 등록
[2025-07-14 06:01:50] INFO - 0411 | 아인커뮤니케이션 | 전시부스 및 무대설치 / 운영 직원모집 | 16시간 전 등록
[2025-07-14 06:01:50] INFO - 0412 | 우일가든 | 우일가든(한티역)에서 함께하실 주방 직원을 모집합니다 | 16시간 전 등록
[2025-07-14 06:01:50] INFO - 0413 | ㈜블랭커 | 인쇄물 파일 검수, 상담, 편집 / 채용 공고 | 16시간 전 등록
[2025-07-14 06:01:50] INFO - 0414 | 비에프(BF)노동법률사무소 | [노무법인] 고객사 급여아웃소싱(노무법인 1년이상, 연봉 4800) | 16시간 전 등록
[2025-07-14 06:01:51] INFO - 0415 | 키드짐 | 유소년 줄넘기(음악줄넘기) 지도 | 16시간 전 등록
[2025-07-14 06:01:51] INFO - 0416 | 셀린의원 강남점 | [연봉4200이상 ] 셀린의원 강남점 피부관리사 팀장님 모십니다 | 16시간 전 등록
[2025-07-14 06:01:51] INFO - 0417 | ㈜모두스포츠 | (주)모두스포츠 사무보조 /거래처관리/경리 신입/경력 사원 채용 | 16시간 전 등록
[2025-07-14 06:01:51] INFO - 0418 | ㈜쿡섬 | 생명보험 PM, UMS (Unified Messaging System)경력자-통합 메시지 시스템 | 16시간 전 등록
[2025-07-14 06:01:51] INFO - 0419 | 셀비오 | 셀비오 잠실본점 신입/경력 두피관리사 모집 | 16시간 전 등록
[2025-07-14 06:01:51] INFO - 0420 | (주)크레버스 | [분당 수학학원] 초중등 수학 강사선생님 모집 | 16시간 전 등록
[2025-07-14 06:01:51] INFO - 0421 | 비엔엠컴퍼니 | (주)BNM COMPANY에서 PC방 매장관리자를 모집합니다. | 16시간 전 등록
[2025-07-14 06:01:52] INFO - 0422 | 아이씨티웨이㈜ | 플랫폼 및 솔루션 개발자 모집 | 16시간 전 등록
[2025-07-14 06:01:52] INFO - 0423 | 아이씨티웨이㈜ | 공공,국방 SI 영업 경력직 채용 | 16시간 전 등록
[2025-07-14 06:01:52] INFO - 0424 | 아이씨티웨이㈜ | 공공 SI 분야 엔지니어 인력 채용 | 16시간 전 등록
[2025-07-14 06:01:52] INFO - 0425 | ㈜동화세상에듀코 | 교사 사업부 [ 1:1 온라인 과외 선생님을 모십니다 ] | 16시간 전 등록
[2025-07-14 06:01:52] INFO - 0426 | ㈜혼 | 프랜차이즈 음식서비스 관리직 | 16시간 전 등록
[2025-07-14 06:01:52] INFO - 0427 | ㈜토라코퍼레이션 | 태양의 토마토라멘 한티역점 주방실장,직원 구해요 | 16시간 전 등록
[2025-07-14 06:01:52] INFO - 0428 | 어썸라이프 | [재택][켄텐츠 기획 및 편집]유튜브 쇼츠, 틱톡 리뷰 영상 제작자 채용 | 16시간 전 등록
[2025-07-14 06:01:53] INFO - 0429 | ㈜코지미 | 글로벌 생활용품인 빨래건조대 디자인,설계 등 | 16시간 전 등록
[2025-07-14 06:01:53] INFO - 0430 | ㈜곳간 | 주식회사 곳간 건어물 포장 및 소분 여사님 | 16시간 전 등록
[2025-07-14 06:01:53] INFO - 0431 | 문스 | [보정동카페거리 주5일] 브런치,파스타,와인 문스 주방,홀 직원를 모집합니 | 16시간 전 등록
[2025-07-14 06:01:53] INFO - 0432 | 건인㈜ | 롯데백화점 맞은편 종로귀금속백화점 판매사원 모집 | 16시간 전 등록
[2025-07-14 06:01:53] INFO - 0433 | 로운동물의료센터 | [서울]로운동물의료센터에서 주간 수의테크니션 선생님을 모십니다. | 16시간 전 등록
[2025-07-14 06:01:53] INFO - 0434 | 에이치알24 | [강남구/주5일] 한국건설기술인협회 고객센터 / 대표번호 인바운드 상담원 | 16시간 전 등록
[2025-07-14 06:01:54] INFO - 0435 | 곤트란쉐리에 서초동점 | 곤트란쉐리에 서초동점에서 함께 일하실 분을 모집합니다. | 16시간 전 등록
[2025-07-14 06:01:54] INFO - 0436 | 워크원 | 인천 부평 근무 / 인스타그램 스레드 SNS 마케팅 관리업무 | 16시간 전 등록
[2025-07-14 06:01:54] INFO - 0437 | 그룹디 | 미술(조소,회화)전공/공연 세트,공공미술, 조소, 회화 경력팀장및 신입모집 | 16시간 전 등록
[2025-07-14 06:01:54] INFO - 0438 | 그룹디 | F&B사업본부 총괄매니져(점장),부점장,선임매니져 모집 | 16시간 전 등록
[2025-07-14 06:01:54] INFO - 0439 | 참토우 반포점 | [고속터미널] 주차관리 및 발렛서비스 채용 | 16시간 전 등록
[2025-07-14 06:01:54] INFO - 0440 | 카디엠텔레콤 | [KT대리점]처인구 판매/관리/CS매니저(신입/경력) 모집합니다 | 16시간 전 등록
[2025-07-14 06:01:54] INFO - 0441 | 와이즈만영재교육평택학원 | 교육상담/운영 선생님 모집-평택와이즈만 | 16시간 전 등록
[2025-07-14 06:01:55] INFO - 0442 | ㈜생어거스틴일루아 | (주)생어거스틴 호텔일루아 홀 서비스팀 직원 모집 | 16시간 전 등록
[2025-07-14 06:01:55] INFO - 0443 | ㈜나의가야 서초점 | 월9회가능 고기집 홀직원 | 16시간 전 등록
[2025-07-14 06:01:55] INFO - 0444 | 선유도원 | [선유도원] 함께하실 바리스타를 모집합니다 | 16시간 전 등록
[2025-07-14 06:01:55] INFO - 0445 | 그룹디 | 디자인사업본부 (기획,공간,캐릭터)경력디자이너 모집 | 16시간 전 등록
[2025-07-14 06:01:55] INFO - 0446 | 에이치알24 | [정규직/단기직] 예스24 여의도센터 / (공연파트) 인바운드 상담사 채용 | 16시간 전 등록
[2025-07-14 06:01:55] INFO - 0447 | 배룩스㈜ | 해외 기술 영업 (LED 모듈 수출 기업) | 17시간 전 등록
[2025-07-14 06:01:56] INFO - 0448 | 이도 | [주식회사 이도] 경제적 자유를 원하는 직원 모집(기획/관리/분양상담사) | 17시간 전 등록
[2025-07-14 06:01:56] INFO - 0449 | 서강전문학교 | 전문학교 학사행정 및 입학상담, 직업상담사 및 평생교육사 우대 | 17시간 전 등록
[2025-07-14 06:01:56] INFO - 0450 | ㈜나의가야 서초점 | 서초역 주5일제 홀서빙 모집 | 17시간 전 등록
[2025-07-14 06:01:56] INFO - ⏱ 2.31초 대기
[2025-07-14 06:01:59] INFO - 
📄 현재 페이지: 10
[2025-07-14 06:01:59] INFO - 0451 | ㈜엑스프리베 | 글로벌 인플루언서 커뮤니티 사업 경영지원 | 17시간 전 등록
[2025-07-14 06:01:59] INFO - 0452 | ㈜풀무원푸드앤컬처 | 풀무원푸드앤컬쳐 롯데시티호텔 구로 C`CAFE 뷔페 홀 신입, 경력 사원 채용 | 17시간 전 등록
[2025-07-14 06:01:59] INFO - 0453 | ㈜풀무원푸드앤컬처 | [풀무원푸드앤컬쳐] 롯데시티호텔 구로 C`CAFE뷔페 조리 신입, 경력사원 | 17시간 전 등록
[2025-07-14 06:01:59] INFO - 0454 | ㈜베스트더퍼스트 | 베스트 원단 사업부 경영지원 사무보조 문서정리 정직원모집 1명 | 17시간 전 등록
[2025-07-14 06:02:00] INFO - 0455 | 스머글러스아카데미아티스트캠퍼스㈜ | 스머글러스뮤직아카데미 실장 채용 공고 | 17시간 전 등록
[2025-07-14 06:02:00] INFO - 0456 | 강서 샤인빔의원 | [샤인빔 강서] 연 4200만 글로벌(일어,영어) 코디네이터 주5일 모집 | 17시간 전 등록
[2025-07-14 06:02:00] INFO - 0457 | ㈜하이브웍스 | (인천남동구) LG유플러스 소호상품 개통AS센터 장비관리자 모집 | 17시간 전 등록
[2025-07-14 06:02:00] INFO - 0458 | 빙하 미술관 | 빙하미술관 카페 주말 아르바이트 채용 | 17시간 전 등록
[2025-07-14 06:02:00] INFO - 0459 | 금궁 by 피렌체 | 광주예물전문점 금궁 판매직원 모집 | 17시간 전 등록
[2025-07-14 06:02:00] INFO - 0460 | ㈜에프앤솔루션 | 2025년 ㈜에프앤솔루션 온라인마케팅 신입사원 채용 | 17시간 전 등록
[2025-07-14 06:02:01] INFO - 0461 | 삼구칠(397) | -구로 신도림동 스페셜티카페 CAFE397 바리스타 매니저 모집공고 | 17시간 전 등록
[2025-07-14 06:02:01] INFO - 0462 | 그룹디 | 축제기획사업본부 행사기획,운영팀(축제,공연,전시,국제회의)경력 사원모집 | 17시간 전 등록
[2025-07-14 06:02:01] INFO - 0463 | ㈜제이비컴스컴퍼니 | 시각디자인부문 아트디렉터 경력직 모집합니다 | 17시간 전 등록
[2025-07-14 06:02:01] INFO - 0464 | ㈜데일리셔스 | [신규오픈예정] 샤브샤브 전문점`모락샤브`BOH 주방 직원 모집 | 17시간 전 등록
[2025-07-14 06:02:01] INFO - 0465 | ㈜에스비퓨쳐스 | 서울숲 뚝섬역 근처 핑크오븐에서 카페 관리 직원을 추가 채용합니다. | 17시간 전 등록
[2025-07-14 06:02:01] INFO - 0466 | 지타워컨벤션㈜ | [지타워컨벤션] 웨딩 예약팀 경력직 채용 | 17시간 전 등록
[2025-07-14 06:02:02] INFO - 0467 | ㈜로크미디어 | [웹소설, 웹툰] 마케팅 경력 모집(해외 마케팅 경력 우대) | 17시간 전 등록
[2025-07-14 06:02:02] INFO - 0468 | 새한 | [정규직]출하,자재 입출하창고 직원 모집 (잔업·특근있음) | 17시간 전 등록
[2025-07-14 06:02:02] INFO - 0469 | 유학이룸 | 미술유학 전문가 채용 | 17시간 전 등록
[2025-07-14 06:02:02] INFO - 0470 | ㈜라이온로보틱스 | 능력, 인성 보유한 로봇 펌웨어 개발 전문 인재 채용(대전 근무) | 17시간 전 등록
[2025-07-14 06:02:02] INFO - 0471 | 고덕LK입시학원 | [평택 고덕 LK 학원] 중/고등 영어 선생님 모십니다. (300이상) | 17시간 전 등록
[2025-07-14 06:02:02] INFO - 0472 | ㈜윌앤비전 | [정규직] 인천공항 면세구역內 푸드코트 현장관리자 채용 | 17시간 전 등록
[2025-07-14 06:02:02] INFO - 0473 | 유학이룸 | 학위, 조기, 특례, 어학연수 등 유학전문가 채용 | 17시간 전 등록
[2025-07-14 06:02:03] INFO - 0474 | ㈜남경레저 | 충북 음성 모나크 컨트리클럽 미화 근무자 모집 | 17시간 전 등록
[2025-07-14 06:02:03] INFO - 0475 | 일면 | 남악 일면에서 주방에서 함께 근무하실 분을 모집합니다. | 17시간 전 등록
[2025-07-14 06:02:03] INFO - 0476 | 워크원 | 재택가능 SNS 연동 및 관리업무 인스타,스레드 손 빠르신분 | 17시간 전 등록
[2025-07-14 06:02:03] INFO - 0477 | ㈜라포르엘(보나바시움-랜디스도넛 연남점) | [랜디스도넛 연남점]도넛 데코레이터 채용(공휴일수당지급) | 17시간 전 등록
[2025-07-14 06:02:03] INFO - 0478 | 주식회사 정담비에프 | 신촌 현대-주차 / 혼잡 교통 유도 수신호 단기,주말 알바 환영 | 17시간 전 등록
[2025-07-14 06:02:03] INFO - 0479 | ㈜라이온로보틱스 | 능력, 인성 보유한 로봇 전장 설계 전문 인재 채용(대전, 서울 근무)) | 17시간 전 등록
[2025-07-14 06:02:03] INFO - 0480 | ㈜케이에프씨코리아 | 전북도청/전주송천 KFC 정직원 매니저 채용 | 17시간 전 등록
[2025-07-14 06:02:04] INFO - 0481 | ㈜로드피아 | CS/CX 매니저 모집 | 17시간 전 등록
[2025-07-14 06:02:04] INFO - 0482 | 디엔에이벤처스제이호 | 남양주 밤부 베리커리&브루잉 바리스타 | 17시간 전 등록
[2025-07-14 06:02:04] INFO - 0483 | 지에스렌트카 주식회사 천안중부지점 | 주5일 렌트 배.반차/세차/차량관리 직원 모집 | 17시간 전 등록
[2025-07-14 06:02:04] INFO - 0484 | ㈜육십오도씨 | [반찬회사] HMR 조리사 모집 | 17시간 전 등록
[2025-07-14 06:02:04] INFO - 0485 | 서면 오늘플란트치과 | [부산] 서면역 오늘플란트치과 제휴영업 구인 | 17시간 전 등록
[2025-07-14 06:02:04] INFO - 0486 | ㈜바이소울 | 미쉐린 선정 `생면 파스타 전문점 `에그앤플라워` BOH 팀원을 모집합니다. | 17시간 전 등록
[2025-07-14 06:02:05] INFO - 0487 | ㈜라이온로보틱스 | 능력, 인성 보유한 로봇 전장 설계 전문 인재 채용(대전 근무)) | 18시간 전 등록
[2025-07-14 06:02:05] INFO - 0488 | ㈜한중로지스 | 무역업무 사무보조 알바 (중국어 능숙자 교포 환영) 9시30분- 6시30분까지 | 18시간 전 등록
[2025-07-14 06:02:05] INFO - 0489 | ㈜라이온로보틱스 | 능력, 인성 보유한 로봇 소프트웨어 개발 전문 인재 채용(대전 근무) | 18시간 전 등록
[2025-07-14 06:02:05] INFO - 0490 | 체스터톤스호텔앤드레지던스㈜ | [체스터톤스 경주] 프런트 신입 / 경력직 모집 | 18시간 전 등록
[2025-07-14 06:02:05] INFO - 0491 | ㈔팅커벨프로젝트 | 팅커벨 프로젝트 유기동물 입양센터 정간사를 채용합니다. | 18시간 전 등록
[2025-07-14 06:02:05] INFO - 0492 | 쿠팡풀필먼트서비스 유한회사 | [쿠팡 CFS] 용인 Fresh 센터 현장 관리자 (Team Captain) 정규직 채용 | 18시간 전 등록
[2025-07-14 06:02:05] INFO - 0493 | ㈜아이민글로비스 | 아이민 스튜디오 신입 및 경력직 상담직원 상담매니저 모집합니다. | 18시간 전 등록
[2025-07-14 06:02:06] INFO - 0494 | ㈜디스커버스 의왕 | 디스커버스의왕 운영 주말 단기아르바이트 | 18시간 전 등록
[2025-07-14 06:02:06] INFO - 0495 | ㈜쌍마 | [경남고성]고성골프장[9홀] 코스관리팀장 모집합니다. | 18시간 전 등록
[2025-07-14 06:02:06] INFO - 0496 | ㈜엠디아이레저개발 | 남춘천CC 코스관리 조경팀 경력직원 모십니다. | 18시간 전 등록
[2025-07-14 06:02:06] INFO - 0497 | ㈜엠디아이레저개발 | 남춘천CC 식음서비스팀 F&B서비스 경력직 모십니다. | 18시간 전 등록
[2025-07-14 06:02:06] INFO - 0498 | ㈜엠디아이레저개발 | 남춘천CC 조리팀 조리사 신입 및 경력 채용 | 18시간 전 등록
[2025-07-14 06:02:06] INFO - 0499 | ㈜엠디아이레저개발 | 남춘천CC 경기팀 경력직원 채용 | 18시간 전 등록
[2025-07-14 06:02:06] INFO - 0500 | ㈜네트웍스티에스 | [네트웍스티에스] 통신 영업담당 채용 | 18시간 전 등록
[2025-07-14 06:02:06] INFO - ✅ 5페이지마다 CSV 저장 완료 (총 500건)
[2025-07-14 06:02:06] INFO - ⏱ 2.48초 대기
[2025-07-14 06:02:09] INFO - 
📄 현재 페이지: 11
[2025-07-14 06:02:10] INFO - 0501 | ㈔팅커벨프로젝트 | 팅커벨 프로젝트 유기동물 입양센터 정간사를 모집합니다. | 18시간 전 등록
[2025-07-14 06:02:10] INFO - 0502 | 한성관광개발㈜ | 한성컨트리클럽 경기팀 신입 경력 모집 공고 | 18시간 전 등록
[2025-07-14 06:02:10] INFO - 0503 | 체스터톤스호텔앤드레지던스㈜ | [체스터톤스 속초] 호텔 프런트 신입 / 경력직 모집 | 18시간 전 등록
[2025-07-14 06:02:10] INFO - 0504 | 체스터톤스호텔앤드레지던스㈜ | [체스터톤스 낙산] 호텔 프런트 신입 / 경력직 모집 | 18시간 전 등록
[2025-07-14 06:02:10] INFO - 0505 | 체스터톤스호텔앤드레지던스㈜ | [체스터톤스 속초] 호텔 부대시설 운영본부 (신입, 경력직) 모집 | 18시간 전 등록
[2025-07-14 06:02:11] INFO - 0506 | 봉우물산㈜ | 동대문 SUMMIT HOTEL FRONT DESK 신입/경력직 모집 | 18시간 전 등록
[2025-07-14 06:02:11] INFO - 0507 | ㈜오픈 | 청담 파인다이닝 라벤더 소믈리에 홀서비스 경력 채용 | 18시간 전 등록
[2025-07-14 06:02:11] INFO - 0508 | 쿠우쿠우 마산점 | [쿠우쿠우마산점] 홀 인원모집. 주 6일제, 5일제, 4일제 | 18시간 전 등록
[2025-07-14 06:02:11] INFO - 0509 | 아우라스튜디오 충청점 | 웨딩스튜디오 포토그래퍼/사진작가 | 18시간 전 등록
[2025-07-14 06:02:11] INFO - 0510 | 친봉산장 | 카페 친봉산장 직원 모집 | 18시간 전 등록
[2025-07-14 06:02:11] INFO - 0511 | 피엔에스테크놀러지㈜ | 관리팀 팀장 모집 | 18시간 전 등록
[2025-07-14 06:02:11] INFO - 0512 | 네모네 | [네모네]베이커리 직원모집(케이크생산) | 18시간 전 등록
[2025-07-14 06:02:12] INFO - 0513 | 피엔에스테크놀러지㈜ | 영업팀 해외영업 모집 (신입무관-환영) | 18시간 전 등록
[2025-07-14 06:02:12] INFO - 0514 | ㈜드림코스 | [화장품브랜드/해외영업팀] 해외거래처영업경력,영어가능자,제품제안자료 | 18시간 전 등록
[2025-07-14 06:02:12] INFO - 0515 | ㈜드림코스 | [화장품브랜드사/주임,대리급] 해외영업 중국, 홍콩파트,거래처 발주,대응 | 18시간 전 등록
[2025-07-14 06:02:12] INFO - 0516 | 후한의원 | 피부관리사 주5일 구인 | 18시간 전 등록
[2025-07-14 06:02:12] INFO - 0517 | 동물진료법인 넬 | [24시 넬동물의료센터] 동물병원 수의테크니션(동물보건 | 18시간 전 등록
[2025-07-14 06:02:12] INFO - 0518 | 동물진료법인 넬 | [ 24시 넬동물의료센터 ] 동물병원 리셉션 매니저 모집합니다. | 18시간 전 등록
[2025-07-14 06:02:13] INFO - 0519 | KT 한빛정보통신 | [KT공식매장 / 정규직] 광주 수완지구 고객상담-월 250,성과급 | 18시간 전 등록
[2025-07-14 06:02:13] INFO - 0520 | 브랜드캠프㈜ | [브랜드캠프] 온라인 쇼핑몰 판매 관리 / 마케팅 | 18시간 전 등록
[2025-07-14 06:02:13] INFO - 0521 | ㈜디벨로펀 | [영상기획] 지역의 이야기를 만들어 나갈 영상 기획자/PD 모집 | 18시간 전 등록
[2025-07-14 06:02:13] INFO - 0522 | 다이닝서로(dining seoro) | 이탈리안레스토랑 다이닝서로 홀 직원 모집합니다. | 18시간 전 등록
[2025-07-14 06:02:13] INFO - 0523 | 르 알래스카 | 성수동 르알레스카에서 베이커리 생산직 사원을 모집합니다. | 18시간 전 등록
[2025-07-14 06:02:13] INFO - 0524 | ㈜데코인홈 | 커튼 블라인드 주식회사 데코인홈 경남 창원시 매장관리/상담직 모집 | 18시간 전 등록
[2025-07-14 06:02:13] INFO - 0525 | 영우유통 | 무인매장 납품사원모집 (초보자환영) | 18시간 전 등록
[2025-07-14 06:02:14] INFO - 0526 | (유)세컨드원광주 | [세컨드원 광주] 세컨드원 경력직 바리스타 직원 채용 | 18시간 전 등록
[2025-07-14 06:02:14] INFO - 0527 | ㈜제이앤비식품 | 제주 베이커리 카페 제과 제빵 직원모집 | 18시간 전 등록
[2025-07-14 06:02:14] INFO - 0528 | 세젤예 사진관 | [세젤예사진관 당진점] 포토그래퍼 (포토샵디자이너)가 되고 싶으신 분을 | 18시간 전 등록
[2025-07-14 06:02:14] INFO - 0529 | 37.5 시그니처 여의도 | 37.5 시그니처 여의도점 주방 정직원 모집합니다.[주5일/290이상] | 19시간 전 등록
[2025-07-14 06:02:14] INFO - 0530 | 한국호텔리어협회 | 특급관광호텔&골프장호텔 정규직/ | 19시간 전 등록
[2025-07-14 06:02:14] INFO - 0531 | 한국호텔리어협회 | 특급호텔 정규직 (호텔리어, 프론트, 객실, 연회부, 식음료/레저) | 19시간 전 등록
[2025-07-14 06:02:15] INFO - 0532 | 주시회사 우드앤브릭 | 주)우드앤브릭 생산직 (제과제빵)채용합니다. | 19시간 전 등록
[2025-07-14 06:02:15] INFO - 0533 | 한국호텔리어협회 | 특급관광호텔&골프장호텔 부문별 채용 (호텔리어, 프론트, 식음료, 조리사 | 19시간 전 등록
[2025-07-14 06:02:15] INFO - 0534 | 단군신화 | 여수소호동/한우다이닝/파인다이닝/헤드쉐프/350만/chef/정직원/주5.5일 | 19시간 전 등록
[2025-07-14 06:02:15] INFO - 0535 | ㈜더 브릿지 | 이벤트 프로모션 기획자, 호스피탈리티(영어가능자) | 19시간 전 등록
[2025-07-14 06:02:15] INFO - 0536 | 단군신화 | 여수소호동/한우다이닝/파인다이닝/홀매니저/300만이상/월7회휴무/경력무관 | 19시간 전 등록
[2025-07-14 06:02:15] INFO - 0537 | ㈜더 브릿지 | 이벤트프로모션 기획(실행) BTL 경력 채용 | 19시간 전 등록
[2025-07-14 06:02:15] INFO - 0538 | 통제영 | 여수학동/오마카세/주5.5일/280만이상/요리사/chef/쉐프/한우야끼니꾸 | 19시간 전 등록
[2025-07-14 06:02:16] INFO - 0539 | 보스안과의원 | 보스안과에서 간호조무사 충원 (신규환영, 경단녀대환영) | 19시간 전 등록
[2025-07-14 06:02:16] INFO - 0540 | 통제영 | 여수학동/오픈매장/주5.5일/280만이상/요리사/chef/쉐프/한우야끼니꾸 | 19시간 전 등록
[2025-07-14 06:02:16] INFO - 0541 | ㈜모든학교 | 초등 과학실험 시간 강사 채용(주말 가능자 우대) | 19시간 전 등록
[2025-07-14 06:02:16] INFO - 0542 | 어가길베이커리 | `어가길베이커리카페` 신입, 경력 바리스타 채용공고 | 19시간 전 등록
[2025-07-14 06:02:16] INFO - 0543 | 통제영 | 여수학동/오픈매장/주5.5일/300만이상/head/souschef/쉐프/한우야끼니꾸 | 19시간 전 등록
[2025-07-14 06:02:16] INFO - 0544 | ㈜데코인홈 | 커튼 블라인드 전문브랜드 데코인홈 진주점 매장사무직 팀원 채용공고 | 19시간 전 등록
[2025-07-14 06:02:16] INFO - 0545 | ㈜데일리셔스 | [신규오픈예정]샤브샤브 전문점`모락샤브`FOH 홀 직원 모집합니다. | 19시간 전 등록
[2025-07-14 06:02:17] INFO - 0546 | 도우룸 | 생면파스타 전문점 도우룸 홀서비스 모집 (주5일)-8월 중순 광화문점 근무- | 19시간 전 등록
[2025-07-14 06:02:17] INFO - 0547 | 대창건설산업(유) | 금속.창호공사(건설) 현장관리 신규.경력 정규직 채용 | 19시간 전 등록
[2025-07-14 06:02:17] INFO - 0548 | ㈜켈프 | [주식회사 켈프] 경영지원팀(회계) 경력직 3-5년차 정규직 채용 | 19시간 전 등록
[2025-07-14 06:02:17] INFO - 0549 | 삼성웰스토리㈜ | 삼성웰스토리(주) 파인크리크CC 레스토랑 사원 및 경력직 채용(사택지원) | 19시간 전 등록
[2025-07-14 06:02:17] INFO - 0550 | 앤티크커피 | 앤티크커피 영등포점에서 함께 미래를 꾸려나갈 인재를 찾습니다. | 19시간 전 등록
[2025-07-14 06:02:17] INFO - ⏱ 2.10초 대기
[2025-07-14 06:02:20] INFO - 
📄 현재 페이지: 12
[2025-07-14 06:02:20] INFO - 0551 | ㈜대한리더스 | [관리자] 제조파트 현장관리자 모집 | 19시간 전 등록
[2025-07-14 06:02:20] INFO - 0552 | 톡스앤필 명동점 | [톡스앤필 명동] 주4/4.5일 일본어 코디네이터 채용합니다. | 19시간 전 등록
[2025-07-14 06:02:21] INFO - 0553 | 디자인 플레아 | 주거 인테리어 디자이너 채용(경력) | 19시간 전 등록
[2025-07-14 06:02:21] INFO - 0554 | ㈜에이치브이엠 | [에이치브이엠] 공무팀 가스안전관리책임자 모집 | 19시간 전 등록
[2025-07-14 06:02:21] INFO - 0555 | 스코그 | 스코그서울 브런치/베이커리대형카페 신입/ 경력 베이커 채용 | 19시간 전 등록
[2025-07-14 06:02:21] INFO - 0556 | ㈜로이 | 스몰 웨딩홀 슈슈몽드 에서 인재를 찾고 있습니다. | 19시간 전 등록
[2025-07-14 06:02:21] INFO - 0557 | ㈜오벨리베이커리까페 | 베이커리카페 바리스타 오픈(8시-17시) 정직원구함 | 19시간 전 등록
[2025-07-14 06:02:21] INFO - 0558 | 밴스의원 홍대 | [밴스의원] 일본 단기 상주 가능한 상담실장 모집 (일본어 능통 한국인) | 19시간 전 등록
[2025-07-14 06:02:21] INFO - 0559 | ㈜펭귄박스 | 페를로 BOH 이탈리안 레스토랑 세컨 주방 요리사 | 19시간 전 등록
[2025-07-14 06:02:22] INFO - 0560 | ㈜펭귄박스 | 페를로 BOH 이탈리안 레스토랑 주방 요리사 | 19시간 전 등록
[2025-07-14 06:02:22] INFO - 0561 | 공덕연세이비인후과의원 | [공덕연세이비인후과] 간호조무사 직원 채용합니다 (주6일) | 19시간 전 등록
[2025-07-14 06:02:22] INFO - 0562 | ㈜노마드 | 캠프노마드 캠핑장(영흥도) 관리사원 모집(숙식가능자) | 19시간 전 등록
[2025-07-14 06:02:22] INFO - 0563 | HOTEL ICC | [호텔 ICC] 연회팀 정규직 모집합니다. | 19시간 전 등록
[2025-07-14 06:02:22] INFO - 0564 | 서울아트피부과의원 | [외대앞역] 간호조무사 선생님 모십니다. | 19시간 전 등록
[2025-07-14 06:02:22] INFO - 0565 | 공덕연세이비인후과의원 | [공덕연세이비인후과] 원무과 직원 채용합니다 (주6일) | 19시간 전 등록
[2025-07-14 06:02:23] INFO - 0566 | 죽향산업㈜ | 담양죽향CC 프런트, 경기과 직원 채용 | 19시간 전 등록
[2025-07-14 06:02:23] INFO - 0567 | 빙하 미술관 | 빙하미술관 베이커리 카페 직원 채용 | 19시간 전 등록
[2025-07-14 06:02:23] INFO - 0568 | 일진레져㈜ | 식음팀(홀) 정직원 모집-솔라고cc | 19시간 전 등록
[2025-07-14 06:02:23] INFO - 0569 | 세무회계지킴 | [세무회계지킴] 비서 채용 공고 | 19시간 전 등록
[2025-07-14 06:02:23] INFO - 0570 | 일진레져㈜ | 골프장 경기팀 직원 모집-솔라고cc | 19시간 전 등록
[2025-07-14 06:02:23] INFO - 0571 | 일진레져㈜ | 대식당 및 직원식당 주방보조 정직원 모집-솔라고cc | 19시간 전 등록
[2025-07-14 06:02:23] INFO - 0572 | 심덕택피부과 | 피부관리사 모십니다. | 19시간 전 등록
[2025-07-14 06:02:24] INFO - 0573 | ㈜도고칸트리구락부 | 도고CC 골프장 시설관리부 정직원 채용 | 19시간 전 등록
[2025-07-14 06:02:24] INFO - 0574 | ㈜예술과기술 | 구미 Nexacro 개발 5개월 | 19시간 전 등록
[2025-07-14 06:02:24] INFO - 0575 | 베이커리 이씨네빵집 | 이씨네빵집 성신여대점에서 제과제빵생산직원을 모집합니다(주5일제 근무) | 19시간 전 등록
[2025-07-14 06:02:24] INFO - 0576 | ㈜노랑풍선시티버스 | 2층버스를 운행할 기사님을 모집합니다. | 19시간 전 등록
[2025-07-14 06:02:24] INFO - 0577 | ㈜손샘영어범어고등 | 고등영어 수능/내신 강사모집(주4-6일 / 초중등부 수업X) | 19시간 전 등록
[2025-07-14 06:02:24] INFO - 0578 | ㈜YD하우스디자인인테리어 | 인테리어 상담 계약 현장진행 | 20시간 전 등록
[2025-07-14 06:02:24] INFO - 0579 | ㈜이진상회 | 이천 카페 (주)이진상회 직원 채용모집 [이천점] | 20시간 전 등록
[2025-07-14 06:02:25] INFO - 0580 | 트릴 | [송파 문정] 트릴에스테틱 지점운영자 채용 공고 | 20시간 전 등록
[2025-07-14 06:02:25] INFO - 0581 | 대기 이에스티㈜ | 자동차 부품 제조업 생산관리 경력직 구인 | 20시간 전 등록
[2025-07-14 06:02:25] INFO - 0582 | (주)늘푸른교육 | 광진캠퍼스 상담실 선생님 채용 (주6일) | 20시간 전 등록
[2025-07-14 06:02:25] INFO - 0583 | 스시 하루 | (주5일)일식,오마카세, 스시하루신사에서 주방스탭을 모집합니다. | 20시간 전 등록
[2025-07-14 06:02:25] INFO - 0584 | 같이가요 | [MyStory] 익명 소통·수익형 SNS 파트타임 마케팅 인턴 모집 | 20시간 전 등록
[2025-07-14 06:02:25] INFO - 0585 | ㈜만점족에프앤비 | 프랜차이즈 본사 경영지원팀 인원충원 | 20시간 전 등록
[2025-07-14 06:02:25] INFO - 0586 | HIGHMEX PTE. LTD | [재택근무] 한국 채널 운영 관리자 | 20시간 전 등록
[2025-07-14 06:02:26] INFO - 0587 | 아레나파크웨딩 | 아레나파크웨딩홀 예약실 사원-과장 | 20시간 전 등록
[2025-07-14 06:02:26] INFO - 0588 | 이도 | 부동산을 배우고 돈도 벌고 / 주식회사 이도 / 부동산관련 영업,관리,홍보 | 20시간 전 등록
[2025-07-14 06:02:26] INFO - 0589 | 올리브파트너스㈜ | [곤트란쉐리에(베이커리 카페) 프리미엄 힐튼 판교점] 매니저 모집 | 20시간 전 등록
[2025-07-14 06:02:26] INFO - 0590 | 같이가요 | [MyStory] 익명 소통·수익형 SNS 파트타임 CEO Staff 인턴 모집 | 20시간 전 등록
[2025-07-14 06:02:26] INFO - 0591 | 농업회사법인㈜투마루 | [주3일/단순반복] 일 4시간 / 김천 혁신도시 소재 빵공장 | 20시간 전 등록
[2025-07-14 06:02:26] INFO - 0592 | 다시봄날의원 | 다시봄날 평택점 (피부과). 간호조무사 채용 (주5일). 평택역 도보 5분 | 20시간 전 등록
[2025-07-14 06:02:27] INFO - 0593 | ㈜위딩컴퍼니 | `워라벨`가능한 제주스 브런치 카페(양식) 조리사/주방보조 채용 (신입/경 | 20시간 전 등록
[2025-07-14 06:02:27] INFO - 0594 | 지앤교육그룹알프스인재니움㈜ | 비서직(일반사무 및 교육관리 포함) 초빙 공지입니다. | 20시간 전 등록
[2025-07-14 06:02:27] INFO - 0595 | 지앤교육그룹알프스인재니움㈜ | 영어교육센터 코디 및 매니저 초빙 공지입니다 | 20시간 전 등록
[2025-07-14 06:02:27] INFO - 0596 | 뵈르뵈르하우스(beurre beurre house) | 주)BBH 뵈르뵈르 하우스 채용 공고 오후채용공고 | 20시간 전 등록
[2025-07-14 06:02:27] INFO - 0597 | ㈜에스가든웨딩홀 | (주)에스가든웨딩홀 청주점 예약실 정직원을 모집합니다 | 20시간 전 등록
[2025-07-14 06:02:27] INFO - 0598 | ㈜닥터써클 | [강남/유연근무] 척추건강제품 자사몰 컨텐츠 마케터 구인 | 20시간 전 등록
[2025-07-14 06:02:27] INFO - 0599 | 유한회사 더스카이 | 엘리스테이 정읍점 식음팀 (홀) 직원 채용 | 20시간 전 등록
[2025-07-14 06:02:28] INFO - 0600 | ㈜아고란 | A-level, I/GCSE, IB 강사모집 | 20시간 전 등록
[2025-07-14 06:02:28] INFO - ⏱ 2.25초 대기
[2025-07-14 06:02:30] INFO - 
📄 현재 페이지: 13
[2025-07-14 06:02:31] INFO - 0601 | 주식회사 지아이커넥트 | 주4일/복리후생끝판왕/울산경남지사/단순전화접수/고용노동부위탁기관 | 20시간 전 등록
[2025-07-14 06:02:31] INFO - 0602 | 주식회사 지아이커넥트 | 주4일/복리후생끝판왕/인천검단지사/초보가능/섭외/브리핑/법정의무교육 | 20시간 전 등록
[2025-07-14 06:02:31] INFO - 0603 | 주식회사 지아이커넥트 | 주4일/복리후생끝판왕/의정부지사/초보가능/섭외/브리핑/법정의무교육 | 20시간 전 등록
[2025-07-14 06:02:31] INFO - 0604 | 주식회사 지아이커넥트 | 주4일/복리후생끝판왕/강서마곡지사/단순전화접수/고용노동부위탁기관/법정 | 20시간 전 등록
[2025-07-14 06:02:31] INFO - 0605 | 주식회사 지아이커넥트 | [개꿀직장]주4일/10시-16시30분/광주지사/온라인교육단순안내/초보가능 | 20시간 전 등록
[2025-07-14 06:02:31] INFO - 0606 | ㈜리사르커피 | [리사르 커피 명동점] 바리스타 정규직 채용(추가채용) | 20시간 전 등록
[2025-07-14 06:02:31] INFO - 0607 | ㈜준홀딩스 | [쿨링 코스메틱, 멘톨로지] 디자이너 부분 모집 | 20시간 전 등록
[2025-07-14 06:02:32] INFO - 0608 | ㈜노야광화문에스에프씨 | [광화문노야SFC점] BOH 주방 정규직 채용 - 프리미엄 샤브샤브 레스토랑 | 21시간 전 등록
[2025-07-14 06:02:32] INFO - 0609 | 호호컴퍼니 | 침구 브랜드 MD 경력직 모집 | 21시간 전 등록
[2025-07-14 06:02:32] INFO - 0610 | ㈜한국데이터통신 | 실내외 자율주행 안내로봇(보행약자대상) 개발자를 모십니다. | 21시간 전 등록
[2025-07-14 06:02:32] INFO - 0611 | ㈜정신건강연구소 | [직장인 수면카페 관리자 채용] 예약관리, 고객안내, 블로그 관리 등 | 21시간 전 등록
[2025-07-14 06:02:32] INFO - 0612 | ㈜애니파이브 | AI 사업기획 책임자를 모십니다. | 21시간 전 등록
[2025-07-14 06:02:32] INFO - 0613 | 마츠도 서울역점 | [서울역 인근] 미소라멘 전문점 마츠도 서울역점 아르바이트 모집 | 21시간 전 등록
[2025-07-14 06:02:32] INFO - 0614 | 마츠도 서울역점 | [서울역 / 주5일근무] 미소라멘 전문점 마츠도 서울역점 정직원 모집 | 21시간 전 등록
[2025-07-14 06:02:33] INFO - 0615 | 365 차차한의원 | 구리시 365차차 한의원 주5일 근무하실 간호조무사선생님 모십니다. | 21시간 전 등록
[2025-07-14 06:02:33] INFO - 0616 | ㈜정신건강연구소 | [세무 담당자 채용] 계산서 발행, 엑셀파일 관리 등 (탄력근무 가능) | 21시간 전 등록
[2025-07-14 06:02:33] INFO - 0617 | ㈜옥토아이앤씨 | [봄봄매트] 웹디자이너 채용 | 21시간 전 등록
[2025-07-14 06:02:33] INFO - 0618 | ㈜성우산업개발 | [전국] 부동산 매물접수 영업사원을 모집합니다. | 21시간 전 등록
[2025-07-14 06:02:33] INFO - 0619 | ㈜애니파이브 | 기술이전컨설팅 담당을 모십니다. | 21시간 전 등록
[2025-07-14 06:02:33] INFO - 0620 | ㈜아이피시 | [연세의료원/신입/환영]신촌세브란스 암병원 수술실 회복실 파트 사원 모집 | 21시간 전 등록
[2025-07-14 06:02:34] INFO - 0621 | ㈜비엘에스 | 세무/회계/경리 업무 모집합니다 | 21시간 전 등록
[2025-07-14 06:02:34] INFO - 0622 | ㈜정신건강연구소 | [임상병리사 채용] 수면검사, 예약관리 및 응대, 행정업무 등 관리자 | 21시간 전 등록
[2025-07-14 06:02:34] INFO - 0623 | 연세우리병원 | 조리사(찬조리원) 모집합니다 | 21시간 전 등록
[2025-07-14 06:02:34] INFO - 0624 | 연세우리병원 | 방사선사 모집 | 21시간 전 등록
[2025-07-14 06:02:34] INFO - 0625 | 부뜰정보시스템 | RPA 개발자/PL(정규직) 모집 | 21시간 전 등록
[2025-07-14 06:02:34] INFO - 0626 | AIA생명보험-본사 | 오전10시-오후5시[서울전지역]AIA생명 본사상담원모집/면접선물-신입/경력 | 21시간 전 등록
[2025-07-14 06:02:34] INFO - 0627 | AIA생명보험-본사 | 오전10시-오후4시[울산오픈]AIA생명 본사상담원모집/면접선물-신입/경력 | 21시간 전 등록
[2025-07-14 06:02:35] INFO - 0628 | AIA생명보험-본사 | 오전10시-오후4시[대구오픈]AIA생명 본사상담원모집/면접선물-신입/경력 | 22시간 전 등록
[2025-07-14 06:02:35] INFO - 0629 | AIA생명보험-본사 | 오전10시-오후5시[광주오픈]AIA생명 본사상담원모집/면접선물-신입/경력 | 22시간 전 등록
[2025-07-14 06:02:35] INFO - 0630 | 정동소셜클럽㈜ | [주4일/연봉3200] 오드하우스 주방 요리사 신입/경력 채용 [시청/서대문/정 | 22시간 전 등록
[2025-07-14 06:02:35] INFO - 0631 | ㈜피버즈(Feverz) | [경력] 모션그래픽 / 종편 디자이너를 모집합니다. | 22시간 전 등록
[2025-07-14 06:02:35] INFO - 0632 | AIA생명보험-본사 | 오전10시-오후4시[부산오픈]AIA생명 본사상담원모집/면접선물-신입/경력 | 22시간 전 등록
[2025-07-14 06:02:35] INFO - 0633 | Letswork | 초보가능/정규직채용[원주단구동]KT고객센터 인바운드상담원모집-신입/경력 | 22시간 전 등록
[2025-07-14 06:02:35] INFO - 0634 | Letswork | 초보가능/정규직채용[고양삼송역]KT고객센터 인바운드상담원모집-신입/경력 | 22시간 전 등록
[2025-07-14 06:02:36] INFO - 0635 | 브래드팩토리망캄 | 브래드팩토리 망캄 율동점 생산직원모집(남자기숙사있음) | 22시간 전 등록
[2025-07-14 06:02:36] INFO - 0636 | 카페 라 퀴진 | 브런치레스토랑 - 함께 성장할 주방 파트너를 찾습니다 | 22시간 전 등록
[2025-07-14 06:02:36] INFO - 0637 | ㈜로와이드 | 로와이드 1호점 서울숲점 바리스타 신입&경력 모집 | 22시간 전 등록
[2025-07-14 06:02:36] INFO - 0638 | ㈜피에스케이인터내셔널 | 유통, 물류 현장 담당자 | 22시간 전 등록
[2025-07-14 06:02:36] INFO - 0639 | ㈜다정베이커리 | 제과제빵 / 파티셰 / 파트타이머 / 오산 | 22시간 전 등록
[2025-07-14 06:02:36] INFO - 0640 | CUISSON82 | 강남구 도곡동 뀌쏭82 프렌치 비스트로 경력자 또는 수셰프 채용 합니다. | 22시간 전 등록
[2025-07-14 06:02:36] INFO - 0641 | 진스킨의원 | 서현역 진스킨 피부과 상담실장님을 모십니다. | 22시간 전 등록
[2025-07-14 06:02:37] INFO - 0642 | 지제이컨설팅 | 일본어 유튜브 쇼츠 편집자 모집 [재택근무/프리랜서] | 22시간 전 등록
[2025-07-14 06:02:37] INFO - 0643 | 한화라이프랩㈜ | 보험챔피언의 컨셉은 뭐가 다를까 | 22시간 전 등록
[2025-07-14 06:02:37] INFO - ⛔ 1일 이내 게시글 크롤링 완료 — 종료
[2025-07-14 06:02:37] INFO - 📝 마지막 데이터 저장 완료 (총 643건)
[2025-07-14 06:02:37] INFO - ✅ 크롤러 정상 종료
[2025-07-14 06:02:37] INFO - 테이블 생성 시작
[2025-07-14 06:02:37] INFO - 테이블 생성 완료
[2025-07-14 06:02:37] INFO - 0번째 행 입력
[2025-07-14 06:02:37] INFO - 1번째 행 입력
[2025-07-14 06:02:37] INFO - 2번째 행 입력
[2025-07-14 06:02:37] INFO - 3번째 행 입력
[2025-07-14 06:02:37] INFO - 4번째 행 입력
[2025-07-14 06:02:37] INFO - 5번째 행 입력
[2025-07-14 06:02:37] INFO - 6번째 행 입력
[2025-07-14 06:02:37] INFO - 7번째 행 입력
[2025-07-14 06:02:37] INFO - 8번째 행 입력
[2025-07-14 06:02:38] INFO - 9번째 행 입력
[2025-07-14 06:02:38] INFO - 10번째 행 입력
[2025-07-14 06:02:38] INFO - 11번째 행 입력
[2025-07-14 06:02:38] INFO - 12번째 행 입력
[2025-07-14 06:02:38] INFO - 13번째 행 입력
[2025-07-14 06:02:38] INFO - 14번째 행 입력
[2025-07-14 06:02:38] INFO - 15번째 행 입력
[2025-07-14 06:02:38] INFO - 16번째 행 입력
[2025-07-14 06:02:38] INFO - 17번째 행 입력
[2025-07-14 06:02:38] INFO - 18번째 행 입력
[2025-07-14 06:02:38] INFO - 19번째 행 입력
[2025-07-14 06:02:38] INFO - 20번째 행 입력
[2025-07-14 06:02:38] INFO - 21번째 행 입력
[2025-07-14 06:02:38] INFO - 22번째 행 입력
[2025-07-14 06:02:38] INFO - 23번째 행 입력
[2025-07-14 06:02:38] INFO - 24번째 행 입력
[2025-07-14 06:02:38] INFO - 25번째 행 입력
[2025-07-14 06:02:38] INFO - 26번째 행 입력
[2025-07-14 06:02:38] INFO - 27번째 행 입력
[2025-07-14 06:02:39] INFO - 28번째 행 입력
[2025-07-14 06:02:39] INFO - 29번째 행 입력
[2025-07-14 06:02:39] INFO - 30번째 행 입력
[2025-07-14 06:02:39] INFO - 31번째 행 입력
[2025-07-14 06:02:39] INFO - 32번째 행 입력
[2025-07-14 06:02:39] INFO - 33번째 행 입력
[2025-07-14 06:02:39] INFO - 34번째 행 입력
[2025-07-14 06:02:39] INFO - 35번째 행 입력
[2025-07-14 06:02:39] INFO - 36번째 행 입력
[2025-07-14 06:02:39] INFO - 37번째 행 입력
[2025-07-14 06:02:39] INFO - 38번째 행 입력
[2025-07-14 06:02:39] INFO - 39번째 행 입력
[2025-07-14 06:02:39] INFO - 40번째 행 입력
[2025-07-14 06:02:39] INFO - 41번째 행 입력
[2025-07-14 06:02:39] INFO - 42번째 행 입력
[2025-07-14 06:02:39] INFO - 43번째 행 입력
[2025-07-14 06:02:39] INFO - 44번째 행 입력
[2025-07-14 06:02:39] INFO - 45번째 행 입력
[2025-07-14 06:02:39] INFO - 46번째 행 입력
[2025-07-14 06:02:39] INFO - 47번째 행 입력
[2025-07-14 06:02:39] INFO - [SKIPPED - DUPLICATE] ㈜데이원컴퍼니 / [패스트캠퍼스] 브랜드 콘텐츠 디자이너 / 9999-12-31 은 이미 존재하여 삽입되지 않았습니다.
[2025-07-14 06:02:39] INFO - 48번째 행 입력
[2025-07-14 06:02:40] INFO - 49번째 행 입력
[2025-07-14 06:02:40] INFO - 50번째 행 입력
[2025-07-14 06:02:40] INFO - [SKIPPED - DUPLICATE] ㈜두드림교육 / 컴퓨터활용능력2급실기(7월22일-8월22일) 화목/화목금 19:20-22:20 / 2025-07-14 은 이미 존재하여 삽입되지 않았습니다.
[2025-07-14 06:02:40] INFO - 51번째 행 입력
[2025-07-14 06:02:40] INFO - 52번째 행 입력
[2025-07-14 06:02:40] INFO - 53번째 행 입력
[2025-07-14 06:02:40] INFO - 54번째 행 입력
[2025-07-14 06:02:40] INFO - 55번째 행 입력
[2025-07-14 06:02:40] INFO - 56번째 행 입력
[2025-07-14 06:02:40] INFO - 57번째 행 입력
[2025-07-14 06:02:40] INFO - 58번째 행 입력
[2025-07-14 06:02:40] INFO - 59번째 행 입력
[2025-07-14 06:02:40] INFO - 60번째 행 입력
[2025-07-14 06:02:40] INFO - 61번째 행 입력
[2025-07-14 06:02:40] INFO - 62번째 행 입력
[2025-07-14 06:02:40] INFO - 63번째 행 입력
[2025-07-14 06:02:40] INFO - 64번째 행 입력
[2025-07-14 06:02:40] INFO - 65번째 행 입력
[2025-07-14 06:02:40] INFO - 66번째 행 입력
[2025-07-14 06:02:40] INFO - 67번째 행 입력
[2025-07-14 06:02:40] INFO - 68번째 행 입력
[2025-07-14 06:02:41] INFO - 69번째 행 입력
[2025-07-14 06:02:41] INFO - 70번째 행 입력
[2025-07-14 06:02:41] INFO - 71번째 행 입력
[2025-07-14 06:02:41] INFO - 72번째 행 입력
[2025-07-14 06:02:41] INFO - 73번째 행 입력
[2025-07-14 06:02:41] INFO - 74번째 행 입력
[2025-07-14 06:02:41] INFO - 75번째 행 입력
[2025-07-14 06:02:41] INFO - 76번째 행 입력
[2025-07-14 06:02:41] INFO - 77번째 행 입력
[2025-07-14 06:02:41] INFO - 78번째 행 입력
[2025-07-14 06:02:41] INFO - 79번째 행 입력
[2025-07-14 06:02:41] INFO - 80번째 행 입력
[2025-07-14 06:02:41] INFO - 81번째 행 입력
[2025-07-14 06:02:41] INFO - 82번째 행 입력
[2025-07-14 06:02:41] INFO - 83번째 행 입력
[2025-07-14 06:02:41] INFO - 84번째 행 입력
[2025-07-14 06:02:41] INFO - 85번째 행 입력
[2025-07-14 06:02:41] INFO - 86번째 행 입력
[2025-07-14 06:02:41] INFO - 87번째 행 입력
[2025-07-14 06:02:41] INFO - 88번째 행 입력
[2025-07-14 06:02:41] INFO - 89번째 행 입력
[2025-07-14 06:02:42] INFO - 90번째 행 입력
[2025-07-14 06:02:42] INFO - 91번째 행 입력
[2025-07-14 06:02:42] INFO - 92번째 행 입력
[2025-07-14 06:02:42] INFO - 93번째 행 입력
[2025-07-14 06:02:42] INFO - 94번째 행 입력
[2025-07-14 06:02:42] INFO - 95번째 행 입력
[2025-07-14 06:02:42] INFO - 96번째 행 입력
[2025-07-14 06:02:42] INFO - 97번째 행 입력
[2025-07-14 06:02:42] INFO - 98번째 행 입력
[2025-07-14 06:02:42] INFO - 99번째 행 입력
[2025-07-14 06:02:42] INFO - 100번째 행 입력
[2025-07-14 06:02:42] INFO - 101번째 행 입력
[2025-07-14 06:02:42] INFO - 102번째 행 입력
[2025-07-14 06:02:42] INFO - 103번째 행 입력
[2025-07-14 06:02:42] INFO - 104번째 행 입력
[2025-07-14 06:02:42] INFO - 105번째 행 입력
[2025-07-14 06:02:42] INFO - 106번째 행 입력
[2025-07-14 06:02:42] INFO - 107번째 행 입력
[2025-07-14 06:02:42] INFO - 108번째 행 입력
[2025-07-14 06:02:43] INFO - 109번째 행 입력
[2025-07-14 06:02:43] INFO - 110번째 행 입력
[2025-07-14 06:02:43] INFO - 111번째 행 입력
[2025-07-14 06:02:43] INFO - 112번째 행 입력
[2025-07-14 06:02:43] INFO - 113번째 행 입력
[2025-07-14 06:02:43] INFO - 114번째 행 입력
[2025-07-14 06:02:43] INFO - 115번째 행 입력
[2025-07-14 06:02:43] INFO - 116번째 행 입력
[2025-07-14 06:02:43] INFO - 117번째 행 입력
[2025-07-14 06:02:43] INFO - 118번째 행 입력
[2025-07-14 06:02:43] INFO - 119번째 행 입력
[2025-07-14 06:02:43] INFO - 120번째 행 입력
[2025-07-14 06:02:43] INFO - 121번째 행 입력
[2025-07-14 06:02:43] INFO - 122번째 행 입력
[2025-07-14 06:02:43] INFO - 123번째 행 입력
[2025-07-14 06:02:43] INFO - 124번째 행 입력
[2025-07-14 06:02:43] INFO - 125번째 행 입력
[2025-07-14 06:02:43] INFO - 126번째 행 입력
[2025-07-14 06:02:43] INFO - 127번째 행 입력
[2025-07-14 06:02:43] INFO - 128번째 행 입력
[2025-07-14 06:02:43] INFO - 129번째 행 입력
[2025-07-14 06:02:44] INFO - 130번째 행 입력
[2025-07-14 06:02:44] INFO - 131번째 행 입력
[2025-07-14 06:02:44] INFO - 132번째 행 입력
[2025-07-14 06:02:44] INFO - 133번째 행 입력
[2025-07-14 06:02:44] INFO - 134번째 행 입력
[2025-07-14 06:02:44] INFO - 135번째 행 입력
[2025-07-14 06:02:44] INFO - 136번째 행 입력
[2025-07-14 06:02:44] INFO - 137번째 행 입력
[2025-07-14 06:02:44] INFO - 138번째 행 입력
[2025-07-14 06:02:44] INFO - 139번째 행 입력
[2025-07-14 06:02:44] INFO - 140번째 행 입력
[2025-07-14 06:02:44] INFO - 141번째 행 입력
[2025-07-14 06:02:44] INFO - 142번째 행 입력
[2025-07-14 06:02:44] INFO - 143번째 행 입력
[2025-07-14 06:02:44] INFO - 144번째 행 입력
[2025-07-14 06:02:44] INFO - 145번째 행 입력
[2025-07-14 06:02:44] INFO - 146번째 행 입력
[2025-07-14 06:02:44] INFO - 147번째 행 입력
[2025-07-14 06:02:44] INFO - 148번째 행 입력
[2025-07-14 06:02:44] INFO - 149번째 행 입력
[2025-07-14 06:02:44] INFO - 150번째 행 입력
[2025-07-14 06:02:44] INFO - 151번째 행 입력
[2025-07-14 06:02:45] INFO - 152번째 행 입력
[2025-07-14 06:02:45] INFO - 153번째 행 입력
[2025-07-14 06:02:45] INFO - 154번째 행 입력
[2025-07-14 06:02:45] INFO - 155번째 행 입력
[2025-07-14 06:02:45] INFO - 156번째 행 입력
[2025-07-14 06:02:45] INFO - 157번째 행 입력
[2025-07-14 06:02:45] INFO - 158번째 행 입력
[2025-07-14 06:02:45] INFO - 159번째 행 입력
[2025-07-14 06:02:45] INFO - 160번째 행 입력
[2025-07-14 06:02:45] INFO - 161번째 행 입력
[2025-07-14 06:02:45] INFO - 162번째 행 입력
[2025-07-14 06:02:45] INFO - 163번째 행 입력
[2025-07-14 06:02:45] INFO - 164번째 행 입력
[2025-07-14 06:02:45] INFO - 165번째 행 입력
[2025-07-14 06:02:45] INFO - 166번째 행 입력
[2025-07-14 06:02:45] INFO - 167번째 행 입력
[2025-07-14 06:02:45] INFO - 168번째 행 입력
[2025-07-14 06:02:45] INFO - 169번째 행 입력
[2025-07-14 06:02:45] INFO - 170번째 행 입력
[2025-07-14 06:02:45] INFO - 171번째 행 입력
[2025-07-14 06:02:45] INFO - 172번째 행 입력
[2025-07-14 06:02:45] INFO - 173번째 행 입력
[2025-07-14 06:02:45] INFO - 174번째 행 입력
[2025-07-14 06:02:45] INFO - 175번째 행 입력
[2025-07-14 06:02:46] INFO - 176번째 행 입력
[2025-07-14 06:02:46] INFO - 177번째 행 입력
[2025-07-14 06:02:46] INFO - 178번째 행 입력
[2025-07-14 06:02:46] INFO - 179번째 행 입력
[2025-07-14 06:02:46] INFO - 180번째 행 입력
[2025-07-14 06:02:46] INFO - 181번째 행 입력
[2025-07-14 06:02:46] INFO - 182번째 행 입력
[2025-07-14 06:02:46] INFO - 183번째 행 입력
[2025-07-14 06:02:46] INFO - 184번째 행 입력
[2025-07-14 06:02:46] INFO - 185번째 행 입력
[2025-07-14 06:02:46] INFO - 186번째 행 입력
[2025-07-14 06:02:46] INFO - 187번째 행 입력
[2025-07-14 06:02:46] INFO - 188번째 행 입력
[2025-07-14 06:02:46] INFO - 189번째 행 입력
[2025-07-14 06:02:46] INFO - 190번째 행 입력
[2025-07-14 06:02:46] INFO - 191번째 행 입력
[2025-07-14 06:02:46] INFO - 192번째 행 입력
[2025-07-14 06:02:46] INFO - 193번째 행 입력
[2025-07-14 06:02:46] INFO - 194번째 행 입력
[2025-07-14 06:02:46] INFO - 195번째 행 입력
[2025-07-14 06:02:46] INFO - 196번째 행 입력
[2025-07-14 06:02:46] INFO - 197번째 행 입력
[2025-07-14 06:02:47] INFO - 198번째 행 입력
[2025-07-14 06:02:47] INFO - 199번째 행 입력
[2025-07-14 06:02:47] INFO - 200번째 행 입력
[2025-07-14 06:02:47] INFO - 201번째 행 입력
[2025-07-14 06:02:47] INFO - 202번째 행 입력
[2025-07-14 06:02:47] INFO - 203번째 행 입력
[2025-07-14 06:02:47] INFO - 204번째 행 입력
[2025-07-14 06:02:47] INFO - 205번째 행 입력
[2025-07-14 06:02:47] INFO - 206번째 행 입력
[2025-07-14 06:02:47] INFO - 207번째 행 입력
[2025-07-14 06:02:47] INFO - 208번째 행 입력
[2025-07-14 06:02:47] INFO - 209번째 행 입력
[2025-07-14 06:02:47] INFO - 210번째 행 입력
[2025-07-14 06:02:47] INFO - 211번째 행 입력
[2025-07-14 06:02:47] INFO - 212번째 행 입력
[2025-07-14 06:02:47] INFO - 213번째 행 입력
[2025-07-14 06:02:47] INFO - 214번째 행 입력
[2025-07-14 06:02:47] INFO - 215번째 행 입력
[2025-07-14 06:02:47] INFO - 216번째 행 입력
[2025-07-14 06:02:47] INFO - 217번째 행 입력
[2025-07-14 06:02:47] INFO - 218번째 행 입력
[2025-07-14 06:02:47] INFO - 219번째 행 입력
[2025-07-14 06:02:47] INFO - 220번째 행 입력
[2025-07-14 06:02:48] INFO - 221번째 행 입력
[2025-07-14 06:02:48] INFO - 222번째 행 입력
[2025-07-14 06:02:48] INFO - 223번째 행 입력
[2025-07-14 06:02:48] INFO - 224번째 행 입력
[2025-07-14 06:02:48] INFO - 225번째 행 입력
[2025-07-14 06:02:48] INFO - 226번째 행 입력
[2025-07-14 06:02:48] INFO - 227번째 행 입력
[2025-07-14 06:02:48] INFO - 228번째 행 입력
[2025-07-14 06:02:48] INFO - 229번째 행 입력
[2025-07-14 06:02:48] INFO - 230번째 행 입력
[2025-07-14 06:02:48] INFO - 231번째 행 입력
[2025-07-14 06:02:48] INFO - 232번째 행 입력
[2025-07-14 06:02:48] INFO - 233번째 행 입력
[2025-07-14 06:02:48] INFO - 234번째 행 입력
[2025-07-14 06:02:48] INFO - 235번째 행 입력
[2025-07-14 06:02:48] INFO - 236번째 행 입력
[2025-07-14 06:02:48] INFO - 237번째 행 입력
[2025-07-14 06:02:48] INFO - 238번째 행 입력
[2025-07-14 06:02:48] INFO - 239번째 행 입력
[2025-07-14 06:02:48] INFO - 240번째 행 입력
[2025-07-14 06:02:48] INFO - 241번째 행 입력
[2025-07-14 06:02:48] INFO - 242번째 행 입력
[2025-07-14 06:02:49] INFO - 243번째 행 입력
[2025-07-14 06:02:49] INFO - 244번째 행 입력
[2025-07-14 06:02:49] INFO - 245번째 행 입력
[2025-07-14 06:02:49] INFO - 246번째 행 입력
[2025-07-14 06:02:49] INFO - 247번째 행 입력
[2025-07-14 06:02:49] INFO - 248번째 행 입력
[2025-07-14 06:02:49] INFO - 249번째 행 입력
[2025-07-14 06:02:49] INFO - 250번째 행 입력
[2025-07-14 06:02:49] INFO - 251번째 행 입력
[2025-07-14 06:02:49] INFO - 252번째 행 입력
[2025-07-14 06:02:49] INFO - 253번째 행 입력
[2025-07-14 06:02:49] INFO - 254번째 행 입력
[2025-07-14 06:02:49] INFO - 255번째 행 입력
[2025-07-14 06:02:49] INFO - 256번째 행 입력
[2025-07-14 06:02:49] INFO - 257번째 행 입력
[2025-07-14 06:02:49] INFO - 258번째 행 입력
[2025-07-14 06:02:49] INFO - 259번째 행 입력
[2025-07-14 06:02:49] INFO - 260번째 행 입력
[2025-07-14 06:02:49] INFO - 261번째 행 입력
[2025-07-14 06:02:49] INFO - 262번째 행 입력
[2025-07-14 06:02:49] INFO - 263번째 행 입력
[2025-07-14 06:02:49] INFO - 264번째 행 입력
[2025-07-14 06:02:49] INFO - [SKIPPED - DUPLICATE] 인트로맨㈜ / [대한상공회의소/시청/평일] 원산지증명센터 무역인증 발급업무 / 2025-07-18 은 이미 존재하여 삽입되지 않았습니다.
[2025-07-14 06:02:50] INFO - 265번째 행 입력
[2025-07-14 06:02:50] INFO - 266번째 행 입력
[2025-07-14 06:02:50] INFO - 267번째 행 입력
[2025-07-14 06:02:50] INFO - 268번째 행 입력
[2025-07-14 06:02:50] INFO - 269번째 행 입력
[2025-07-14 06:02:50] INFO - 270번째 행 입력
[2025-07-14 06:02:50] INFO - 271번째 행 입력
[2025-07-14 06:02:50] INFO - 272번째 행 입력
[2025-07-14 06:02:50] INFO - 273번째 행 입력
[2025-07-14 06:02:50] INFO - 274번째 행 입력
[2025-07-14 06:02:50] INFO - 275번째 행 입력
[2025-07-14 06:02:50] INFO - 276번째 행 입력
[2025-07-14 06:02:50] INFO - 277번째 행 입력
[2025-07-14 06:02:50] INFO - 278번째 행 입력
[2025-07-14 06:02:50] INFO - 279번째 행 입력
[2025-07-14 06:02:50] INFO - 280번째 행 입력
[2025-07-14 06:02:50] INFO - 281번째 행 입력
[2025-07-14 06:02:50] INFO - 282번째 행 입력
[2025-07-14 06:02:50] INFO - 283번째 행 입력
[2025-07-14 06:02:50] INFO - 284번째 행 입력
[2025-07-14 06:02:50] INFO - 285번째 행 입력
[2025-07-14 06:02:51] INFO - 286번째 행 입력
[2025-07-14 06:02:51] INFO - 287번째 행 입력
[2025-07-14 06:02:51] INFO - 288번째 행 입력
[2025-07-14 06:02:51] INFO - 289번째 행 입력
[2025-07-14 06:02:51] INFO - 290번째 행 입력
[2025-07-14 06:02:51] INFO - 291번째 행 입력
[2025-07-14 06:02:51] INFO - 292번째 행 입력
[2025-07-14 06:02:51] INFO - 293번째 행 입력
[2025-07-14 06:02:51] INFO - 294번째 행 입력
[2025-07-14 06:02:51] INFO - 295번째 행 입력
[2025-07-14 06:02:51] INFO - 296번째 행 입력
[2025-07-14 06:02:51] INFO - 297번째 행 입력
[2025-07-14 06:02:51] INFO - 298번째 행 입력
[2025-07-14 06:02:51] INFO - 299번째 행 입력
[2025-07-14 06:02:51] INFO - 300번째 행 입력
[2025-07-14 06:02:51] INFO - 301번째 행 입력
[2025-07-14 06:02:51] INFO - 302번째 행 입력
[2025-07-14 06:02:51] INFO - 303번째 행 입력
[2025-07-14 06:02:51] INFO - 304번째 행 입력
[2025-07-14 06:02:51] INFO - 305번째 행 입력
[2025-07-14 06:02:51] INFO - 306번째 행 입력
[2025-07-14 06:02:51] INFO - 307번째 행 입력
[2025-07-14 06:02:52] INFO - 308번째 행 입력
[2025-07-14 06:02:52] INFO - 309번째 행 입력
[2025-07-14 06:02:52] INFO - 310번째 행 입력
[2025-07-14 06:02:52] INFO - 311번째 행 입력
[2025-07-14 06:02:52] INFO - 312번째 행 입력
[2025-07-14 06:02:52] INFO - 313번째 행 입력
[2025-07-14 06:02:52] INFO - 314번째 행 입력
[2025-07-14 06:02:52] INFO - 315번째 행 입력
[2025-07-14 06:02:52] INFO - 316번째 행 입력
[2025-07-14 06:02:52] INFO - 317번째 행 입력
[2025-07-14 06:02:52] INFO - 318번째 행 입력
[2025-07-14 06:02:52] INFO - 319번째 행 입력
[2025-07-14 06:02:52] INFO - 320번째 행 입력
[2025-07-14 06:02:52] INFO - 321번째 행 입력
[2025-07-14 06:02:52] INFO - 322번째 행 입력
[2025-07-14 06:02:52] INFO - 323번째 행 입력
[2025-07-14 06:02:52] INFO - 324번째 행 입력
[2025-07-14 06:02:52] INFO - 325번째 행 입력
[2025-07-14 06:02:52] INFO - 326번째 행 입력
[2025-07-14 06:02:52] INFO - 327번째 행 입력
[2025-07-14 06:02:52] INFO - 328번째 행 입력
[2025-07-14 06:02:52] INFO - 329번째 행 입력
[2025-07-14 06:02:53] INFO - 330번째 행 입력
[2025-07-14 06:02:53] INFO - 331번째 행 입력
[2025-07-14 06:02:53] INFO - 332번째 행 입력
[2025-07-14 06:02:53] INFO - 333번째 행 입력
[2025-07-14 06:02:53] INFO - 334번째 행 입력
[2025-07-14 06:02:53] INFO - 335번째 행 입력
[2025-07-14 06:02:53] INFO - 336번째 행 입력
[2025-07-14 06:02:53] INFO - 337번째 행 입력
[2025-07-14 06:02:53] INFO - 338번째 행 입력
[2025-07-14 06:02:53] INFO - 339번째 행 입력
[2025-07-14 06:02:53] INFO - 340번째 행 입력
[2025-07-14 06:02:53] INFO - 341번째 행 입력
[2025-07-14 06:02:53] INFO - 342번째 행 입력
[2025-07-14 06:02:53] INFO - 343번째 행 입력
[2025-07-14 06:02:53] INFO - 344번째 행 입력
[2025-07-14 06:02:53] INFO - 345번째 행 입력
[2025-07-14 06:02:53] INFO - 346번째 행 입력
[2025-07-14 06:02:53] INFO - 347번째 행 입력
[2025-07-14 06:02:53] INFO - 348번째 행 입력
[2025-07-14 06:02:53] INFO - 349번째 행 입력
[2025-07-14 06:02:53] INFO - 350번째 행 입력
[2025-07-14 06:02:53] INFO - 351번째 행 입력
[2025-07-14 06:02:53] INFO - 352번째 행 입력
[2025-07-14 06:02:54] INFO - 353번째 행 입력
[2025-07-14 06:02:54] INFO - 354번째 행 입력
[2025-07-14 06:02:54] INFO - 355번째 행 입력
[2025-07-14 06:02:54] INFO - 356번째 행 입력
[2025-07-14 06:02:54] INFO - 357번째 행 입력
[2025-07-14 06:02:54] INFO - 358번째 행 입력
[2025-07-14 06:02:54] INFO - 359번째 행 입력
[2025-07-14 06:02:54] INFO - 360번째 행 입력
[2025-07-14 06:02:54] INFO - 361번째 행 입력
[2025-07-14 06:02:54] INFO - 362번째 행 입력
[2025-07-14 06:02:54] INFO - 363번째 행 입력
[2025-07-14 06:02:54] INFO - 364번째 행 입력
[2025-07-14 06:02:54] INFO - 365번째 행 입력
[2025-07-14 06:02:54] INFO - 366번째 행 입력
[2025-07-14 06:02:54] INFO - 367번째 행 입력
[2025-07-14 06:02:54] INFO - 368번째 행 입력
[2025-07-14 06:02:54] INFO - 369번째 행 입력
[2025-07-14 06:02:54] INFO - 370번째 행 입력
[2025-07-14 06:02:54] INFO - 371번째 행 입력
[2025-07-14 06:02:54] INFO - 372번째 행 입력
[2025-07-14 06:02:54] INFO - 373번째 행 입력
[2025-07-14 06:02:54] INFO - 374번째 행 입력
[2025-07-14 06:02:55] INFO - 375번째 행 입력
[2025-07-14 06:02:55] INFO - 376번째 행 입력
[2025-07-14 06:02:55] INFO - 377번째 행 입력
[2025-07-14 06:02:55] INFO - 378번째 행 입력
[2025-07-14 06:02:55] INFO - 379번째 행 입력
[2025-07-14 06:02:55] INFO - 380번째 행 입력
[2025-07-14 06:02:55] INFO - 381번째 행 입력
[2025-07-14 06:02:55] INFO - 382번째 행 입력
[2025-07-14 06:02:55] INFO - 383번째 행 입력
[2025-07-14 06:02:55] INFO - 384번째 행 입력
[2025-07-14 06:02:55] INFO - 385번째 행 입력
[2025-07-14 06:02:55] INFO - 386번째 행 입력
[2025-07-14 06:02:55] INFO - 387번째 행 입력
[2025-07-14 06:02:55] INFO - 388번째 행 입력
[2025-07-14 06:02:55] INFO - 389번째 행 입력
[2025-07-14 06:02:55] INFO - 390번째 행 입력
[2025-07-14 06:02:55] INFO - 391번째 행 입력
[2025-07-14 06:02:55] INFO - 392번째 행 입력
[2025-07-14 06:02:55] INFO - 393번째 행 입력
[2025-07-14 06:02:55] INFO - 394번째 행 입력
[2025-07-14 06:02:55] INFO - 395번째 행 입력
[2025-07-14 06:02:56] INFO - 396번째 행 입력
[2025-07-14 06:02:56] INFO - 397번째 행 입력
[2025-07-14 06:02:56] INFO - 398번째 행 입력
[2025-07-14 06:02:56] INFO - 399번째 행 입력
[2025-07-14 06:02:56] INFO - 400번째 행 입력
[2025-07-14 06:02:56] INFO - 401번째 행 입력
[2025-07-14 06:02:56] INFO - 402번째 행 입력
[2025-07-14 06:02:56] INFO - 403번째 행 입력
[2025-07-14 06:02:56] INFO - 404번째 행 입력
[2025-07-14 06:02:56] INFO - 405번째 행 입력
[2025-07-14 06:02:56] INFO - 406번째 행 입력
[2025-07-14 06:02:56] INFO - 407번째 행 입력
[2025-07-14 06:02:56] INFO - 408번째 행 입력
[2025-07-14 06:02:56] INFO - 409번째 행 입력
[2025-07-14 06:02:56] INFO - 410번째 행 입력
[2025-07-14 06:02:56] INFO - 411번째 행 입력
[2025-07-14 06:02:56] INFO - 412번째 행 입력
[2025-07-14 06:02:56] INFO - 413번째 행 입력
[2025-07-14 06:02:56] INFO - 414번째 행 입력
[2025-07-14 06:02:56] INFO - 415번째 행 입력
[2025-07-14 06:02:56] INFO - 416번째 행 입력
[2025-07-14 06:02:56] INFO - 417번째 행 입력
[2025-07-14 06:02:56] INFO - 418번째 행 입력
[2025-07-14 06:02:57] INFO - 419번째 행 입력
[2025-07-14 06:02:57] INFO - 420번째 행 입력
[2025-07-14 06:02:57] INFO - 421번째 행 입력
[2025-07-14 06:02:57] INFO - 422번째 행 입력
[2025-07-14 06:02:57] INFO - 423번째 행 입력
[2025-07-14 06:02:57] INFO - 424번째 행 입력
[2025-07-14 06:02:57] INFO - 425번째 행 입력
[2025-07-14 06:02:57] INFO - 426번째 행 입력
[2025-07-14 06:02:57] INFO - 427번째 행 입력
[2025-07-14 06:02:57] INFO - 428번째 행 입력
[2025-07-14 06:02:57] INFO - 429번째 행 입력
[2025-07-14 06:02:57] INFO - 430번째 행 입력
[2025-07-14 06:02:57] INFO - 431번째 행 입력
[2025-07-14 06:02:57] INFO - 432번째 행 입력
[2025-07-14 06:02:57] INFO - 433번째 행 입력
[2025-07-14 06:02:57] INFO - 434번째 행 입력
[2025-07-14 06:02:57] INFO - 435번째 행 입력
[2025-07-14 06:02:57] INFO - 436번째 행 입력
[2025-07-14 06:02:57] INFO - 437번째 행 입력
[2025-07-14 06:02:57] INFO - 438번째 행 입력
[2025-07-14 06:02:57] INFO - 439번째 행 입력
[2025-07-14 06:02:57] INFO - 440번째 행 입력
[2025-07-14 06:02:58] INFO - 441번째 행 입력
[2025-07-14 06:02:58] INFO - 442번째 행 입력
[2025-07-14 06:02:58] INFO - 443번째 행 입력
[2025-07-14 06:02:58] INFO - 444번째 행 입력
[2025-07-14 06:02:58] INFO - 445번째 행 입력
[2025-07-14 06:02:58] INFO - 446번째 행 입력
[2025-07-14 06:02:58] INFO - 447번째 행 입력
[2025-07-14 06:02:58] INFO - 448번째 행 입력
[2025-07-14 06:02:58] INFO - 449번째 행 입력
[2025-07-14 06:02:58] INFO - 450번째 행 입력
[2025-07-14 06:02:58] INFO - 451번째 행 입력
[2025-07-14 06:02:58] INFO - 452번째 행 입력
[2025-07-14 06:02:58] INFO - 453번째 행 입력
[2025-07-14 06:02:58] INFO - 454번째 행 입력
[2025-07-14 06:02:58] INFO - 455번째 행 입력
[2025-07-14 06:02:58] INFO - 456번째 행 입력
[2025-07-14 06:02:58] INFO - 457번째 행 입력
[2025-07-14 06:02:58] INFO - 458번째 행 입력
[2025-07-14 06:02:58] INFO - 459번째 행 입력
[2025-07-14 06:02:58] INFO - 460번째 행 입력
[2025-07-14 06:02:58] INFO - 461번째 행 입력
[2025-07-14 06:02:58] INFO - 462번째 행 입력
[2025-07-14 06:02:59] INFO - 463번째 행 입력
[2025-07-14 06:02:59] INFO - 464번째 행 입력
[2025-07-14 06:02:59] INFO - 465번째 행 입력
[2025-07-14 06:02:59] INFO - 466번째 행 입력
[2025-07-14 06:02:59] INFO - 467번째 행 입력
[2025-07-14 06:02:59] INFO - 468번째 행 입력
[2025-07-14 06:02:59] INFO - 469번째 행 입력
[2025-07-14 06:02:59] INFO - 470번째 행 입력
[2025-07-14 06:02:59] INFO - 471번째 행 입력
[2025-07-14 06:02:59] INFO - 472번째 행 입력
[2025-07-14 06:02:59] INFO - 473번째 행 입력
[2025-07-14 06:02:59] INFO - 474번째 행 입력
[2025-07-14 06:02:59] INFO - 475번째 행 입력
[2025-07-14 06:02:59] INFO - 476번째 행 입력
[2025-07-14 06:02:59] INFO - 477번째 행 입력
[2025-07-14 06:02:59] INFO - 478번째 행 입력
[2025-07-14 06:02:59] INFO - 479번째 행 입력
[2025-07-14 06:02:59] INFO - 480번째 행 입력
[2025-07-14 06:02:59] INFO - 481번째 행 입력
[2025-07-14 06:02:59] INFO - 482번째 행 입력
[2025-07-14 06:02:59] INFO - 483번째 행 입력
[2025-07-14 06:02:59] INFO - 484번째 행 입력
[2025-07-14 06:02:59] INFO - 485번째 행 입력
[2025-07-14 06:03:00] INFO - 486번째 행 입력
[2025-07-14 06:03:00] INFO - 487번째 행 입력
[2025-07-14 06:03:00] INFO - 488번째 행 입력
[2025-07-14 06:03:00] INFO - 489번째 행 입력
[2025-07-14 06:03:00] INFO - 490번째 행 입력
[2025-07-14 06:03:00] INFO - 491번째 행 입력
[2025-07-14 06:03:00] INFO - 492번째 행 입력
[2025-07-14 06:03:00] INFO - 493번째 행 입력
[2025-07-14 06:03:00] INFO - 494번째 행 입력
[2025-07-14 06:03:00] INFO - 495번째 행 입력
[2025-07-14 06:03:00] INFO - 496번째 행 입력
[2025-07-14 06:03:00] INFO - 497번째 행 입력
[2025-07-14 06:03:00] INFO - 498번째 행 입력
[2025-07-14 06:03:00] INFO - 499번째 행 입력
[2025-07-14 06:03:00] INFO - 500번째 행 입력
[2025-07-14 06:03:00] INFO - 501번째 행 입력
[2025-07-14 06:03:00] INFO - 502번째 행 입력
[2025-07-14 06:03:00] INFO - 503번째 행 입력
[2025-07-14 06:03:00] INFO - 504번째 행 입력
[2025-07-14 06:03:00] INFO - 505번째 행 입력
[2025-07-14 06:03:00] INFO - 506번째 행 입력
[2025-07-14 06:03:00] INFO - 507번째 행 입력
[2025-07-14 06:03:01] INFO - 508번째 행 입력
[2025-07-14 06:03:01] INFO - 509번째 행 입력
[2025-07-14 06:03:01] INFO - 510번째 행 입력
[2025-07-14 06:03:01] INFO - 511번째 행 입력
[2025-07-14 06:03:01] INFO - 512번째 행 입력
[2025-07-14 06:03:01] INFO - 513번째 행 입력
[2025-07-14 06:03:01] INFO - 514번째 행 입력
[2025-07-14 06:03:01] INFO - 515번째 행 입력
[2025-07-14 06:03:01] INFO - 516번째 행 입력
[2025-07-14 06:03:01] INFO - 517번째 행 입력
[2025-07-14 06:03:01] INFO - 518번째 행 입력
[2025-07-14 06:03:01] INFO - 519번째 행 입력
[2025-07-14 06:03:01] INFO - 520번째 행 입력
[2025-07-14 06:03:01] INFO - 521번째 행 입력
[2025-07-14 06:03:01] INFO - 522번째 행 입력
[2025-07-14 06:03:01] INFO - 523번째 행 입력
[2025-07-14 06:03:01] INFO - 524번째 행 입력
[2025-07-14 06:03:01] INFO - 525번째 행 입력
[2025-07-14 06:03:01] INFO - 526번째 행 입력
[2025-07-14 06:03:01] INFO - 527번째 행 입력
[2025-07-14 06:03:01] INFO - 528번째 행 입력
[2025-07-14 06:03:01] INFO - 529번째 행 입력
[2025-07-14 06:03:01] INFO - 530번째 행 입력
[2025-07-14 06:03:02] INFO - 531번째 행 입력
[2025-07-14 06:03:02] INFO - 532번째 행 입력
[2025-07-14 06:03:02] INFO - 533번째 행 입력
[2025-07-14 06:03:02] INFO - 534번째 행 입력
[2025-07-14 06:03:02] INFO - 535번째 행 입력
[2025-07-14 06:03:02] INFO - 536번째 행 입력
[2025-07-14 06:03:02] INFO - 537번째 행 입력
[2025-07-14 06:03:02] INFO - 538번째 행 입력
[2025-07-14 06:03:02] INFO - 539번째 행 입력
[2025-07-14 06:03:02] INFO - 540번째 행 입력
[2025-07-14 06:03:02] INFO - 541번째 행 입력
[2025-07-14 06:03:02] INFO - 542번째 행 입력
[2025-07-14 06:03:02] INFO - 543번째 행 입력
[2025-07-14 06:03:02] INFO - 544번째 행 입력
[2025-07-14 06:03:02] INFO - 545번째 행 입력
[2025-07-14 06:03:02] INFO - 546번째 행 입력
[2025-07-14 06:03:02] INFO - 547번째 행 입력
[2025-07-14 06:03:02] INFO - 548번째 행 입력
[2025-07-14 06:03:02] INFO - 549번째 행 입력
[2025-07-14 06:03:02] INFO - 550번째 행 입력
[2025-07-14 06:03:02] INFO - 551번째 행 입력
[2025-07-14 06:03:02] INFO - 552번째 행 입력
[2025-07-14 06:03:02] INFO - 553번째 행 입력
[2025-07-14 06:03:02] INFO - 554번째 행 입력
[2025-07-14 06:03:03] INFO - 555번째 행 입력
[2025-07-14 06:03:03] INFO - 556번째 행 입력
[2025-07-14 06:03:03] INFO - 557번째 행 입력
[2025-07-14 06:03:03] INFO - 558번째 행 입력
[2025-07-14 06:03:03] INFO - 559번째 행 입력
[2025-07-14 06:03:03] INFO - 560번째 행 입력
[2025-07-14 06:03:03] INFO - 561번째 행 입력
[2025-07-14 06:03:03] INFO - 562번째 행 입력
[2025-07-14 06:03:03] INFO - 563번째 행 입력
[2025-07-14 06:03:03] INFO - 564번째 행 입력
[2025-07-14 06:03:03] INFO - 565번째 행 입력
[2025-07-14 06:03:03] INFO - 566번째 행 입력
[2025-07-14 06:03:03] INFO - 567번째 행 입력
[2025-07-14 06:03:03] INFO - 568번째 행 입력
[2025-07-14 06:03:03] INFO - 569번째 행 입력
[2025-07-14 06:03:03] INFO - 570번째 행 입력
[2025-07-14 06:03:03] INFO - 571번째 행 입력
[2025-07-14 06:03:03] INFO - 572번째 행 입력
[2025-07-14 06:03:03] INFO - 573번째 행 입력
[2025-07-14 06:03:03] INFO - 574번째 행 입력
[2025-07-14 06:03:03] INFO - 575번째 행 입력
[2025-07-14 06:03:03] INFO - 576번째 행 입력
[2025-07-14 06:03:04] INFO - 577번째 행 입력
[2025-07-14 06:03:04] INFO - 578번째 행 입력
[2025-07-14 06:03:04] INFO - 579번째 행 입력
[2025-07-14 06:03:04] INFO - 580번째 행 입력
[2025-07-14 06:03:04] INFO - 581번째 행 입력
[2025-07-14 06:03:04] INFO - 582번째 행 입력
[2025-07-14 06:03:04] INFO - 583번째 행 입력
[2025-07-14 06:03:04] INFO - 584번째 행 입력
[2025-07-14 06:03:04] INFO - 585번째 행 입력
[2025-07-14 06:03:04] INFO - 586번째 행 입력
[2025-07-14 06:03:04] INFO - 587번째 행 입력
[2025-07-14 06:03:04] INFO - 588번째 행 입력
[2025-07-14 06:03:04] INFO - 589번째 행 입력
[2025-07-14 06:03:04] INFO - 590번째 행 입력
[2025-07-14 06:03:04] INFO - 591번째 행 입력
[2025-07-14 06:03:04] INFO - 592번째 행 입력
[2025-07-14 06:03:04] INFO - 593번째 행 입력
[2025-07-14 06:03:04] INFO - 594번째 행 입력
[2025-07-14 06:03:04] INFO - 595번째 행 입력
[2025-07-14 06:03:04] INFO - 596번째 행 입력
[2025-07-14 06:03:04] INFO - 597번째 행 입력
[2025-07-14 06:03:04] INFO - 598번째 행 입력
[2025-07-14 06:03:04] INFO - 599번째 행 입력
[2025-07-14 06:03:05] INFO - 600번째 행 입력
[2025-07-14 06:03:05] INFO - 601번째 행 입력
[2025-07-14 06:03:05] INFO - 602번째 행 입력
[2025-07-14 06:03:05] INFO - 603번째 행 입력
[2025-07-14 06:03:05] INFO - 604번째 행 입력
[2025-07-14 06:03:05] INFO - 605번째 행 입력
[2025-07-14 06:03:05] INFO - 606번째 행 입력
[2025-07-14 06:03:05] INFO - 607번째 행 입력
[2025-07-14 06:03:05] INFO - 608번째 행 입력
[2025-07-14 06:03:05] INFO - 609번째 행 입력
[2025-07-14 06:03:05] INFO - 610번째 행 입력
[2025-07-14 06:03:05] INFO - 611번째 행 입력
[2025-07-14 06:03:05] INFO - 612번째 행 입력
[2025-07-14 06:03:05] INFO - 613번째 행 입력
[2025-07-14 06:03:05] INFO - 614번째 행 입력
[2025-07-14 06:03:05] INFO - 615번째 행 입력
[2025-07-14 06:03:05] INFO - 616번째 행 입력
[2025-07-14 06:03:05] INFO - 617번째 행 입력
[2025-07-14 06:03:05] INFO - 618번째 행 입력
[2025-07-14 06:03:05] INFO - 619번째 행 입력
[2025-07-14 06:03:05] INFO - 620번째 행 입력
[2025-07-14 06:03:06] INFO - 621번째 행 입력
[2025-07-14 06:03:06] INFO - 622번째 행 입력
[2025-07-14 06:03:06] INFO - 623번째 행 입력
[2025-07-14 06:03:06] INFO - 624번째 행 입력
[2025-07-14 06:03:06] INFO - 625번째 행 입력
[2025-07-14 06:03:06] INFO - 626번째 행 입력
[2025-07-14 06:03:06] INFO - 627번째 행 입력
[2025-07-14 06:03:06] INFO - 628번째 행 입력
[2025-07-14 06:03:06] INFO - 629번째 행 입력
[2025-07-14 06:03:06] INFO - 630번째 행 입력
[2025-07-14 06:03:06] INFO - 631번째 행 입력
[2025-07-14 06:03:06] INFO - 632번째 행 입력
[2025-07-14 06:03:06] INFO - 633번째 행 입력
[2025-07-14 06:03:06] INFO - 634번째 행 입력
[2025-07-14 06:03:06] INFO - 635번째 행 입력
[2025-07-14 06:03:06] INFO - 636번째 행 입력
[2025-07-14 06:03:06] INFO - 637번째 행 입력
[2025-07-14 06:03:06] INFO - 638번째 행 입력
[2025-07-14 06:03:06] INFO - 639번째 행 입력
[2025-07-14 06:03:07] INFO - 640번째 행 입력
[2025-07-14 06:03:07] INFO - 641번째 행 입력
[2025-07-14 06:03:07] INFO - 642번째 행 입력
[2025-07-14 06:03:07] INFO - 프로그램 종료
