[2025-07-07 06:00:01] INFO - 🔧 Logging initialized
[2025-07-07 06:00:02] INFO - 프로그램 시작됨
[2025-07-07 06:00:02] INFO - 
🚀 크롤러 실행 시도 1/3
[2025-07-07 06:00:15] INFO - 🔢 총 공고 수: 172779건 → 최대 페이지 수: 3456 페이지
[2025-07-07 06:00:15] INFO - 
📄 현재 페이지: 1
[2025-07-07 06:00:15] INFO - 0001 | 게임스틱 | [게임스틱] 대회 기획 운영 및 행사 프로젝트 매니저 | 2시간 전 등록
[2025-07-07 06:00:16] INFO - 0002 | 미래비전 | 금천구/LG U/고객응대사원대모집/성별무관/출퇴근 | 3시간 전 등록
[2025-07-07 06:00:16] INFO - 0003 | 미래비전 | 천안/MEC/메모리부품생산/출퇴근/K-1/OLED액정생산/사내기숙사 | 3시간 전 등록
[2025-07-07 06:00:16] INFO - 0004 | 글로벌JMT | [안성정규직/ 설비경력인정/ 사내기숙사 무료] 최고복지/ 제조/ 생산 품질 | 5시간 전 등록
[2025-07-07 06:00:16] INFO - 0005 | 글로벌JMT | [안성정규직/ 설비경력인정/ 사내기숙사 무료] 최고복지/ 제조/ 생산제조 | 5시간 전 등록
[2025-07-07 06:00:16] INFO - 0006 | 글로벌JMT | [안성정규직/ 설비경력인정/사내기숙사 무료] 최고복지/ 제조/ 3조2교대 | 5시간 전 등록
[2025-07-07 06:00:17] INFO - 0007 | 글로벌JMT | [천안정규직] 천안디스플레이/최강복지/사내기숙사/삼성협력2인실 | 5시간 전 등록
[2025-07-07 06:00:17] INFO - 0008 | 글로벌JMT | [구미 엘지이노텍 /대규모채용] 비대면화상면접 /대기업계약직/ 월390 | 5시간 전 등록
[2025-07-07 06:00:17] INFO - 0009 | 글로벌JMT | [구미 엘지이노텍 /대규모채용] 비대면면접 /대기업계약직/ 월390만 | 5시간 전 등록
[2025-07-07 06:00:17] INFO - 0010 | ㈜에이치앤티아웃소싱시스템 | [높은연봉/정규직] LG유플러스 대표전화 사원 대규모 모집(신입/경력) | 5시간 전 등록
[2025-07-07 06:00:17] INFO - 0011 | ㈜선정인터내셔날 | [수행기사/강남구] KT 임원운전 경력직 | 5시간 전 등록
[2025-07-07 06:00:17] INFO - 0012 | 인커넥트 | [영등포역/고정급240만 외/상담경력1년이상]-신세계여행 상담센터(교육3일) | 5시간 전 등록
[2025-07-07 06:00:17] INFO - 0013 | 인커넥트 | [을지로3가/교육3일(대표번호 문의상담)/신입가능]-뉴스킨코리아 고객센터 | 5시간 전 등록
[2025-07-07 06:00:18] INFO - 0014 | 인커넥트 | [1개월or2개월 단기(60명)/신입가능/올해마지막채용]-삼성전자 AS접수상담 | 5시간 전 등록
[2025-07-07 06:00:18] INFO - 0015 | Letswork | 초보가능/정규직채용[원주단구동]KT고객센터 인바운드상담원모집-신입/경력 | 5시간 전 등록
[2025-07-07 06:00:18] INFO - 0016 | Letswork | 초보가능/정규직채용[고양삼송역]KT고객센터 인바운드상담원모집-신입/경력 | 5시간 전 등록
[2025-07-07 06:00:18] INFO - 0017 | 콜로세움코퍼레이션 | 컨텐츠 마케팅 및 디지털 광고담당(주니어급) | 5시간 전 등록
[2025-07-07 06:00:18] INFO - 0018 | 주식회사위드앤피플코리아 | 경영지원팀(아웃소싱관리자/잡매니저)정규직사원채용-(주)위드앤피플코리아 | 5시간 전 등록
[2025-07-07 06:00:18] INFO - 0019 | ㈜선정인터내셔날 | [분당/판교] KT 본사 임원비서 | 5시간 전 등록
[2025-07-07 06:00:19] INFO - 0020 | 콜로세움코퍼레이션 | GlobalB2B Marketing 담당자 | 5시간 전 등록
[2025-07-07 06:00:19] INFO - 0021 | 퍼펙트커리어㈜ | ㅣ가불300ㆍ상여300ㆍ동종업계 1위ㅣ창립26주년 인천대기업 특별공채 | 5시간 전 등록
[2025-07-07 06:00:19] INFO - 0022 | 하랑 | [주말근무/대학생/투잡 가능] LG유플러스 기술지원 업무 | 5시간 전 등록
[2025-07-07 06:00:19] INFO - 0023 | 콜로세움코퍼레이션 | 서비스 및 시스템 기획/PM (Senior) | 5시간 전 등록
[2025-07-07 06:00:19] INFO - 0024 | 하랑 | [전주센터/면접비 지급] LG유플러스 고객지원 안내 쉬운 업무 [월-금] | 5시간 전 등록
[2025-07-07 06:00:19] INFO - 0025 | 하랑 | [에이닷 창원상남지점]수강생 1대1 학습코칭 진도관리 강사 채용[전공무관] | 5시간 전 등록
[2025-07-07 06:00:20] INFO - 0026 | 콜로세움코퍼레이션 | CRM 구축/관리 담당 | 5시간 전 등록
[2025-07-07 06:00:20] INFO - 0027 | 하랑 | [에이닷 광주일곡지점]수강생 1대1 학습코칭 진도관리 강사 채용[전공무관] | 5시간 전 등록
[2025-07-07 06:00:20] INFO - 0028 | ㈜제이앤비컨설팅 | (고정급254만/영등포시장) 한국우편사업진흥원 재무관리팀 직원 모집 | 5시간 전 등록
[2025-07-07 06:00:20] INFO - 0029 | ㈜케이티씨에스 | [ktcs정규직/신림] 신일전자 고객센터 상담사 모집 | 5시간 전 등록
[2025-07-07 06:00:20] INFO - 0030 | 콜로세움코퍼레이션 | Product 마케팅 Team Lead | 5시간 전 등록
[2025-07-07 06:00:20] INFO - 0031 | 남이섬 | 나미나라공화국 남이섬, 부문별 신입 및 경력 채용(호텔 부문) | 5시간 전 등록
[2025-07-07 06:00:21] INFO - 0032 | ㈜제이앤비컨설팅 | (여의도/현대카드) CLM팀 마케팅 운영관리 사무직 채용-면접7/14 | 5시간 전 등록
[2025-07-07 06:00:21] INFO - 0033 | 남이섬 | 나미나라공화국 남이섬, 부문별 신입 및 경력 채용(고객서비스 부문) | 5시간 전 등록
[2025-07-07 06:00:21] INFO - 0034 | ㈜제이앤비컨설팅 | (여의도/현대카드/PLCC사업1팀) 마케팅 운영 지원 사무직 채용-면접7/15 | 5시간 전 등록
[2025-07-07 06:00:21] INFO - 0035 | 남이섬 | 나미나라공화국 남이섬, 부문별 신입 및 경력 채용(선박 승무 부문) | 5시간 전 등록
[2025-07-07 06:00:21] INFO - 0036 | 남이섬 | 나미나라공화국 남이섬, 부문별 신입 및 경력 채용(기술 부문) | 5시간 전 등록
[2025-07-07 06:00:21] INFO - 0037 | ㈜인커넥트 | [전포동/최고의 복지/월평균270만/부서선택] LG헬로비전 고객센터 상담 | 5시간 전 등록
[2025-07-07 06:00:21] INFO - 0038 | 케이티씨에스㈜ | (주)케이티씨에스 상권매니저 운영센터 채용 | 5시간 전 등록
[2025-07-07 06:00:22] INFO - 0039 | 파크스튜디오 | 드라마 의상팀 계약직 의상 디자이너 채용 | 5시간 전 등록
[2025-07-07 06:00:22] INFO - 0040 | 휴로넷 | SK텔레콤 본사 수행기사 채용 [ 차고지 : 용산구] | 5시간 전 등록
[2025-07-07 06:00:22] INFO - 0041 | 비스포크랩㈜ | [비스포크랩] OTT 청각장애인용 한국어 자막 감수자 채용 | 5시간 전 등록
[2025-07-07 06:00:22] INFO - 0042 | ㈜골든듀 | ㈜골든듀 그래픽/웹 디자이너, VM 경력 및 인턴 채용 | 5시간 전 등록
[2025-07-07 06:00:22] INFO - 0043 | ㈜에이치엔서브 | [7월18일(금)면접/정착금지급/급여인상예정] 하나은행 청약,예금, TM안내 | 5시간 전 등록
[2025-07-07 06:00:22] INFO - 0044 | 비스포크랩㈜ | [OTT 자막 프로젝트] 한국어 자막 PM 채용 | 5시간 전 등록
[2025-07-07 06:00:23] INFO - 0045 | ㈜테이스터스 | [주5일/주2회 휴무] 바스버거 직영점 직원 채용[역삼점/여의도점/성수점] | 5시간 전 등록
[2025-07-07 06:00:23] INFO - 0046 | 공인중개사사무소협진부동산 | 2025년 협진부동산에서 함께할 소속공인중개사님을 모십니다. | 5시간 전 등록
[2025-07-07 06:00:23] INFO - 0047 | ㈜제인솔루션 | [브이스파] 워커힐호텔 테라피스트 사원모집 | 5시간 전 등록
[2025-07-07 06:00:23] INFO - 0048 | 맨투맨크린 | 야간 청소 대행 직원 구합니다 | 5시간 전 등록
[2025-07-07 06:00:23] INFO - 0049 | ㈜이솔홈 | 온라인쇼핑몰 웹디자이너 채용 | 5시간 전 등록
[2025-07-07 06:00:23] INFO - 0050 | 신한라이프생명보험㈜ | 2025 영업/영업관리자 모집 [지원금 450만/성과급] | 5시간 전 등록
[2025-07-07 06:00:23] INFO - ⏱ 2.89초 대기
[2025-07-07 06:00:27] INFO - 
📄 현재 페이지: 2
[2025-07-07 06:00:27] INFO - 0051 | ㈜제인솔루션 | [촬영 및 차량용품] 자사몰 상세페이지 관리 및 마케팅 홍보 담당자 모집 | 5시간 전 등록
[2025-07-07 06:00:27] INFO - 0052 | ㈜드레니 | [통신/VoIP] 고객지원팀 채용 | 5시간 전 등록
[2025-07-07 06:00:28] INFO - 0053 | 휴로넷 | [신입환영/전표처리] SK오앤에스 회계 및 사무관련 직원 채용 | 5시간 전 등록
[2025-07-07 06:00:28] INFO - 0054 | ㈜지학사 | 2025년 7월 수시채용 | 5시간 전 등록
[2025-07-07 06:00:28] INFO - 0055 | ㈜티앤티컴퍼니 | 타낫 신세계백화점 센텀시티점 신입 정규직 채용 | 5시간 전 등록
[2025-07-07 06:00:28] INFO - 0056 | ㈜제이앤비컨설팅 | (종합계약직/광화문/강동길동)롯데카드 법인지점 각 지점별 총무 사무직 | 5시간 전 등록
[2025-07-07 06:00:28] INFO - 0057 | ㈜중산물산 | ㈜중산물산과 함께 성장할 무역개발 인재를 모집합니다. | 5시간 전 등록
[2025-07-07 06:00:28] INFO - 0058 | ㈜케이에스한국고용정보 | [부팀장채용] 대한항공/아시아나 KB카드 VIP전담 예약발권 관리자 | 5시간 전 등록
[2025-07-07 06:00:28] INFO - 0059 | ㈜제니엘 | [삼성역] 한국무역협회 국제협력본부 아주실 사무/행정 파견직 채용 | 5시간 전 등록
[2025-07-07 06:00:29] INFO - 0060 | 연세대학교 동문회관 | 연세대학교 동문회관 시설직(전기파트) 채용 | 5시간 전 등록
[2025-07-07 06:00:29] INFO - 0061 | ㈜득인기공 | 사무원 직원 모집 | 5시간 전 등록
[2025-07-07 06:00:29] INFO - 0062 | ㈜케이비텍 | 실내조명 및 컨버터 AS 유지보수 기사 모집 | 5시간 전 등록
[2025-07-07 06:00:29] INFO - 0063 | ㈜투웨이컴(ToWayCom,.Ltd) | 워라벨 주간 3조교대 4일제 기숙사,통근 반도체부품 조립,QA,FA 모집 | 5시간 전 등록
[2025-07-07 06:00:29] INFO - 0064 | ㈜메타엠 | [ 초보가능 / 수 금 조기퇴근 / 110분 휴식] 신한카드 해피콜 사원채용 | 5시간 전 등록
[2025-07-07 06:00:29] INFO - 0065 | ㈜트리즈엔 | BE 개발자 모집 | 5시간 전 등록
[2025-07-07 06:00:30] INFO - 0066 | ㈜프로에스콤 | [잠실 롯데 어드벤처] 남.녀 무관 - 주간보안 / 야간보안 사원 채용 | 5시간 전 등록
[2025-07-07 06:00:30] INFO - 0067 | 연강의료(재) | 2025년 의료법인 연강의료재단 하반기 직원 채용 공고 | 5시간 전 등록
[2025-07-07 06:00:30] INFO - 0068 | ㈜프로에스콤 | [더현대서울] 여의도 현대백화점 /월 255-314만/ 주간보안.야간보안 채용 | 5시간 전 등록
[2025-07-07 06:00:30] INFO - 0069 | ㈜프로에스콤 | [월335만 가능/ 교대조 채용] 삼성역 코엑스-무역센터 보안사원 모집 | 5시간 전 등록
[2025-07-07 06:00:30] INFO - 0070 | ㈜유니파이 | 10시출근/마케팅부문/뚝섬역5분거리/동대문역사문화공원역1분거리 | 5시간 전 등록
[2025-07-07 06:00:30] INFO - 0071 | ㈜프로에스콤 | [종각역 / sc제일은행 본점 건물] 야간순환 보안사원 우선 채용 | 5시간 전 등록
[2025-07-07 06:00:31] INFO - 0072 | ㈜프로에스콤 | [광주시 - 쿠팡 광주 1,2,3,4 센터] 보안사원 채용 - 복지카드소지자 우대 | 5시간 전 등록
[2025-07-07 06:00:31] INFO - 0073 | 동원그룹 | [동원홈푸드] 축육/축산 리테일 영업 경력직 모집[서울 서초] | 5시간 전 등록
[2025-07-07 06:00:31] INFO - 0074 | 바이온사이트 | Data Scientist 채용 | 5시간 전 등록
[2025-07-07 06:00:31] INFO - 0075 | ㈜프로에스콤 | [창원시 쿠팡 물류센터 - 쿠팡 창원 1.2.3,4 센터] 보안 사원 모집 | 5시간 전 등록
[2025-07-07 06:00:31] INFO - 0076 | 바이온사이트 | Senior ML Engineer 채용 | 5시간 전 등록
[2025-07-07 06:00:31] INFO - 0077 | ㈜프로에스콤 | [복지카드 소지자 우대/ 월246만] 쿠팡 양산 물류센터 보안사원 채용 | 5시간 전 등록
[2025-07-07 06:00:31] INFO - 0078 | 바이온사이트 | Junior ML Engineer 채용 | 5시간 전 등록
[2025-07-07 06:00:32] INFO - 0079 | 바이온사이트 | Science Communicator 채용 | 5시간 전 등록
[2025-07-07 06:00:32] INFO - 0080 | 옵티시스㈜ | 옵티시스㈜ 각 분야별 신입 및 경력사원 모집 | 5시간 전 등록
[2025-07-07 06:00:32] INFO - 0081 | 케이에프앤에스㈜ | [287만/잠실역]KT송파타워 임원비서-신입경력/8월말 입사(광화문 이전예정) | 5시간 전 등록
[2025-07-07 06:00:32] INFO - 0082 | ㈜한미터보벤트 | 2025년 한미터보벤트 설계기술 지원부 신입사원 채용 | 5시간 전 등록
[2025-07-07 06:00:32] INFO - 0083 | 이케이맨파워주식회사 | [오룡역/고정급243만/정시퇴근] 하나은행 예금/적금 만기안내 상담사 채용 | 5시간 전 등록
[2025-07-07 06:00:32] INFO - 0084 | 대한상공회의소 | 청년취업 사관학교 AI 특화 캠퍼스 2기 모집 - 인텔 Smart AI Master | 5시간 전 등록
[2025-07-07 06:00:33] INFO - 0085 | ㈜한미터보벤트 | 2025년 한미터보벤트 기술영업부 신입사원 채용 | 5시간 전 등록
[2025-07-07 06:00:33] INFO - 0086 | ㈜예가람저축은행 | 2025년 예가람저축은행 창원지점(수신/육아휴직 대체인력) 채용 | 5시간 전 등록
[2025-07-07 06:00:33] INFO - 0087 | 사회복지법인 밀알복지재단 | [사회복지법인 밀알복지재단] 국제사업실 사업2팀 직원 채용공고 | 5시간 전 등록
[2025-07-07 06:00:33] INFO - 0088 | ㈜서울구조 | [신입/경력] 안전진단 및 구조설계 부문 채용 | 5시간 전 등록
[2025-07-07 06:00:33] INFO - 0089 | 비케이알 | 25년 6차 버거킹 운영관리직 채용 | 5시간 전 등록
[2025-07-07 06:00:33] INFO - 0090 | 그린코스(주) | 그린코스(주) 해외영업 신입, 경력(8년 미만) 채용 | 5시간 전 등록
[2025-07-07 06:00:33] INFO - 0091 | ㈜누리아이엔에스 | 다이렉트 자동차보험 상담 및 갱신관리직 채용 [보험영업아님] | 5시간 전 등록
[2025-07-07 06:00:34] INFO - 0092 | ㈜오피치 | [주4일근무/최강워라밸/정착지원금] 10시-5시 단순관리직 채용 | 5시간 전 등록
[2025-07-07 06:00:34] INFO - 0093 | ㈜태광건설 | 부동산 경매, 매매, (자산관리) 직원 채용 | 5시간 전 등록
[2025-07-07 06:00:34] INFO - 0094 | ㈜일룸엔데스커 | iloom 일룸 제주시 가구판매 영업사원을 모집합니다 | 5시간 전 등록
[2025-07-07 06:00:34] INFO - 0095 | ㈜시대고시기획시대교육 | 시대에듀 경제, 금융, 회계 수험서/단행본 출판기획 편집자 모집 | 5시간 전 등록
[2025-07-07 06:00:34] INFO - 0096 | 유화증권㈜ | [유화증권] 총무팀장 채용 | 5시간 전 등록
[2025-07-07 06:00:34] INFO - 0097 | ㈜리가켐 바이오사이언스 | [신약연구소] 면역항암(Immuno-Oncology) 연구원 채용 | 5시간 전 등록
[2025-07-07 06:00:35] INFO - 0098 | ㈜JP커뮤니케이션 | [JP커뮤니케이션] 웹디자이너 경력(3년 이상) 채용 | 5시간 전 등록
[2025-07-07 06:00:35] INFO - 0099 | ㈜제이에스라이프투게더 | 국내외 영업팀/영업사원/경력직/입찰/OP 모집/ | 5시간 전 등록
[2025-07-07 06:00:35] INFO - 0100 | ㈜제이에스라이프투게더 | 국내외 영업팀/영업담당/경력직/제안/입찰/수배/OP/ | 5시간 전 등록
[2025-07-07 06:00:35] INFO - ⏱ 3.31초 대기
[2025-07-07 06:00:39] INFO - 
📄 현재 페이지: 3
[2025-07-07 06:00:39] INFO - 0101 | ㈜제이에스라이프투게더 | 홈쇼핑여행상품/제주도패키지/패키지상담/TM/고객응대 | 5시간 전 등록
[2025-07-07 06:00:40] INFO - 0102 | ㈜현대엔지니어링 | (신입/경력) 사무보조원(관리업무담당자 모집) | 5시간 전 등록
[2025-07-07 06:00:40] INFO - 0103 | ㈜나레스트 | 피부. 강사 모집 (파트강사) 저녁반 또는 주말 | 5시간 전 등록
[2025-07-07 06:00:40] INFO - 0104 | 에이치알에스코리아 | [KT대전 (KT그룹 정규직)] 핸드폰 요금제 전산변경처리 및 상담 | 5시간 전 등록
[2025-07-07 06:00:40] INFO - 0105 | 에이치알에스코리아 | [KT대구 /KT그룹 정규직] 핸드폰(더쉬운) 요금제 전산변경처리 및 상담 | 5시간 전 등록
[2025-07-07 06:00:40] INFO - 0106 | ㈜더존비즈온 | [ERP구축 - 경력]더존비즈온 웹솔루션 ERP 구축 경력자 채용 | 6시간 전 등록
[2025-07-07 06:00:40] INFO - 0107 | ㈜더존비즈온 | [부산 - 웹개발 및 기획]더존비즈온 부산지역 웹개발, 웹기획 경력 채용 | 6시간 전 등록
[2025-07-07 06:00:41] INFO - 0108 | ㈜더존비즈온 | [정보보호 - 경력] 더존비즈온 정보보호 운영 및 관리자 경력 채용 | 6시간 전 등록
[2025-07-07 06:00:41] INFO - 0109 | ㈜찬솔노하우 | 거래처관리 사무 담당자 채용(1일/4시간)엑셀능력우수자 | 7시간 전 등록
[2025-07-07 06:00:41] INFO - 0110 | 잘빠진마케팅 | 잘빠진메밀 점장급 사원급 직원 채용 | 7시간 전 등록
[2025-07-07 06:00:41] INFO - 0111 | 조이피트니스 | 신규 오픈 동탄헬스장 조이피트니스 PT팀장/트레이너/FC구인 | 7시간 전 등록
[2025-07-07 06:00:41] INFO - 0112 | ㈜유희하 | [공간 유희하 청담역점] 2025 강남 주거 및 상업 인테리어 디자이너 모집 | 7시간 전 등록
[2025-07-07 06:00:41] INFO - 0113 | 에스엠서치플러스㈜ | M-M / 성수역 [영업X] 프리텔레콤 알뜰폰 관련 CS상담 (평일근무) | 7시간 전 등록
[2025-07-07 06:00:41] INFO - 0114 | 제이제이엘 | [매월 성과급] 웹디자이너(자사몰, 상페, DA 등) 경력직 모집 공고 | 7시간 전 등록
[2025-07-07 06:00:42] INFO - 0115 | 데스카 | 경리.세무.회계 경영지원부 사원 모집 | 7시간 전 등록
[2025-07-07 06:00:42] INFO - 0116 | 투썸플레이스 노원문화의거리점 | 투썸 노원문화의거리점 매니저 채용 | 7시간 전 등록
[2025-07-07 06:00:42] INFO - 0117 | 신한생명보험 | [본사직영 콜센터 직원 모집] 안정적인 급여 및 교육비/ 정착지원금 지급 | 7시간 전 등록
[2025-07-07 06:00:42] INFO - 0118 | 흥국생명보험㈜ | [본사직영 영업실장/ 관리자급 모집] 업계1위 복합TM센터, 업무만족도 1위 | 7시간 전 등록
[2025-07-07 06:00:42] INFO - 0119 | 흥국생명보험㈜ | [2025년 본사직영 신규채용] 기본급300. 정착지윈금지급. 복합TM센터 | 7시간 전 등록
[2025-07-07 06:00:42] INFO - 0120 | 아비쥬의원(강서점) | [아비쥬 강서] 간호조무사 채용 / 신입 세후 240이상, 식대별도 | 7시간 전 등록
[2025-07-07 06:00:43] INFO - 0121 | 은호테크 | [은호테크] 물류센터 현장 담당자 채용 | 8시간 전 등록
[2025-07-07 06:00:43] INFO - 0122 | 주식회사 보드게임카페레드버튼신촌 | 프랜차이즈 카페 매니저 채용 | 8시간 전 등록
[2025-07-07 06:00:43] INFO - 0123 | 세무회계 해솔 | 세무회계해솔 경력직원 추가 채용의 건 | 8시간 전 등록
[2025-07-07 06:00:43] INFO - 0124 | 에이스경영자문그룹 | 전화 섭외사원 모집(정부 지원 사업 방문 약속) / 기본급 ,인센티브 지급 | 8시간 전 등록
[2025-07-07 06:00:43] INFO - 0125 | ㈜지붕과공간칸디자인 | [경력직] 지붕과공간칸디자인 실내인테리어 디자이너 충원 | 8시간 전 등록
[2025-07-07 06:00:43] INFO - 0126 | 사랑모아금웅서비스박숙영 | [지점장/관리자급 모집] 파격적인 지원/ 법인카드 지급/ 쾌적한 업무환경 | 8시간 전 등록
[2025-07-07 06:00:43] INFO - 0127 | 서울대C&C미술학원 | [관악구] 씨앤씨미술학원 중등반 강사 모집합니다. | 8시간 전 등록
[2025-07-07 06:00:44] INFO - 0128 | ㈜메이크인 | [관악/정규직전환/파견아님] SK 계열사 정보보안 담당자 채용 | 8시간 전 등록
[2025-07-07 06:00:44] INFO - 0129 | 엘로이동물병원 | 수원 신규 개원 동물병원에서 수의 테크니션을 모집합니다. | 8시간 전 등록
[2025-07-07 06:00:44] INFO - 0130 | ㈜아이씨 | 주식회사 아이씨 물류센터에서 같이 근무하실 인재를 모집합니다. | 8시간 전 등록
[2025-07-07 06:00:44] INFO - 0131 | ㈜아이씨 | 주식회사 아이씨 물류센터에서 같이 근무하실 직원을 모집합니다. | 8시간 전 등록
[2025-07-07 06:00:44] INFO - 0132 | 은호테크 | [은호테크] 사무직 담당자 채용 | 8시간 전 등록
[2025-07-07 06:00:44] INFO - 0133 | ㈜가온헬스케어 | 대전 충남북 삼성메디슨 초음파 의료기 서비스 엔지니어 | 8시간 전 등록
[2025-07-07 06:00:44] INFO - 0134 | 법무법인 시우 | [법무법인 시우] 외국인 전담 소송팀 직원 채용(신입/경력)(영어업무) | 8시간 전 등록
[2025-07-07 06:00:45] INFO - 0135 | ㈜씨메드(C-MED) | 일본어통번역 | 8시간 전 등록
[2025-07-07 06:00:45] INFO - 0136 | ㈜케이엠인터내셔널코리아 세종 | 잭슨나인스 세종 테마파크 정직원 채용 | 8시간 전 등록
[2025-07-07 06:00:45] INFO - 0137 | ㈜가온헬스케어 | 대전 충남북 삼성메디슨 초음파 의료기 임상 | 8시간 전 등록
[2025-07-07 06:00:45] INFO - 0138 | ㈜씨메드(C-MED) | 해외영업 담당자 (신규 및 경력직) | 8시간 전 등록
[2025-07-07 06:00:45] INFO - 0139 | ㈜씨메드(C-MED) | 화장품 책임판매업자, 화장품제조 담당자 구인 | 8시간 전 등록
[2025-07-07 06:00:45] INFO - 0140 | ㈜씨메드(C-MED) | 웹디자인.패키지디자인 | 8시간 전 등록
[2025-07-07 06:00:46] INFO - 0141 | 대박맛집 | [10-14/4시간/평일5일] 주방보조 중앙동 (주말,공휴일 휴무) | 8시간 전 등록
[2025-07-07 06:00:46] INFO - 0142 | 대박맛집 | [9-14/5시간/평일5일] [주방보조 중앙동] (주말,공휴일 휴무) | 8시간 전 등록
[2025-07-07 06:00:46] INFO - 0143 | (주)잇올 | [산본] 잇올 스파르타 센터 운영관리자 채용 | 8시간 전 등록
[2025-07-07 06:00:46] INFO - 0144 | 프라임에셋 | 광명역 첫번째 지점 GA보험 대리점 설계사 온라인영업전문 DB지원 | 8시간 전 등록
[2025-07-07 06:00:46] INFO - 0145 | 세정회계법인 | [양재역]세정회계법인 세무기장 신입 및 경력직원 모집 | 8시간 전 등록
[2025-07-07 06:00:46] INFO - 0146 | ㈜포이텍 | SAP,ABAP 개발인력 모집 | 8시간 전 등록
[2025-07-07 06:00:46] INFO - 0147 | 송현학원 | [송파/성남/위례] 송현국어학원 중등부 고등부 국어 강사 모집 | 8시간 전 등록
[2025-07-07 06:00:47] INFO - 0148 | 벨루모바일 | 오픈마켓 관리 및 상세페이지 썸네일 제작 | 9시간 전 등록
[2025-07-07 06:00:47] INFO - 0149 | ㈜티엠커머스 | 홈쇼핑방송 영업 경력사원 모집합니다. | 9시간 전 등록
[2025-07-07 06:00:47] INFO - 0150 | 티티씨㈜(TTC Co. ,Ltd.) | TTC 경영지원팀 신규직원 모집 | 9시간 전 등록
[2025-07-07 06:00:47] INFO - ⏱ 2.83초 대기
[2025-07-07 06:00:50] INFO - 
📄 현재 페이지: 4
[2025-07-07 06:00:51] INFO - 0151 | 르글라스 압구정점 | 국내 최초 프리미엄 Glass wine bar 르 글라스 압구정에서 인재채용. | 9시간 전 등록
[2025-07-07 06:00:51] INFO - 0152 | 고메스퀘어 파주직영점 | 고메스퀘어 파주직영점 홀파트 정직원(사원-캡틴) 모집합니다 | 9시간 전 등록
[2025-07-07 06:00:51] INFO - 0153 | 고메스퀘어 파주직영점 | 고메스퀘어 파주점 양식,중식,샐러드(사원-대리) 채용공고 | 9시간 전 등록
[2025-07-07 06:00:51] INFO - 0154 | 성백에프엔에스 | 프랜차이즈 본사 경영지원실(회계,총무) 팀원 모집 공고 | 9시간 전 등록
[2025-07-07 06:00:51] INFO - 0155 | ㈜와인사랑 롯데에비뉴엘 월드타워점 | 아영fbc )롯데월드몰 다이닝 & 카페 더페어링 주방 디저트 파트 모집 | 9시간 전 등록
[2025-07-07 06:00:51] INFO - 0156 | 브랜뉴스튜디오 | 브랜뉴스튜디오 패션의류 SNS마케팅&컨텐츠기획 정규직 공고 | 9시간 전 등록
[2025-07-07 06:00:51] INFO - 0157 | 신화케이푸드 세종긴자 | [주5일] 프리미엄 일식 긴자 청주점 상위 관리자 모집 - 점장 / 부점장 | 9시간 전 등록
[2025-07-07 06:00:52] INFO - 0158 | ㈜액세스린(ACCESS Lin Inc.) | 진천 공장 - 생산관리 정규직 (경력 무관) 채용 | 9시간 전 등록
[2025-07-07 06:00:52] INFO - 0159 | 한일개발㈜ | 한일개발(주) 재무/회계, 견적(외주) 경력사원 모집 | 9시간 전 등록
[2025-07-07 06:00:52] INFO - 0160 | 한일개발㈜ | 한일개발(주) 토목, 안전, 기계설비 경력사원 모집 | 9시간 전 등록
[2025-07-07 06:00:52] INFO - 0161 | ㈜케이엠인터내셔널코리아 세종 | 잭슨나인스 세종 스낵바 직원 채용 | 9시간 전 등록
[2025-07-07 06:00:52] INFO - 0162 | 하이비즈넷 | JAVA/JSP 웹앱 중급 모바일 개발자 모집 | 9시간 전 등록
[2025-07-07 06:00:52] INFO - 0163 | ㈜데이타늄 | 공공SI/SM 시스템 운영 관리자 모집 | 9시간 전 등록
[2025-07-07 06:00:52] INFO - 0164 | 홍대구루메 | 홍대구루메 주방,홀 주5,6일 정직원 구합니다 | 9시간 전 등록
[2025-07-07 06:00:53] INFO - 0165 | ㈜화심인터내셔날 | 수출무역회사 영업담당자 채용(중고차,화장품) | 9시간 전 등록
[2025-07-07 06:00:53] INFO - 0166 | 호텔앤스위트평창 | [라마다평창] 호텔 예약실 정규직 채용 | 9시간 전 등록
[2025-07-07 06:00:53] INFO - 0167 | 다이닝후 | [서대문/주5일/주말휴무] 창의적인 음식이 있는 다이닝후 직원 모집 | 9시간 전 등록
[2025-07-07 06:00:53] INFO - 0168 | 홍대구루메&텐큐 | 홍대구루메 주방, 홀서빙 알바, 5,6일 정직원 구합니다. | 9시간 전 등록
[2025-07-07 06:00:53] INFO - 0169 | ㈜티에스피분석연구소 | 티에스피분석연구소 잔류농약 및 유해물질 분석 신입연구원 모집 | 9시간 전 등록
[2025-07-07 06:00:53] INFO - 0170 | ㈜데이타늄 | 웹어플리케이션 개발자(JAVA/JSP/Ajax등) 모집 | 9시간 전 등록
[2025-07-07 06:00:53] INFO - 0171 | ㈜메디옵션 | 병원브랜드마케팅디자이너, 병원바이럴마케팅디자이너 모집 | 9시간 전 등록
[2025-07-07 06:00:54] INFO - 0172 | ㈜에프피엠테크놀러지 | 자동화장비 생산조립 및 시운전 | 9시간 전 등록
[2025-07-07 06:00:54] INFO - 0173 | 아방베이커리 비상교육점 | 아방베이커리 과천 비상교육점 제빵사 모집 | 9시간 전 등록
[2025-07-07 06:00:54] INFO - 0174 | ㈜와이에스엠테크 | 영업기획부문 (OUTDOOR 제품 상품 기획 및 해외 영업) 모집 | 9시간 전 등록
[2025-07-07 06:00:54] INFO - 0175 | ㈜와이에스엠테크 | 기술영업부문 (자동화 부품, 산업용 로봇, 제조 기술 장비) 모집 | 9시간 전 등록
[2025-07-07 06:00:54] INFO - 0176 | ㈜와이에스엠테크 | 시스템 제작 설치 인력 모집 | 9시간 전 등록
[2025-07-07 06:00:54] INFO - 0177 | ㈜와이에스엠테크 | 연구소 연구개발인력 모집 [기구 설계, 로봇 응용 시스템 및 제어기 개발 | 9시간 전 등록
[2025-07-07 06:00:55] INFO - 0178 | ㈜올림포스네트웍스 | (주)올림포스네트웍스 하반기 기획/마케팅 부문 채용 | 10시간 전 등록
[2025-07-07 06:00:55] INFO - 0179 | ㈜미포집명동 | 롯데백화점 미포집 명동점에서 직원을 구합니다. | 10시간 전 등록
[2025-07-07 06:00:55] INFO - 0180 | ㈜아이비에스인더스트리 | 과천 펄어비스 홈원 3교대(주주야야비휴)교대기사 모집 | 10시간 전 등록
[2025-07-07 06:00:55] INFO - 0181 | ㈜제니엘 | [GS칼텍스/2개월단기] 대전기술 연구소 업무 보조 계약직 채용(파견) | 10시간 전 등록
[2025-07-07 06:00:55] INFO - 0182 | 뉴클㈜ | XR, 메타버스 서비스 개발 크리에이터 포지션 | 10시간 전 등록
[2025-07-07 06:00:55] INFO - 0183 | 닥터모락마곡점 | [두피/탈모]닥터모락 마곡점 두피관리사 정규직채용(신입/경력) | 10시간 전 등록
[2025-07-07 06:00:56] INFO - 0184 | ㈜미포집명동 | 롯데백화점 본점 한식당 미포집에서 직원을 구합니다. | 10시간 전 등록
[2025-07-07 06:00:56] INFO - 0185 | 에이치앤엠(H&M) | 약속잡는 간단한 티엠 업무 주5일 | 10시간 전 등록
[2025-07-07 06:00:56] INFO - 0186 | 꽃구름스튜디오 관평점 | 세종 꽃구름스튜디오 정규직(신규/경력직) 직원 채용 | 10시간 전 등록
[2025-07-07 06:00:56] INFO - 0187 | 아이비에스인더스트리 | 여의도 오피스빌딩 보안팀 주간조 채용 | 10시간 전 등록
[2025-07-07 06:00:56] INFO - 0188 | 슬(SEUL) | [ 출근없는 재택근무] 웹 디자인 /상세페이지 / 시각 디자이너 채용합니다 | 10시간 전 등록
[2025-07-07 06:00:56] INFO - 0189 | 오토샤이닝 동탄점 | 서울 강북구 미아사거리 역사 스팀세차장 주말 근무자 채용 | 10시간 전 등록
[2025-07-07 06:00:56] INFO - 0190 | 바다나무잉글리시어학원 | 영어 어학원 유치부 담임 교사 & 초등부 담당 | 10시간 전 등록
[2025-07-07 06:00:57] INFO - 0191 | ㈜모뉴먼트파트너스 | 하남미사 신규오픈 대형카페 드말리에서 경력직 바리스타를 모십니다 | 10시간 전 등록
[2025-07-07 06:00:57] INFO - 0192 | 뉴클㈜ | 2D, 3D 영상 콘텐츠 크리에이터 포지션 | 10시간 전 등록
[2025-07-07 06:00:57] INFO - 0193 | 커버링 | CX/CS 팀원 | 10시간 전 등록
[2025-07-07 06:00:57] INFO - 0194 | 신화푸드 판교긴자 | [판교/ 일식] 판교긴자 영업부 조리부 홀,주방, 정직원 모집 (경력직우대) | 10시간 전 등록
[2025-07-07 06:00:57] INFO - 0195 | 슬로 용인 | [8시간근무 5일제]파스타 및 샐러드, 브런치류 조리사를 모집합니다 | 10시간 전 등록
[2025-07-07 06:00:57] INFO - 0196 | 바이오맥스 | 페수처리 솔루션영업담당자 (제품영업) | 10시간 전 등록
[2025-07-07 06:00:57] INFO - 0197 | 길 스팀세차 광택 | 인천 연수구 스팀세차 구인 | 10시간 전 등록
[2025-07-07 06:00:58] INFO - 0198 | 팔로피자 | 나폴리 피자 전문 합정 [팔로피자]에서 주방(신입,경력) 정직원 채용합니다 | 10시간 전 등록
[2025-07-07 06:00:58] INFO - 0199 | 싱크삼형제 | 포천[싱크대 제조 공장] 재단사신규모집 | 10시간 전 등록
[2025-07-07 06:00:58] INFO - 0200 | 연세로의료의원 | [연세로의료의원] 피부과/성형외과 정규직 채용 (코디, 간호부, 피부관리) | 10시간 전 등록
[2025-07-07 06:00:58] INFO - ⏱ 3.42초 대기
[2025-07-07 06:01:02] INFO - 
📄 현재 페이지: 5
[2025-07-07 06:01:02] INFO - 0201 | ㈜무국식탁 | 프랜차이즈 매장의 매출과 수익을 성장시킬 인재 모집 | 10시간 전 등록
[2025-07-07 06:01:02] INFO - 0202 | ㈜파이브식스 | [천안] 아이폰스냅 포토 작가 모집합니다 :) | 10시간 전 등록
[2025-07-07 06:01:02] INFO - 0203 | ㈜클랩피자 | [클랩피자] 광교점 매장 크루원 (직원) 모집 | 10시간 전 등록
[2025-07-07 06:01:03] INFO - 0204 | 리오네(Rione) | 이탈리안 레스토랑 리오네에서 헤드셰프님을 모집합니다 | 10시간 전 등록
[2025-07-07 06:01:03] INFO - 0205 | 한국호텔리어협회 | 특급호텔&골프장호텔 호텔리어 정규직/ | 10시간 전 등록
[2025-07-07 06:01:03] INFO - 0206 | 한국호텔리어협회 | 특급호텔 정규직 (호텔리어, 프론트, 객실, 연회부, 식음료/레저) | 10시간 전 등록
[2025-07-07 06:01:03] INFO - 0207 | 농업회사법인아이에스에이치㈜ | [라드라비 리조트] 한식 조리사님 모십니다 [기숙사] | 10시간 전 등록
[2025-07-07 06:01:03] INFO - 0208 | 농업회사법인아이에스에이치㈜ | 라드라비리조트 - 한식 주방보조 모집합니다 | 10시간 전 등록
[2025-07-07 06:01:03] INFO - 0209 | 농업회사법인아이에스에이치㈜ | [라드라비 리조트] 카페 바리스타 채용 (숙식제공) | 10시간 전 등록
[2025-07-07 06:01:03] INFO - 0210 | 농업회사법인아이에스에이치㈜ | 라드라비 리조트 리셉션 근무자 모십니다. (기숙사제공) | 10시간 전 등록
[2025-07-07 06:01:04] INFO - 0211 | 라무스(Ramus) | [재택근무] 모리 그래픽 일러스트 프리랜서 디자이너 모집(일러스트레이터) | 11시간 전 등록
[2025-07-07 06:01:04] INFO - 0212 | 통큰낚시 통영점 | 통큰낚시 통영점 매장 정직원 모집 | 11시간 전 등록
[2025-07-07 06:01:04] INFO - 0213 | ㈜리우 | 사무보조/단순 구매 업무 담당자 채용 | 11시간 전 등록
[2025-07-07 06:01:04] INFO - 0214 | 한국호텔리어협회 | 특급관광호텔&골프장호텔 부문별 채용 (호텔리어, 프론트, 식음료, 조리사 | 11시간 전 등록
[2025-07-07 06:01:04] INFO - 0215 | ㈜육십오도씨 | [[식품회사]] 주4일 찬모 모집 | 11시간 전 등록
[2025-07-07 06:01:04] INFO - 0216 | ㈜육십오도씨 | [식품회사] HMR-품질관리 (HACCP) 사원 모집 | 11시간 전 등록
[2025-07-07 06:01:04] INFO - 0217 | 아우어베이커리 신촌숲길점 | 아우어베이커리신촌숲길점 7월10일-20일 단기 파트타이머 모십니다. | 11시간 전 등록
[2025-07-07 06:01:05] INFO - 0218 | ㈜육십오도씨 | [반찬공장] HMR 조리사 모집 | 11시간 전 등록
[2025-07-07 06:01:05] INFO - 0219 | ㈜우드앤브릭 | (주)우드앤브릭 포장팀 정직원 모집 | 11시간 전 등록
[2025-07-07 06:01:05] INFO - 0220 | 비비큐치킨삼성역점 | BBQ 삼성역점에서 함께 일하실 조리실장님 구합니다 | 11시간 전 등록
[2025-07-07 06:01:05] INFO - 0221 | ㈜탑클래스 기숙학원 | 안성탑클래스기숙학원 기숙사 사감 | 11시간 전 등록
[2025-07-07 06:01:05] INFO - 0222 | 디엔에이벤처스제이호 | 남양주 밤부 베리커리&브루잉 바리스타 | 11시간 전 등록
[2025-07-07 06:01:05] INFO - 0223 | 더마루 잉글리시 | bilingual / native 영어 선생님 (초등 전문) 모십니다. | 11시간 전 등록
[2025-07-07 06:01:06] INFO - 0224 | 농업회사법인아이에스에이치㈜ | 라드라비리조트 - 연회과장, 연회부 매니져님을 모십니다 (기숙사) | 11시간 전 등록
[2025-07-07 06:01:06] INFO - 0225 | 주식회사 엠에프테크 | 설계영업팀(기구설계) 경력자 채용 [반도체관련] | 11시간 전 등록
[2025-07-07 06:01:06] INFO - 0226 | 이도 | 대구 모델하우스 상담사 모집중 내용필수 [모델하우스/분양] | 11시간 전 등록
[2025-07-07 06:01:06] INFO - 0227 | 모더스브레드(MODUS BREAD) | 안산 모더스브레드 바리스타 (경력자우대) 모집 | 11시간 전 등록
[2025-07-07 06:01:06] INFO - 0228 | ㈜파인피플 | [마곡 두꺼비숙성횟집] 숙성회을 좋아하고 장사에 꿈이 있는 직원 모집 | 11시간 전 등록
[2025-07-07 06:01:06] INFO - 0229 | 모더스브레드(MODUS BREAD) | 안산 모더스브레드 제과제빵사(경력자우대) 모집 | 11시간 전 등록
[2025-07-07 06:01:06] INFO - 0230 | ㈜퀵스타 | [퀵스타] 통관cs & 전화실무 담당자 채용 | 11시간 전 등록
[2025-07-07 06:01:07] INFO - 0231 | 가장 행복한 순간을 | 가을스튜디오 헤어&메이크업팀에서 함께 성장할 신입 모집합니다 | 11시간 전 등록
[2025-07-07 06:01:07] INFO - 0232 | 어글리베이커리(UglyBakery) | [어글리 베이커리] 밝은 성격의 제빵사 채용 | 11시간 전 등록
[2025-07-07 06:01:07] INFO - 0233 | ㈜펫박스 | [사업확장상시채용/경의중앙선 6분] 반려동물 이커머스 MD 팀장팀원/AMD | 11시간 전 등록
[2025-07-07 06:01:07] INFO - 0234 | ㈜아이마마 | 웹디자인 부분 경력사원 모집 (3년이상) | 11시간 전 등록
[2025-07-07 06:01:07] INFO - 0235 | ㈜펫박스 | [사업확장상시채용/경의중앙선 6분] 반려동물 이커머스 CS직원 (신입/경력) | 11시간 전 등록
[2025-07-07 06:01:07] INFO - 0236 | ㈜펫박스 | [사업확장상시채용/경의중앙선 6분] 영업관리/지원/구매/발주/정산 E커머스 | 11시간 전 등록
[2025-07-07 06:01:07] INFO - 0237 | ㈜아이비에스인더스트리 | [IBS] 홍대 이스케어 시설직 사원 모집 | 11시간 전 등록
[2025-07-07 06:01:08] INFO - 0238 | ㈜아이비에스인더스트리 | [롯데호텔 울산] 기계보수 감시반 모집 | 11시간 전 등록
[2025-07-07 06:01:08] INFO - 0239 | 모더스브레드(MODUS BREAD) | 안산모더스브레드 제과제빵사 채용공고 | 11시간 전 등록
[2025-07-07 06:01:08] INFO - 0240 | 모더스브레드(MODUS BREAD) | 안산모더스브레드 바리스타 채용공고 | 11시간 전 등록
[2025-07-07 06:01:08] INFO - 0241 | 더 포레스트 웨딩 | 예식예약상담 및 진행 | 11시간 전 등록
[2025-07-07 06:01:08] INFO - 0242 | 한강생물보전연구센터 | 야생조류 사육사(재활관리사)를 영입합니다. | 11시간 전 등록
[2025-07-07 06:01:08] INFO - 0243 | 어메이징캠프&리조트 | 어메이징캠프&리조트 거제점 오픈점 직원 및 알바 채용 | 11시간 전 등록
[2025-07-07 06:01:08] INFO - 0244 | 에이치디씨랩스㈜ | [인스파이어리조트] 객실 오더테이커 구인 | 11시간 전 등록
[2025-07-07 06:01:09] INFO - 0245 | 비비큐빌리지울산성남점 | 울산 비비큐빌리지 성남점 점장, 정직원 모십니다. | 11시간 전 등록
[2025-07-07 06:01:09] INFO - 0246 | 어메이징파크울산점 | 함께 하실 어메이징 키즈카페에서 정직원 및 주말알바 구합니다. | 11시간 전 등록
[2025-07-07 06:01:09] INFO - 0247 | ㈜더포춘트레이딩 | 브랜드 자사몰 & 면세점 영업 경력직 채용 | 11시간 전 등록
[2025-07-07 06:01:09] INFO - 0248 | 쿠팡풀필먼트서비스 유한회사 | [쿠팡 시흥1센터] 물류센터 공정 현장관리자 정규직 채용 | 11시간 전 등록
[2025-07-07 06:01:09] INFO - 0249 | 프롤라 / 성수점 | 카페 프롤라 청주점 팀원 모집(바리스타) | 11시간 전 등록
[2025-07-07 06:01:09] INFO - 0250 | ㈜준에듀케이션 | 한양학원 잠실점 학습코칭 선생님 채용합니다 | 11시간 전 등록
[2025-07-07 06:01:09] INFO - ✅ 5페이지마다 CSV 저장 완료 (총 250건)
[2025-07-07 06:01:09] INFO - ⏱ 1.54초 대기
[2025-07-07 06:01:11] INFO - 
📄 현재 페이지: 6
[2025-07-07 06:01:12] INFO - 0251 | ㈜준에듀케이션 | 한양학원 수학 강사님을 초빙합니다 [수업 9:30-4:35] | 11시간 전 등록
[2025-07-07 06:01:12] INFO - 0252 | ㈜오가다 | [신사동][백억커피] 백억커피 압구정본사점 매니저(점장) 채용 | 11시간 전 등록
[2025-07-07 06:01:12] INFO - 0253 | 거림인포레 | 해운대 수입가구 인포레 배송 (가구조립/배송/2.5t트럭/가구경력자우대) | 11시간 전 등록
[2025-07-07 06:01:12] INFO - 0254 | 앤써드 웨딩(&Third) | 앤써드 웨딩 컨설팅에서 경력자.프리랜서 플래너모집 | 11시간 전 등록
[2025-07-07 06:01:12] INFO - 0255 | 터미널극장주식회사 | [메가박스 수원] 영화관 운영 리더 모집 | 11시간 전 등록
[2025-07-07 06:01:13] INFO - 0256 | 강남바른내과의원 | [한티역/주5일/검진내과]간호파트 선생님 모집합니다.. | 11시간 전 등록
[2025-07-07 06:01:13] INFO - 0257 | 쿠팡풀필먼트서비스 유한회사 | [쿠팡 평택2센터] 물류센터 공정 현장관리자 정규직 채용 | 11시간 전 등록
[2025-07-07 06:01:13] INFO - 0258 | 개포 에듀플렉스 심리상담 연구소 | [강남개포] 에듀플렉스 자기주도학습 매니저(정규직) 모십니다. | 11시간 전 등록
[2025-07-07 06:01:13] INFO - 0259 | ㈜에스디인터내셔날 중대동점 | [9BLOCK COFFEE]나인블럭 고속터미널점 신입 / 경력 바리스타 채용 | 11시간 전 등록
[2025-07-07 06:01:13] INFO - 0260 | 카페윤(CAFE YOON) | 카페윤 정직원(매니저)를 모집합니다 | 11시간 전 등록
[2025-07-07 06:01:13] INFO - 0261 | 에너지카페 | 서면 에너지카페에서 평일 매니저를 모집합니다 | 11시간 전 등록
[2025-07-07 06:01:14] INFO - 0262 | 쿠팡풀필먼트서비스 유한회사 | [쿠팡 CFS] 용인 신선센터 입식지게차(리치) 운전사원 채용 | 11시간 전 등록
[2025-07-07 06:01:14] INFO - 0263 | 오로르 | 블루리본 [ 김포 오로르 레스토랑 / Aurore ] 바리스타,소믈리에 채용공고 | 11시간 전 등록
[2025-07-07 06:01:14] INFO - 0264 | 청안스파 | 피부 관리사 선생님 구인중 입니다 | 11시간 전 등록
[2025-07-07 06:01:14] INFO - 0265 | 클로이 잉글리쉬 | [클로이 잉글리쉬] 초등 중등 영어강사 모집 | 11시간 전 등록
[2025-07-07 06:01:14] INFO - 0266 | 더-메디 | 의료기관(병원) 세탁물 배송/수거 운전직원을 모집합니다. | 11시간 전 등록
[2025-07-07 06:01:14] INFO - 0267 | 법무법인 시우 | 법무법인 영어 영상, 영어 출판 컨텐츠 제작, 기획 및 편집 | 12시간 전 등록
[2025-07-07 06:01:14] INFO - 0268 | 오로르 | 블루리본 [ 김포 오로르 레스토랑 / Aurore ] 주방팀 채용공고 | 12시간 전 등록
[2025-07-07 06:01:15] INFO - 0269 | 폰즈 | 브런치 카페 폰즈(바리스타) | 12시간 전 등록
[2025-07-07 06:01:15] INFO - 0270 | 농부릿지 | 좋은 게 있으니 팔리게만 해봅시다 [브랜드마케터 채용] | 12시간 전 등록
[2025-07-07 06:01:15] INFO - 0271 | 클레이스 | 온라인쇼핑몰 경리및 총무 경력직 채용 ( ECOUNT 사용가능 자 ) | 12시간 전 등록
[2025-07-07 06:01:15] INFO - 0272 | 이트앤드링크 | 성수 이트앤드링크 바리스타 팀원 모집 합니다. | 12시간 전 등록
[2025-07-07 06:01:15] INFO - 0273 | 프라임에셋 | 프라임에셋 영업사원 채용 DB영업 - 고객 제공 한달 교육 후 단기간 성과OK | 12시간 전 등록
[2025-07-07 06:01:15] INFO - 0274 | 세무회계 가감 | 세무사사무실 신입 사원 구함 | 12시간 전 등록
[2025-07-07 06:01:15] INFO - 0275 | 신안종합레져㈜ | 신안컨트리클럽 시설팀 신입/경력 직원 채용 | 12시간 전 등록
[2025-07-07 06:01:16] INFO - 0276 | 신안종합레져㈜ | 신안컨트리클럽 식음파트 신입 / 경력 직원 채용 | 12시간 전 등록
[2025-07-07 06:01:16] INFO - 0277 | 스시야 샤브야 | 아산 천안 레스토랑뷔페 스시야 샤브야 조리사 채용 | 12시간 전 등록
[2025-07-07 06:01:16] INFO - 0278 | 신안종합레져㈜ | 신안CC 코스관리팀 (잔디) 신입/경력 직원 채용 | 12시간 전 등록
[2025-07-07 06:01:16] INFO - 0279 | 신안종합레져㈜ | 신안CC 코스관리팀 (잔디관리) 계약직 채용 | 12시간 전 등록
[2025-07-07 06:01:16] INFO - 0280 | 신안종합레져㈜ | 신안컨트리클럽 (프론트 / 프로샵) 신입/ 경력 직원 채용 | 12시간 전 등록
[2025-07-07 06:01:16] INFO - 0281 | ㈜데코인홈 | 주식회사 데코인홈 커튼 블라인드 창원본점 신규 채용 (신입가능) | 12시간 전 등록
[2025-07-07 06:01:17] INFO - 0282 | ㈔한국능률협회 | 교육사업 운영 담당자 채용 | 12시간 전 등록
[2025-07-07 06:01:17] INFO - 0283 | 스시야 샤브야 | 아산 천안 레스토랑뷔페 스시야 샤브야 조리사 채용(사원, 대리, 과장급) | 12시간 전 등록
[2025-07-07 06:01:17] INFO - 0284 | ㈜데코인홈 | 커튼 블라인드 주식회사 데코인홈 설치팀원 모집건 | 12시간 전 등록
[2025-07-07 06:01:17] INFO - 0285 | ㈜남경어곰탕 | (주) [남경어곰탕] 본점 신규 채용 | 12시간 전 등록
[2025-07-07 06:01:17] INFO - 0286 | 커피바이 | [서울송파] 스페셜티 로스터리 커피바이와 함께하실 바리스타를 모십니다 | 12시간 전 등록
[2025-07-07 06:01:17] INFO - 0287 | cento | cento여성의류 직원구인 | 12시간 전 등록
[2025-07-07 06:01:17] INFO - 0288 | cento | cento여성의류 구인 | 12시간 전 등록
[2025-07-07 06:01:18] INFO - 0289 | cento | cento여성보세 스태프 구인 | 12시간 전 등록
[2025-07-07 06:01:18] INFO - 0290 | 킷캣 | 베이비/키즈 전문 포토그래퍼 정규직 구인 | 12시간 전 등록
[2025-07-07 06:01:18] INFO - 0291 | 유앤아이의원 신촌점 | [주4일] 유앤아이피부과 홍대신촌점 중국 상담실장님 구합니다 (F비자) | 12시간 전 등록
[2025-07-07 06:01:18] INFO - 0292 | ㈔한국자동차튜닝산업협회 | 자동차튜닝 DIY샵 관리자 모집 | 12시간 전 등록
[2025-07-07 06:01:18] INFO - 0293 | 카인드짐 | 카인드짐24시 망포점 FC(피트니스카운샐러)겸 트레이너연습생 구인300평확 | 12시간 전 등록
[2025-07-07 06:01:18] INFO - 0294 | 유앤아이의원 신촌점 | 주4일 홍대신촌점 유앤아이의원 피부관리사 모집 | 12시간 전 등록
[2025-07-07 06:01:18] INFO - 0295 | ㈜국제 | 미용(헤어/이용/네일/메이크업/피부) 시간/정규강사 구인 | 12시간 전 등록
[2025-07-07 06:01:19] INFO - 0296 | ㈜국제 | 전기분야 직업훈련교사 구인 | 12시간 전 등록
[2025-07-07 06:01:19] INFO - 0297 | ㈜새움 | 대리급 품질관리 및 운영 담당 정규직 채용 | 13시간 전 등록
[2025-07-07 06:01:19] INFO - 0298 | 실버팍스 | 유아용품회사 실버팍스 관리부/경영지원 모집 | 13시간 전 등록
[2025-07-07 06:01:19] INFO - 0299 | ㈜쉐보레자동차제주 | 자동차 판매 영업사원 모집 | 13시간 전 등록
[2025-07-07 06:01:19] INFO - 0300 | ㈜디파인코퍼레이션 | (웨딩스튜디오)아우라/아르센/글렌하우스 프리 디자이너 모집 | 13시간 전 등록
[2025-07-07 06:01:19] INFO - ⏱ 2.15초 대기
[2025-07-07 06:01:22] INFO - 
📄 현재 페이지: 7
[2025-07-07 06:01:22] INFO - 0301 | 카페칼리스타 | 구로 카페 칼리스타에서 주말/공휴일 베이커리 채용 | 13시간 전 등록
[2025-07-07 06:01:22] INFO - 0302 | 미분당 서대문역 | 미분당 서대문역점 정직원 모집 | 13시간 전 등록
[2025-07-07 06:01:22] INFO - 0303 | 아이토빅 | 온라인 쇼핑몰 물류/재고관리 | 13시간 전 등록
[2025-07-07 06:01:23] INFO - 0304 | ㈜스마트콘텐츠연구소 | 교육콘텐츠 영상 제작자 모션(에펙), 편집(프리미어) 채용(경력) | 13시간 전 등록
[2025-07-07 06:01:23] INFO - 0305 | 유니센스일대일영어학원 | [영등포구청역] 성인대상 1:1 교포급 영어회화 강사 | 13시간 전 등록
[2025-07-07 06:01:23] INFO - 0306 | 레지스컴㈜ | 코트야드 메리어트 판교 호텔 인스펙터주임 모집 | 13시간 전 등록
[2025-07-07 06:01:23] INFO - 0307 | 맥서브 | 홈플러스 동광주점 시설기사 채용 | 13시간 전 등록
[2025-07-07 06:01:23] INFO - 0308 | 크래커스 | 크래커스커피 바리스타/매장관리 정규직 모집[연차상여,유류비,명절상여] | 13시간 전 등록
[2025-07-07 06:01:23] INFO - 0309 | 르와조 | 발산 마곡 핸드드립 카페 신입 바리스타 | 13시간 전 등록
[2025-07-07 06:01:23] INFO - 0310 | 동화에프앤비㈜ | 온라인마케팅 AMD 정규직채용 | 13시간 전 등록
[2025-07-07 06:01:24] INFO - 0311 | ㈜새움 | 대리급 생산관리 및 운영 담당 정규직 채용 | 13시간 전 등록
[2025-07-07 06:01:24] INFO - 0312 | 헤세의정원 | [헤세의정원] 레스토랑 헤세 주방 직원 모집 (경력) | 13시간 전 등록
[2025-07-07 06:01:24] INFO - 0313 | 동화에프앤비㈜ | 온라인마케팅 MD(정규직채용) | 13시간 전 등록
[2025-07-07 06:01:24] INFO - 0314 | 실버팍스 | 유아용품회사 실버팍스 국내영업 (경력/신입) | 13시간 전 등록
[2025-07-07 06:01:24] INFO - 0315 | 비마이 | 비마이스튜디오(웨딩) 고객센터에서 매니저 채용합니다 :) | 13시간 전 등록
[2025-07-07 06:01:24] INFO - 0316 | 베루체광주주식회사 | [베루체 광주점] 인포메이션 주말 직원 채용 | 13시간 전 등록
[2025-07-07 06:01:25] INFO - 0317 | 세명종합관리㈜ | 오피스텔 경비직 격일제 모집합니다. | 13시간 전 등록
[2025-07-07 06:01:25] INFO - 0318 | 아이엔지피플㈜ | 퍼블리싱 분야 인재 모집 | 13시간 전 등록
[2025-07-07 06:01:25] INFO - 0319 | 마일드하이클럽㈜ | 압구정로데오 도어투도어 샌드위치 직원 모집 | 13시간 전 등록
[2025-07-07 06:01:25] INFO - 0320 | 인우한의원 | 한의원 코디네이터 데스크 업무 (영등포구 여의도 주5일) | 13시간 전 등록
[2025-07-07 06:01:25] INFO - 0321 | 세무회계라미 | 세무사사무실 직원을 구합니다. | 13시간 전 등록
[2025-07-07 06:01:25] INFO - 0322 | 훈장골 갈비밥상 | 훈장골 화성마도점에서 함께 근무할 조리 경력직원 구합니다 | 13시간 전 등록
[2025-07-07 06:01:25] INFO - 0323 | 세무법인 청연 | 가산동 세무법인 부가세신고 경력직(알바) 모집. (정규직 전환 기회 부여) | 13시간 전 등록
[2025-07-07 06:01:26] INFO - 0324 | 빌립 | 코인 유투브 촬영 전문가(재택근무) 경력자 모집 | 13시간 전 등록
[2025-07-07 06:01:26] INFO - 0325 | 빌립 | 신입/경력자 자체유투브 생산DB 코인래퍼럴 TM영업사원 모집 | 13시간 전 등록
[2025-07-07 06:01:26] INFO - 0326 | ㈜위더스컴퍼니 | (서울)에어컨청소, 세탁기청소, 가전청소, 홈케어 기사님 모집 | 13시간 전 등록
[2025-07-07 06:01:26] INFO - 0327 | ㈜위더스컴퍼니 | (안산)에어컨청소, 세탁기청소, 가전청소, 홈케어 기사님 모집 | 13시간 전 등록
[2025-07-07 06:01:26] INFO - 0328 | ㈜유에이치씨 | UH FLAT 오시리아 레지던스형 호텔 프론트 주간 정규직 | 13시간 전 등록
[2025-07-07 06:01:26] INFO - 0329 | ㈜위더스컴퍼니 | (안양)에어컨청소, 세탁기청소, 가전청소, 홈케어 기사님 모집 | 13시간 전 등록
[2025-07-07 06:01:27] INFO - 0330 | ㈜위더스컴퍼니 | (인천)에어컨청소, 세탁기청소, 가전청소, 홈케어 기사님 모집 | 13시간 전 등록
[2025-07-07 06:01:27] INFO - 0331 | ㈜아로마티카 | [AROMATICA/뷰티브랜드] 부자재구매 담당자 채용 | 13시간 전 등록
[2025-07-07 06:01:27] INFO - 0332 | 그레이에이전시 | GRAY-AGENCY 브랜드 & 패키지 신입 및 경력 디자이너 채용 | 13시간 전 등록
[2025-07-07 06:01:27] INFO - 0333 | ㈜에프앤솔루션 | 2025년 ㈜에프앤솔루션 온라인마케팅 신입사원 채용 | 13시간 전 등록
[2025-07-07 06:01:27] INFO - 0334 | ㈜유에이치씨 | UH FLAT 오시리아 레지던스형 호텔 프론트 야간 정규직 | 13시간 전 등록
[2025-07-07 06:01:27] INFO - 0335 | 엘알서울 | [ 광고대행사 엘알서울 ] 폴스타, 락앤락 등 SNS 마케팅 운영 / 기획 모집 | 13시간 전 등록
[2025-07-07 06:01:27] INFO - 0336 | 엘알서울 | [ 광고대행사 엘알서울 ] 신입/경력 카피라이터를 모집합니다 | 13시간 전 등록
[2025-07-07 06:01:28] INFO - 0337 | 엘알서울 | [ 광고대행사 엘알서울 ] 신입/경력 아트디렉터를 모집합니다 | 13시간 전 등록
[2025-07-07 06:01:28] INFO - 0338 | 더노스 | LF스퀘어 인천점 노스페이스 네이버스마트스토어 홈페이지 관리 구인해요 | 13시간 전 등록
[2025-07-07 06:01:28] INFO - 0339 | 자운분전반 | 분전반 제작, 신입 모집 채용 | 13시간 전 등록
[2025-07-07 06:01:28] INFO - 0340 | 더이에스티학원 | 에이드 어학원 초중등 영어선생님을 모집합니다. | 13시간 전 등록
[2025-07-07 06:01:28] INFO - 0341 | 르바카사브르 | 제빵사모집 | 13시간 전 등록
[2025-07-07 06:01:28] INFO - 0342 | 보배반점 명동점 | 보배반점 명동점에서 홀서버 구합니다 | 13시간 전 등록
[2025-07-07 06:01:29] INFO - 0343 | 브레인나우 스튜디오 남양주다산점 | [풀타임] 브레인나우 스튜디오 남양주다산점 영유아 교사 채용 | 13시간 전 등록
[2025-07-07 06:01:29] INFO - 0344 | ㈜더파티플러스 서면지점 | (더파티 서면점) 서무 직원 채용 | 13시간 전 등록
[2025-07-07 06:01:29] INFO - 0345 | ㈜아로마티카 | [AROMATICA/뷰티브랜드] 글로벌 인턴 모집 | 13시간 전 등록
[2025-07-07 06:01:29] INFO - 0346 | 베이커리 호팡 | 베이커리호팡 제빵사 정직원 채용 | 13시간 전 등록
[2025-07-07 06:01:29] INFO - 0347 | ㈜헬로파크 | (주)헬로파크 청주 키즈카페 헬로파크 오창점 운영매니저 채용 공고 | 13시간 전 등록
[2025-07-07 06:01:29] INFO - 0348 | ㈜헬로파크 | (주)헬로파크 인천 청라 키즈카페 헬로파크 청라점 운영매니저 채용 공고 | 13시간 전 등록
[2025-07-07 06:01:30] INFO - 0349 | 고와정 | 고와정에서 가족처럼 함께할 정직원 구합니다 | 13시간 전 등록
[2025-07-07 06:01:30] INFO - 0350 | ㈜삼구엘에스 | [삼구엘에스]NE.O003 이마트몰 물류센터 주간 / 석간 현장사원 모집 | 13시간 전 등록
[2025-07-07 06:01:30] INFO - ⏱ 3.02초 대기
[2025-07-07 06:01:33] INFO - 
📄 현재 페이지: 8
[2025-07-07 06:01:33] INFO - 0351 | ㈜안전한공간 | 사내 관리부장 채용(벤처기업에 맞는 적극적 성장을 같이 할분 ) | 13시간 전 등록
[2025-07-07 06:01:34] INFO - 0352 | 레드버튼 강남점 | [보드게임카페 레드버튼 강남점] 프랜차이즈 카페 매니저/트레이너 채용 | 13시간 전 등록
[2025-07-07 06:01:34] INFO - 0353 | 라쪼 | 월8회 270만 고잔동 라쪼 함께할 주방직원 구합니다 | 13시간 전 등록
[2025-07-07 06:01:34] INFO - 0354 | 더네츄럴 스튜디오 | [대전베이비스튜디오] 아기를 사랑하는 편집자 구인 합니다 | 13시간 전 등록
[2025-07-07 06:01:34] INFO - 0355 | ㈜차이들 | 논현/잠원 캐주얼 중식당 차이들 주방 직원 모집합니다 | 13시간 전 등록
[2025-07-07 06:01:34] INFO - 0356 | ㈜차이들 | 캐주얼 중식당 `차이들 롯데몰수지점` 주방 직원 모집합니다 | 13시간 전 등록
[2025-07-07 06:01:34] INFO - 0357 | ㈜애니파이브 | AI기술센터 CTO를 모십니다 | 13시간 전 등록
[2025-07-07 06:01:35] INFO - 0358 | 미담도시개발 | 부동산내근직 권리분석 입지분석 자산관리/컨설팅상담 배우면서 일하실분 | 13시간 전 등록
[2025-07-07 06:01:35] INFO - 0359 | 더네츄럴 스튜디오 | [대전베이비스튜디오] 아기를 사랑하는 연출 촬영작가 구인 합니다 | 14시간 전 등록
[2025-07-07 06:01:35] INFO - 0360 | 세명종합관리㈜ | 오피스텔 방재실(격일제) 직원 모집합니다. | 14시간 전 등록
[2025-07-07 06:01:35] INFO - 0361 | 경희특수발달재활센터 | 특수체육 선생님 모십니다 | 14시간 전 등록
[2025-07-07 06:01:35] INFO - 0362 | ㈜온원엔터테인먼트 | 주 2-3일 뮤지컬 연기 강사 겸 촬영 | 14시간 전 등록
[2025-07-07 06:01:35] INFO - 0363 | 마케팅 설계자 | 해선 CS 인,아웃바운드 모집 | 14시간 전 등록
[2025-07-07 06:01:36] INFO - 0364 | 온에어스탁컴퍼니 | 재택 주식 유튜브 애널리스트 (유튜브) | 14시간 전 등록
[2025-07-07 06:01:36] INFO - 0365 | 마케팅 설계자 | 해선 지사(IB)모집 | 14시간 전 등록
[2025-07-07 06:01:36] INFO - 0366 | ㈜패스트랩스 | [홍대] 하반기 빈트 뉴욕 온라인 쇼핑몰 매니저 채용 | 14시간 전 등록
[2025-07-07 06:01:36] INFO - 0367 | 하루에스튜디오 | 삼성동 하루에 스튜디오 상담 매니저 공고 | 14시간 전 등록
[2025-07-07 06:01:36] INFO - 0368 | 차이나에듀㈜ | 남미숙 중국어 강남학원 중국어HSK 강사 채용 | 14시간 전 등록
[2025-07-07 06:01:36] INFO - 0369 | ㈜보람정보기술 | 라이나생명 KDP운영 | 14시간 전 등록
[2025-07-07 06:01:36] INFO - 0370 | ㈜리드업 | (주)리드업 영상 기획 및 편집에 능한 직원을 모집합니다. | 14시간 전 등록
[2025-07-07 06:01:37] INFO - 0371 | 오라잇 | [ 급구 ] 주 6일 길음역 인근 음식점 발렛근무자 모집 | 14시간 전 등록
[2025-07-07 06:01:37] INFO - 0372 | 암사바른한의원 | (주4일, 정규직) 한의원 간호조무사 선생님을 모십니다. | 14시간 전 등록
[2025-07-07 06:01:37] INFO - 0373 | 아이카 | 쇼핑몰관리 경영지원 사무직 모집 | 14시간 전 등록
[2025-07-07 06:01:37] INFO - 0374 | 오라잇 | [ 급구 ] 내방역 인근 산부인과 발렛근무자 모집 | 14시간 전 등록
[2025-07-07 06:01:37] INFO - 0375 | ㈜에스제이유통 | 금산 세종마트 정육코너 양념육 판매사원 모집(월6회 휴무) | 14시간 전 등록
[2025-07-07 06:01:37] INFO - 0376 | 오챠드㈜ | [종로구/정규직] haag 패션 디자인실 경력직 디자이너 채용 | 14시간 전 등록
[2025-07-07 06:01:38] INFO - 0377 | 그림아트스튜디오 동탄호수공원점 | [동탄2미술] 함께 즐겁게 일하실 유.초등 원장급 미술선생님 구합니다. | 14시간 전 등록
[2025-07-07 06:01:38] INFO - 0378 | 그림아트스튜디오 동탄호수공원점 | [동탄2미술] 함께 즐겁게 일하실 유.초등 전임미술선생님 구합니다. | 14시간 전 등록
[2025-07-07 06:01:38] INFO - 0379 | ㈜프리스코 | [비파티세리 센트럴시티점] 바리스타 채용 (신입/경력무관) | 14시간 전 등록
[2025-07-07 06:01:38] INFO - 0380 | 롤링핀 여의도점 | 베이커리카페 롤링핀 여의도점에서 제빵파트 직원을 모집합니다 | 14시간 전 등록
[2025-07-07 06:01:38] INFO - 0381 | 부성냉열 | 냉동공조 유통업 - 기술영업·영업관리 경력직 채용 | 14시간 전 등록
[2025-07-07 06:01:38] INFO - 0382 | 르노코리아 원주대리점 | 르노코리아 원주전시장 ((여성지원가능)) 판매 영업 사원 정규직 채용 | 14시간 전 등록
[2025-07-07 06:01:38] INFO - 0383 | 마이데이터 | Java 백엔드 개발자 모집 | 14시간 전 등록
[2025-07-07 06:01:39] INFO - 0384 | 쿠우쿠우 평택고덕점 | 쿠우쿠우 평택 고덕점 직원모집 | 14시간 전 등록
[2025-07-07 06:01:39] INFO - 0385 | ㈜이섬산업 | 주간2교대근무 현대자동차시트패드 사양별 적재작업 - 정규직 | 14시간 전 등록
[2025-07-07 06:01:39] INFO - 0386 | 연세우리병원 | 조리사(찬조리원) 모집합니다 | 14시간 전 등록
[2025-07-07 06:01:39] INFO - 0387 | ㈜에이바 | 엔제리너스 해운대 마린시티점 관리자 모집 | 14시간 전 등록
[2025-07-07 06:01:39] INFO - 0388 | ㈜아로마티카 | [AROMATICA/뷰티브랜드] 패키지 디자이너 채용 | 14시간 전 등록
[2025-07-07 06:01:39] INFO - 0389 | ㈜코어소사이어티 | [잠실역] 레스토랑`더 이탈리안 클럽` 에서 서비스 팀원 | 14시간 전 등록
[2025-07-07 06:01:39] INFO - 0390 | 리안영어학원 | 초/중 영어로 원서 수업을 해 주실 선생님 모십니다(원어민 급) | 14시간 전 등록
[2025-07-07 06:01:40] INFO - 0391 | ㈜춘심이네 | 제주 춘심이네) 신규직원 채용공고 - 홀서비스/주방보조(기숙사무료) | 14시간 전 등록
[2025-07-07 06:01:40] INFO - 0392 | ㈜이세큐 | 트레이더스 송림점 환경팀 정규 사원 모집 | 14시간 전 등록
[2025-07-07 06:01:40] INFO - 0393 | ㈜블루엘리펀트 | [블루엘리펀트] 오프라인 스토어 매장 직원 채용 (제주) | 14시간 전 등록
[2025-07-07 06:01:40] INFO - 0394 | ㈜블루엘리펀트 | [블루엘리펀트] 오프라인 스토어 매장 직원 채용 (종로구 익선/안국) | 14시간 전 등록
[2025-07-07 06:01:40] INFO - 0395 | ㈜블루엘리펀트 | [블루엘리펀트] 오프라인 스토어 매장 직원 채용 (강남구 신사/도산) | 14시간 전 등록
[2025-07-07 06:01:40] INFO - 0396 | ㈜이마이웨딩 | [EMYWEDDING] 2025년 상반기 대전 웨딩플래너 공개채용 [신입/경력] | 14시간 전 등록
[2025-07-07 06:01:40] INFO - 0397 | (유)베스타 | 베스타뷔페 카운터업무 담당 캐셔모집. | 14시간 전 등록
[2025-07-07 06:01:41] INFO - 0398 | 셀리즈피부과의원 | [주5일] 해운대 셀리즈피부과의원 피부관리팀 모집 | 15시간 전 등록
[2025-07-07 06:01:41] INFO - 0399 | 더블유 카(W car) | 세차직원 모집 | 15시간 전 등록
[2025-07-07 06:01:41] INFO - 0400 | 폴라그란데 | 청주 브런치카페 폴라그란데에서 브런치직원을 모집합니다. | 15시간 전 등록
[2025-07-07 06:01:41] INFO - ⏱ 2.63초 대기
[2025-07-07 06:01:44] INFO - 
📄 현재 페이지: 9
[2025-07-07 06:01:44] INFO - 0401 | 마일드하이클럽㈜ | 압구정로데오 올데이 브런치 다이닝 `마일드 하이 클럽` 키친 파트 모집 | 15시간 전 등록
[2025-07-07 06:01:45] INFO - 0402 | ㈜청해피엠씨 | 행정사무 지원인력 | 15시간 전 등록
[2025-07-07 06:01:45] INFO - 0403 | ㈜공감인 | 공감플랫폼 신규매장 바리스타 신입/경력(정규직) 모집 | 15시간 전 등록
[2025-07-07 06:01:45] INFO - 0404 | 이케아코리아 유한회사 | [이케아 강동점] 고객지원팀 스토어 코워커 (주 24시간/계약직) | 15시간 전 등록
[2025-07-07 06:01:45] INFO - 0405 | ㈜제이씨파워즈 | 청주 오창 3조 2교대 생산직 대모집(상여금300프로, 제전복상의만 착용) | 15시간 전 등록
[2025-07-07 06:01:45] INFO - 0406 | (주)올바론에듀 | [광주, 남구] 국어고등 강사모집 | 15시간 전 등록
[2025-07-07 06:01:45] INFO - 0407 | 무인양품 ifc몰 | [MUJI-무인양품] 여의도 IFC몰점 판매사원(풀타임) 모집 | 15시간 전 등록
[2025-07-07 06:01:45] INFO - 0408 | ㈜블루망고풀빌라앤리조트 | 여수블루망고풀빌라&리조트 객실관리팀(컨시어지)담당 정직원 채용 | 15시간 전 등록
[2025-07-07 06:01:46] INFO - 0409 | ㈜블루망고풀빌라앤리조트 | 여수블루망고풀빌라&리조트 예약&프론트 담당 정직원 채용 | 15시간 전 등록
[2025-07-07 06:01:46] INFO - 0410 | 경복궁블랙오크우드점 | 한식 레스토랑 홀서빙 티카 및 관리자 모집합니다. | 15시간 전 등록
[2025-07-07 06:01:46] INFO - 0411 | 휴대폰 두정점 | 클릭한번에 구직활동 끝 월400가능 | 15시간 전 등록
[2025-07-07 06:01:46] INFO - 0412 | ㈜옥스비 | 동탄글로벌어학원 일본어정규반강사(저녁반) | 15시간 전 등록
[2025-07-07 06:01:46] INFO - 0413 | (유)MHR | 건설현장 기능공 및 조공 모집 | 15시간 전 등록
[2025-07-07 06:01:46] INFO - 0414 | (주)올바론에듀 | [광주, 남구] 영어고등 강사모집 | 15시간 전 등록
[2025-07-07 06:01:46] INFO - 0415 | 프리미엄스파엘 | 얼굴 바디 관리사 채용 외국어 가능하신 분 환영 | 15시간 전 등록
[2025-07-07 06:01:47] INFO - 0416 | (주)올바론에듀 | [광주, 남구] 영어중등 강사모집 | 15시간 전 등록
[2025-07-07 06:01:47] INFO - 0417 | 펀스터(Punster) | 펀스터(Punster) `베이커리 제빵사` 채용 | 15시간 전 등록
[2025-07-07 06:01:47] INFO - 0418 | ㈜와이비에스 | 도시/교통전공 데이터 분석 및 설계분야 경력직 모집 | 15시간 전 등록
[2025-07-07 06:01:47] INFO - 0419 | (주)올바론에듀 | [광주, 남구] 영어초등 강사모집 | 15시간 전 등록
[2025-07-07 06:01:47] INFO - 0420 | 한국호텔리어협회 | 특급관광호텔&골프장호텔 정규직/ | 15시간 전 등록
[2025-07-07 06:01:47] INFO - 0421 | 한국호텔리어협회 | 특급호텔&골프장호텔 호텔리어 정규직 | 15시간 전 등록
[2025-07-07 06:01:48] INFO - 0422 | ㈜애니파이브 | 기술이전사업화 업무 경력사원 채용안내 | 15시간 전 등록
[2025-07-07 06:01:48] INFO - 0423 | ㈜케이씨엠에스 | 충정로 서울 아리수 본부 시스템 운영 (k10) | 15시간 전 등록
[2025-07-07 06:01:48] INFO - 0424 | Al Badaya Tourism L.L.C | [관광가이드] 두바이 현지 가이드 정규직 모집 | 15시간 전 등록
[2025-07-07 06:01:48] INFO - 0425 | ㈜이노셉트개발 | 공간디자이너 정규직 채용 | 15시간 전 등록
[2025-07-07 06:01:48] INFO - 0426 | 주식회사 카네비컴썬델리에프앤비 | 빵쌤 센트럴파크점 제빵팀 대리급 직원 채용 | 15시간 전 등록
[2025-07-07 06:01:48] INFO - 0427 | 엔트리(Entree)영어학원 | (서울 신길동) 초중등 영어강사님을 모십니다. | 15시간 전 등록
[2025-07-07 06:01:49] INFO - 0428 | ㈜ 어울림컴퍼니 | 탐정법인 (주)어울림 흥신소 현장조사 팀원을 모집합니다. | 15시간 전 등록
[2025-07-07 06:01:49] INFO - 0429 | 의료법인 우리아이들의료재단 성북우리아 | 성북우리아이들병원 진료협력센터 간호사 모집 | 15시간 전 등록
[2025-07-07 06:01:49] INFO - 0430 | 덕천구룡성 | 중식레스토랑 주방 정직원 (면장,칼판장,튀김,조리장) 모집합니다. | 15시간 전 등록
[2025-07-07 06:01:49] INFO - 0431 | 24시월드펫동물 메디컬센터 | 24시 월드펫 동물 메디컬센터 주간 테크니션 선생님 모십니다. | 15시간 전 등록
[2025-07-07 06:01:49] INFO - 0432 | 타임리턴의원 | 일급13) 7/7 디자이너 아르바이트 구인 | 15시간 전 등록
[2025-07-07 06:01:49] INFO - 0433 | ㈜나눔프랜차이즈 | [주5일/마감] 퍼그피자 강남본점에서 즐겁게 근무할 직원을 채용합니다 | 15시간 전 등록
[2025-07-07 06:01:50] INFO - 0434 | 봄날애사진관 부산점 | 가족사진관 고객 상담 매니저 모집합니다. | 15시간 전 등록
[2025-07-07 06:01:50] INFO - 0435 | 브로트아트 쿠셰 | 베이커리 카페 정직원 / 매니저를 모집합니다. | 15시간 전 등록
[2025-07-07 06:01:50] INFO - 0436 | ㈜제이알 | 호텔 프런트 경력(대리급) 및 신입 직원 모십니다. | 15시간 전 등록
[2025-07-07 06:01:50] INFO - 0437 | ㈜팔팔건설 | 건설업 공무 업무 및 경리 사무원(건설업) | 15시간 전 등록
[2025-07-07 06:01:50] INFO - 0438 | ㈜제이알 | 특급호텔 조리 보조 모집합니다. | 15시간 전 등록
[2025-07-07 06:01:50] INFO - 0439 | 쿠우쿠우은계점 | 파트별 직원 채용 ( 홀 / 샐러드 / 즉석파트). | 15시간 전 등록
[2025-07-07 06:01:51] INFO - 0440 | ㈜지네이션 | [양재]이탈리안 레스토랑`브리즈`홀직원(주5일근무/일요일고정휴무) | 15시간 전 등록
[2025-07-07 06:01:51] INFO - 0441 | 보람상조피플㈜ | 보람그룹 본사 장례매니저&의전도우미 모집 | 15시간 전 등록
[2025-07-07 06:01:51] INFO - 0442 | 보람상조피플㈜ | 보람그룹 본사 리빙플래너 모집 | 15시간 전 등록
[2025-07-07 06:01:51] INFO - 0443 | ㈜퍼스트액터스 | [퍼스트 액터스] 드라마, 영화, 광고 캐스팅디렉터 채용합니다. | 15시간 전 등록
[2025-07-07 06:01:51] INFO - 0444 | 메가스터디뷰티아카데미 홍대학원 | [메가스터디교육] 콘텐츠기획자 모집 | 15시간 전 등록
[2025-07-07 06:01:51] INFO - 0445 | 다복한상 | 마이피자서울 양식 조리사 모십니다. | 15시간 전 등록
[2025-07-07 06:01:52] INFO - 0446 | 노크 | [아트팩토리참기름] 카페 바리스타 /신입/경력/ 모집 | 15시간 전 등록
[2025-07-07 06:01:52] INFO - 0447 | 바다부동산공인중개사사무소 | 소속공인중개사/중개보조원 실장님 구인합니다. | 15시간 전 등록
[2025-07-07 06:01:52] INFO - 0448 | 보람상조피플㈜ | [보람그룹 본사 ] 관리자 후보군 모집 | 15시간 전 등록
[2025-07-07 06:01:52] INFO - 0449 | 베지야(vegie-ya) | 샌드위치 & 샐러드를 잘 만드실수 있는분(경력자) | 15시간 전 등록
[2025-07-07 06:01:52] INFO - 0450 | 연세힐치과의원 | [5호선 우장산역] 치과병원 데스크 코디네이터 채용(신입, 경력 가능) | 16시간 전 등록
[2025-07-07 06:01:52] INFO - ⏱ 3.34초 대기
[2025-07-07 06:01:56] INFO - 
📄 현재 페이지: 10
[2025-07-07 06:01:56] INFO - 0451 | 홈플러스㈜ | 홈플러스 금천전 아르바이트 모집 9/30일까지 | 16시간 전 등록
[2025-07-07 06:01:56] INFO - 0452 | 꼬륵 수제도시락 | 재료손질 및 설거지, 주방보조를 찾습니다. | 16시간 전 등록
[2025-07-07 06:01:57] INFO - 0453 | 플래너 성형외과의원 | [강남역 플래너성형외과] cs 고객센터 인재 모집 | 16시간 전 등록
[2025-07-07 06:01:57] INFO - 0454 | 플래너 성형외과의원 | [플래너성형외과] 해외(대만, 중국 등) 마케팅직 모집합니다 | 16시간 전 등록
[2025-07-07 06:01:57] INFO - 0455 | 플래너 성형외과의원 | [주4.5일 근무/강남역 성형외과] 수술실 또는 시술실 간호사(연봉3천부터) | 16시간 전 등록
[2025-07-07 06:01:57] INFO - 0456 | 플래너 성형외과의원 | [플래너성형외과] 영상제작 및 편집자 모집합니다 | 16시간 전 등록
[2025-07-07 06:01:57] INFO - 0457 | 플래너 성형외과의원 | (강남역 플래너성형외과) 코디네이터 팀장 및 팀원 모집 [신규/경력] | 16시간 전 등록
[2025-07-07 06:01:57] INFO - 0458 | ㈜유탑디앤씨유탑유블레스호텔제주 | [유탑유블레스호텔 제주] 객실/마케팅/경영지원/시설팀 채용 | 16시간 전 등록
[2025-07-07 06:01:58] INFO - 0459 | 나우드라이브 | (탁송,대리기사)투잡,전업,알바 하실 분 모집 | 16시간 전 등록
[2025-07-07 06:01:58] INFO - 0460 | ㈜더오름티씨에스 | 호텔 고객센터 상담원 모집 외국어 가능자 | 16시간 전 등록
[2025-07-07 06:01:58] INFO - 0461 | ㈜모두다 | [자연도소금빵] 인천 영종도 / 을왕리 제빵사 / 판매직 채용 (경력 무관) | 16시간 전 등록
[2025-07-07 06:01:58] INFO - 0462 | 고설우 삼성점 | [삼성동 한우레스토랑] 고설우에서 육부장님 모십니다. | 16시간 전 등록
[2025-07-07 06:01:58] INFO - 0463 | ㈜콜라보일루아 | GBDB (브런치 베이커리)에서 일하실 바리스타 모집합니다. | 16시간 전 등록
[2025-07-07 06:01:58] INFO - 0464 | 나비글로벌 | 중국어 통번역 프리랜서 모집합니다 | 16시간 전 등록
[2025-07-07 06:01:58] INFO - 0465 | 나비글로벌 | 일본어 통번역 프리랜서 모집합니다 | 16시간 전 등록
[2025-07-07 06:01:59] INFO - 0466 | ㈜리프 사운드 | [바리스타 ] 정규직 채용 - 하남스타필드 카페 | 16시간 전 등록
[2025-07-07 06:01:59] INFO - 0467 | 나비글로벌 | 영어 통번역 프리랜서 모집합니다 | 16시간 전 등록
[2025-07-07 06:01:59] INFO - 0468 | 나비글로벌 | 다국어 통번역 프리랜서(일/중/영 제외)모집합니다. 원어민도 대완영 | 16시간 전 등록
[2025-07-07 06:01:59] INFO - 0469 | 에스티네오(ST.NEO) | [에스티네오] 포토그래퍼, 리터쳐 모집합니다 | 16시간 전 등록
[2025-07-07 06:01:59] INFO - 0470 | 성국직업정보 | 광명 지산빌딩 보안요원 ( 수도권전지역 빌딩,회사,아파트) | 16시간 전 등록
[2025-07-07 06:01:59] INFO - 0471 | ㈜제이앤비컨설팅 | [주5일/근무환경우수]건강보험공단 고객센터 상담원 채용 | 16시간 전 등록
[2025-07-07 06:02:00] INFO - 0472 | 머슬드래곤짐 | (인천) 500평 휘트니스센터에서 함께 근무할 남녀 트레이너를 모집합니다. | 16시간 전 등록
[2025-07-07 06:02:00] INFO - 0473 | 스프링 베이커리 | 스프링 베이커리와 함께할 홀매니저(바리스타)를 모집합니다. | 16시간 전 등록
[2025-07-07 06:02:00] INFO - 0474 | 쁘띠 키친 | 석촌역 인근의 작지만 큰 행복을 주는 쁘띠키친과 함께 할 쉐프 모집 | 16시간 전 등록
[2025-07-07 06:02:00] INFO - 0475 | 도우또 성수 | 도우또성수 주5일주방직원모집 | 16시간 전 등록
[2025-07-07 06:02:00] INFO - 0476 | 효 | 마사지 업무 담당자 모집합니다 | 16시간 전 등록
[2025-07-07 06:02:00] INFO - 0477 | 베이비파스텔제주점 | 베이비파스텔 제주(가맹점) 베이비촬영 / 연출작가 모집 (신입, 경력) | 16시간 전 등록
[2025-07-07 06:02:01] INFO - 0478 | 버터킹 | 파주 [버터킹빵공장] 바리스타 파트타이머 채용 | 16시간 전 등록
[2025-07-07 06:02:01] INFO - 0479 | 버터킹 | 파주 [버터킹빵공장] 베이커리 정직원 채용 | 16시간 전 등록
[2025-07-07 06:02:01] INFO - 0480 | 비엔엠컴퍼니 | (주)BNM COMPANY에서 PC방 매장관리자를 모집합니다. | 16시간 전 등록
[2025-07-07 06:02:01] INFO - 0481 | 에이젯공인중개사사무소 | [에이젯 공인중개사 사무소]송파구 공인중개사 신입사원 및 경력자 모집 | 16시간 전 등록
[2025-07-07 06:02:01] INFO - 0482 | 아이티컨벤션 | 아이티컨벤션 웨딩홀 예약실직원 채용합니다. | 17시간 전 등록
[2025-07-07 06:02:01] INFO - 0483 | 주노에프앤비㈜ | 한식 레스토랑 광화문한상에서 함께 할 홀 아르바이트를 모집합니다. | 17시간 전 등록
[2025-07-07 06:02:01] INFO - 0484 | 아비쥬의원(강서점) | [아비쥬 강서] 피부관리사 채용 / 신입 세후 240이상, 식대별도 | 17시간 전 등록
[2025-07-07 06:02:02] INFO - 0485 | 아뜰리에 코퍼레이션 | 하우스오브에이미 대전점 드레스실 직원 채용 | 17시간 전 등록
[2025-07-07 06:02:02] INFO - 0486 | 코리아마린 | 평택항 . 당진항 선박 줄잡이 직원 및 프리랜서 모집 | 17시간 전 등록
[2025-07-07 06:02:02] INFO - 0487 | 쉐프조 | 문래역 베이커리카페 쉐프조 배송직원 구합니다. | 17시간 전 등록
[2025-07-07 06:02:02] INFO - 0488 | ㈜필앤아트 콘텐츠랩 | [버추얼 엔터사] 감각 좋은 3D 공간 디자이너 모집 | 17시간 전 등록
[2025-07-07 06:02:02] INFO - 0489 | 한복휘랑 | 휘랑한복 상담 경력직원 (사업확장으로 인한 충원모집) | 17시간 전 등록
[2025-07-07 06:02:02] INFO - 0490 | 아자스쿨㈜ | 아자스쿨 교육운영팀 크루 모집 | 17시간 전 등록
[2025-07-07 06:02:03] INFO - 0491 | 커피디.아이(Coffee D.I) | 신규 오픈 매장에서 주말 오픈/ 마감 평일 오픈/마감 책임질 가족 구함 | 17시간 전 등록
[2025-07-07 06:02:03] INFO - 0492 | 마루야공간디자인 | 인테리어 디자이너 신입 경력 모집 | 17시간 전 등록
[2025-07-07 06:02:03] INFO - 0493 | 바바모터스 | 중고차매매상사 딜러 . 판매사원 . 경리(사무장) 초보.경력.외국인가능 | 17시간 전 등록
[2025-07-07 06:02:03] INFO - 0494 | 윈디시카고 | 베이커스코드 상암점 에서 제빵사를 모집합니다 | 17시간 전 등록
[2025-07-07 06:02:03] INFO - 0495 | 여수 마리나부페 | 여수 마리나부페 영업부 정규직 채용 | 17시간 전 등록
[2025-07-07 06:02:03] INFO - 0496 | (주)손해사정법인태백 | 활동적이고 습득력 좋은 직원 모집(3,400만) | 17시간 전 등록
[2025-07-07 06:02:03] INFO - 0497 | 여수 마리나부페 | 여수 마리나 부페 조리부 정규직 채용 | 17시간 전 등록
[2025-07-07 06:02:04] INFO - 0498 | 화수목 | 한정식조리사 (찬모)구함 | 17시간 전 등록
[2025-07-07 06:02:04] INFO - 0499 | ㈜함평원 | [교대역] 한우전문점 함평원 주방과장 채용 | 17시간 전 등록
[2025-07-07 06:02:04] INFO - 0500 | (의)한일의료재단패밀리요양병원 | 요양병원 환경미화 오전근무자 구인 | 17시간 전 등록
[2025-07-07 06:02:04] INFO - ✅ 5페이지마다 CSV 저장 완료 (총 500건)
[2025-07-07 06:02:04] INFO - ⏱ 2.83초 대기
[2025-07-07 06:02:07] INFO - 
📄 현재 페이지: 11
[2025-07-07 06:02:08] INFO - 0501 | 임팩트스테이션㈜ | 취업 컨설턴트 (재택근무 병행) | 17시간 전 등록
[2025-07-07 06:02:08] INFO - 0502 | (의)한일의료재단패밀리요양병원 | 요양병원 사회복지사 경력자 구인 | 17시간 전 등록
[2025-07-07 06:02:08] INFO - 0503 | 호미지 | 반포동 이자카야 호미지에서 주방직원 모집합니다 | 17시간 전 등록
[2025-07-07 06:02:08] INFO - 0504 | 우일가든 | 우일가든에서 직원을 모집합니다 | 17시간 전 등록
[2025-07-07 06:02:08] INFO - 0505 | 뽀샤c피부관리 | 피부관리사 채용합니다(주5일)/신입환영 | 17시간 전 등록
[2025-07-07 06:02:08] INFO - 0506 | ㈜이브릿지 | [인천공항 T1] 샤워시설 운영 관리 사원 채용 | 17시간 전 등록
[2025-07-07 06:02:08] INFO - 0507 | ㈜현대그린푸드 | [GUCCI OSTERIA da Massimo Bottura] `BOH 파티시에` 채용 | 17시간 전 등록
[2025-07-07 06:02:09] INFO - 0508 | 아이피엘엠에스㈜ | [IPLMS] 전문 연구기획 인원 모집 공고 | 17시간 전 등록
[2025-07-07 06:02:09] INFO - 0509 | 라쿠엔 | 봉명동 라쿠엔 조리사 채용 | 17시간 전 등록
[2025-07-07 06:02:09] INFO - 0510 | ㈜세원케이원 | [부발고백리] 식자재물류센터 정규직 모집(장기알바가능) | 17시간 전 등록
[2025-07-07 06:02:09] INFO - 0511 | 해피액터스(HAPPYACTORS)학원 | 왓어보이스 연기학원 데스크 실장 채용 | 17시간 전 등록
[2025-07-07 06:02:09] INFO - 0512 | 성주통도사휴게소 | 통도사(부산)휴게소 판매 직원 모집 | 17시간 전 등록
[2025-07-07 06:02:09] INFO - 0513 | 한월관 | 주 5일 근무 한월관 주방사원채용 | 17시간 전 등록
[2025-07-07 06:02:10] INFO - 0514 | ㈜ 도시의어부 | 횟집 주방직원 구합니다 | 17시간 전 등록
[2025-07-07 06:02:10] INFO - 0515 | 유한회사 송송공작소 | 한옥마을 공방(가죽,써지컬,향수) 클래스 지도 및 가죽제품 생산 판매직 | 17시간 전 등록
[2025-07-07 06:02:10] INFO - 0516 | 우신물산㈜ | 비콘힐스 골프클럽 고객서비스(프론트, 예약) 정직원채용 | 17시간 전 등록
[2025-07-07 06:02:10] INFO - 0517 | ㈜더테라리움 | 웨딩홀 조리부 찬모님 모집합니다. | 17시간 전 등록
[2025-07-07 06:02:10] INFO - 0518 | 푸디스트㈜ | 푸디스트(주) 단체급식 경력직 조리사 채용(충남 서산) | 17시간 전 등록
[2025-07-07 06:02:10] INFO - 0519 | 삼성영어 월곶학원 | 삼성영어 파트강사 모집합니다. | 17시간 전 등록
[2025-07-07 06:02:10] INFO - 0520 | 푸디스트㈜ | 푸디스트(주) 경력직 영양사 채용 (충남 태안) | 17시간 전 등록
[2025-07-07 06:02:11] INFO - 0521 | 푸디스트㈜ | 푸디스트(주) 경력직 조리사 채용 (충남 태안) | 17시간 전 등록
[2025-07-07 06:02:11] INFO - 0522 | ㈜가람에프앤비 | 외식프랜차이즈 ㈜가람에프앤비 - 브랜드 기획마케팅 직원모집 | 17시간 전 등록
[2025-07-07 06:02:11] INFO - 0523 | ㈜가람에프앤비 | 외식프랜차이즈 ㈜가람에프앤비 - 내가대한의고기다 R&D / SV 직원모집 | 17시간 전 등록
[2025-07-07 06:02:11] INFO - 0524 | ㈜가람에프앤비 | 외식프랜차이즈 ㈜가람에프앤비 - [내가 대한의 고기다] 부산 온천장점 | 17시간 전 등록
[2025-07-07 06:02:11] INFO - 0525 | ㈜가람에프앤비 | 외식프랜차이즈 ㈜가람에프앤비 - [내가 대한의 고기다] 부산 사상직영점 | 17시간 전 등록
[2025-07-07 06:02:11] INFO - 0526 | ㈜가람에프앤비 | 내가 대한의 고기다 부산사상점,온천점 점장 모집 | 17시간 전 등록
[2025-07-07 06:02:11] INFO - 0527 | 페이딤 판교점 | 판교역 중식당 페이딤 / 주말 풀타임 아르바이트 채용합니다 (초보가능) | 17시간 전 등록
[2025-07-07 06:02:12] INFO - 0528 | 굿모나 의원 | 탈모 D2C 브랜드 실무 총괄 (제품 기획·생산·유통 PM) 채용 | 18시간 전 등록
[2025-07-07 06:02:12] INFO - 0529 | 플랜온 서면점 | 서면 신규 레스토랑 플랜온 홀서비스 공고 (업계 최고 대우) | 18시간 전 등록
[2025-07-07 06:02:12] INFO - 0530 | ㈜코코리색채연구소 | 코코리 퍼스널컬러 &밸런스 프로그램 영어 통역 | 18시간 전 등록
[2025-07-07 06:02:12] INFO - 0531 | 너리 | 카페 너리에서 주2회(월8회) 파트타이머 베이커 제과제빵 파티쉐 모집 | 18시간 전 등록
[2025-07-07 06:02:12] INFO - 0532 | ㈜신청정푸드 | 마장동 신청정푸드 소매 직원 | 18시간 전 등록
[2025-07-07 06:02:12] INFO - 0533 | 엘티 | 용접, 제관, 조립, 시운전등 - 다양한 업무 | 18시간 전 등록
[2025-07-07 06:02:13] INFO - 0534 | 엘티 | 엘티에서 기계설계 관련 캐드원(설계공무) 모집합니다. | 18시간 전 등록
[2025-07-07 06:02:13] INFO - 0535 | 꼼꼬미크린 | 야간 정기 청소 꼼꼬미크린(주) 팀장 및 팀원 정직원 추가모집 | 18시간 전 등록
[2025-07-07 06:02:13] INFO - 0536 | 카페르상스 | [카페스랑스 직원] 홀 / 바리스타 채용 | 18시간 전 등록
[2025-07-07 06:02:13] INFO - 0537 | 로카보어테이블 청량리점 | 로카보어테이블 베이커리카페에서 매장직원 & 바리스타 직원을 채용합니다 | 18시간 전 등록
[2025-07-07 06:02:13] INFO - 0538 | ㈜카이브컴퍼니 | 광고 및 브랜드 운영 관리매니저 | 18시간 전 등록
[2025-07-07 06:02:13] INFO - 0539 | ㈜아이민글로비스 | 용산 베이비스튜디오 촬영, 촬영연출 신입 / 경력직 모집 | 18시간 전 등록
[2025-07-07 06:02:13] INFO - 0540 | 솔로몬사고력영어학원 | (급구) 바로 투입 가능-초.중등 영어수업 선생님 모집합니다. | 18시간 전 등록
[2025-07-07 06:02:14] INFO - 0541 | ㈜음컴퍼니 | 매니져/바리스타 채용 - 베이커리 카페(도곡점/삼성점) | 18시간 전 등록
[2025-07-07 06:02:14] INFO - 0542 | 24시The케어동물의료센터(동업) | 24시 The케어 동물의료센터 방사선사 모집 | 18시간 전 등록
[2025-07-07 06:02:14] INFO - 0543 | 코너스톤서울아카데미㈜ | 국제학교 중등 수학 선생님 | 18시간 전 등록
[2025-07-07 06:02:14] INFO - 0544 | (주)오리오 | (주)오리오 물류센터 지게차 운행원, 피킹 요원 모집합니다. | 18시간 전 등록
[2025-07-07 06:02:14] INFO - 0545 | 영우유통 | 무인매장 납품사원모집 (초보자환영) | 18시간 전 등록
[2025-07-07 06:02:14] INFO - 0546 | 죽향산업㈜ | 담양죽향CC 프런트, 경기과 직원 채용 | 18시간 전 등록
[2025-07-07 06:02:15] INFO - 0547 | 아이피엘엠에스㈜ | [IPLMS] 전문 웹개발자 인원 모집 공고 | 18시간 전 등록
[2025-07-07 06:02:15] INFO - 0548 | 아이에스티 주식회사 | 서천군생활체육관 기관장 구인 | 18시간 전 등록
[2025-07-07 06:02:15] INFO - 0549 | Nityo | [말레이시아]프로젝트 매니저 채용 - 일본어, 영어 가능자 | 18시간 전 등록
[2025-07-07 06:02:15] INFO - 0550 | ㈜도이컴퍼니 | 복지 최상) 김포/강화 아이나(AINA) 카페에서 브런치 쉐프를 모십니다. | 18시간 전 등록
[2025-07-07 06:02:15] INFO - ⏱ 1.56초 대기
[2025-07-07 06:02:17] INFO - 
📄 현재 페이지: 12
[2025-07-07 06:02:17] INFO - 0551 | 유앤아이의원 명동점 | 명동 피부과 간호사, 피부관리사 / 주4일 신입3400만- / 경력최저 3600 | 18시간 전 등록
[2025-07-07 06:02:18] INFO - 0552 | 지웰공인중개사사무소 | 금천구 부동산 직원모집합니다 전직원 매물 공동관리 전속물건 보유 | 18시간 전 등록
[2025-07-07 06:02:18] INFO - 0553 | 힘찬공인중개사사무소 | 금천구 힘찬부동산에서 즐겁게 즐기시면서 일하실분 신입도 환영합니다 | 18시간 전 등록
[2025-07-07 06:02:18] INFO - 0554 | 세이전트택스(Sagent Tax) | [강남역] 세무회계사무소 경력직원 채용(정규직) | 18시간 전 등록
[2025-07-07 06:02:18] INFO - 0555 | 제주교재사 | 열린 마음 물류납품(70퍼센트)영업(30퍼센트)직원 모집 | 18시간 전 등록
[2025-07-07 06:02:18] INFO - 0556 | 비욘드 레지던스 종로 | 비욘드 레지던스(게스트 하우스) 주말매니저 (토,일 근무/ 청소 포함) | 18시간 전 등록
[2025-07-07 06:02:18] INFO - 0557 | 테디밸리골프앤리조트 | F&B 식음팀 경력직 채용공고 | 18시간 전 등록
[2025-07-07 06:02:18] INFO - 0558 | 명화사진관 | 세종시 명화사진관 에서 즐겁게 근무하실 포토그래퍼를 구합니다. | 18시간 전 등록
[2025-07-07 06:02:19] INFO - 0559 | 제이에듀케이션 | 디지털 마케팅부터 세일즈까지 성장형 에이전시 팀원 모집 | 18시간 전 등록
[2025-07-07 06:02:19] INFO - 0560 | ㈜어반레시피 | 어반레시피 운림본점 주방 셰프/직원 모집 합니다 | 18시간 전 등록
[2025-07-07 06:02:19] INFO - 0561 | 태종대오션플라잉테마파크 | [태종대 오션플라잉 테마파크] 스릴온더머그 카페 바리스타 채용 | 18시간 전 등록
[2025-07-07 06:02:19] INFO - 0562 | 태종대오션플라잉테마파크 | [태종대 오션플라잉 테마파크] 짚라인 가이드(ZG) 정규직 모집 | 18시간 전 등록
[2025-07-07 06:02:19] INFO - 0563 | 우리동네 오락실 | 주차장 일 하실분 지원하세요 | 18시간 전 등록
[2025-07-07 06:02:19] INFO - 0564 | 태종대오션플라잉테마파크 | [태종대 오션플라잉 테마파크] 짚라인 가이드(ZG) 단기계약직 모집 | 18시간 전 등록
[2025-07-07 06:02:20] INFO - 0565 | 아이유안과의원 | 안과 검안사 상담사 수술실 콜센터 직원 모집 | 18시간 전 등록
[2025-07-07 06:02:20] INFO - 0566 | 아이유안과의원 | 간호조무사 / 검안사 모집 | 18시간 전 등록
[2025-07-07 06:02:20] INFO - 0567 | 아이유안과의원 | 안과 수술상담사를 모집합니다.(안과 경력.안과 상담사 우대) | 18시간 전 등록
[2025-07-07 06:02:20] INFO - 0568 | ㈜펭귄박스 | 페를로 BOH 이탈리안 레스토랑 주방 요리사 | 18시간 전 등록
[2025-07-07 06:02:20] INFO - 0569 | 가산의료재단광동병원 | 광동병원 구내식당 조리원 채용(경력직) | 18시간 전 등록
[2025-07-07 06:02:20] INFO - 0570 | ㈜펭귄박스 | 페를로 BOH 이탈리안 레스토랑 세컨 주방 요리사 | 18시간 전 등록
[2025-07-07 06:02:20] INFO - 0571 | ㈜미모 | 인터넷 판매 MD모집 | 18시간 전 등록
[2025-07-07 06:02:21] INFO - 0572 | 서가앤쿡 | [서가앤쿡 상무점] 홀 매니저 파트타임 / 주방직원(초보자 외국인가능) | 18시간 전 등록
[2025-07-07 06:02:21] INFO - 0573 | ㈜좋은시간 | 동탄 이탈리안 레스토랑 요리사 구인 주5일 일9시간 연차 대체공휴일 있음 | 18시간 전 등록
[2025-07-07 06:02:21] INFO - 0574 | 타이어테크 다산점 | 타이어테크 다산점에서 함께할 식구를 모집합니다 | 19시간 전 등록
[2025-07-07 06:02:21] INFO - 0575 | ㈜좋은시간 | 동탄 (카페인중리) 에서 바리스타 모십니다. 근무조건 대기업급. | 19시간 전 등록
[2025-07-07 06:02:21] INFO - 0576 | 영생한의원 | 한의원 침구치료실(오전반) 구함 | 19시간 전 등록
[2025-07-07 06:02:21] INFO - 0577 | 메이트성형외과 | 메이트 성형외과에서 마케팅 총괄 이사 분을 모십니다. | 19시간 전 등록
[2025-07-07 06:02:21] INFO - 0578 | 팅의원 | 강남역 팅의원(피부과) 간호조무사 채용합니다 | 19시간 전 등록
[2025-07-07 06:02:22] INFO - 0579 | 행복가득치과의원 | 행복가득치과 진료실 선생님 모집합니다 (신입 경력모집) | 19시간 전 등록
[2025-07-07 06:02:22] INFO - 0580 | ㈜미래인 | 영과고전문 미래인학원 행정직원채용 | 19시간 전 등록
[2025-07-07 06:02:22] INFO - 0581 | 밴스의원 일산 | [밴스의원 일산점] 피부과 상담실장 모집 | 19시간 전 등록
[2025-07-07 06:02:22] INFO - 0582 | 밴스의원 일산 | [밴스의원 일산점] 진료팀, 피부팀 모집 | 19시간 전 등록
[2025-07-07 06:02:22] INFO - 0583 | 박승철헤어스투디오 왕십리 센트라스점 | 미용의 꿈을 펼칠 인턴분들 지원해주세요 . | 19시간 전 등록
[2025-07-07 06:02:22] INFO - 0584 | ㈜한샘인테리어청주점 | [한샘 청주점] 매장 관리 및 홈스타일링 전문가 정규직 채용 | 19시간 전 등록
[2025-07-07 06:02:23] INFO - 0585 | 호텔 뮤제오(HOTEL MUSEO) | [호텔 뮤제오 F&B] 보테가레스토랑 (홀) 신입 및 경력자 모집합니다. | 19시간 전 등록
[2025-07-07 06:02:23] INFO - 0586 | 임빼라또 | 잠실 이탈리안레스토랑 주방(경력무관) 직원채용 - 임뻬라또 | 19시간 전 등록
[2025-07-07 06:02:23] INFO - 0587 | 세무회계 청율(세무사 강홍구) | [세무법인 엑스퍼트 성수점] 기장 경력직원 채용공고 | 19시간 전 등록
[2025-07-07 06:02:23] INFO - 0588 | 주식회사 미미라인 | 미미라인 상품 입고, 검수, 전산팀 채용 | 19시간 전 등록
[2025-07-07 06:02:23] INFO - 0589 | 삼성 밴스의원 | [밴스의원] 총괄실장 모집 | 19시간 전 등록
[2025-07-07 06:02:23] INFO - 0590 | 밴스의원 과천 | [밴스의원] 총괄실장 채용 | 19시간 전 등록
[2025-07-07 06:02:24] INFO - 0591 | 키트넷 | 수원 삼성 java Mendix(AI기반플렛폼) 초급,중급,고급 모집 | 19시간 전 등록
[2025-07-07 06:02:24] INFO - 0592 | 스시 하루 | (주5일)일식,오마카세, 스시하루신사에서 주방스탭을 모집합니다. | 19시간 전 등록
[2025-07-07 06:02:24] INFO - 0593 | 버거킹 충남대병원DT점 | 세종 버거킹 충남대병원DT점 부점장님 채용합니다. | 19시간 전 등록
[2025-07-07 06:02:24] INFO - 0594 | 미가스튜디오(부천점) | 다양한 웹디자인 가능자, 온라인 광고 관리 모집 | 19시간 전 등록
[2025-07-07 06:02:24] INFO - 0595 | 미가스튜디오(부천점) | 아기사진 가족사진 상담자 모집 ( 주말 알바 or 정직원 ) | 19시간 전 등록
[2025-07-07 06:02:24] INFO - 0596 | 보스안과의원 | 보스안과에서 간호조무사 충원 (신규환영, 경력무관) | 19시간 전 등록
[2025-07-07 06:02:24] INFO - 0597 | 에이제이인베스트먼트 | [주식, 코인 TM] 영업자 채용 | 19시간 전 등록
[2025-07-07 06:02:25] INFO - 0598 | 홍대 아로마 방짜테라피 아파리본 | [홍대역9번출구] 인포/스킨케어/왁서 경력 or 신입선생님 모십니다. | 19시간 전 등록
[2025-07-07 06:02:25] INFO - 0599 | 더룬컴퍼니 | (경력직)부산 세미앙 스튜디오 헤어 & 메이크업 경력자 구함 | 19시간 전 등록
[2025-07-07 06:02:25] INFO - 0600 | ㈜유니미니 | [유니미니 송도점] 베이비스튜디오 촬영작가 채용(경력,신입) | 19시간 전 등록
[2025-07-07 06:02:25] INFO - ⏱ 3.27초 대기
[2025-07-07 06:02:29] INFO - 
📄 현재 페이지: 13
[2025-07-07 06:02:29] INFO - 0601 | 시코르 아이파크몰 용산점 | [시코르 아이파크몰용산점] 뷰티 마스터 채용합니다 | 19시간 전 등록
[2025-07-07 06:02:29] INFO - 0602 | ㈜청운이엔지 | 파주 문지리 535 대형카페 베이커리 팀원모집합니다. | 19시간 전 등록
[2025-07-07 06:02:29] INFO - 0603 | ㈜밀리하우스 | [서울 마곡] 핏밀리짐 헬스장에서 (pt 트레이너)를 찾습니다. | 19시간 전 등록
[2025-07-07 06:02:29] INFO - 0604 | ㈜모뉴먼트파트너스 | 하남미사 신규오픈 대형카페 드말리에서 경력직 파티쉐를 모십니다 | 19시간 전 등록
[2025-07-07 06:02:29] INFO - 0605 | KT 한빛정보통신 | [광주 수완/정규직/신입가능] KT대리점 고객상담 (기본급 250만부터) | 20시간 전 등록
[2025-07-07 06:02:30] INFO - 0606 | 태아산업㈜ | 태아산업(주) 음성휴게소 경리/회계 담당자 채용 | 20시간 전 등록
[2025-07-07 06:02:30] INFO - 0607 | 지타워컨벤션㈜ | [지타워 컨벤션] 조리팀 일식파트 채용 | 20시간 전 등록
[2025-07-07 06:02:30] INFO - 0608 | ㈜리이코오퍼레이션 | RE RHEE ( 리이 )에서 패션 디자이너 모집 | 20시간 전 등록
[2025-07-07 06:02:30] INFO - 0609 | 광원건설㈜ | 회계담당 직원 채용(과장. 차장급) | 20시간 전 등록
[2025-07-07 06:02:30] INFO - 0610 | 대구강아지분양 테디럽 | [2달 단기] 테디럽 대구 파트타이머 채용 | 20시간 전 등록
[2025-07-07 06:02:30] INFO - 0611 | 카페051 여의도역점 | 카페051 여의도역점 주5일 직원 채용 | 20시간 전 등록
[2025-07-07 06:02:31] INFO - 0612 | ㈜데일리셔스 | [신규오픈] 샤브샤브 전문점`모락샤브`BOH 주방 직원 모집합니다. | 20시간 전 등록
[2025-07-07 06:02:31] INFO - 0613 | ㈜아트뮤지엄더팬 | 기흥 `시어터` 레스토랑 셰프 채용합니다(300만) | 20시간 전 등록
[2025-07-07 06:02:31] INFO - 0614 | ㈜데일리셔스 | [신규오픈]샤브샤브 전문점`모락샤브`FOH 홀 직원 모집합니다. | 20시간 전 등록
[2025-07-07 06:02:31] INFO - 0615 | 느와르블랑 하우스 | 느와르블랑하우스 (웨딩) 예약실 상담 직원 모집합니다. | 20시간 전 등록
[2025-07-07 06:02:31] INFO - 0616 | ㈜소피소스튜디오 | 소피소 스튜디오(웨딩) 예약실 직원 모집합니다. | 20시간 전 등록
[2025-07-07 06:02:31] INFO - 0617 | ㈜유니에스 | [용인] 월 267 / 용인 아시아나CC 경비대원 모집 / 식사제공 | 20시간 전 등록
[2025-07-07 06:02:31] INFO - 0618 | ㈜엠티엘컴퍼니 | [갤러리아 광교] 카페 바리스타 채용 (VIP 라운지) | 20시간 전 등록
[2025-07-07 06:02:32] INFO - 0619 | ㈜레빠리지엥 명동점 | 카페 레빠리지엥 명동점에서 제과제빵사 정직원 모집합니다. | 20시간 전 등록
[2025-07-07 06:02:32] INFO - 0620 | ㈜에스알산업 | 자동차데칼, 썬팅, 카랩핑, PPF 시공 경력 사원모집 | 20시간 전 등록
[2025-07-07 06:02:32] INFO - 0621 | ㈜에스알산업 | 자동차용 필름 영업 신입 및 경력사원 모집 | 20시간 전 등록
[2025-07-07 06:02:32] INFO - 0622 | 오릴리커피 | 안국 카페 하티하티하우스 바리스타 채용 | 20시간 전 등록
[2025-07-07 06:02:32] INFO - 0623 | (주)에듀윌 | 원격학점은행제 영업팀장(입학팀장) 경력자 모집 | 20시간 전 등록
[2025-07-07 06:02:32] INFO - 0624 | ㈜에스씨에이아카데미광주 | SBS아카데미 광주지점 [교육상담 컨설턴트 채용 (신입)] | 20시간 전 등록
[2025-07-07 06:02:33] INFO - 0625 | ㈜하이렌터카 | [하이렌터카] 김포공항지점 배반차 사원 채용 | 20시간 전 등록
[2025-07-07 06:02:33] INFO - 0626 | ㈜제주왕 | 여행사 렌트카 예약실 사원 모집 | 20시간 전 등록
[2025-07-07 06:02:33] INFO - 0627 | ㈜유컴스 | 여행사 렌트카 예약실(영어 필수) 사원 모집 | 20시간 전 등록
[2025-07-07 06:02:33] INFO - 0628 | ㈜노야광화문에스에프씨 | [광화문노야SFC점] BOH 주방 정규직 채용 - 프리미엄 샤브샤브 레스토랑 | 21시간 전 등록
[2025-07-07 06:02:33] INFO - 0629 | 두잉피플플러스 | [서초/293만] 고속터미널 센트럴시티 보안팀 모집(식사제공) | 21시간 전 등록
[2025-07-07 06:02:33] INFO - 0630 | ㈜데헤사에프앤비 카페 드 리옹 | 카페드리옹 코엑스점 파티쉐(정직원) 채용 | 21시간 전 등록
[2025-07-07 06:02:33] INFO - 0631 | 나무정원-코알라스튜디오 | 양주-베이비코알라스튜디오 촬영팀 | 21시간 전 등록
[2025-07-07 06:02:34] INFO - 0632 | 미아보감한의원 | 미아보감한의원에서 데스크 선생님을 모십니다. | 22시간 전 등록
[2025-07-07 06:02:34] INFO - 0633 | 부뜰정보시스템 | 정규직 IT인력 (금융권 SI JAVA개발자/PM/PL) 모집 | 22시간 전 등록
[2025-07-07 06:02:34] INFO - 0634 | 전국하이스카이 | 고소작업차(스카이차) 기사 모집 1-3.5t (서울 강서 인근) | 22시간 전 등록
[2025-07-07 06:02:34] INFO - 0635 | 마츠도 서울역점 | [서울역 / 주5일근무] 미소라멘 전문점 마츠도 서울역점 정직원 모집 | 22시간 전 등록
[2025-07-07 06:02:34] INFO - 0636 | ㈜프로에스콤 | 잠실 롯데 에비뉴엘(명품관) - 주간 보안사원 / 09-21시/월290만 | 22시간 전 등록
[2025-07-07 06:02:34] INFO - ⛔ 1일 이내 게시글 크롤링 완료 — 종료
[2025-07-07 06:02:34] INFO - 📝 마지막 데이터 저장 완료 (총 636건)
[2025-07-07 06:02:34] INFO - ✅ 크롤러 정상 종료
[2025-07-07 06:02:34] INFO - 테이블 생성 시작
[2025-07-07 06:02:34] INFO - 테이블 생성 완료
[2025-07-07 06:02:34] INFO - 0번째 행 입력
[2025-07-07 06:02:35] INFO - 1번째 행 입력
[2025-07-07 06:02:35] INFO - 2번째 행 입력
[2025-07-07 06:02:35] INFO - 3번째 행 입력
[2025-07-07 06:02:35] INFO - 4번째 행 입력
[2025-07-07 06:02:35] INFO - 5번째 행 입력
[2025-07-07 06:02:35] INFO - 6번째 행 입력
[2025-07-07 06:02:35] INFO - 7번째 행 입력
[2025-07-07 06:02:35] INFO - 8번째 행 입력
[2025-07-07 06:02:35] INFO - 9번째 행 입력
[2025-07-07 06:02:35] INFO - 10번째 행 입력
[2025-07-07 06:02:35] INFO - 11번째 행 입력
[2025-07-07 06:02:35] INFO - 12번째 행 입력
[2025-07-07 06:02:35] INFO - 13번째 행 입력
[2025-07-07 06:02:35] INFO - 14번째 행 입력
[2025-07-07 06:02:35] INFO - 15번째 행 입력
[2025-07-07 06:02:35] INFO - 16번째 행 입력
[2025-07-07 06:02:35] INFO - 17번째 행 입력
[2025-07-07 06:02:35] INFO - 18번째 행 입력
[2025-07-07 06:02:35] INFO - 19번째 행 입력
[2025-07-07 06:02:35] INFO - 20번째 행 입력
[2025-07-07 06:02:36] INFO - 21번째 행 입력
[2025-07-07 06:02:36] INFO - 22번째 행 입력
[2025-07-07 06:02:36] INFO - 23번째 행 입력
[2025-07-07 06:02:36] INFO - 24번째 행 입력
[2025-07-07 06:02:36] INFO - 25번째 행 입력
[2025-07-07 06:02:36] INFO - 26번째 행 입력
[2025-07-07 06:02:36] INFO - 27번째 행 입력
[2025-07-07 06:02:36] INFO - 28번째 행 입력
[2025-07-07 06:02:36] INFO - 29번째 행 입력
[2025-07-07 06:02:36] INFO - 30번째 행 입력
[2025-07-07 06:02:36] INFO - 31번째 행 입력
[2025-07-07 06:02:36] INFO - 32번째 행 입력
[2025-07-07 06:02:36] INFO - 33번째 행 입력
[2025-07-07 06:02:36] INFO - 34번째 행 입력
[2025-07-07 06:02:36] INFO - 35번째 행 입력
[2025-07-07 06:02:36] INFO - 36번째 행 입력
[2025-07-07 06:02:36] INFO - 37번째 행 입력
[2025-07-07 06:02:36] INFO - 38번째 행 입력
[2025-07-07 06:02:36] INFO - 39번째 행 입력
[2025-07-07 06:02:36] INFO - 40번째 행 입력
[2025-07-07 06:02:36] INFO - 41번째 행 입력
[2025-07-07 06:02:37] INFO - 42번째 행 입력
[2025-07-07 06:02:37] INFO - 43번째 행 입력
[2025-07-07 06:02:37] INFO - 44번째 행 입력
[2025-07-07 06:02:37] INFO - 45번째 행 입력
[2025-07-07 06:02:37] INFO - 46번째 행 입력
[2025-07-07 06:02:37] INFO - 47번째 행 입력
[2025-07-07 06:02:37] INFO - 48번째 행 입력
[2025-07-07 06:02:37] INFO - 49번째 행 입력
[2025-07-07 06:02:37] INFO - 50번째 행 입력
[2025-07-07 06:02:37] INFO - 51번째 행 입력
[2025-07-07 06:02:37] INFO - 52번째 행 입력
[2025-07-07 06:02:37] INFO - 53번째 행 입력
[2025-07-07 06:02:37] INFO - 54번째 행 입력
[2025-07-07 06:02:37] INFO - 55번째 행 입력
[2025-07-07 06:02:37] INFO - 56번째 행 입력
[2025-07-07 06:02:37] INFO - 57번째 행 입력
[2025-07-07 06:02:37] INFO - 58번째 행 입력
[2025-07-07 06:02:37] INFO - 59번째 행 입력
[2025-07-07 06:02:38] INFO - [SKIPPED - DUPLICATE] 연세대학교 동문회관 / 연세대학교 동문회관 시설직(전기파트) 채용 / 2025-07-13 은 이미 존재하여 삽입되지 않았습니다.
[2025-07-07 06:02:38] INFO - 60번째 행 입력
[2025-07-07 06:02:38] INFO - 61번째 행 입력
[2025-07-07 06:02:38] INFO - 62번째 행 입력
[2025-07-07 06:02:38] INFO - 63번째 행 입력
[2025-07-07 06:02:38] INFO - 64번째 행 입력
[2025-07-07 06:02:38] INFO - 65번째 행 입력
[2025-07-07 06:02:38] INFO - 66번째 행 입력
[2025-07-07 06:02:38] INFO - 67번째 행 입력
[2025-07-07 06:02:38] INFO - 68번째 행 입력
[2025-07-07 06:02:38] INFO - 69번째 행 입력
[2025-07-07 06:02:38] INFO - 70번째 행 입력
[2025-07-07 06:02:38] INFO - 71번째 행 입력
[2025-07-07 06:02:38] INFO - 72번째 행 입력
[2025-07-07 06:02:38] INFO - 73번째 행 입력
[2025-07-07 06:02:38] INFO - 74번째 행 입력
[2025-07-07 06:02:38] INFO - 75번째 행 입력
[2025-07-07 06:02:38] INFO - 76번째 행 입력
[2025-07-07 06:02:38] INFO - 77번째 행 입력
[2025-07-07 06:02:38] INFO - 78번째 행 입력
[2025-07-07 06:02:38] INFO - 79번째 행 입력
[2025-07-07 06:02:39] INFO - 80번째 행 입력
[2025-07-07 06:02:39] INFO - 81번째 행 입력
[2025-07-07 06:02:39] INFO - 82번째 행 입력
[2025-07-07 06:02:39] INFO - 83번째 행 입력
[2025-07-07 06:02:39] INFO - 84번째 행 입력
[2025-07-07 06:02:39] INFO - 85번째 행 입력
[2025-07-07 06:02:39] INFO - 86번째 행 입력
[2025-07-07 06:02:39] INFO - 87번째 행 입력
[2025-07-07 06:02:39] INFO - 88번째 행 입력
[2025-07-07 06:02:39] INFO - 89번째 행 입력
[2025-07-07 06:02:39] INFO - 90번째 행 입력
[2025-07-07 06:02:39] INFO - 91번째 행 입력
[2025-07-07 06:02:39] INFO - 92번째 행 입력
[2025-07-07 06:02:39] INFO - 93번째 행 입력
[2025-07-07 06:02:39] INFO - 94번째 행 입력
[2025-07-07 06:02:39] INFO - 95번째 행 입력
[2025-07-07 06:02:39] INFO - 96번째 행 입력
[2025-07-07 06:02:39] INFO - 97번째 행 입력
[2025-07-07 06:02:39] INFO - 98번째 행 입력
[2025-07-07 06:02:39] INFO - 99번째 행 입력
[2025-07-07 06:02:40] INFO - 100번째 행 입력
[2025-07-07 06:02:40] INFO - 101번째 행 입력
[2025-07-07 06:02:40] INFO - 102번째 행 입력
[2025-07-07 06:02:40] INFO - 103번째 행 입력
[2025-07-07 06:02:40] INFO - 104번째 행 입력
[2025-07-07 06:02:40] INFO - 105번째 행 입력
[2025-07-07 06:02:40] INFO - 106번째 행 입력
[2025-07-07 06:02:40] INFO - 107번째 행 입력
[2025-07-07 06:02:40] INFO - 108번째 행 입력
[2025-07-07 06:02:40] INFO - 109번째 행 입력
[2025-07-07 06:02:40] INFO - 110번째 행 입력
[2025-07-07 06:02:40] INFO - 111번째 행 입력
[2025-07-07 06:02:40] INFO - 112번째 행 입력
[2025-07-07 06:02:40] INFO - 113번째 행 입력
[2025-07-07 06:02:40] INFO - 114번째 행 입력
[2025-07-07 06:02:40] INFO - 115번째 행 입력
[2025-07-07 06:02:40] INFO - 116번째 행 입력
[2025-07-07 06:02:40] INFO - 117번째 행 입력
[2025-07-07 06:02:40] INFO - [SKIPPED - DUPLICATE] 흥국생명보험㈜ / [본사직영 영업실장/ 관리자급 모집] 업계1위 복합TM센터, 업무만족도 1위 / 2025-07-07 은 이미 존재하여 삽입되지 않았습니다.
[2025-07-07 06:02:40] INFO - 118번째 행 입력
[2025-07-07 06:02:40] INFO - 119번째 행 입력
[2025-07-07 06:02:40] INFO - 120번째 행 입력
[2025-07-07 06:02:40] INFO - 121번째 행 입력
[2025-07-07 06:02:40] INFO - 122번째 행 입력
[2025-07-07 06:02:41] INFO - 123번째 행 입력
[2025-07-07 06:02:41] INFO - 124번째 행 입력
[2025-07-07 06:02:41] INFO - 125번째 행 입력
[2025-07-07 06:02:41] INFO - 126번째 행 입력
[2025-07-07 06:02:41] INFO - 127번째 행 입력
[2025-07-07 06:02:41] INFO - 128번째 행 입력
[2025-07-07 06:02:41] INFO - 129번째 행 입력
[2025-07-07 06:02:41] INFO - 130번째 행 입력
[2025-07-07 06:02:41] INFO - 131번째 행 입력
[2025-07-07 06:02:41] INFO - 132번째 행 입력
[2025-07-07 06:02:41] INFO - 133번째 행 입력
[2025-07-07 06:02:41] INFO - 134번째 행 입력
[2025-07-07 06:02:41] INFO - 135번째 행 입력
[2025-07-07 06:02:41] INFO - 136번째 행 입력
[2025-07-07 06:02:41] INFO - 137번째 행 입력
[2025-07-07 06:02:41] INFO - 138번째 행 입력
[2025-07-07 06:02:41] INFO - 139번째 행 입력
[2025-07-07 06:02:41] INFO - 140번째 행 입력
[2025-07-07 06:02:41] INFO - 141번째 행 입력
[2025-07-07 06:02:41] INFO - 142번째 행 입력
[2025-07-07 06:02:41] INFO - 143번째 행 입력
[2025-07-07 06:02:41] INFO - 144번째 행 입력
[2025-07-07 06:02:42] INFO - 145번째 행 입력
[2025-07-07 06:02:42] INFO - 146번째 행 입력
[2025-07-07 06:02:42] INFO - 147번째 행 입력
[2025-07-07 06:02:42] INFO - 148번째 행 입력
[2025-07-07 06:02:42] INFO - 149번째 행 입력
[2025-07-07 06:02:42] INFO - 150번째 행 입력
[2025-07-07 06:02:42] INFO - 151번째 행 입력
[2025-07-07 06:02:42] INFO - 152번째 행 입력
[2025-07-07 06:02:42] INFO - 153번째 행 입력
[2025-07-07 06:02:42] INFO - 154번째 행 입력
[2025-07-07 06:02:42] INFO - 155번째 행 입력
[2025-07-07 06:02:42] INFO - 156번째 행 입력
[2025-07-07 06:02:42] INFO - 157번째 행 입력
[2025-07-07 06:02:42] INFO - 158번째 행 입력
[2025-07-07 06:02:42] INFO - 159번째 행 입력
[2025-07-07 06:02:42] INFO - 160번째 행 입력
[2025-07-07 06:02:42] INFO - 161번째 행 입력
[2025-07-07 06:02:42] INFO - 162번째 행 입력
[2025-07-07 06:02:42] INFO - 163번째 행 입력
[2025-07-07 06:02:42] INFO - 164번째 행 입력
[2025-07-07 06:02:42] INFO - 165번째 행 입력
[2025-07-07 06:02:42] INFO - 166번째 행 입력
[2025-07-07 06:02:42] INFO - 167번째 행 입력
[2025-07-07 06:02:42] INFO - 168번째 행 입력
[2025-07-07 06:02:43] INFO - 169번째 행 입력
[2025-07-07 06:02:43] INFO - 170번째 행 입력
[2025-07-07 06:02:43] INFO - 171번째 행 입력
[2025-07-07 06:02:43] INFO - 172번째 행 입력
[2025-07-07 06:02:43] INFO - 173번째 행 입력
[2025-07-07 06:02:43] INFO - 174번째 행 입력
[2025-07-07 06:02:43] INFO - 175번째 행 입력
[2025-07-07 06:02:43] INFO - 176번째 행 입력
[2025-07-07 06:02:43] INFO - 177번째 행 입력
[2025-07-07 06:02:43] INFO - 178번째 행 입력
[2025-07-07 06:02:43] INFO - 179번째 행 입력
[2025-07-07 06:02:43] INFO - 180번째 행 입력
[2025-07-07 06:02:43] INFO - 181번째 행 입력
[2025-07-07 06:02:43] INFO - 182번째 행 입력
[2025-07-07 06:02:43] INFO - 183번째 행 입력
[2025-07-07 06:02:43] INFO - 184번째 행 입력
[2025-07-07 06:02:43] INFO - 185번째 행 입력
[2025-07-07 06:02:43] INFO - 186번째 행 입력
[2025-07-07 06:02:43] INFO - 187번째 행 입력
[2025-07-07 06:02:43] INFO - 188번째 행 입력
[2025-07-07 06:02:43] INFO - 189번째 행 입력
[2025-07-07 06:02:43] INFO - 190번째 행 입력
[2025-07-07 06:02:43] INFO - 191번째 행 입력
[2025-07-07 06:02:44] INFO - 192번째 행 입력
[2025-07-07 06:02:44] INFO - 193번째 행 입력
[2025-07-07 06:02:44] INFO - 194번째 행 입력
[2025-07-07 06:02:44] INFO - 195번째 행 입력
[2025-07-07 06:02:44] INFO - 196번째 행 입력
[2025-07-07 06:02:44] INFO - 197번째 행 입력
[2025-07-07 06:02:44] INFO - 198번째 행 입력
[2025-07-07 06:02:44] INFO - 199번째 행 입력
[2025-07-07 06:02:44] INFO - 200번째 행 입력
[2025-07-07 06:02:44] INFO - 201번째 행 입력
[2025-07-07 06:02:44] INFO - 202번째 행 입력
[2025-07-07 06:02:44] INFO - 203번째 행 입력
[2025-07-07 06:02:44] INFO - 204번째 행 입력
[2025-07-07 06:02:44] INFO - 205번째 행 입력
[2025-07-07 06:02:44] INFO - 206번째 행 입력
[2025-07-07 06:02:44] INFO - 207번째 행 입력
[2025-07-07 06:02:44] INFO - 208번째 행 입력
[2025-07-07 06:02:44] INFO - 209번째 행 입력
[2025-07-07 06:02:44] INFO - 210번째 행 입력
[2025-07-07 06:02:44] INFO - 211번째 행 입력
[2025-07-07 06:02:44] INFO - 212번째 행 입력
[2025-07-07 06:02:44] INFO - 213번째 행 입력
[2025-07-07 06:02:45] INFO - 214번째 행 입력
[2025-07-07 06:02:45] INFO - 215번째 행 입력
[2025-07-07 06:02:45] INFO - 216번째 행 입력
[2025-07-07 06:02:45] INFO - 217번째 행 입력
[2025-07-07 06:02:45] INFO - 218번째 행 입력
[2025-07-07 06:02:45] INFO - 219번째 행 입력
[2025-07-07 06:02:45] INFO - 220번째 행 입력
[2025-07-07 06:02:45] INFO - 221번째 행 입력
[2025-07-07 06:02:45] INFO - 222번째 행 입력
[2025-07-07 06:02:45] INFO - 223번째 행 입력
[2025-07-07 06:02:45] INFO - 224번째 행 입력
[2025-07-07 06:02:45] INFO - 225번째 행 입력
[2025-07-07 06:02:45] INFO - 226번째 행 입력
[2025-07-07 06:02:45] INFO - 227번째 행 입력
[2025-07-07 06:02:45] INFO - 228번째 행 입력
[2025-07-07 06:02:45] INFO - 229번째 행 입력
[2025-07-07 06:02:45] INFO - 230번째 행 입력
[2025-07-07 06:02:45] INFO - 231번째 행 입력
[2025-07-07 06:02:45] INFO - 232번째 행 입력
[2025-07-07 06:02:45] INFO - 233번째 행 입력
[2025-07-07 06:02:45] INFO - 234번째 행 입력
[2025-07-07 06:02:45] INFO - 235번째 행 입력
[2025-07-07 06:02:45] INFO - 236번째 행 입력
[2025-07-07 06:02:46] INFO - 237번째 행 입력
[2025-07-07 06:02:46] INFO - 238번째 행 입력
[2025-07-07 06:02:46] INFO - 239번째 행 입력
[2025-07-07 06:02:46] INFO - 240번째 행 입력
[2025-07-07 06:02:46] INFO - 241번째 행 입력
[2025-07-07 06:02:46] INFO - 242번째 행 입력
[2025-07-07 06:02:46] INFO - 243번째 행 입력
[2025-07-07 06:02:46] INFO - 244번째 행 입력
[2025-07-07 06:02:46] INFO - 245번째 행 입력
[2025-07-07 06:02:46] INFO - 246번째 행 입력
[2025-07-07 06:02:46] INFO - 247번째 행 입력
[2025-07-07 06:02:46] INFO - 248번째 행 입력
[2025-07-07 06:02:46] INFO - 249번째 행 입력
[2025-07-07 06:02:46] INFO - 250번째 행 입력
[2025-07-07 06:02:46] INFO - 251번째 행 입력
[2025-07-07 06:02:46] INFO - 252번째 행 입력
[2025-07-07 06:02:46] INFO - 253번째 행 입력
[2025-07-07 06:02:46] INFO - 254번째 행 입력
[2025-07-07 06:02:46] INFO - 255번째 행 입력
[2025-07-07 06:02:46] INFO - 256번째 행 입력
[2025-07-07 06:02:46] INFO - 257번째 행 입력
[2025-07-07 06:02:46] INFO - 258번째 행 입력
[2025-07-07 06:02:46] INFO - 259번째 행 입력
[2025-07-07 06:02:46] INFO - 260번째 행 입력
[2025-07-07 06:02:47] INFO - 261번째 행 입력
[2025-07-07 06:02:47] INFO - 262번째 행 입력
[2025-07-07 06:02:47] INFO - 263번째 행 입력
[2025-07-07 06:02:47] INFO - 264번째 행 입력
[2025-07-07 06:02:47] INFO - 265번째 행 입력
[2025-07-07 06:02:47] INFO - 266번째 행 입력
[2025-07-07 06:02:47] INFO - 267번째 행 입력
[2025-07-07 06:02:47] INFO - 268번째 행 입력
[2025-07-07 06:02:47] INFO - 269번째 행 입력
[2025-07-07 06:02:47] INFO - 270번째 행 입력
[2025-07-07 06:02:47] INFO - 271번째 행 입력
[2025-07-07 06:02:47] INFO - 272번째 행 입력
[2025-07-07 06:02:47] INFO - 273번째 행 입력
[2025-07-07 06:02:47] INFO - 274번째 행 입력
[2025-07-07 06:02:47] INFO - 275번째 행 입력
[2025-07-07 06:02:47] INFO - 276번째 행 입력
[2025-07-07 06:02:47] INFO - 277번째 행 입력
[2025-07-07 06:02:47] INFO - 278번째 행 입력
[2025-07-07 06:02:47] INFO - 279번째 행 입력
[2025-07-07 06:02:47] INFO - 280번째 행 입력
[2025-07-07 06:02:47] INFO - 281번째 행 입력
[2025-07-07 06:02:47] INFO - 282번째 행 입력
[2025-07-07 06:02:48] INFO - 283번째 행 입력
[2025-07-07 06:02:48] INFO - 284번째 행 입력
[2025-07-07 06:02:48] INFO - 285번째 행 입력
[2025-07-07 06:02:48] INFO - 286번째 행 입력
[2025-07-07 06:02:48] INFO - 287번째 행 입력
[2025-07-07 06:02:48] INFO - 288번째 행 입력
[2025-07-07 06:02:48] INFO - 289번째 행 입력
[2025-07-07 06:02:48] INFO - 290번째 행 입력
[2025-07-07 06:02:48] INFO - 291번째 행 입력
[2025-07-07 06:02:48] INFO - 292번째 행 입력
[2025-07-07 06:02:48] INFO - 293번째 행 입력
[2025-07-07 06:02:48] INFO - 294번째 행 입력
[2025-07-07 06:02:48] INFO - 295번째 행 입력
[2025-07-07 06:02:48] INFO - 296번째 행 입력
[2025-07-07 06:02:48] INFO - 297번째 행 입력
[2025-07-07 06:02:48] INFO - 298번째 행 입력
[2025-07-07 06:02:48] INFO - 299번째 행 입력
[2025-07-07 06:02:48] INFO - 300번째 행 입력
[2025-07-07 06:02:48] INFO - 301번째 행 입력
[2025-07-07 06:02:48] INFO - 302번째 행 입력
[2025-07-07 06:02:48] INFO - 303번째 행 입력
[2025-07-07 06:02:48] INFO - 304번째 행 입력
[2025-07-07 06:02:49] INFO - 305번째 행 입력
[2025-07-07 06:02:49] INFO - 306번째 행 입력
[2025-07-07 06:02:49] INFO - 307번째 행 입력
[2025-07-07 06:02:49] INFO - 308번째 행 입력
[2025-07-07 06:02:49] INFO - 309번째 행 입력
[2025-07-07 06:02:49] INFO - 310번째 행 입력
[2025-07-07 06:02:49] INFO - 311번째 행 입력
[2025-07-07 06:02:49] INFO - 312번째 행 입력
[2025-07-07 06:02:49] INFO - 313번째 행 입력
[2025-07-07 06:02:49] INFO - 314번째 행 입력
[2025-07-07 06:02:49] INFO - 315번째 행 입력
[2025-07-07 06:02:49] INFO - 316번째 행 입력
[2025-07-07 06:02:49] INFO - 317번째 행 입력
[2025-07-07 06:02:49] INFO - 318번째 행 입력
[2025-07-07 06:02:49] INFO - 319번째 행 입력
[2025-07-07 06:02:49] INFO - 320번째 행 입력
[2025-07-07 06:02:49] INFO - 321번째 행 입력
[2025-07-07 06:02:49] INFO - 322번째 행 입력
[2025-07-07 06:02:49] INFO - 323번째 행 입력
[2025-07-07 06:02:49] INFO - 324번째 행 입력
[2025-07-07 06:02:49] INFO - 325번째 행 입력
[2025-07-07 06:02:50] INFO - 326번째 행 입력
[2025-07-07 06:02:50] INFO - 327번째 행 입력
[2025-07-07 06:02:50] INFO - 328번째 행 입력
[2025-07-07 06:02:50] INFO - 329번째 행 입력
[2025-07-07 06:02:50] INFO - 330번째 행 입력
[2025-07-07 06:02:50] INFO - 331번째 행 입력
[2025-07-07 06:02:50] INFO - 332번째 행 입력
[2025-07-07 06:02:50] INFO - 333번째 행 입력
[2025-07-07 06:02:50] INFO - 334번째 행 입력
[2025-07-07 06:02:50] INFO - 335번째 행 입력
[2025-07-07 06:02:50] INFO - 336번째 행 입력
[2025-07-07 06:02:50] INFO - 337번째 행 입력
[2025-07-07 06:02:50] INFO - 338번째 행 입력
[2025-07-07 06:02:50] INFO - 339번째 행 입력
[2025-07-07 06:02:50] INFO - 340번째 행 입력
[2025-07-07 06:02:50] INFO - 341번째 행 입력
[2025-07-07 06:02:50] INFO - 342번째 행 입력
[2025-07-07 06:02:50] INFO - 343번째 행 입력
[2025-07-07 06:02:50] INFO - 344번째 행 입력
[2025-07-07 06:02:50] INFO - 345번째 행 입력
[2025-07-07 06:02:50] INFO - 346번째 행 입력
[2025-07-07 06:02:50] INFO - 347번째 행 입력
[2025-07-07 06:02:50] INFO - 348번째 행 입력
[2025-07-07 06:02:51] INFO - 349번째 행 입력
[2025-07-07 06:02:51] INFO - 350번째 행 입력
[2025-07-07 06:02:51] INFO - 351번째 행 입력
[2025-07-07 06:02:51] INFO - 352번째 행 입력
[2025-07-07 06:02:51] INFO - 353번째 행 입력
[2025-07-07 06:02:51] INFO - 354번째 행 입력
[2025-07-07 06:02:51] INFO - 355번째 행 입력
[2025-07-07 06:02:51] INFO - 356번째 행 입력
[2025-07-07 06:02:51] INFO - 357번째 행 입력
[2025-07-07 06:02:51] INFO - 358번째 행 입력
[2025-07-07 06:02:51] INFO - 359번째 행 입력
[2025-07-07 06:02:51] INFO - 360번째 행 입력
[2025-07-07 06:02:51] INFO - 361번째 행 입력
[2025-07-07 06:02:51] INFO - 362번째 행 입력
[2025-07-07 06:02:51] INFO - 363번째 행 입력
[2025-07-07 06:02:51] INFO - 364번째 행 입력
[2025-07-07 06:02:51] INFO - 365번째 행 입력
[2025-07-07 06:02:51] INFO - 366번째 행 입력
[2025-07-07 06:02:51] INFO - 367번째 행 입력
[2025-07-07 06:02:51] INFO - 368번째 행 입력
[2025-07-07 06:02:51] INFO - 369번째 행 입력
[2025-07-07 06:02:51] INFO - 370번째 행 입력
[2025-07-07 06:02:51] INFO - 371번째 행 입력
[2025-07-07 06:02:51] INFO - 372번째 행 입력
[2025-07-07 06:02:52] INFO - 373번째 행 입력
[2025-07-07 06:02:52] INFO - 374번째 행 입력
[2025-07-07 06:02:52] INFO - 375번째 행 입력
[2025-07-07 06:02:52] INFO - 376번째 행 입력
[2025-07-07 06:02:52] INFO - 377번째 행 입력
[2025-07-07 06:02:52] INFO - 378번째 행 입력
[2025-07-07 06:02:52] INFO - 379번째 행 입력
[2025-07-07 06:02:52] INFO - 380번째 행 입력
[2025-07-07 06:02:52] INFO - 381번째 행 입력
[2025-07-07 06:02:52] INFO - 382번째 행 입력
[2025-07-07 06:02:52] INFO - 383번째 행 입력
[2025-07-07 06:02:52] INFO - 384번째 행 입력
[2025-07-07 06:02:52] INFO - 385번째 행 입력
[2025-07-07 06:02:52] INFO - 386번째 행 입력
[2025-07-07 06:02:52] INFO - 387번째 행 입력
[2025-07-07 06:02:52] INFO - 388번째 행 입력
[2025-07-07 06:02:52] INFO - 389번째 행 입력
[2025-07-07 06:02:52] INFO - 390번째 행 입력
[2025-07-07 06:02:52] INFO - 391번째 행 입력
[2025-07-07 06:02:52] INFO - 392번째 행 입력
[2025-07-07 06:02:52] INFO - 393번째 행 입력
[2025-07-07 06:02:52] INFO - 394번째 행 입력
[2025-07-07 06:02:52] INFO - 395번째 행 입력
[2025-07-07 06:02:53] INFO - [SKIPPED - DUPLICATE] ㈜이마이웨딩 / [EMYWEDDING] 2025년 상반기 대전 웨딩플래너 공개채용 [신입/경력] / 2025-07-11 은 이미 존재하여 삽입되지 않았습니다.
[2025-07-07 06:02:53] INFO - 396번째 행 입력
[2025-07-07 06:02:53] INFO - 397번째 행 입력
[2025-07-07 06:02:53] INFO - 398번째 행 입력
[2025-07-07 06:02:53] INFO - 399번째 행 입력
[2025-07-07 06:02:53] INFO - 400번째 행 입력
[2025-07-07 06:02:53] INFO - 401번째 행 입력
[2025-07-07 06:02:53] INFO - 402번째 행 입력
[2025-07-07 06:02:53] INFO - 403번째 행 입력
[2025-07-07 06:02:53] INFO - 404번째 행 입력
[2025-07-07 06:02:53] INFO - 405번째 행 입력
[2025-07-07 06:02:53] INFO - 406번째 행 입력
[2025-07-07 06:02:53] INFO - 407번째 행 입력
[2025-07-07 06:02:53] INFO - 408번째 행 입력
[2025-07-07 06:02:53] INFO - 409번째 행 입력
[2025-07-07 06:02:53] INFO - 410번째 행 입력
[2025-07-07 06:02:53] INFO - 411번째 행 입력
[2025-07-07 06:02:53] INFO - 412번째 행 입력
[2025-07-07 06:02:53] INFO - 413번째 행 입력
[2025-07-07 06:02:53] INFO - 414번째 행 입력
[2025-07-07 06:02:53] INFO - 415번째 행 입력
[2025-07-07 06:02:53] INFO - 416번째 행 입력
[2025-07-07 06:02:53] INFO - 417번째 행 입력
[2025-07-07 06:02:53] INFO - 418번째 행 입력
[2025-07-07 06:02:54] INFO - 419번째 행 입력
[2025-07-07 06:02:54] INFO - 420번째 행 입력
[2025-07-07 06:02:54] INFO - 421번째 행 입력
[2025-07-07 06:02:54] INFO - 422번째 행 입력
[2025-07-07 06:02:54] INFO - 423번째 행 입력
[2025-07-07 06:02:54] INFO - 424번째 행 입력
[2025-07-07 06:02:54] INFO - 425번째 행 입력
[2025-07-07 06:02:54] INFO - 426번째 행 입력
[2025-07-07 06:02:54] INFO - 427번째 행 입력
[2025-07-07 06:02:54] INFO - 428번째 행 입력
[2025-07-07 06:02:54] INFO - 429번째 행 입력
[2025-07-07 06:02:54] INFO - 430번째 행 입력
[2025-07-07 06:02:54] INFO - 431번째 행 입력
[2025-07-07 06:02:54] INFO - 432번째 행 입력
[2025-07-07 06:02:54] INFO - 433번째 행 입력
[2025-07-07 06:02:54] INFO - 434번째 행 입력
[2025-07-07 06:02:54] INFO - 435번째 행 입력
[2025-07-07 06:02:54] INFO - 436번째 행 입력
[2025-07-07 06:02:54] INFO - 437번째 행 입력
[2025-07-07 06:02:54] INFO - 438번째 행 입력
[2025-07-07 06:02:54] INFO - 439번째 행 입력
[2025-07-07 06:02:55] INFO - 440번째 행 입력
[2025-07-07 06:02:55] INFO - 441번째 행 입력
[2025-07-07 06:02:55] INFO - 442번째 행 입력
[2025-07-07 06:02:55] INFO - 443번째 행 입력
[2025-07-07 06:02:55] INFO - 444번째 행 입력
[2025-07-07 06:02:55] INFO - 445번째 행 입력
[2025-07-07 06:02:55] INFO - 446번째 행 입력
[2025-07-07 06:02:55] INFO - 447번째 행 입력
[2025-07-07 06:02:55] INFO - 448번째 행 입력
[2025-07-07 06:02:55] INFO - 449번째 행 입력
[2025-07-07 06:02:55] INFO - 450번째 행 입력
[2025-07-07 06:02:55] INFO - 451번째 행 입력
[2025-07-07 06:02:55] INFO - 452번째 행 입력
[2025-07-07 06:02:55] INFO - 453번째 행 입력
[2025-07-07 06:02:55] INFO - 454번째 행 입력
[2025-07-07 06:02:55] INFO - 455번째 행 입력
[2025-07-07 06:02:55] INFO - 456번째 행 입력
[2025-07-07 06:02:55] INFO - 457번째 행 입력
[2025-07-07 06:02:55] INFO - 458번째 행 입력
[2025-07-07 06:02:55] INFO - 459번째 행 입력
[2025-07-07 06:02:56] INFO - 460번째 행 입력
[2025-07-07 06:02:56] INFO - 461번째 행 입력
[2025-07-07 06:02:56] INFO - 462번째 행 입력
[2025-07-07 06:02:56] INFO - 463번째 행 입력
[2025-07-07 06:02:56] INFO - 464번째 행 입력
[2025-07-07 06:02:56] INFO - 465번째 행 입력
[2025-07-07 06:02:56] INFO - 466번째 행 입력
[2025-07-07 06:02:56] INFO - 467번째 행 입력
[2025-07-07 06:02:56] INFO - 468번째 행 입력
[2025-07-07 06:02:56] INFO - 469번째 행 입력
[2025-07-07 06:02:56] INFO - 470번째 행 입력
[2025-07-07 06:02:56] INFO - 471번째 행 입력
[2025-07-07 06:02:56] INFO - 472번째 행 입력
[2025-07-07 06:02:56] INFO - 473번째 행 입력
[2025-07-07 06:02:56] INFO - 474번째 행 입력
[2025-07-07 06:02:56] INFO - 475번째 행 입력
[2025-07-07 06:02:56] INFO - 476번째 행 입력
[2025-07-07 06:02:56] INFO - 477번째 행 입력
[2025-07-07 06:02:56] INFO - 478번째 행 입력
[2025-07-07 06:02:56] INFO - 479번째 행 입력
[2025-07-07 06:02:56] INFO - 480번째 행 입력
[2025-07-07 06:02:56] INFO - 481번째 행 입력
[2025-07-07 06:02:56] INFO - 482번째 행 입력
[2025-07-07 06:02:56] INFO - 483번째 행 입력
[2025-07-07 06:02:57] INFO - 484번째 행 입력
[2025-07-07 06:02:57] INFO - 485번째 행 입력
[2025-07-07 06:02:57] INFO - 486번째 행 입력
[2025-07-07 06:02:57] INFO - 487번째 행 입력
[2025-07-07 06:02:57] INFO - 488번째 행 입력
[2025-07-07 06:02:57] INFO - 489번째 행 입력
[2025-07-07 06:02:57] INFO - 490번째 행 입력
[2025-07-07 06:02:57] INFO - 491번째 행 입력
[2025-07-07 06:02:57] INFO - 492번째 행 입력
[2025-07-07 06:02:57] INFO - 493번째 행 입력
[2025-07-07 06:02:57] INFO - 494번째 행 입력
[2025-07-07 06:02:57] INFO - 495번째 행 입력
[2025-07-07 06:02:57] INFO - 496번째 행 입력
[2025-07-07 06:02:57] INFO - 497번째 행 입력
[2025-07-07 06:02:57] INFO - 498번째 행 입력
[2025-07-07 06:02:57] INFO - 499번째 행 입력
[2025-07-07 06:02:57] INFO - 500번째 행 입력
[2025-07-07 06:02:57] INFO - 501번째 행 입력
[2025-07-07 06:02:57] INFO - 502번째 행 입력
[2025-07-07 06:02:57] INFO - 503번째 행 입력
[2025-07-07 06:02:57] INFO - 504번째 행 입력
[2025-07-07 06:02:57] INFO - 505번째 행 입력
[2025-07-07 06:02:58] INFO - 506번째 행 입력
[2025-07-07 06:02:58] INFO - 507번째 행 입력
[2025-07-07 06:02:58] INFO - 508번째 행 입력
[2025-07-07 06:02:58] INFO - 509번째 행 입력
[2025-07-07 06:02:58] INFO - 510번째 행 입력
[2025-07-07 06:02:58] INFO - 511번째 행 입력
[2025-07-07 06:02:58] INFO - 512번째 행 입력
[2025-07-07 06:02:58] INFO - 513번째 행 입력
[2025-07-07 06:02:58] INFO - 514번째 행 입력
[2025-07-07 06:02:58] INFO - 515번째 행 입력
[2025-07-07 06:02:58] INFO - 516번째 행 입력
[2025-07-07 06:02:58] INFO - 517번째 행 입력
[2025-07-07 06:02:58] INFO - 518번째 행 입력
[2025-07-07 06:02:58] INFO - 519번째 행 입력
[2025-07-07 06:02:58] INFO - 520번째 행 입력
[2025-07-07 06:02:58] INFO - 521번째 행 입력
[2025-07-07 06:02:58] INFO - 522번째 행 입력
[2025-07-07 06:02:58] INFO - 523번째 행 입력
[2025-07-07 06:02:58] INFO - 524번째 행 입력
[2025-07-07 06:02:58] INFO - 525번째 행 입력
[2025-07-07 06:02:58] INFO - 526번째 행 입력
[2025-07-07 06:02:58] INFO - 527번째 행 입력
[2025-07-07 06:02:58] INFO - 528번째 행 입력
[2025-07-07 06:02:58] INFO - 529번째 행 입력
[2025-07-07 06:02:59] INFO - 530번째 행 입력
[2025-07-07 06:02:59] INFO - 531번째 행 입력
[2025-07-07 06:02:59] INFO - 532번째 행 입력
[2025-07-07 06:02:59] INFO - 533번째 행 입력
[2025-07-07 06:02:59] INFO - 534번째 행 입력
[2025-07-07 06:02:59] INFO - 535번째 행 입력
[2025-07-07 06:02:59] INFO - 536번째 행 입력
[2025-07-07 06:02:59] INFO - 537번째 행 입력
[2025-07-07 06:02:59] INFO - 538번째 행 입력
[2025-07-07 06:02:59] INFO - 539번째 행 입력
[2025-07-07 06:02:59] INFO - 540번째 행 입력
[2025-07-07 06:02:59] INFO - 541번째 행 입력
[2025-07-07 06:02:59] INFO - 542번째 행 입력
[2025-07-07 06:02:59] INFO - 543번째 행 입력
[2025-07-07 06:02:59] INFO - 544번째 행 입력
[2025-07-07 06:02:59] INFO - 545번째 행 입력
[2025-07-07 06:02:59] INFO - 546번째 행 입력
[2025-07-07 06:02:59] INFO - 547번째 행 입력
[2025-07-07 06:02:59] INFO - 548번째 행 입력
[2025-07-07 06:02:59] INFO - 549번째 행 입력
[2025-07-07 06:02:59] INFO - 550번째 행 입력
[2025-07-07 06:02:59] INFO - 551번째 행 입력
[2025-07-07 06:03:00] INFO - 552번째 행 입력
[2025-07-07 06:03:00] INFO - 553번째 행 입력
[2025-07-07 06:03:00] INFO - 554번째 행 입력
[2025-07-07 06:03:00] INFO - 555번째 행 입력
[2025-07-07 06:03:00] INFO - 556번째 행 입력
[2025-07-07 06:03:00] INFO - 557번째 행 입력
[2025-07-07 06:03:00] INFO - 558번째 행 입력
[2025-07-07 06:03:00] INFO - 559번째 행 입력
[2025-07-07 06:03:00] INFO - 560번째 행 입력
[2025-07-07 06:03:00] INFO - 561번째 행 입력
[2025-07-07 06:03:00] INFO - 562번째 행 입력
[2025-07-07 06:03:00] INFO - 563번째 행 입력
[2025-07-07 06:03:00] INFO - 564번째 행 입력
[2025-07-07 06:03:00] INFO - 565번째 행 입력
[2025-07-07 06:03:00] INFO - 566번째 행 입력
[2025-07-07 06:03:00] INFO - 567번째 행 입력
[2025-07-07 06:03:00] INFO - 568번째 행 입력
[2025-07-07 06:03:00] INFO - 569번째 행 입력
[2025-07-07 06:03:00] INFO - 570번째 행 입력
[2025-07-07 06:03:00] INFO - 571번째 행 입력
[2025-07-07 06:03:00] INFO - 572번째 행 입력
[2025-07-07 06:03:00] INFO - 573번째 행 입력
[2025-07-07 06:03:00] INFO - 574번째 행 입력
[2025-07-07 06:03:00] INFO - 575번째 행 입력
[2025-07-07 06:03:01] INFO - 576번째 행 입력
[2025-07-07 06:03:01] INFO - 577번째 행 입력
[2025-07-07 06:03:01] INFO - 578번째 행 입력
[2025-07-07 06:03:01] INFO - 579번째 행 입력
[2025-07-07 06:03:01] INFO - 580번째 행 입력
[2025-07-07 06:03:01] INFO - 581번째 행 입력
[2025-07-07 06:03:01] INFO - 582번째 행 입력
[2025-07-07 06:03:01] INFO - 583번째 행 입력
[2025-07-07 06:03:01] INFO - 584번째 행 입력
[2025-07-07 06:03:01] INFO - 585번째 행 입력
[2025-07-07 06:03:01] INFO - 586번째 행 입력
[2025-07-07 06:03:01] INFO - 587번째 행 입력
[2025-07-07 06:03:01] INFO - 588번째 행 입력
[2025-07-07 06:03:01] INFO - 589번째 행 입력
[2025-07-07 06:03:01] INFO - 590번째 행 입력
[2025-07-07 06:03:01] INFO - 591번째 행 입력
[2025-07-07 06:03:01] INFO - 592번째 행 입력
[2025-07-07 06:03:01] INFO - 593번째 행 입력
[2025-07-07 06:03:01] INFO - 594번째 행 입력
[2025-07-07 06:03:01] INFO - 595번째 행 입력
[2025-07-07 06:03:01] INFO - 596번째 행 입력
[2025-07-07 06:03:01] INFO - 597번째 행 입력
[2025-07-07 06:03:01] INFO - 598번째 행 입력
[2025-07-07 06:03:01] INFO - 599번째 행 입력
[2025-07-07 06:03:02] INFO - 600번째 행 입력
[2025-07-07 06:03:02] INFO - 601번째 행 입력
[2025-07-07 06:03:02] INFO - 602번째 행 입력
[2025-07-07 06:03:02] INFO - 603번째 행 입력
[2025-07-07 06:03:02] INFO - 604번째 행 입력
[2025-07-07 06:03:02] INFO - 605번째 행 입력
[2025-07-07 06:03:02] INFO - 606번째 행 입력
[2025-07-07 06:03:02] INFO - 607번째 행 입력
[2025-07-07 06:03:02] INFO - 608번째 행 입력
[2025-07-07 06:03:02] INFO - 609번째 행 입력
[2025-07-07 06:03:02] INFO - 610번째 행 입력
[2025-07-07 06:03:02] INFO - 611번째 행 입력
[2025-07-07 06:03:02] INFO - 612번째 행 입력
[2025-07-07 06:03:02] INFO - 613번째 행 입력
[2025-07-07 06:03:02] INFO - 614번째 행 입력
[2025-07-07 06:03:02] INFO - 615번째 행 입력
[2025-07-07 06:03:02] INFO - 616번째 행 입력
[2025-07-07 06:03:02] INFO - 617번째 행 입력
[2025-07-07 06:03:02] INFO - 618번째 행 입력
[2025-07-07 06:03:02] INFO - 619번째 행 입력
[2025-07-07 06:03:02] INFO - 620번째 행 입력
[2025-07-07 06:03:02] INFO - 621번째 행 입력
[2025-07-07 06:03:02] INFO - 622번째 행 입력
[2025-07-07 06:03:03] INFO - 623번째 행 입력
[2025-07-07 06:03:03] INFO - 624번째 행 입력
[2025-07-07 06:03:03] INFO - 625번째 행 입력
[2025-07-07 06:03:03] INFO - 626번째 행 입력
[2025-07-07 06:03:03] INFO - 627번째 행 입력
[2025-07-07 06:03:03] INFO - 628번째 행 입력
[2025-07-07 06:03:03] INFO - 629번째 행 입력
[2025-07-07 06:03:03] INFO - 630번째 행 입력
[2025-07-07 06:03:03] INFO - 631번째 행 입력
[2025-07-07 06:03:03] INFO - 632번째 행 입력
[2025-07-07 06:03:03] INFO - 633번째 행 입력
[2025-07-07 06:03:03] INFO - 634번째 행 입력
[2025-07-07 06:03:03] INFO - 635번째 행 입력
[2025-07-07 06:03:03] INFO - 프로그램 종료
