[2025-07-21 06:00:01] INFO - 🔧 Logging initialized
[2025-07-21 06:00:01] INFO - 프로그램 시작됨
[2025-07-21 06:00:01] INFO - 
🚀 크롤러 실행 시도 1/3
[2025-07-21 06:00:15] INFO - 🔢 총 공고 수: 172505건 → 최대 페이지 수: 3451 페이지
[2025-07-21 06:00:15] INFO - 
📄 현재 페이지: 1
[2025-07-21 06:00:15] INFO - 0001 | 미래비전 | 우수기업/AP/코써/PCB생산/SMT OP/3조2교대/기숙사1인실 | 1시간 전 등록
[2025-07-21 06:00:15] INFO - 0002 | 토스인슈어런스㈜ | 청주시 - [금융프라자사업단] 설계사 및 관리자 모집 | 2시간 전 등록
[2025-07-21 06:00:15] INFO - 0003 | 토스인슈어런스㈜ | 벡스코역 - [금융프라자사업단] 설계사 및 관리자 모집 | 2시간 전 등록
[2025-07-21 06:00:16] INFO - 0004 | 토스인슈어런스㈜ | 청라지역 - [금융프라자사업단] 설계사 및 관리자 모집 | 2시간 전 등록
[2025-07-21 06:00:16] INFO - 0005 | 토스인슈어런스㈜ | 강서구 지역 - [금융프라자사업단] 설계사 및 관리자 모집 | 2시간 전 등록
[2025-07-21 06:00:16] INFO - 0006 | 토스인슈어런스㈜ | 목포지역 - [금융프라자사업단] 설계사 및 관리자 모집 | 2시간 전 등록
[2025-07-21 06:00:16] INFO - 0007 | 목동준과학학원 | [준과학학원] 고등 과학.고등 사회 강사 모집 | 4시간 전 등록
[2025-07-21 06:00:16] INFO - 0008 | ㈜에이치앤티아웃소싱시스템 | [전국/정규직] SK Telecom 고객센터 114 사원 모집 (신입/ 경력) | 4시간 전 등록
[2025-07-21 06:00:16] INFO - 0009 | ㈜에이치앤티아웃소싱시스템 | [월276만/수도권] SK Telecom 고객센터 정규직 사원 모집 (신입/ 경력) | 4시간 전 등록
[2025-07-21 06:00:17] INFO - 0010 | 농협은행㈜ | NH농협은행 마케팅 디자인 일반 계약직 채용 | 4시간 전 등록
[2025-07-21 06:00:17] INFO - 0011 | ㈜네이처코퍼레이션 | 건강식품 생산직 사원 채용 | 4시간 전 등록
[2025-07-21 06:00:17] INFO - 0012 | ㈜더블에이치에프앤비 | 판교 아브뉴프랑 스페인 레스토랑 쉐프 구합니다 | 5시간 전 등록
[2025-07-21 06:00:17] INFO - 0013 | ㈜캐디몬 | 프린세스gc남녀캐디모집 / 숙식제공 / 커플가능 / 경력 및 신입모집 | 5시간 전 등록
[2025-07-21 06:00:17] INFO - 0014 | ㈜캐디몬 | 세종에머슨cc남녀캐디모집 / 숙식제공 / 당일지급 / 무료교육기간중 수입가 | 5시간 전 등록
[2025-07-21 06:00:17] INFO - 0015 | ㈜캐디몬 | 백제cc남녀캐디모집 / 숙식제공 / f4비자가능 / 당일지급 / 무료교육기간 | 5시간 전 등록
[2025-07-21 06:00:18] INFO - 0016 | ㈜캐디몬 | 청라베어즈베스트cc골프캐디모집 / 숙식제공 / 당일지급 / 무료교육기간중 | 5시간 전 등록
[2025-07-21 06:00:18] INFO - 0017 | ㈜유안에이치알 | 홈플러스 동수원점 주차미화관리자 모집합니다. | 5시간 전 등록
[2025-07-21 06:00:18] INFO - 0018 | 글로벌JMT | [용인/수원/이천 정규직/1인실] 경력인정/반도체/품질/test생산 / 패키징 | 5시간 전 등록
[2025-07-21 06:00:18] INFO - 0019 | ㈜엑심베이 | DBA 담당자 | 5시간 전 등록
[2025-07-21 06:00:18] INFO - 0020 | 허브아일랜드 영농조합법인 | [허브아일랜드] 레스토랑 직원식당 조리원 모집 | 5시간 전 등록
[2025-07-21 06:00:18] INFO - 0021 | 이디야커피 명동역점 | 이디야커피 명동역점에서 함께할 주간 매니저님을 구합니다. | 5시간 전 등록
[2025-07-21 06:00:18] INFO - 0022 | 팀스파르타㈜ | [항해 플러스] 코드 리뷰 튜터 (Java, TypeScript, Kotlin) | 5시간 전 등록
[2025-07-21 06:00:19] INFO - 0023 | ㈜트립일레븐 | [유급휴가 40일] 2025년도 하반기 트립일레븐 세일즈팀 대규모 채용 | 5시간 전 등록
[2025-07-21 06:00:19] INFO - 0024 | (주)제이엠더블유 | [JMW] 전략기획팀 경력직 채용 | 5시간 전 등록
[2025-07-21 06:00:19] INFO - 0025 | 제이디티앤씨 | ㈜제이디티앤씨에서 경력 디자이너 모집합니다. | 5시간 전 등록
[2025-07-21 06:00:19] INFO - 0026 | ㈜시코코리아 | 2025년 하반기 서비스직 채용 | 5시간 전 등록
[2025-07-21 06:00:19] INFO - 0027 | 성해 | 다함께 돌봄센터 서구 2호점 원장님 모집 | 5시간 전 등록
[2025-07-21 06:00:19] INFO - 0028 | ㈜선진엔지니어링종합건축사사무소 | [자회사 채용] 선진 P&I 채용 (건축설계관리, 개발관리, 총무/비서) | 5시간 전 등록
[2025-07-21 06:00:20] INFO - 0029 | ㈜동양 | ㈜동양 자금팀 경력사원 모집 (대리-과장급) | 5시간 전 등록
[2025-07-21 06:00:20] INFO - 0030 | 에스케이바이오사이언스㈜ | 25년 3분기 DS(원액생산) 신입/경력사원 수시채용 | 5시간 전 등록
[2025-07-21 06:00:20] INFO - 0031 | 대일인터내셔널하스피탈리티그룹 | 서울대학교 시흥캠퍼스 연수원&컨벤션센터 조리팀(신입/경력) 정규직 채용 | 5시간 전 등록
[2025-07-21 06:00:20] INFO - 0032 | ㈜티에스피지 | 물류자동화, 자동창고 기술영업 인원 채용 공고(신입및경력) | 5시간 전 등록
[2025-07-21 06:00:20] INFO - 0033 | 알에스케이테크놀로지㈜ | A/S팀(서비스팀 엔지니어) 기사 모집 | 5시간 전 등록
[2025-07-21 06:00:20] INFO - 0034 | ㈜명산 | 기술연구소 | 5시간 전 등록
[2025-07-21 06:00:20] INFO - 0035 | 허브넷굿컴퍼니닷컴 | 창의적인 기획력을 겸비한 퍼포먼스마케터를 찾습니다. (네이버공식대행사) | 5시간 전 등록
[2025-07-21 06:00:21] INFO - 0036 | 한영회계법인 | EY-Parthenon PMI 전략팀 정규직 컨설턴트(Strategy Consulting) | 5시간 전 등록
[2025-07-21 06:00:21] INFO - 0037 | 티엠씨케이 | [TMCK] 디지털 마케팅 AE (시니어) 채용 | 5시간 전 등록
[2025-07-21 06:00:21] INFO - 0038 | 연세대학교 강남장례식장 | 연세대학교 강남장례식장 상례사ㆍ상담사 채용 | 5시간 전 등록
[2025-07-21 06:00:21] INFO - 0039 | ㈜클라우디파이 | 10시출근/마케팅부문/동대문역사문화공원역1분거리/뚝섬역5분거리 | 5시간 전 등록
[2025-07-21 06:00:21] INFO - 0040 | ㈜삼표산업 | 삼표그룹 (주)에스피에스엔에이 설비운영 부문 채용 | 5시간 전 등록
[2025-07-21 06:00:21] INFO - 0041 | 고려대학교 세종캠퍼스 | 고려대학교 세종캠퍼스 총장발령 사무직(일반행정) 채용공고 | 5시간 전 등록
[2025-07-21 06:00:22] INFO - 0042 | ㈜미스틸게임즈(Mistil Games Co.,Ltd.) | [ART](신입/경력) 시퀀스 연출 아티스트 | 5시간 전 등록
[2025-07-21 06:00:22] INFO - 0043 | ㈜태강정보통신 | [통합시스템 구축 사업] 초/중/고급 경력별 JAVA 개발자 모집 공고 | 5시간 전 등록
[2025-07-21 06:00:22] INFO - 0044 | 한국바스프㈜ | 한국바스프 안산 CECC (소비자 전자제품 개발 센터) Manager 직계약직 모집 | 5시간 전 등록
[2025-07-21 06:00:22] INFO - 0045 | SPC삼립 | 점포혁신팀 빚은 TM 경력직 모집 | 5시간 전 등록
[2025-07-21 06:00:22] INFO - 0046 | 청송군산림조합 | 청송군산림조합 직원(계약직-산림토목) 채용 공고 | 5시간 전 등록
[2025-07-21 06:00:22] INFO - 0047 | ㈜온다와쏭 | [쏘타스위트 평택 고덕] 호텔 객실팀 모집 합니다. | 5시간 전 등록
[2025-07-21 06:00:23] INFO - 0048 | ㈜동화세상에듀코 | [재택/자택주변 방문] 1:1 화상/대면 국어 영어 수학 강사님 모십니다 | 5시간 전 등록
[2025-07-21 06:00:23] INFO - 0049 | ㈜아그베 | [제주신화월드 메리어트호텔] 피히츠 SPA Therapist 9월 프리렌서 구인 | 5시간 전 등록
[2025-07-21 06:00:23] INFO - 0050 | ㈜서울써브스 | [SUBWAY] 써브웨이 직영 신림점 정규직 Manager 모집 | 5시간 전 등록
[2025-07-21 06:00:23] INFO - ⏱ 1.86초 대기
[2025-07-21 06:00:25] INFO - 
📄 현재 페이지: 2
[2025-07-21 06:00:26] INFO - 0051 | 엔케이㈜ | 엔케이(주) 방제사업부(영남지사) 서비스매니저 모집 | 5시간 전 등록
[2025-07-21 06:00:26] INFO - 0052 | 유앤아이의원 신촌점 | [주4일] 유앤아이피부과 홍대신촌점 상담실장 (상담실장 경력1년이상만) | 5시간 전 등록
[2025-07-21 06:00:26] INFO - 0053 | (주)원스탑프렙 | [정규직] 수학 강사 모집 / Advanced Math Instructor (SAT Math, Calc) | 5시간 전 등록
[2025-07-21 06:00:26] INFO - 0054 | DB손해보험㈜ | DB손해보험 다이렉트 신대구센터 자동차,장기 TM 상담사 (설계사X) | 5시간 전 등록
[2025-07-21 06:00:26] INFO - 0055 | ㈜트라이얼인포매틱스 | 임상시험IT솔루션 - Frontend Developer | 5시간 전 등록
[2025-07-21 06:00:26] INFO - 0056 | 인커넥트 | [시청역/전화면접으로 진행/평일만근무]-캐롯손해보험 인바운드상담(영업X) | 5시간 전 등록
[2025-07-21 06:00:26] INFO - 0057 | 씨트론 ㈜ | [경력직] R&D 프로젝트관리 (PM) | 5시간 전 등록
[2025-07-21 06:00:27] INFO - 0058 | (주)맨파워코리아 | [선릉역/역삼역] 조선팰리스 호텔 라이프가드 모집 | 5시간 전 등록
[2025-07-21 06:00:27] INFO - 0059 | (주)맨파워코리아 | [즉시출근/미화/삼성역] 인터컨티넨탈호텔 사우나/락카 관리 | 5시간 전 등록
[2025-07-21 06:00:27] INFO - 0060 | ㈜잡스테이션 | 주급가능/셔틀운행/주야교대/냉동만두생산업무/상여금별도지급/외극인가능 | 5시간 전 등록
[2025-07-21 06:00:27] INFO - 0061 | ㈜라이온하트스튜디오 | [라이온하트 스튜디오-시네마팀] 모션 캡쳐 액터 모집 | 5시간 전 등록
[2025-07-21 06:00:27] INFO - 0062 | JMP코리아 | [대규모채용/남구로역] 전자입찰 참여기업 대상 아웃바운드 상담사 채용 | 5시간 전 등록
[2025-07-21 06:00:27] INFO - 0063 | ㈜선정인터내셔날 | [민원처리 지원사무] NICE그룹 사업지원/제휴사대응 | 5시간 전 등록
[2025-07-21 06:00:28] INFO - 0064 | 케이에프앤에스㈜ | [287만/우면동-양재역&선바위역]KT우면사옥 임원비서(신입경력/8월말 입사) | 5시간 전 등록
[2025-07-21 06:00:28] INFO - 0065 | 케어링커뮤니티케어㈜ | [케어링] 방문요양 사회복지사 채용 (경남 창원점) | 5시간 전 등록
[2025-07-21 06:00:28] INFO - 0066 | ㈜지누스 | [현대백화점 그룹] ㈜지누스 재무/관리회계 채용 | 5시간 전 등록
[2025-07-21 06:00:28] INFO - 0067 | ㈜제이앤비컨설팅 | [본부장비서/월247-260만]SGI서울보증 해외사업부 사무지원(본부장비서) | 5시간 전 등록
[2025-07-21 06:00:28] INFO - 0068 | 엘비휴넷㈜ | 8월6일 바로출근 LG유플러스 전주고객센터 인원모집(익산,군산셔틀) | 5시간 전 등록
[2025-07-21 06:00:28] INFO - 0069 | 하랑 | [전주센터/면접비 지급] LG유플러스 고객지원 안내업무 정규직 채용[월-금] | 5시간 전 등록
[2025-07-21 06:00:29] INFO - 0070 | 하랑 | [에이닷 호매실지점]수강생 1대1 학습코칭 진도관리 강사 채용[전공무관] | 5시간 전 등록
[2025-07-21 06:00:29] INFO - 0071 | 하랑 | [에이닷 창원상남지점]수강생 1대1 학습코칭 진도관리 강사 채용[전공무관] | 5시간 전 등록
[2025-07-21 06:00:29] INFO - 0072 | 하랑 | [에이닷 안산고잔지점]수강생 1대1 학습코칭 진도관리 강사 채용[전공무관] | 5시간 전 등록
[2025-07-21 06:00:29] INFO - 0073 | 하랑 | [에이닷 청주상당지점]수강생 1대1 학습코칭 진도관리 강사 채용[전공무관] | 5시간 전 등록
[2025-07-21 06:00:29] INFO - 0074 | ㈜선정인터내셔날 | [양재/금융공기업] 채무조정 업무지원 | 5시간 전 등록
[2025-07-21 06:00:29] INFO - 0075 | ㈜프로에스콤 | [잠실 롯데월드타워/ 보안사원 채용] 주주야야휴휴 근무/식사.근무복 제공 | 5시간 전 등록
[2025-07-21 06:00:30] INFO - 0076 | ㈜프로에스콤 | [충북 음성 / 쿠팡 금왕센터] 보안사원 채용-복지카드소지 우대 | 5시간 전 등록
[2025-07-21 06:00:30] INFO - 0077 | ㈜프로에스콤 | [평택시 포승읍] 쿠팡 평택 1센터-5센터 / 물류센터 보안사원 모집 | 5시간 전 등록
[2025-07-21 06:00:30] INFO - 0078 | ㈜제이앤비컨설팅 | [방송지원 AD/평일]롯데홈쇼핑 본사 방송전략팀 방송지원 영상편집 채용 | 5시간 전 등록
[2025-07-21 06:00:30] INFO - 0079 | 피피에이치알 | [부산진구] 부전역 도보1분 [카페24/정규직 CS상담사] | 5시간 전 등록
[2025-07-21 06:00:30] INFO - 0080 | (주)맨파워코리아 | &안성/주5일/국내 물류센터(자동차부품) 상품 피킹 직원채용 | 5시간 전 등록
[2025-07-21 06:00:30] INFO - 0081 | ㈜디앤엠 | [대전/도룡동] 대전MBC TV 광고 운행 직원 모집 | 5시간 전 등록
[2025-07-21 06:00:30] INFO - 0082 | ㈜메타엠 | [전화면접/영업X] 전월세,담보대출 서류제출 1차확인 | 5시간 전 등록
[2025-07-21 06:00:31] INFO - 0083 | 엔피비알(NPBR) | 22년전통 브리핑 영업 전문강사 신입 및 경력 모집(부산.경남) | 5시간 전 등록
[2025-07-21 06:00:31] INFO - 0084 | ㈜지원 | [전자회사]제조.설비.검사 연봉5000/상여600/기숙사/동반가능/통근 | 5시간 전 등록
[2025-07-21 06:00:31] INFO - 0085 | ㈜다온위드 | [당일합격발표] 대규모채용 연봉5천이상 /정규직/상여600만/기숙사무료/통 | 5시간 전 등록
[2025-07-21 06:00:31] INFO - 0086 | 유니에스 | [FD/오전근무/교통비] TV조선 시사프로그램 FD 채용 | 5시간 전 등록
[2025-07-21 06:00:31] INFO - 0087 | ㈜인커넥트 | [올리브영 인바운드상담/3개월계약직(정규직전환가능)/여유로운 출근시간] | 5시간 전 등록
[2025-07-21 06:00:31] INFO - 0088 | 유니에스 | [주5일/사무직/식사제공] TV조선 본사 팀 사무보조 채용 | 5시간 전 등록
[2025-07-21 06:00:32] INFO - 0089 | (주)맨파워코리아 | [이천/주5일/식사제공]의류 물류센터 현장피킹(다스) 직원모집 | 5시간 전 등록
[2025-07-21 06:00:32] INFO - 0090 | 쿠팡 | [쿠팡] 장애인 사원 특별 공개채용 | 5시간 전 등록
[2025-07-21 06:00:32] INFO - 0091 | ㈜지니어스컴퍼니 | 숫자경영(경리회계·데이터) 실행 코칭 매니저 신입/경력 채용 | 6시간 전 등록
[2025-07-21 06:00:32] INFO - 0092 | ㈜아이비랩 | 카페 업무 담당자 모집 | 6시간 전 등록
[2025-07-21 06:00:32] INFO - 0093 | 테디스오븐 여의도점 | 성수동 베이커리 카페 테디스오븐 여의도점의 바리스타 팀원을 모집합니다 | 6시간 전 등록
[2025-07-21 06:00:32] INFO - 0094 | 아트팜미술학원 | 갈매동 아동미술 파트선생님 모십니다 | 6시간 전 등록
[2025-07-21 06:00:33] INFO - 0095 | 현대자동차㈜ | [현대자동차] 방사선사 (울산공장) 계약직 채용 | 6시간 전 등록
[2025-07-21 06:00:33] INFO - 0096 | ㈜페리 | 주식회사 페리 [ERP/SCM] 개발 경력자 추가모집 | 6시간 전 등록
[2025-07-21 06:00:33] INFO - 0097 | 에윅 | 온라인 쇼핑몰 md 엠디 | 7시간 전 등록
[2025-07-21 06:00:33] INFO - 0098 | ㈜수아레플라워 | 생화 납품 및 거래처 관리 하실분 모집합니다. (야간 근무 입니다.) | 7시간 전 등록
[2025-07-21 06:00:33] INFO - 0099 | 신한생명보험 | [본사직영 콜센터 직원 모집] 안정적인 급여 및 교육비/ 정착지원금 지급 | 7시간 전 등록
[2025-07-21 06:00:33] INFO - 0100 | 흥국생명보험㈜ | [본사직영 영업실장/ 관리자급 모집] 업계1위 복합TM센터, 업무만족도 1위 | 7시간 전 등록
[2025-07-21 06:00:33] INFO - ⏱ 1.93초 대기
[2025-07-21 06:00:36] INFO - 
📄 현재 페이지: 3
[2025-07-21 06:00:36] INFO - 0101 | 흥국생명보험㈜ | [2025년 본사직영 신규채용] 기본급300. 정착지윈금지급. 복합TM센터 | 7시간 전 등록
[2025-07-21 06:00:36] INFO - 0102 | 와이비엠어학원 | [YBM 강남센터] 영어회화, 청취, 영작문 강사 모집 | 7시간 전 등록
[2025-07-21 06:00:36] INFO - 0103 | 푸드이엠 | 야간 배송직 식구분 모집합니다 | 7시간 전 등록
[2025-07-21 06:00:37] INFO - 0104 | 미술로생각하기 위례학원 | (화/목)근무하실 영유아미술 선생님 모십니다(다른요일협의가능) | 8시간 전 등록
[2025-07-21 06:00:37] INFO - 0105 | 아워웨딩아워드라마 | 함께 성장해 나갈 웨딩사진 편집자 구합니다. | 8시간 전 등록
[2025-07-21 06:00:37] INFO - 0106 | 에이스경영자문그룹 | 전화 섭외사원 모집(정부 지원 사업 방문 약속) / 기본급 ,인센티브 지급 | 8시간 전 등록
[2025-07-21 06:00:37] INFO - 0107 | 에이스경영자문그룹 | 장기요양기관에서 기장 및 사무, 사회복지 업무 하셨던 분 | 8시간 전 등록
[2025-07-21 06:00:37] INFO - 0108 | 사랑모아금웅서비스박숙영 | [지점장/설계사 모집] 파격적인 지원/ 법인카드 지급/ 쾌적한 업무환경 | 8시간 전 등록
[2025-07-21 06:00:37] INFO - 0109 | 와이비엠어학원 | YBM어학원 강남센터 토플 전문가 모집 | 8시간 전 등록
[2025-07-21 06:00:38] INFO - 0110 | 삼성영어펜타힐즈어학원 | 영어 선생님 구합니다. | 8시간 전 등록
[2025-07-21 06:00:38] INFO - 0111 | 까사데이밤비니학원 | 5-7세 몬테소리 교사를 모집합니다. | 8시간 전 등록
[2025-07-21 06:00:38] INFO - 0112 | ㈜에이알컴퍼니 | 7호선 논현역 에이알컴퍼니 병원 온라인 마케터 채용(휴게시간90분) | 8시간 전 등록
[2025-07-21 06:00:38] INFO - 0113 | 가다정한의원 | 한의원 간호조무사 구인합니다. | 8시간 전 등록
[2025-07-21 06:00:38] INFO - 0114 | 소울마켓 베이커리 | 코엑스 소울마켓 베이커리 카페에서 바리스타 모집합니다 | 8시간 전 등록
[2025-07-21 06:00:38] INFO - 0115 | 호호브레드 검단신도시점 | 베이커리카페 제빵사 모집 | 8시간 전 등록
[2025-07-21 06:00:39] INFO - 0116 | ㈜제이인터내셔널 | 기업 홍보 및 마케팅 신입/경력직 채용 | 8시간 전 등록
[2025-07-21 06:00:39] INFO - 0117 | 대명메탈㈜ | 현장 안전관리자 구인 | 8시간 전 등록
[2025-07-21 06:00:39] INFO - 0118 | ㈜그린비앤피 | [HK이노엔] 판교연구소 안내데스크 사원 모집 | 8시간 전 등록
[2025-07-21 06:00:39] INFO - 0119 | 묘수신당 | 서울 중구(신당역) 스시오마카세 카운터 셰프 & 보조셰프 구인합니다 | 8시간 전 등록
[2025-07-21 06:00:39] INFO - 0120 | 오커쇼어 | 경복궁역 베이커리 오커쇼어에서 단기간 파트타이머를 구합니다. | 8시간 전 등록
[2025-07-21 06:00:39] INFO - 0121 | ㈜위즈아이앤씨 | [판교] 삼성전자 MES S-MMAS 시스템 운영 ( C# / SM ) | 8시간 전 등록
[2025-07-21 06:00:39] INFO - 0122 | ㈜위즈아이앤씨 | [상암] 우리은행 연계 시스템 구축 ( JAVA ) | 8시간 전 등록
[2025-07-21 06:00:40] INFO - 0123 | ㈜위즈아이앤씨 | (기흥) HL홀딩스 데이터센터 서버 운영 모집 건 | 8시간 전 등록
[2025-07-21 06:00:40] INFO - 0124 | 제주상회 | [재택근무 코인 전문가 채용] 편집 가능한 코인 유튜버 모집 ((DB 수집)) | 8시간 전 등록
[2025-07-21 06:00:40] INFO - 0125 | 죽백화 커피클럽 | 카페 바리스타 직원 채용 | 8시간 전 등록
[2025-07-21 06:00:40] INFO - 0126 | 석촌한의원 | 신규 오픈 한의원에서 간호조무사를 모십니다. | 9시간 전 등록
[2025-07-21 06:00:40] INFO - 0127 | 브레드판다(BREAD PAN | 제과제빵 기술자모집 | 9시간 전 등록
[2025-07-21 06:00:40] INFO - 0128 | 멍투게더 | [강아지 유치원] 강남 멍투게더 강아지 유치원 선생님 모셔요 | 9시간 전 등록
[2025-07-21 06:00:41] INFO - 0129 | 엘리 피부과 의원 | 수지 성복역 엘리피부과의원 피부관리사 구인합니다 (경력 우대, 야간 X) | 9시간 전 등록
[2025-07-21 06:00:41] INFO - 0130 | 정직복덕방 공인중개사사무소 | [청주부동산]소속공인중개사/중개보조원(실장) 모집. 경력무관 초보 환영. | 9시간 전 등록
[2025-07-21 06:00:41] INFO - 0131 | 메이도우 | [송도역 인근] 월,금 카페 파트타임 알바 | 9시간 전 등록
[2025-07-21 06:00:41] INFO - 0132 | 예술상자 | [연극공연 및 뮤지컬] 기획 및 마케팅팀 팀원을 모집합니다 | 9시간 전 등록
[2025-07-21 06:00:41] INFO - 0133 | 월디잉글리쉬센터 | 재미있는 수업과 진정성을 갖춘 기초회화 강사 | 9시간 전 등록
[2025-07-21 06:00:41] INFO - 0134 | 인베이더스쿨㈜ | [연봉 4200] 인베이더스쿨 CRM 마케터 채용 | 9시간 전 등록
[2025-07-21 06:00:41] INFO - 0135 | 주식회사두영에이앤씨 | 에어컨 배관자재를 생산하는 회사로서,생산직을 구인하고자 합니다. | 9시간 전 등록
[2025-07-21 06:00:42] INFO - 0136 | 하쿠시 | 하쿠시 - 조리사 구인 | 9시간 전 등록
[2025-07-21 06:00:42] INFO - 0137 | ㈜장터도매식자재 | 식자재마트 경리 경력직 구인합니다. | 9시간 전 등록
[2025-07-21 06:00:42] INFO - 0138 | ㈜스타문 | 전기차 완속충전기 설치 관련 직원 채용 | 9시간 전 등록
[2025-07-21 06:00:42] INFO - 0139 | 에이아이조이테크놀로지 유한회사(AI | 인사총무 업무(경력) | 9시간 전 등록
[2025-07-21 06:00:42] INFO - 0140 | ㈜에너지온 | 태양광 설계.공무 직원모집 | 9시간 전 등록
[2025-07-21 06:00:42] INFO - 0141 | 상두그레이 | 김포시 `상두그레이`에서 바리스타 팀원을 구합니다. | 9시간 전 등록
[2025-07-21 06:00:43] INFO - 0142 | ㈜라임그라스 | [대형 카페] 라임그라스 그래픽 디자이너 모집[홍보물 제작] | 9시간 전 등록
[2025-07-21 06:00:43] INFO - 0143 | ㈜건영수산 | 냉동식품 영업팀 직원 모집합니다(주5일/탑차지원가능) | 9시간 전 등록
[2025-07-21 06:00:43] INFO - 0144 | ㈜에이엔에이치코리아 | Microsoft Power BI 분석/PM | 9시간 전 등록
[2025-07-21 06:00:43] INFO - 0145 | ㈜에이엔에이치코리아 | IT 솔루션 마케팅/홍보 | 9시간 전 등록
[2025-07-21 06:00:43] INFO - 0146 | 기아카클리닉덕풍점 | 기아 오토큐 덕풍점 - 자동차 정비 및 AS 서비스 경력직 모집 | 9시간 전 등록
[2025-07-21 06:00:43] INFO - 0147 | ㈜에이엔에이치코리아 | Power BI 개발자 | 9시간 전 등록
[2025-07-21 06:00:43] INFO - 0148 | ㈜에이엔에이치코리아 | 마이크로소프트 ERP 개발 채용 | 9시간 전 등록
[2025-07-21 06:00:44] INFO - 0149 | 투앤드 | 인테리어 설계 및 시공 디자이너를 구합니다. | 9시간 전 등록
[2025-07-21 06:00:44] INFO - 0150 | ㈜벙커컴퍼니 압구정점 | [바리스타] (주)벙커컴퍼니 압구정점에서 새로운 스탭을 모집합니다. | 9시간 전 등록
[2025-07-21 06:00:44] INFO - ⏱ 3.41초 대기
[2025-07-21 06:00:48] INFO - 
📄 현재 페이지: 4
[2025-07-21 06:00:48] INFO - 0151 | 모바이오 일산점 | 일산 모바이오 정규직 두피관리사 주5일 연차 12개 기본급 240부터 | 9시간 전 등록
[2025-07-21 06:00:48] INFO - 0152 | 진평925 | 에이스외식산업 채용] 진평925 홀 서버 채용중 | 9시간 전 등록
[2025-07-21 06:00:48] INFO - 0153 | 명동양과 | 명동양과에서 파티쉐를 모집합니다 | 9시간 전 등록
[2025-07-21 06:00:48] INFO - 0154 | 에듀플러스㈜ | 에듀플러스(주) 국비지원 교육상담 & 학습관리 담당자 채용 | 9시간 전 등록
[2025-07-21 06:00:49] INFO - 0155 | 플로키코리아 | 플로키코리아 물류창고관리 및 포장 담당자 모집 | 9시간 전 등록
[2025-07-21 06:00:49] INFO - 0156 | 메이린의원 | 메이린의원 더현대서울점에서 간호조무사2명을 채용합니다. | 9시간 전 등록
[2025-07-21 06:00:49] INFO - 0157 | 에듀진 | [교육회사] 25년 8월 사무직 신입직원 모집(학/경력 무관) | 9시간 전 등록
[2025-07-21 06:00:49] INFO - 0158 | 메이린의원 | 메이린의원 더현대서울점에서 피부관리사1명을 채용합니다. | 9시간 전 등록
[2025-07-21 06:00:49] INFO - 0159 | ㈜베스시프트 | [노원/제과제빵] 에그타르트 전문 생산 책임자 모집(주말휴무) | 9시간 전 등록
[2025-07-21 06:00:49] INFO - 0160 | 한국호텔리어협회 | 특급호텔&골프장호텔 호텔리어 정규직/ | 10시간 전 등록
[2025-07-21 06:00:49] INFO - 0161 | 한국호텔리어협회 | 특급호텔 정규직 (호텔리어, 프론트, 객실, 연회부, 식음료/레저) | 10시간 전 등록
[2025-07-21 06:00:50] INFO - 0162 | 인카금융서비스㈜ | [코스닥상장GA] 인카다이렉트-VFC 소율본사 계약관리부서 총무님 모집 | 10시간 전 등록
[2025-07-21 06:00:50] INFO - 0163 | 한국호텔리어협회 | 특급관광호텔&골프장호텔 정규직/ | 10시간 전 등록
[2025-07-21 06:00:50] INFO - 0164 | 비켈드 | 용산 이탈리아 레스토랑 viqueld 주방직원 모집합니다 | 10시간 전 등록
[2025-07-21 06:00:50] INFO - 0165 | 윤앤최오토테크 | 실험실 소모품 납품, 거래처 관리, 신입직원채용 | 10시간 전 등록
[2025-07-21 06:00:50] INFO - 0166 | 윤앤최오토테크 | 실험실 소모품 총무직 신입 사원 모집 | 10시간 전 등록
[2025-07-21 06:00:50] INFO - 0167 | 해례커피 | 해례커피 현대백화점 판교점 베이커리 단순 업무 근무자를 모집합니다. | 10시간 전 등록
[2025-07-21 06:00:51] INFO - 0168 | 해례커피 | 해례커피 현대백화점 판교점 바리스타(단기) 모집합니다. | 10시간 전 등록
[2025-07-21 06:00:51] INFO - 0169 | 홍대구루메&텐큐 | 홍대구루메 주방, 홀서빙 알바, 5,6일 정직원 구합니다. | 10시간 전 등록
[2025-07-21 06:00:51] INFO - 0170 | 홍대구루메 | 홍대구루메 주방,홀 주5,6일 정직원 구합니다 | 10시간 전 등록
[2025-07-21 06:00:51] INFO - 0171 | 수원영통체형교정 본밸런스 | 체형교정 센터 [본밸런스 영통점] 재활 트레이너 구인합니다. | 10시간 전 등록
[2025-07-21 06:00:51] INFO - 0172 | 니드펫 | 반려동물용품 거래처 납품 및 관리 사원 모집(신입,경력직) | 10시간 전 등록
[2025-07-21 06:00:51] INFO - 0173 | 경희든든한의원 | 주 4.5일 근무, 경희든든한의원(정릉시장)에서 간호조무사 선생님 모십니다 | 10시간 전 등록
[2025-07-21 06:00:52] INFO - 0174 | 정관링구아어학원 | 사하괴정,정관신도시에 위치한 영어학원에서 선생님을 채용합니다. | 10시간 전 등록
[2025-07-21 06:00:52] INFO - 0175 | 비421(B421) | 매장을 함께 키워나갈 인재를 찾습니다 | 10시간 전 등록
[2025-07-21 06:00:52] INFO - 0176 | 씨아이에이치 | CIHSHOP 애니/K-POP 매장사원 채용 | 10시간 전 등록
[2025-07-21 06:00:52] INFO - 0177 | ㈜세컨드플랜 | [루비스 Ruby`s] 한남점 주방 정규직 신입/경력 채용 | 10시간 전 등록
[2025-07-21 06:00:52] INFO - 0178 | 원공인중개사 | 부동산중개원모집 전,월세 무보증 프리랜서 같이 일하면서 배우실분 모집중 | 10시간 전 등록
[2025-07-21 06:00:52] INFO - 0179 | 경희든든한의원 | 주 4.5일 근무, 정릉 시장 입구 경희든든한의원 간호조무사 모십니다. | 10시간 전 등록
[2025-07-21 06:00:52] INFO - 0180 | 유한회사 아르온 | 광주 신안동 온유 호텔 3교대 [모닝,주간,야간] 정직원 채용 | 10시간 전 등록
[2025-07-21 06:00:53] INFO - 0181 | 파티나(PATINA) | 이탈리안 레스토랑에서 와인을 배우며 식당 운영을 배워보실 분을 찾습니다 | 10시간 전 등록
[2025-07-21 06:00:53] INFO - 0182 | 파티나(PATINA) | 이탈리안 레스토랑 파티나에서 함께 성장하실 새 맴버를 모집합니다 | 10시간 전 등록
[2025-07-21 06:00:53] INFO - 0183 | 쿠우쿠우 여수점 | 쿠우쿠우 여수점 홀 매니저를 모집합니다. | 10시간 전 등록
[2025-07-21 06:00:53] INFO - 0184 | 주식회사 엔데오 | 포천 명장시대에서 바리스타 홀캐셔 모집합니다. | 10시간 전 등록
[2025-07-21 06:00:53] INFO - 0185 | 내일한방병원 | 내일한방병원 조리사 모집 | 10시간 전 등록
[2025-07-21 06:00:53] INFO - 0186 | ㈜거륜 | - 제목: 부산 `드링클럽` 광안점,해운대점 바리스타 채용 (경력) | 10시간 전 등록
[2025-07-21 06:00:54] INFO - 0187 | ㈜인포플라 | [인포플라] Business Development Manager 채용 | 10시간 전 등록
[2025-07-21 06:00:54] INFO - 0188 | ㈜로쉬코리아 | 오뉴하우스 바리스타 모집 | 10시간 전 등록
[2025-07-21 06:00:54] INFO - 0189 | 의료법인 대산의료재단 동안성병원 | [ 동안성병원 ] 정신병동 간호조무사 채용 공고 (월10일근무/기숙사) | 10시간 전 등록
[2025-07-21 06:00:54] INFO - 0190 | ㈜오벨리베이커리까페 | 베이커리카페 스케줄근무(오픈,마감) | 10시간 전 등록
[2025-07-21 06:00:54] INFO - 0191 | 테이블린 미사현대 1차점 | 프리미엄 중식당 -테이블린- 과 함께 할 평일 아르바이트를 기다립니다. | 11시간 전 등록
[2025-07-21 06:00:54] INFO - 0192 | ㈜정정당당 | 피자 매니저 구인 (피자 배우실 분) | 11시간 전 등록
[2025-07-21 06:00:54] INFO - 0193 | ㈜정정당당 | [서울/인천/경기 지역] 영업지원팀 홀 매니저 구인 | 11시간 전 등록
[2025-07-21 06:00:55] INFO - 0194 | 베이크오프 | 유럽빵전문 베이크오프에서 바리스타 매장 팀원 모집합니다 | 11시간 전 등록
[2025-07-21 06:00:55] INFO - 0195 | 플랜비커피로스터즈 | 플랜비커피로스터즈 바리스타팀장 채용 | 11시간 전 등록
[2025-07-21 06:00:55] INFO - 0196 | ㈜키디에스 | 블로그, SNS 작성 마케팅, 스토어 관리 등 회사 홍보 관련 업무 | 11시간 전 등록
[2025-07-21 06:00:55] INFO - 0197 | 오프온 | 해운대 브런치 카페 매니저 모집 | 11시간 전 등록
[2025-07-21 06:00:55] INFO - 0198 | 세무법인위더스 경기북부지점 | (일산)세무사사무실에서 7년이상 경력직 직원을 구합니다. | 11시간 전 등록
[2025-07-21 06:00:55] INFO - 0199 | ㈜공실노노부동산중개법인 | 공실노노부동산과 함께 할 부동산중개 전문 인재를 모집합니다. | 11시간 전 등록
[2025-07-21 06:00:56] INFO - 0200 | 비에프(BF)노동법률사무소 | [노무법인] 고객사 급여아웃소싱(노무법인 1년이상, 연봉 4800) | 11시간 전 등록
[2025-07-21 06:00:56] INFO - ⏱ 1.69초 대기
[2025-07-21 06:00:58] INFO - 
📄 현재 페이지: 5
[2025-07-21 06:00:58] INFO - 0201 | ㈜보이스루 | [totus/카카오계열사]웹툰 한국어TO 프랑스어 번역 프리랜서 모집 | 11시간 전 등록
[2025-07-21 06:00:58] INFO - 0202 | 트라어학원 | [트라어학원]중등부 부원장 채용 | 11시간 전 등록
[2025-07-21 06:00:58] INFO - 0203 | 잉리글로벌에듀케이션 | EnRe Library 영어 도서관 파트타임 선생님 (의왕) | 11시간 전 등록
[2025-07-21 06:00:58] INFO - 0204 | 잉리글로벌에듀케이션 | EnRe Library 영어 도서관 파트타임 선생님 토요일 (의왕) | 11시간 전 등록
[2025-07-21 06:00:58] INFO - 0205 | 듀오컴 | 편집 디자이너를 모십니다. / 인디자인, 포토샵, 일러스트외 | 11시간 전 등록
[2025-07-21 06:00:59] INFO - 0206 | ㈜크리비즈 | 집가까운 수원에서..기프트/기념품/상품소싱/B2B영업및고객관리/온라인MD/ | 11시간 전 등록
[2025-07-21 06:00:59] INFO - 0207 | ㈜허머스키친파르나스몰점 | 허머스키친 홀 정직원 모집합니다. | 11시간 전 등록
[2025-07-21 06:00:59] INFO - 0208 | 커피빈 이태원몬드리안호텔점 | 커피빈코리아 용산/이태원 지역 8H 슈퍼바이저 채용 | 11시간 전 등록
[2025-07-21 06:00:59] INFO - 0209 | 느린마을양조장 부산해운대센텀점 | 느린마을양조장 부산해운대센텀점 홀파트 근무자 모집 | 11시간 전 등록
[2025-07-21 06:00:59] INFO - 0210 | 현대그린푸드 | 현대그린푸드 더현대대구 푸드코트 신입 조리사 모집 | 11시간 전 등록
[2025-07-21 06:00:59] INFO - 0211 | 바오밥 매트 | 층간소음매트시공 견습생모집 | 11시간 전 등록
[2025-07-21 06:01:00] INFO - 0212 | 라이언베이커 | [라이언베이커 LION BAKER] 제빵사 팀원 채용 공고 | 11시간 전 등록
[2025-07-21 06:01:00] INFO - 0213 | 음악은맑음 | 피아노 성악 렛슨선생님 모집 | 11시간 전 등록
[2025-07-21 06:01:00] INFO - 0214 | ㈜차이들 | 논현/잠원 캐주얼 중식당 차이들 주방 직원 모집합니다 | 11시간 전 등록
[2025-07-21 06:01:00] INFO - 0215 | 찰찰보리식빵 | 찰찰보리식빵암사점에서직원구합니다 | 11시간 전 등록
[2025-07-21 06:01:00] INFO - 0216 | 스시전 대구점 | [스시전 대구점] 헤드셰프님 채용합니다. | 11시간 전 등록
[2025-07-21 06:01:00] INFO - 0217 | ㈜베이크플러스 | [SAVENCIA] 구매팀 Purchasing Specialist 경력사원 채용 | 11시간 전 등록
[2025-07-21 06:01:01] INFO - 0218 | 광신자동차공업사 | 광주 북구 하체부 반장급 정비사님 모집 | 11시간 전 등록
[2025-07-21 06:01:01] INFO - 0219 | 더리본㈜더파티센텀 | 더파티센텀점 조리부에서 일할 직원을 모습합니다. | 12시간 전 등록
[2025-07-21 06:01:01] INFO - 0220 | 명당양과신시가지점 | 명당양과본점 제빵 제과 신입 모집합니다. | 12시간 전 등록
[2025-07-21 06:01:01] INFO - 0221 | 테스(TES) | 테스:인테리어 현장감리 디자이너 채용 모집 | 12시간 전 등록
[2025-07-21 06:01:01] INFO - 0222 | 이제이글로벌 | (제주) 의료기기 병원 영업 신입/경력 채용 | 12시간 전 등록
[2025-07-21 06:01:01] INFO - 0223 | 리메세㈜ | [투자유치 완료] 다양하고 새로운 글로벌팀 인재모집 | 12시간 전 등록
[2025-07-21 06:01:01] INFO - 0224 | 일락커피/illac coffee | 111LAC 일일일락 카페 바리스타, 아르바이트 모집 | 12시간 전 등록
[2025-07-21 06:01:02] INFO - 0225 | 정초밥 | 봉선동 정초밥 입니다 주방직원 모집합니다. | 12시간 전 등록
[2025-07-21 06:01:02] INFO - 0226 | ㈜모드파티 | [프리/경력] 퍼스널 스타일리스트, 일반인 토탈스타일링 진행해주실 분 | 12시간 전 등록
[2025-07-21 06:01:02] INFO - 0227 | 제트엑스벤쳐스㈜ | [ OB맥주 ] 강남역 구스아일랜드 FOH Manager 채용 - 주5일 8시간 | 12시간 전 등록
[2025-07-21 06:01:02] INFO - 0228 | 대성물산 | 영업사원및지게차운전사 | 12시간 전 등록
[2025-07-21 06:01:02] INFO - 0229 | ㈜렌탈페이 | ㈜렌탈페이에서 이커머스 웹디자이너 경력직원 채용 | 12시간 전 등록
[2025-07-21 06:01:02] INFO - 0230 | ㈜렌탈페이 | ㈜렌탈페이에서 프론트엔드 개발자 경력직 모집 합니다 | 12시간 전 등록
[2025-07-21 06:01:03] INFO - 0231 | 쿠팡 주식회사 | [쿠팡풀필먼트서비스] 물류센터 운영관리자 - 인천 | 12시간 전 등록
[2025-07-21 06:01:03] INFO - 0232 | ㈜비오엔 | [비오엔] 고도몰 기반 독립쇼핑몰 & 커뮤니티 기능 개발자 모집 | 12시간 전 등록
[2025-07-21 06:01:03] INFO - 0233 | 스페이스먼트 | AI기업 풀스택 개발자 채용 | 12시간 전 등록
[2025-07-21 06:01:03] INFO - 0234 | 일러스타㈜ | 경리 사무보조 신입 채용 공고 | 12시간 전 등록
[2025-07-21 06:01:03] INFO - 0235 | ㈜트리쉐이드 | 국대한우 온라인 쇼핑몰 정규직 AMD,MD모집 | 12시간 전 등록
[2025-07-21 06:01:03] INFO - 0236 | ㈜엘리지에 | 뷰티 브랜드 디자이너 (신입) | 12시간 전 등록
[2025-07-21 06:01:03] INFO - 0237 | 애니스튜디오 노원 도봉점 | 애니스튜디오 노원도봉점 확장으로 인한 메이크업 실장님 충원 합니다. | 12시간 전 등록
[2025-07-21 06:01:04] INFO - 0238 | ㈜헬로우코리안 | 글로벌 한국어 교육을 함께할 온라인 한국어 교사 채용 | 12시간 전 등록
[2025-07-21 06:01:04] INFO - 0239 | 르이데아호텔 | 르이데아호텔 야간근무자 채용(19-09시 격일근무) | 12시간 전 등록
[2025-07-21 06:01:04] INFO - 0240 | 화이트오페라 | 인천 청라 화이트오페라 생산직(제빵제과) 사원 모집 | 12시간 전 등록
[2025-07-21 06:01:04] INFO - 0241 | 케이에프앤에스㈜ | [서울 강서 김포공항] 병원 시설관리(FM) 시설소장님 모집 | 12시간 전 등록
[2025-07-21 06:01:04] INFO - 0242 | 유앤아이의원 안양점 | 유앤아이의원 안양점 상담실장 모집 / 주 4일 /기본급/정착지원금/인센티브 | 12시간 전 등록
[2025-07-21 06:01:04] INFO - 0243 | 듀이디의원 | [신사역] 상담실장, 코디팀, 간호팀, 피부팀 인원 충원 모집 | 12시간 전 등록
[2025-07-21 06:01:04] INFO - 0244 | ㈜지네이션 | [양재]이탈리안 레스토랑`브리즈`홀직원(주5일근무/일요일휴무보장) | 12시간 전 등록
[2025-07-21 06:01:05] INFO - 0245 | ㈜이세큐 | 이마트 트레이더스 송림점 무빙 알바 모집 | 12시간 전 등록
[2025-07-21 06:01:05] INFO - 0246 | 현대과천대로판매대리점 | 자동차 신차 영업담당 카마스터 모집 | 12시간 전 등록
[2025-07-21 06:01:05] INFO - 0247 | 키트넷 | 판교 삼성 Java Nexacro ,C# 운영 모집 | 12시간 전 등록
[2025-07-21 06:01:05] INFO - 0248 | 중앙하이텔㈜ | 삼성반도체(기흥 / 화성 캠퍼스) OA/LAN 유지보수 채용 | 12시간 전 등록
[2025-07-21 06:01:05] INFO - 0249 | ㈜헬로우코리안 | 한국어 교육 콘텐츠 PD 채용 (Content Creator/Editor) | 12시간 전 등록
[2025-07-21 06:01:05] INFO - 0250 | 쿠팡풀필먼트서비스 유한회사 | [쿠팡CFS] 부천2신선센터 재고조사 ICQA Team Captain 정규직 채용 | 12시간 전 등록
[2025-07-21 06:01:05] INFO - ✅ 5페이지마다 CSV 저장 완료 (총 250건)
[2025-07-21 06:01:05] INFO - ⏱ 2.66초 대기
[2025-07-21 06:01:08] INFO - 
📄 현재 페이지: 6
[2025-07-21 06:01:09] INFO - 0251 | 한진택배 대덕북영업소 | 대전 대덕구에서 근무하실 배송기사님을 모십니다. | 12시간 전 등록
[2025-07-21 06:01:09] INFO - 0252 | ㈜라이온로보틱스 | 능력, 인성 보유한 로봇 소프트웨어 개발 전문 인재 채용(대전 근무) | 13시간 전 등록
[2025-07-21 06:01:09] INFO - 0253 | 티에스애드(TsAd) | 바이럴마케팅 실무 및 사무보조 신입 채용공고 | 13시간 전 등록
[2025-07-21 06:01:09] INFO - 0254 | 대림관광호텔(테크닉스대전지점) | 대전 베니키아 호텔 대림 프론트 클락모집 | 13시간 전 등록
[2025-07-21 06:01:09] INFO - 0255 | 해태산업 | 라도무스 아트센터 드레스실 주말 아르바이트 모집 | 13시간 전 등록
[2025-07-21 06:01:10] INFO - 0256 | 서현레이저 | 용접기술직원 모집 | 13시간 전 등록
[2025-07-21 06:01:10] INFO - 0257 | ㈜네비팜텍 | 의약품 연구원 채용 - 의약품 연구개발 전문기업, 네비팜텍 | 13시간 전 등록
[2025-07-21 06:01:10] INFO - 0258 | 이인섭안과의원 | [이인섭안과] 임상병리사 채용 | 13시간 전 등록
[2025-07-21 06:01:10] INFO - 0259 | ㈜크로스이엔지 | UPS 설치 및 유지보수 채용공고 | 13시간 전 등록
[2025-07-21 06:01:10] INFO - 0260 | 해태산업 | 라도무스웨딩홀) 혼주메이크업실 남자헤어메이크업 경력자채용 | 13시간 전 등록
[2025-07-21 06:01:10] INFO - 0261 | ㈜클릭브랜즈(Klick Brands Inc.) | [클릭브랜즈] 뷰티 브랜드 디자이너 | 13시간 전 등록
[2025-07-21 06:01:11] INFO - 0262 | ㈜운산네트웍스 | 퀵오일 오일교환 전문점 (연평균 5,000) | 13시간 전 등록
[2025-07-21 06:01:11] INFO - 0263 | 모노리스제주파크㈜ | [제주 9.81파크] 무동력 레이싱 차량(Gravity Racer) 정비직 경력 채용 | 13시간 전 등록
[2025-07-21 06:01:11] INFO - 0264 | 모노리스제주파크㈜ | [제주 9.81파크] 브랜드스토어 SPACECUP 판매직 채용 | 13시간 전 등록
[2025-07-21 06:01:11] INFO - 0265 | 하이모안동지점 | 하이모 안동지점 헤어 디자이너 채용 공고 | 13시간 전 등록
[2025-07-21 06:01:11] INFO - 0266 | ㈜신명 써비스 | [메가마트 동래점] 시설팀 소장님 모집합니다. | 13시간 전 등록
[2025-07-21 06:01:11] INFO - 0267 | 닥터에버스의원 | [닥터에버스 송도/업계최고] 피부관리사 선생님을 모십니다 (주 4가능) | 13시간 전 등록
[2025-07-21 06:01:12] INFO - 0268 | ㈜후스후무무 | 후스후무무 베이커리 홀 주말 마감 파트타이머 공고 | 13시간 전 등록
[2025-07-21 06:01:12] INFO - 0269 | 닥터에버스의원 | [닥터에버스 송도/업계최고] 간호조무사 선생님을 모십니다 (주4 가능) | 13시간 전 등록
[2025-07-21 06:01:12] INFO - 0270 | ㈜에버라인 | [에버라인] 경영지원부(재무/회계/세무 등) 팀원 채용 | 13시간 전 등록
[2025-07-21 06:01:12] INFO - 0271 | ㈜성원푸드 | [부산 해운대 반여동 성원푸드 ]식자재 납품직원 모집 | 13시간 전 등록
[2025-07-21 06:01:12] INFO - 0272 | 주식회사 더랜치브루잉 을지로3가점(맥주덕후) | `THE RANCH BREWING` 을지로 BoH 도우메이커 모집 | 13시간 전 등록
[2025-07-21 06:01:12] INFO - 0273 | 제이제이로지스틱스㈜ | JJLOGISTICS 이천 설성 쿠팡 보충 물류 센터 사원(주임) 채용 | 13시간 전 등록
[2025-07-21 06:01:12] INFO - 0274 | 마고플레인 비스타 | 마고플레인비스타 제빵사 모집 | 13시간 전 등록
[2025-07-21 06:01:13] INFO - 0275 | 제이제이로지스틱스㈜ | JJLOGISTICS㈜ 서울 강동지사 잡매니저(사무직/주임급) 신규/경력자 채용 | 13시간 전 등록
[2025-07-21 06:01:13] INFO - 0276 | 인트로맨㈜ | [시청역/고려해운/평일] 서류접수 및 발급 / 수납 및 입금정리 | 13시간 전 등록
[2025-07-21 06:01:13] INFO - 0277 | ㈜투웨이컴(ToWayCom,.Ltd) | 월300만 현대,기아,외제차 자동차용품 포장,자재관리 담당자 모집 | 13시간 전 등록
[2025-07-21 06:01:13] INFO - 0278 | 단위 | 단위 지기 채용(생산관리 팀장) | 13시간 전 등록
[2025-07-21 06:01:13] INFO - 0279 | 터한의원 분당점 | 주 4일, 37시간, 2,700) 미금역 한의원 데스크 선생님을 모십니다 | 13시간 전 등록
[2025-07-21 06:01:13] INFO - 0280 | 주식회사 사이먼스테이크 | [사이먼스테이크 삼산동] 정직원(신입,경력직) 모집 | 13시간 전 등록
[2025-07-21 06:01:14] INFO - 0281 | 오앤아이 | 자금 컨설팅 아웃바운드 스케줄 TM 사원 모집 | 13시간 전 등록
[2025-07-21 06:01:14] INFO - 0282 | (주)새미쥬얼리 | 쥬얼리업체에서 함께 성장할 인재를 모십니다. | 13시간 전 등록
[2025-07-21 06:01:14] INFO - 0283 | ㈜스타에이치알 | 외국어활용/알리페이/위챗페이/텍스리펀드/본사사무 | 14시간 전 등록
[2025-07-21 06:01:14] INFO - 0284 | 샌마르 | 샌마르피자 팀원 채용 | 14시간 전 등록
[2025-07-21 06:01:14] INFO - 0285 | ㈜하이비코리아 | 온라인 쇼핑몰 운영관리 팀장 포지션 | 14시간 전 등록
[2025-07-21 06:01:14] INFO - 0286 | 무니버니 | [무니버니]온라인 MD 채용 | 14시간 전 등록
[2025-07-21 06:01:14] INFO - 0287 | ㈜아테페(A.T.P. Co., Ltd.) | [아테페/압구정] 조리 스태프 채용 - 요리를 사랑하는 당신을 기다립니다 | 14시간 전 등록
[2025-07-21 06:01:15] INFO - 0288 | ㈜제노코 | (주) 제노코 형상관리팀 인원 채용-상장사 | 14시간 전 등록
[2025-07-21 06:01:15] INFO - 0289 | ㈜위스키내비 | 일러스트레이터 & 아트디렉팅 업무자 구인 | 14시간 전 등록
[2025-07-21 06:01:15] INFO - 0290 | 청하고려인삼㈜ | 사후면세점 정규직 계산원 채용 | 14시간 전 등록
[2025-07-21 06:01:15] INFO - 0291 | ㈜더스콜라스 | 영국/미국/국제학교 교육과정 전 과목 강사 모집 | 14시간 전 등록
[2025-07-21 06:01:15] INFO - 0292 | 로웨이 | 남성의류 쇼핑몰 피팅모델 / 사진 촬영 / 초보자도 가능 / 포토그래퍼 | 14시간 전 등록
[2025-07-21 06:01:15] INFO - 0293 | 허브아일랜드 영농조합법인 | [허브아일랜드] 레스토랑 홀서버 모집 | 14시간 전 등록
[2025-07-21 06:01:15] INFO - 0294 | ㈜스타에이치알 | 중국어활용/신입가능/김해공항경험쌓기/텍스리펀드 | 14시간 전 등록
[2025-07-21 06:01:16] INFO - 0295 | ㈜헤비스테이크 여의도점 | (주)헤비스테이크 여의도점 주5일 직원 채용(신입/경력) | 14시간 전 등록
[2025-07-21 06:01:16] INFO - 0296 | 티에스오토㈜ | 천안 캐딜락서비스센터 리셉션 채용 | 14시간 전 등록
[2025-07-21 06:01:16] INFO - 0297 | 티에스오토㈜ | 천안캐딜락서비스센터 리셉션 채용 | 14시간 전 등록
[2025-07-21 06:01:16] INFO - 0298 | ㈜스타에이치알 | (신입환영/레미콘운전원/김포공장/식사제공) | 14시간 전 등록
[2025-07-21 06:01:16] INFO - 0299 | ㈜스타에이치알 | 코오롱/아우디전시장리셉션/하남스타필드지점/1년후소속전환 | 14시간 전 등록
[2025-07-21 06:01:16] INFO - 0300 | ㈜아이피시 | [연세의료원/신입/환영] 신촌세브란스 중앙멸균파트 업무 사원 모집 | 14시간 전 등록
[2025-07-21 06:01:16] INFO - ⏱ 2.54초 대기
[2025-07-21 06:01:19] INFO - 
📄 현재 페이지: 7
[2025-07-21 06:01:20] INFO - 0301 | ㈜오아이 | 생성형AI기반 영상 제작 담당자 모집 | 14시간 전 등록
[2025-07-21 06:01:20] INFO - 0302 | 영우유통 | 무인매장 납품사원모집 (초보자환영) | 14시간 전 등록
[2025-07-21 06:01:20] INFO - 0303 | 다이닝늘 홍대점 | 다이닝늘 홍대점에서 (사원급, 주임급) 쉐프님 모십니다 | 14시간 전 등록
[2025-07-21 06:01:20] INFO - 0304 | 오프너(opener) | [오프너] 해외 디자이너 브랜드 편집샵 매장스태프 모집 | 14시간 전 등록
[2025-07-21 06:01:20] INFO - 0305 | ㈜결 | 일자리 매칭 AI 비서, 풀스택 개발자 채용 | 14시간 전 등록
[2025-07-21 06:01:20] INFO - 0306 | ㈜현에프앤비 | 용인 대형카페 SETT 바리스타 정직원 및 파트타이머 모집 | 14시간 전 등록
[2025-07-21 06:01:21] INFO - 0307 | 내추럴하이 | 내추럴하이 [홀] 파트타이머 모집 | 14시간 전 등록
[2025-07-21 06:01:21] INFO - 0308 | 21그램그룹 | [21그램 반려동물 장례식장]반려동물 장례 인바운드CS·CX Manager. | 14시간 전 등록
[2025-07-21 06:01:21] INFO - 0309 | ㈜커넥텀엑스 하늘교육 | 안산/시흥 전과목 과외식 방문교사 | 14시간 전 등록
[2025-07-21 06:01:21] INFO - 0310 | 벅벅 이태원점 | 수제버거 벅벅 정직원채용 | 15시간 전 등록
[2025-07-21 06:01:21] INFO - 0311 | 내가 찾는 사진관 | 베이비 스튜디오 촬영 구인 | 15시간 전 등록
[2025-07-21 06:01:21] INFO - 0312 | 한국호텔리어협회 | 특급관광호텔&골프장호텔 부문별 채용 (호텔리어, 프론트, 식음료, 조리사 | 15시간 전 등록
[2025-07-21 06:01:21] INFO - 0313 | 한국호텔리어협회 | 특급호텔&골프장호텔 호텔리어 정규직 | 15시간 전 등록
[2025-07-21 06:01:22] INFO - 0314 | 24시인천이음동물의료센터 | [24시인천이음동물의료센터] 매니저 모집합니다. | 15시간 전 등록
[2025-07-21 06:01:22] INFO - 0315 | ㈜고래사 | [신입/경력] 고래사어묵 신세계백화점 대구점 정직원 채용 | 15시간 전 등록
[2025-07-21 06:01:22] INFO - 0316 | 미래로지스 | 물류회사 배차및 업체관리 사무원 채용 | 15시간 전 등록
[2025-07-21 06:01:22] INFO - 0317 | ㈜와이투에스 모터스 | 인천구월동 용품점에서 셀프카 기사를 구합니다. | 15시간 전 등록
[2025-07-21 06:01:22] INFO - 0318 | ㈜코리아탤리서비스 | 인천항 수.출입 화물 검수 사무직 채용 공고 | 15시간 전 등록
[2025-07-21 06:01:22] INFO - 0319 | ㈜다미누리아이티 | SM. 강남 00생명 시스템 운영 업무 | 15시간 전 등록
[2025-07-21 06:01:22] INFO - 0320 | 영우디비에스㈜ | PLC 프로그램 개발자(미쯔비시, 옴론, 지멘스) 해외근무 구인 | 15시간 전 등록
[2025-07-21 06:01:23] INFO - 0321 | 미래홀딩스㈜ | [평촌서울나우병원] 마케팅 경력직 채용 (전략기획·광고·행사) | 15시간 전 등록
[2025-07-21 06:01:23] INFO - 0322 | 신도청안경백화점 | 2025 하반기 아이프로젝트 채용공고 / 취업축하금 지급 | 15시간 전 등록
[2025-07-21 06:01:23] INFO - 0323 | 글로시드코리아 | [글로시드코리아] E-Business 유통 벤더사 B2B, B2C 영업 MD 채용 | 15시간 전 등록
[2025-07-21 06:01:23] INFO - 0324 | 아이프로젝트안경 안동점 | 2025 하반기 아이프로젝트 채용공고 / 취업축하금 지급 | 15시간 전 등록
[2025-07-21 06:01:23] INFO - 0325 | ㈜알에이엠씨 | 로얄동물메디컬센터 야간근무 동물보건사(수의테크니션) 모집 | 15시간 전 등록
[2025-07-21 06:01:23] INFO - 0326 | 아이프로젝트안경 구미확장단지점 | 2025 하반기 아이프로젝트 채용공고 / 취업 축하금 지급 | 15시간 전 등록
[2025-07-21 06:01:23] INFO - 0327 | 케이엘이에스 | 인도네시아 파견 설비 유지보수 전문가 모집 | 15시간 전 등록
[2025-07-21 06:01:24] INFO - 0328 | 제이아이앤씨 | [프리랜서] 의류 숏폼 영상 제작자 | 15시간 전 등록
[2025-07-21 06:01:24] INFO - 0329 | 휴대폰 두정점 | 휴대폰판매사원모집/월400가능 천안아산 기업형 통신매장 아직 모르세요 | 15시간 전 등록
[2025-07-21 06:01:24] INFO - 0330 | 어질인 | 어질인 바리스타를 모십니다 | 15시간 전 등록
[2025-07-21 06:01:24] INFO - 0331 | 대운월드와이드㈜도토리 | [도토리 로스터스] 경력 바리스타 채용 | 15시간 전 등록
[2025-07-21 06:01:24] INFO - 0332 | (주)벽제알앤에프 | 벽제갈비 더청담 그릴러(영업부) 오후타임가능, | 15시간 전 등록
[2025-07-21 06:01:24] INFO - 0333 | 오디하이텍㈜ | 기술영업 터치모니터 | 15시간 전 등록
[2025-07-21 06:01:25] INFO - 0334 | 아이 프로젝트(EYE PROJECT) 기업도시점 | 2025 하반기 아이프로젝트 채용공고 / 취업축하금 지급 | 15시간 전 등록
[2025-07-21 06:01:25] INFO - 0335 | ㈜더마크 | [부동산개발업] 회계/세무/경영지원/경리 정규직원 모집 [경력] | 15시간 전 등록
[2025-07-21 06:01:25] INFO - 0336 | 앨리브라이덜 | 웨딩 토탈샵 상담업무(웨딩플래너) 팀장급 구합니다 | 15시간 전 등록
[2025-07-21 06:01:25] INFO - 0337 | 풀무원식품㈜ | 외동(부산방향)휴게소 조리 부실장 채용공고 | 15시간 전 등록
[2025-07-21 06:01:25] INFO - 0338 | (유)에이치엔비 | 퍼니스 Cafe&Lounge 주방 조리사 모집합니다. | 15시간 전 등록
[2025-07-21 06:01:25] INFO - 0339 | ㈜주빈엔지니어링 | 물리탐사 (GPR탐사) 및 지질,지반조사 분야 직원 채용 공고 | 15시간 전 등록
[2025-07-21 06:01:25] INFO - 0340 | 강서구립등빛도서관 | (서울)(주말)강서구립등빛도서관 시간제근로자(초단시간) 채용 공고 | 15시간 전 등록
[2025-07-21 06:01:26] INFO - 0341 | 디에이치 퍼스티어 아이파크 생활지원센터 | 디에이치퍼스티어아이파크 [커뮤니티센터] 운영주임 구인 | 15시간 전 등록
[2025-07-21 06:01:26] INFO - 0342 | 웰킨두피 미금점 | 웰킨두피탈모센터(분당미금점) 두피관리 신입직원/경력직원/경력 상담팀장 | 15시간 전 등록
[2025-07-21 06:01:26] INFO - 0343 | ㈜에스디인터내셔날나인블럭미음나루점 | [9BLOCK]나인블럭 미음나루점 바리스타 및 아르바이트 채용 | 15시간 전 등록
[2025-07-21 06:01:26] INFO - 0344 | 미니멀리스트 | [정부지원금] 바이리네 현대백화점 판매, 매장관리(더현대서울, 미아점) | 15시간 전 등록
[2025-07-21 06:01:26] INFO - 0345 | 노만주의 | [고양] 노만주의 바리스타 채용 | 15시간 전 등록
[2025-07-21 06:01:26] INFO - 0346 | ㈜에스제이유통 | 금산 세종마트 정육코너 양념육 판매사원 모집(월6회 휴무) | 15시간 전 등록
[2025-07-21 06:01:27] INFO - 0347 | 케익하우스 델리 | 인천 델리제과점 제과제빵사 ㅡ 제과제빵 배우신분 연락 | 15시간 전 등록
[2025-07-21 06:01:27] INFO - 0348 | 에이컷스테이크 | 에이컷스테이크 올림픽공원 주방, 홀 매니져 모집. | 15시간 전 등록
[2025-07-21 06:01:27] INFO - 0349 | ㈜쿠치나후 | 이탈리안 레스토랑 쿠치나후에서 함께 일할 양식 조리사를 모집 합니다. | 15시간 전 등록
[2025-07-21 06:01:27] INFO - 0350 | 압구정성모안과의원 | 안과 외래 간호팀 채용합니다. | 15시간 전 등록
[2025-07-21 06:01:27] INFO - ⏱ 2.01초 대기
[2025-07-21 06:01:30] INFO - 
📄 현재 페이지: 8
[2025-07-21 06:01:30] INFO - 0351 | ㈜유안에이치알 | 이지바이 봉담점 주차/미화 사원 모집 | 15시간 전 등록
[2025-07-21 06:01:30] INFO - 0352 | 쿄베이커리(서초) | [쿄베이커리 방배 점]에서 제빵지원 모집합니다. | 15시간 전 등록
[2025-07-21 06:01:30] INFO - 0353 | ㈜자미원스카이장례식장 | 발렛파킹 및 주차관리 직원을 모집합니다 | 15시간 전 등록
[2025-07-21 06:01:30] INFO - 0354 | 한국맥도날드(유) | [강북,노원구]맥도날드 번동DT점에서 크루를 모집합니다.(문자지원) | 15시간 전 등록
[2025-07-21 06:01:30] INFO - 0355 | ㈜인터빌리지 | [신입 및 경력직 ]신차 장기렌트 & 리스 영업자 모집 합니다. | 15시간 전 등록
[2025-07-21 06:01:31] INFO - 0356 | ㈜오디션타임즈 | 오디션타임즈 연기강사 뮤지컬강사 보컬강사 댄스강사 모십니다. | 15시간 전 등록
[2025-07-21 06:01:31] INFO - 0357 | ㈜유안에이치알 | 홈플러스 송탄점 카트정리 사원 모집합니다. | 15시간 전 등록
[2025-07-21 06:01:31] INFO - 0358 | 튼튼어린이병원 | [의정부시/가능역/주5일] 튼튼어린이병원에서 원무행정 모집 | 16시간 전 등록
[2025-07-21 06:01:31] INFO - 0359 | ㈜섬프로젝트 | 섬 스튜디오 헤어 메이크업 경력직 모집 | 16시간 전 등록
[2025-07-21 06:01:31] INFO - 0360 | 멘야마쯔리주식회사 | 고깃집 [금목.돈] 홀 / 주방 / 총관리자/손맛 좋은 주방이모 구인 | 16시간 전 등록
[2025-07-21 06:01:31] INFO - 0361 | ㈜홈엔터테인먼트 | (주)홈엔터테인먼트 신인개발 영업팀 경력직 채용 | 16시간 전 등록
[2025-07-21 06:01:31] INFO - 0362 | 디자인스페이스801 | 인테리어현장관리[경력직] | 16시간 전 등록
[2025-07-21 06:01:32] INFO - 0363 | 오뮤직스튜디오 | 석촌 헬리오시티 실용음악학원 미디, 작곡 선생님 구합니다 | 16시간 전 등록
[2025-07-21 06:01:32] INFO - 0364 | ㈜유니에스 | [용인] 월 267 / 용인 아시아나CC 경비대원 모집 / 식사제공 | 16시간 전 등록
[2025-07-21 06:01:32] INFO - 0365 | ㈜마스터코리아 | [신입/경력사원] 영업지원/마케팅부 인력 채용 | 16시간 전 등록
[2025-07-21 06:01:32] INFO - 0366 | 오뮤직스튜디오 | 석촌 헬리오시티 실용음악학원 취미,오디션,입시 보컬 선생님 구합니다 | 16시간 전 등록
[2025-07-21 06:01:32] INFO - 0367 | ㈜마스터코리아 | [신입/경력사원] 바이오·제약분석기기 기술영업 부문 | 16시간 전 등록
[2025-07-21 06:01:32] INFO - 0368 | ㈜스탭네트웍스 | SK대리점(T-CREW) 함께 성장할 인재를 찾습니다 | 16시간 전 등록
[2025-07-21 06:01:32] INFO - 0369 | ㈜유니에스 | [여의도/KBS 본사] 제작기술국 기술보조(조명) 인원채용 | 16시간 전 등록
[2025-07-21 06:01:33] INFO - 0370 | ㈜유니에스 | [여의도/KBS 본사] 영상취재부 촬영보조 인원채용 / 해외출장/장비관리 | 16시간 전 등록
[2025-07-21 06:01:33] INFO - 0371 | 그린아그로 | 그린아그로와 함께하실 영업사원분을 모집합니다. | 16시간 전 등록
[2025-07-21 06:01:33] INFO - 0372 | ㈜아이티에스 커뮤니티 | 대기업 자재관리 SM 운영 초급 모집 비즈액터/Java/Spring/JSP | 16시간 전 등록
[2025-07-21 06:01:33] INFO - 0373 | ㈜줄리의정원 인천점 | 줄리의정원 인천점 본식 리터칭 모집채용 | 16시간 전 등록
[2025-07-21 06:01:33] INFO - 0374 | 시칠리(sicili) | (한남동 이탈리안 다이닝 레스토랑 SICILI)소믈리에/매니저 | 16시간 전 등록
[2025-07-21 06:01:33] INFO - 0375 | 아워헤르츠 | 교대카페 아워헤르츠 바리스타 매니저 채용 | 16시간 전 등록
[2025-07-21 06:01:33] INFO - 0376 | 데스카 | 사무.행정.공무 보조 모집 | 16시간 전 등록
[2025-07-21 06:01:34] INFO - 0377 | 에덴퍼(유) | 건축 공사관리 및 공무 담당자 모집 | 16시간 전 등록
[2025-07-21 06:01:34] INFO - 0378 | ㈜비자림 | 산업용 데이터 엔지니어 신입 모집 | 16시간 전 등록
[2025-07-21 06:01:34] INFO - 0379 | ㈜큐니온 | 디지털 회로 및 FPGA 설계 연구원 모집 (경력) | 16시간 전 등록
[2025-07-21 06:01:34] INFO - 0380 | ㈜코코컴바인 | 여성 언더웨어, 주니어 속옷, 미싱사, 삼봉사, 오바사, 시다 사원모집 | 16시간 전 등록
[2025-07-21 06:01:34] INFO - 0381 | ㈜큐니온 | 대전연구소 임베디드 소프트웨어 연구원 모집 | 16시간 전 등록
[2025-07-21 06:01:34] INFO - 0382 | ㈜큐니온 | 대전연구소 기구설계 엔지니어 모집 | 16시간 전 등록
[2025-07-21 06:01:35] INFO - 0383 | ㈜얼바인컴퍼니 | [AK플라자 분당점] 베이커리 생산직 및 제조 정직원 채용 | 16시간 전 등록
[2025-07-21 06:01:35] INFO - 0384 | ㈜오아이 | (주)오아이 제주 현지 사무직 직원 모집(제주도 거주자) | 16시간 전 등록
[2025-07-21 06:01:35] INFO - 0385 | 카파스튜디오 | [세종카파스튜디오] 베이비 촬영 겸 연출 가능하신 작가님 모십니다 | 16시간 전 등록
[2025-07-21 06:01:35] INFO - 0386 | 트리플윈 | [작가모집] AI 시네마, AI 애니메이션 | 16시간 전 등록
[2025-07-21 06:01:35] INFO - 0387 | 디자인을 담다㈜ | 신논현역 상업 전문 인테리어 | 16시간 전 등록
[2025-07-21 06:01:35] INFO - 0388 | ㈜다온비즈 | 카앤쿡 세종점 디테일링 세차, 광택 신입/경력 직원 모집합니다 | 16시간 전 등록
[2025-07-21 06:01:35] INFO - 0389 | ㈜다온비즈 | 카앤쿡 동탄 본점 디테일링 세차, 광택 신입/경력 직원 모집 | 16시간 전 등록
[2025-07-21 06:01:36] INFO - 0390 | 비엔엠컴퍼니 | (주)BNM COMPANY에서 PC방 매장관리자를 모집합니다. | 16시간 전 등록
[2025-07-21 06:01:36] INFO - 0391 | 이에스생활문화 | [이에스생활문화] 뮤지컬 제작 매니저 신입/경력 채용 | 16시간 전 등록
[2025-07-21 06:01:36] INFO - 0392 | 인바이오텍㈜ | 환경업체 현장 운영 및 산업용 보일러 담당자 채용 | 16시간 전 등록
[2025-07-21 06:01:36] INFO - 0393 | ㈜티에스이 | (주)티에스이 제조직 채용 [가공, 성형, 기술,충진공정] | 17시간 전 등록
[2025-07-21 06:01:36] INFO - 0394 | 제이앤엠㈜ | 2025년 하반기 제이앤스튜디오 웨딩 사진작가를 모집합니다. | 17시간 전 등록
[2025-07-21 06:01:36] INFO - 0395 | 박준영논리속독독서논술학원 | 독서, 글쓰기 지도(아이와 책을 사랑하는 아이 어머님 선생님 우대) | 17시간 전 등록
[2025-07-21 06:01:36] INFO - 0396 | 데스카 | [신입 및 경력] 전기.통신.소방공사 공무 모집 | 17시간 전 등록
[2025-07-21 06:01:37] INFO - 0397 | 박준영논리속독독서논술학원 | 독서, 글쓰기 지도 선생님(아이를 사랑하고 책을 사랑하는 선생님 우대) | 17시간 전 등록
[2025-07-21 06:01:37] INFO - 0398 | 엘샌드위치 | 엘샌드위치와 함께할 아르바이트생 모집합니다. | 17시간 전 등록
[2025-07-21 06:01:37] INFO - 0399 | 데스카 | 경리.세무회계(경영지원부) 모집 | 17시간 전 등록
[2025-07-21 06:01:37] INFO - 0400 | 예설 | 인테리어 디자이너 채용 (신입/경력) | 17시간 전 등록
[2025-07-21 06:01:37] INFO - ⏱ 1.67초 대기
[2025-07-21 06:01:39] INFO - 
📄 현재 페이지: 9
[2025-07-21 06:01:39] INFO - 0401 | ㈜차이들 | 캐주얼 중식당 `차이들 롯데몰수지점` 주방 직원 모집합니다 | 17시간 전 등록
[2025-07-21 06:01:40] INFO - 0402 | 리케디자인 | [리케디자인] 자사홈페이지 관리 담당자 채용 | 17시간 전 등록
[2025-07-21 06:01:40] INFO - 0403 | 삼영물류㈜ | 삼영물류(주) 플랫폼사업부 물류센터 현장담당자 모집 | 17시간 전 등록
[2025-07-21 06:01:40] INFO - 0404 | ㈜메타소프트 | IT 개발 전문가가 되실 분을 모십니다. 함께 하시죠. | 17시간 전 등록
[2025-07-21 06:01:40] INFO - 0405 | ㈜보보코퍼레이션 | 국내마케팅 오프라인, 온라인 | 17시간 전 등록
[2025-07-21 06:01:40] INFO - 0406 | 유앤아이의원 인천검단점 | [인천검단점 확장충원] 유앤아이 피부관리 채용 | 17시간 전 등록
[2025-07-21 06:01:40] INFO - 0407 | ㈜보보코퍼레이션 | 일본이커머스 및 온라인마케팅 | 17시간 전 등록
[2025-07-21 06:01:40] INFO - 0408 | ㈜윌앤비전 | [영어/한국어] 놀유니버스 메일, 채팅 상담사원 모집 | 17시간 전 등록
[2025-07-21 06:01:41] INFO - 0409 | 김유일쌀빵제빵소 | 반죽밎오븐 | 17시간 전 등록
[2025-07-21 06:01:41] INFO - 0410 | ㈜보보코퍼레이션 | 미국LA지사 이커머스및마케팅 | 17시간 전 등록
[2025-07-21 06:01:41] INFO - 0411 | ㈜지에이치브이 | 투썸 대구삼성점에서 매니저.정규직 모집합니다 - 경력무관/정 | 17시간 전 등록
[2025-07-21 06:01:41] INFO - 0412 | 타리마코이 | [디자이너 파인주얼리 브랜드] 매장 관리자 채용 (매장관리/고객상담,응대) | 17시간 전 등록
[2025-07-21 06:01:41] INFO - 0413 | 한국스포츠과학연구소 사회적협동조합 안양시 지부 | 발달장애인방과후활동서비스 초/중고등 담당자 구인 | 17시간 전 등록
[2025-07-21 06:01:41] INFO - 0414 | 24시월드펫동물 메디컬센터 | 24시 월드펫 동물 메디컬센터 주간 테크니션 선생님 모십니다. | 17시간 전 등록
[2025-07-21 06:01:42] INFO - 0415 | 커디 | (브런치 와인바, 위스키바) 키친 주니어셰프 모집 | 17시간 전 등록
[2025-07-21 06:01:42] INFO - 0416 | 까사드발리 | 아시안 음식점 바이윤에서 보조 쉐프 채용합니다 | 17시간 전 등록
[2025-07-21 06:01:42] INFO - 0417 | ㈜먹 | 카페 무로이에서 바리스타를 모집합니다. | 17시간 전 등록
[2025-07-21 06:01:42] INFO - 0418 | ㈜지글 | 주5일 중식당 조리직 신입 모집 | 17시간 전 등록
[2025-07-21 06:01:42] INFO - 0419 | 김유일쌀빵제빵소 | 베이커리 반죽 및 오븐 | 17시간 전 등록
[2025-07-21 06:01:42] INFO - 0420 | 푸드팡㈜ | [푸드팡] DataOps Manager (Data Analyst) | 17시간 전 등록
[2025-07-21 06:01:42] INFO - 0421 | 성국직업정보 | 동대문구 ,강남구 지역 모델하우스 경비원 모집중 ( 야간경비,주간,격일제) | 17시간 전 등록
[2025-07-21 06:01:43] INFO - 0422 | 주식회사 쏠마레 | 영종도 일피노 레스토랑 [신입/경력] FOH 홀 서버 구인 | 17시간 전 등록
[2025-07-21 06:01:43] INFO - 0423 | 제이아이앤씨 | [프리랜서] 경력직 카페 바이럴 마케터 채용 | 17시간 전 등록
[2025-07-21 06:01:43] INFO - 0424 | 디에이블컴퍼니 | [틱톡 라이브 방송] BJ, 크리에이터, 인플루언서, 스트리머 모집 | 17시간 전 등록
[2025-07-21 06:01:43] INFO - 0425 | 미반 미역국 정찬 | 미반 미역국정찬(목동점) 홀 정직원 구함 | 17시간 전 등록
[2025-07-21 06:01:43] INFO - 0426 | 세무회계 현양 | 세무회계 사무직 신입/경력 채용(중국어 가능자, 중국인 우대) | 17시간 전 등록
[2025-07-21 06:01:43] INFO - 0427 | ㈜데일리셔스 | [신규오픈예정]샤브샤브 전문점`모락샤브`FOH 홀 직원 모집합니다. | 17시간 전 등록
[2025-07-21 06:01:43] INFO - 0428 | ㈜데일리셔스 | [신규오픈예정] 샤브샤브 전문점`모락샤브`BOH 주방 직원 모집 | 17시간 전 등록
[2025-07-21 06:01:44] INFO - 0429 | 악토버나인 | 바리스타 직원 모집합니다. | 17시간 전 등록
[2025-07-21 06:01:44] INFO - 0430 | ㈜아이민글로비스 | 아이민 스튜디오 용산점 신입 및 경력직 상담직원 상담매니저 모집 | 17시간 전 등록
[2025-07-21 06:01:44] INFO - 0431 | 에이비씨플러스 | ABCGOLF에서 오래일할 직원을 구합니다 경력무관 식대지급 | 17시간 전 등록
[2025-07-21 06:01:44] INFO - 0432 | ㈜보 | [보마켓] 서울숲점 카페 파트타임 채용 | 17시간 전 등록
[2025-07-21 06:01:44] INFO - 0433 | 이스트포레㈜ | 위례빵집 제빵사 모집합니다 | 17시간 전 등록
[2025-07-21 06:01:45] INFO - 0434 | 누아트㈜ | [누아트] 온라인팀 디지털 가전 MD 경력직 채용 | 17시간 전 등록
[2025-07-21 06:01:45] INFO - 0435 | ㈜아이민글로비스 | 용산 베이비 스튜디오 상담 매니저 신입,경력 모집합니다. | 17시간 전 등록
[2025-07-21 06:01:45] INFO - 0436 | 몬스터파크 주식회사 신도림점 | 몬스터파크 키즈카페 신도림점 직원 구인 | 18시간 전 등록
[2025-07-21 06:01:45] INFO - 0437 | 지엔인더스트리㈜ | 영종도 베이커리 카페 그리너리 바스켓에서 바리스타를 모집합니다. | 18시간 전 등록
[2025-07-21 06:01:45] INFO - 0438 | 금싸라기식당 | [청주 흥덕구] 한식 뷔페 추가 확장 준비를 위한 반찬조리원 구합니다. | 18시간 전 등록
[2025-07-21 06:01:45] INFO - 0439 | ㈜본앤쿡코리아 | 감동한우 정육식당 건대점 육부장 및 주방보조 | 18시간 전 등록
[2025-07-21 06:01:45] INFO - 0440 | 금싸라기식당 | [금싸라기한식뷔페] 홀 서빙 모집 | 18시간 전 등록
[2025-07-21 06:01:46] INFO - 0441 | ㈜본앤쿡코리아 | 도화면옥 일산본점 홀 매니저 및 홀사원 | 18시간 전 등록
[2025-07-21 06:01:46] INFO - 0442 | ㈜바이오컴 | [더클린커피] 서브 로스터 채용 | 18시간 전 등록
[2025-07-21 06:01:46] INFO - 0443 | ㈜씨티씨푸드 | 노포식당에서 운영하고 있는 배달전문점의 조리원을 모집합니다. | 18시간 전 등록
[2025-07-21 06:01:46] INFO - 0444 | ㈜우량 | 압구정초월/한우/레스토랑/한식/한우오마카세/BOH/FOH/경력/신입/육부/캡틴 | 18시간 전 등록
[2025-07-21 06:01:46] INFO - 0445 | ㈜이노스트 | (수원) 전자 SCM 패키지 솔루션 개발 즉시 PL 급 고급 중급 개발자 5-9개월 | 18시간 전 등록
[2025-07-21 06:01:46] INFO - 0446 | 미상테크 | 와이어하네스 및 케이블조립체 조립생산 | 18시간 전 등록
[2025-07-21 06:01:46] INFO - 0447 | ㈜대성활어 | [월400만이상] 야간 매장관리 직원 모집 | 18시간 전 등록
[2025-07-21 06:01:47] INFO - 0448 | ㈜대성활어 | [월380만이상] 주간 매장관리 직원 모집 | 18시간 전 등록
[2025-07-21 06:01:47] INFO - 0449 | ㈜이든파이낸셜 | 금융플랫폼을 지향하는 (주)이든파이낸셜에서 CX(금융상담사)를 모집합니다 | 18시간 전 등록
[2025-07-21 06:01:47] INFO - 0450 | 이종현(닥터망고) | 성형외과 중국 마케팅 도와주실 분 채용합니다. | 18시간 전 등록
[2025-07-21 06:01:47] INFO - ⏱ 1.64초 대기
[2025-07-21 06:01:49] INFO - 
📄 현재 페이지: 10
[2025-07-21 06:01:49] INFO - 0451 | 연스테이지 | 공간 연출, 오브제/소품 제작을 함께 할 팀원을 구합니다. | 18시간 전 등록
[2025-07-21 06:01:49] INFO - 0452 | 앤티크커피 신세계 경기점 | 신세계 죽전점 바리스타 사원 채용 | 18시간 전 등록
[2025-07-21 06:01:50] INFO - 0453 | ㈜HYSOFT | 안드로이드(메인) and IOS(서브) (8월1일/12월말(연장예상)/용산역/중급) | 18시간 전 등록
[2025-07-21 06:01:50] INFO - 0454 | 금싸라기식당 | [청주 흥덕구] 한식 뷔페 주방보조 직원 구합니다. | 18시간 전 등록
[2025-07-21 06:01:50] INFO - 0455 | ㈜기연컴퍼니 | [시급15,000]용산 중식 다이닝 웨이(WUI) 런치 직원 | 18시간 전 등록
[2025-07-21 06:01:50] INFO - 0456 | ㈜기연컴퍼니 | [시급15,000]용산 중식 다이닝 웨이(WUI) 디너 스탭 | 18시간 전 등록
[2025-07-21 06:01:50] INFO - 0457 | ㈜미래엔에듀파트너 | [서울 전지역] 초등학교 맞춤형(늘봄수업) 강사 채용 | 18시간 전 등록
[2025-07-21 06:01:50] INFO - 0458 | ㈜지붕과공간칸디자인 | [경력직] 지붕과공간칸디자인 실내인테리어 디자이너 충원 | 18시간 전 등록
[2025-07-21 06:01:51] INFO - 0459 | 유앤아이의원 잠실점 | 유앤아이의원 잠실점에서 피부파트/간호파트/코디파트 모집합니다 | 18시간 전 등록
[2025-07-21 06:01:51] INFO - 0460 | 델문도 | 델문도(제주 함덕 커피 전문점)에서 직원을 모집(주5일제,무상기숙사제공) | 18시간 전 등록
[2025-07-21 06:01:51] INFO - 0461 | 르엘컨벤션㈜ | 르엘컨벤션 F&B 연회부 직원모집 | 18시간 전 등록
[2025-07-21 06:01:51] INFO - 0462 | 을왕리빵판다 | 을왕리빵판다에서 바리스타 채용합니다. | 18시간 전 등록
[2025-07-21 06:01:51] INFO - 0463 | 흥부네화덕 | 흥부네화덕에서 한결같은 마음으로 일할 요리사 가족을 찾습니다 | 18시간 전 등록
[2025-07-21 06:01:51] INFO - 0464 | 에움456 | 카페 레스토랑 홀 메니저 를 모집합니다. | 18시간 전 등록
[2025-07-21 06:01:51] INFO - 0465 | 리코제이 | [RICO`J] 대전 유성구 레스토랑 셰프(막내/경력) 구인 | 19시간 전 등록
[2025-07-21 06:01:52] INFO - 0466 | ㈜아우프글렛 | 아우프글렛 베이킹 팀원 공고 모집 | 19시간 전 등록
[2025-07-21 06:01:52] INFO - 0467 | 아보고가 | [아보고가 베이커리카페] 브런치 직원 한분 모십니다. | 19시간 전 등록
[2025-07-21 06:01:52] INFO - 0468 | 다시봄날의원 | 평택역 앞 피부과 (다시봄날) 간호조무사 모십니다 | 19시간 전 등록
[2025-07-21 06:01:52] INFO - 0469 | ㈜음컴퍼니 | 키친 매니지먼트팀 조리사 채용 UUUM Eatery(음 이터리 삼성점) | 19시간 전 등록
[2025-07-21 06:01:52] INFO - 0470 | 본태박물관 | [본태박물관] 매표소/뮤지엄샵 직원 모집 | 19시간 전 등록
[2025-07-21 06:01:52] INFO - 0471 | (주)코리아요리학원 | (코리아교육그룹 / 코리아요리아트아카데미) 교육사업부 신입 채용 | 19시간 전 등록
[2025-07-21 06:01:52] INFO - 0472 | 이종현(닥터망고) | 성형외과 마케팅과 웹디자인 도와주실 분 채용합니다. | 19시간 전 등록
[2025-07-21 06:01:53] INFO - 0473 | ㈜차이들 | 안국/인사동 캐주얼 중식당 차이들 주방 직원 모집합니다 | 19시간 전 등록
[2025-07-21 06:01:53] INFO - 0474 | 두원이앤티㈜ | 과천 서울대공원키즈카페 그라운드플래닛 내 카페 보조인원 구인합니다 | 19시간 전 등록
[2025-07-21 06:01:53] INFO - 0475 | 팔레트 | 미쉐린 1스타 레스토랑 palate , 주방 팀원 구인 | 19시간 전 등록
[2025-07-21 06:01:53] INFO - 0476 | 서핑브레드 | [바리스타 경력] 서핑브레드와 함께해요. (평일 마감) | 19시간 전 등록
[2025-07-21 06:01:53] INFO - 0477 | 본태박물관 | [본태박물관] 경영지원팀 정규직원 모집 (회계/총무) | 19시간 전 등록
[2025-07-21 06:01:53] INFO - 0478 | ㈜에이플러스에셋어드바이저 | (경력무관) (주)에이플러스에셋 청주본부 보험설계사 채용 | 19시간 전 등록
[2025-07-21 06:01:54] INFO - 0479 | ㈜스코프케이크하우스 | 베이커리 카페 SCOFF 서촌점에서 근무 할 사원급 베이커 채용합니다. | 19시간 전 등록
[2025-07-21 06:01:54] INFO - 0480 | 다시봄날의원 | 평택역 앞 피부과 (다시봄날) 실장님 모십니다 | 19시간 전 등록
[2025-07-21 06:01:54] INFO - 0481 | 트릭아이미술관㈜ | [ 홍대입구역 ]코코넛박스(트릭아이미술관) 베이커리 생산직 모집합니다. | 19시간 전 등록
[2025-07-21 06:01:54] INFO - 0482 | 길 스팀세차 광택 | 인천 연수구 스팀세차원 구인 | 19시간 전 등록
[2025-07-21 06:01:54] INFO - 0483 | 신화푸드 청담돈블랑 | [SFG] 돈블랑 청담점 에 탑승할 분 모십니다.. | 19시간 전 등록
[2025-07-21 06:01:54] INFO - 0484 | 대호관광개발㈜ | 영광 웨스트오션CC 골프장 고객응대(프론트) 정규직 모집 | 19시간 전 등록
[2025-07-21 06:01:54] INFO - 0485 | 이도 | [주식회사 이도] 경제적 자유를 원하는 직원 모집(기획/관리/분양상담사) | 19시간 전 등록
[2025-07-21 06:01:55] INFO - 0486 | ㈜워시스왓 | [WF] 간선기사 | 19시간 전 등록
[2025-07-21 06:01:55] INFO - 0487 | ㈜세이프원 | 이천 테르메덴 각 파트별 일용직 근로자 모집 | 19시간 전 등록
[2025-07-21 06:01:55] INFO - 0488 | 빠다롤 뺑 프랑스 | 빠다롤 뺑 프랑스 베이커리 카페 평일 직원 모십니다 | 19시간 전 등록
[2025-07-21 06:01:55] INFO - 0489 | 빠다롤 뺑 프랑스 | 빠다롤뺑프랑스 베이커 모십니다 | 19시간 전 등록
[2025-07-21 06:01:55] INFO - 0490 | 해득금천한의원 | [금천, 광명, 구로, 관악] 한의원 데스크 / 주 5일, 추가인센 | 19시간 전 등록
[2025-07-21 06:01:55] INFO - 0491 | 티비산업 | (주)티비산업 지게차 운전자(경력무관/정규직) 모집 | 19시간 전 등록
[2025-07-21 06:01:55] INFO - 0492 | 대한예수교장로회효자추모관 | [전주] 효자추모관 신입사원 모집 | 19시간 전 등록
[2025-07-21 06:01:56] INFO - 0493 | 스시 하루 | (주5일)일식,오마카세, 스시하루신사에서 주방스탭을 모집합니다. | 19시간 전 등록
[2025-07-21 06:01:56] INFO - 0494 | ㈜비비엔그루 | [어바웃썸/고띰] 여성 의류 쇼핑몰 CS팀 신입 및 경력 모집 | 19시간 전 등록
[2025-07-21 06:01:56] INFO - 0495 | ㈜코리아정보보안아이 | [코리아교육그룹][코리아IT아카데미 강남] 교육상담(컨설턴트) 학생관리 | 19시간 전 등록
[2025-07-21 06:01:56] INFO - 0496 | ㈜차이들 | 강남/강남역 고급 중식당 차이룸 매니저, 홀 직원 모집합니다 | 19시간 전 등록
[2025-07-21 06:01:56] INFO - 0497 | 성균관대학교 | 성균관대학교 창업지원단 직원 채용 공고(수원 자과캠) | 19시간 전 등록
[2025-07-21 06:01:56] INFO - 0498 | 헤이데이의원명동 | [명동 헤이데이의원/ 월330만 이상] 중국어 상담실장 모집합니다 | 19시간 전 등록
[2025-07-21 06:01:57] INFO - 0499 | 헤이데이의원명동 | [명동 헤이데이의원 ]월330 이상 피부관리사/간호팀 모집(주4 가능) | 19시간 전 등록
[2025-07-21 06:01:57] INFO - 0500 | 헤이데이의원명동 | [명동 헤이데이의원 / 월 350만 이상] 일본어 상담실장/코디 모집 | 19시간 전 등록
[2025-07-21 06:01:57] INFO - ✅ 5페이지마다 CSV 저장 완료 (총 500건)
[2025-07-21 06:01:57] INFO - ⏱ 2.02초 대기
[2025-07-21 06:01:59] INFO - 
📄 현재 페이지: 11
[2025-07-21 06:01:59] INFO - 0501 | 선제빵소 | 충북혁신도시터미널점 선제빵소 직영점 | 19시간 전 등록
[2025-07-21 06:02:00] INFO - 0502 | ㈜베스트아이씨티 | (여의도) 예탁결제원 차세대 1단계 MIS구축 (인사,급여) | 19시간 전 등록
[2025-07-21 06:02:00] INFO - 0503 | 명장시대 | 명장시대인천점 고객응대및 음료제조 직원 구합니다 | 19시간 전 등록
[2025-07-21 06:02:00] INFO - 0504 | 주식회사 썬밸리 | 썬밸리호텔 조리팀 직원[신입/경력] 직원 채용 | 19시간 전 등록
[2025-07-21 06:02:00] INFO - 0505 | 주식회사 썬밸리 | 썬밸리호텔 객실팀 프론트 신입/경력 직원 채용 | 19시간 전 등록
[2025-07-21 06:02:00] INFO - 0506 | 주식회사 썬밸리 | 썬밸리호텔 전산담당자 [신입/경력] 채용 | 19시간 전 등록
[2025-07-21 06:02:00] INFO - 0507 | 주식회사 썬밸리 | 썬밸리호텔 식음료(F&B)팀 [신입/경력] 직원 채용 | 19시간 전 등록
[2025-07-21 06:02:00] INFO - 0508 | ㈜일침 | JAVA 개발자 모집 | 20시간 전 등록
[2025-07-21 06:02:01] INFO - 0509 | ㈜노야광화문에스에프씨 | 프리미엄 샤브 &스키야키 NOYA광화문 SFC점 같이 일할 주방 팀원 모집 신입 | 20시간 전 등록
[2025-07-21 06:02:01] INFO - 0510 | 포르테시큐리티 | 포르테시큐리티 신입 모집 | 20시간 전 등록
[2025-07-21 06:02:01] INFO - 0511 | 송도랜드마크정형외과의원 | 송도랜드마크정형외과의원 원무담당 구인 (세후 260-, 주5일 근무) | 20시간 전 등록
[2025-07-21 06:02:01] INFO - 0512 | ㈜웨딩그룹위더스영등포 | 웨딩그룹위더스 영등포 비서 (보좌관)모집 | 20시간 전 등록
[2025-07-21 06:02:01] INFO - 0513 | ㈜웨딩그룹위더스영등포 | 예약 사무업무 신입 / 경력직 채용[웨딩그룹위더스 영등포] | 20시간 전 등록
[2025-07-21 06:02:01] INFO - 0514 | 미유스튜디오 | 웨딩 미유스튜디오 촬영작가 모집 | 20시간 전 등록
[2025-07-21 06:02:01] INFO - 0515 | 금당카써비스 | ACDelco 순천점에서 함께할 정비기사님을 찾습니다 | 20시간 전 등록
[2025-07-21 06:02:02] INFO - 0516 | (유)하이모 안양지점 | (유)하이모 안양점 헤어디자이너 모집 | 20시간 전 등록
[2025-07-21 06:02:02] INFO - 0517 | ㈜커피 리브레 | 커피 리브레 명동성당점 바리스타 채용공고 | 20시간 전 등록
[2025-07-21 06:02:02] INFO - 0518 | 광산아이사랑약국 | 약국 직원 채용 | 20시간 전 등록
[2025-07-21 06:02:02] INFO - 0519 | (재)진달래문화재단 | (재)진달래문화재단 임원 수행 기사 채용 공고 | 20시간 전 등록
[2025-07-21 06:02:02] INFO - 0520 | 주원 엘에치제이 | [선착순]비대면 전동킥보드 기사님 모집/480만 | 20시간 전 등록
[2025-07-21 06:02:02] INFO - 0521 | 빵공원 | [빵공원벨꾸르]제과 제빵 생산직 막내사원 채용 | 20시간 전 등록
[2025-07-21 06:02:03] INFO - 0522 | (주)잇올 | [구리수택] 잇올 스파르타 센터 운영관리자 채용 | 20시간 전 등록
[2025-07-21 06:02:03] INFO - 0523 | 군산레져산업㈜ | 군산 골프&리조트 골프텔 프론트데스크 정직원 채용공고 | 20시간 전 등록
[2025-07-21 06:02:03] INFO - 0524 | 군산레져산업㈜ | 군산 골프&리조트 레스토랑 중식,양식,일식조리사 채용 공고 | 20시간 전 등록
[2025-07-21 06:02:03] INFO - 0525 | (주)커넥텀엑스 하늘교육 | 과외식 방문 수업하는 국어/수학(사고력)/과학(실험)/영어선생님 | 20시간 전 등록
[2025-07-21 06:02:03] INFO - 0526 | ㈜밥상푸드 | 식품 품질 관리 팀원 모집 | 20시간 전 등록
[2025-07-21 06:02:03] INFO - 0527 | ㈜이세큐 | 트레이더스 송림점 환경팀 정규 사원 모집 | 20시간 전 등록
[2025-07-21 06:02:03] INFO - 0528 | AIA생명보험-본사 | 오전10시-오후5시[광주오픈]AIA생명 본사상담원모집/면접선물-신입/경력 | 20시간 전 등록
[2025-07-21 06:02:04] INFO - 0529 | ㈜웨딩그룹위더스안양 | (주)웨딩그룹 위더스(안양) 비서 채용 공고 | 20시간 전 등록
[2025-07-21 06:02:04] INFO - 0530 | ㈜웨딩그룹위더스안양 | (주)웨딩그룹 위더스 안양 경리/재무 채용공고 | 20시간 전 등록
[2025-07-21 06:02:04] INFO - 0531 | 올리브파트너스㈜ | [곤트란쉐리에 프리미엄 힐튼 판교점] 바리스타 홀직원 신입 및 경력 정규 | 20시간 전 등록
[2025-07-21 06:02:04] INFO - 0532 | 도우룸 | 생면파스타 전문점 도우룸 홀서비스팀 사원 모집 (주5일) 8월 광화문점 | 20시간 전 등록
[2025-07-21 06:02:04] INFO - 0533 | 잉글리시에그 고양덕양지사 | 잉글리시에그 센터 영어놀이 액터 채용 | 20시간 전 등록
[2025-07-21 06:02:04] INFO - 0534 | AIA생명보험-본사 | 오전10시-오후4시[부산오픈]AIA생명 본사상담원모집/면접선물-신입/경력 | 20시간 전 등록
[2025-07-21 06:02:05] INFO - 0535 | AIA생명보험-본사 | 오전10시-오후4시[대구오픈]AIA생명 본사상담원모집/면접선물-신입/경력 | 20시간 전 등록
[2025-07-21 06:02:05] INFO - 0536 | Letswork | 초보가능/정규직채용[원주단구동]KT고객센터 인바운드상담원모집-신입/경력 | 20시간 전 등록
[2025-07-21 06:02:05] INFO - 0537 | Letswork | 초보가능/정규직채용[군포산본역]KT고객센터 인바운드상담원모집-신입/경력 | 20시간 전 등록
[2025-07-21 06:02:05] INFO - 0538 | Letswork | 초보가능/정규직채용[고양삼송역]KT고객센터 인바운드상담원모집-신입/경력 | 21시간 전 등록
[2025-07-21 06:02:05] INFO - 0539 | 루이비스 | 루이비스컨벤션 강서점 웨딩예약부 (예약실) 경력구인 | 21시간 전 등록
[2025-07-21 06:02:05] INFO - 0540 | 에스앤에스비㈜ | [SPC정규직] 디저트 전문 특화매장 제과제빵 키친매니저 모집 (신입/경력) | 21시간 전 등록
[2025-07-21 06:02:05] INFO - 0541 | 현대씨앤알 | 덴티움 시설기사 채용 | 21시간 전 등록
[2025-07-21 06:02:06] INFO - 0542 | 안국153(ANGUK153) | 안국153에서 베이커리 생산직 사원을 모집합니다. | 21시간 전 등록
[2025-07-21 06:02:06] INFO - 0543 | 에이지엑스로지스틱스코리아㈜ | 포워딩 업무 신입/경력(1-3년) 채용 | 21시간 전 등록
[2025-07-21 06:02:06] INFO - 0544 | ㈜홍컴퍼니 | 육회관블랙 용산점 주 5일 주방 직원 모집합니다. | 21시간 전 등록
[2025-07-21 06:02:06] INFO - 0545 | 크놉스시스템㈜ | 경기도 일자리재단 클라우드 네이티브 전환사업 자바(스프링부트) 개발자 | 21시간 전 등록
[2025-07-21 06:02:06] INFO - 0546 | 육회담 | 육회담 신사점에서 홀서빙 직원 구합니다. | 21시간 전 등록
[2025-07-21 06:02:06] INFO - 0547 | 좋은i보육교구사 | (주)키즈엠교육 유치원, 어린이집 영어강사 청주 세종 | 21시간 전 등록
[2025-07-21 06:02:06] INFO - 0548 | ㈜일신레져 | 신원컨트리클럽 프론트 직원 모집공고 | 21시간 전 등록
[2025-07-21 06:02:07] INFO - 0549 | 디엔에이벤처스제이호 | 남양주 밤부 베리커리&브루잉 바리스타 모집 | 21시간 전 등록
[2025-07-21 06:02:07] INFO - 0550 | 서울완수치과의원 | 치과 진료실 선생님 모집합니다. [신입가능][워라벨][원장님착해요] | 21시간 전 등록
[2025-07-21 06:02:07] INFO - ⏱ 2.19초 대기
[2025-07-21 06:02:09] INFO - 
📄 현재 페이지: 12
[2025-07-21 06:02:10] INFO - 0551 | 충남보육교구교육사 | 삼성에듀키즈웰 유치원,어린이집 영어 파견 강사 모집 | 21시간 전 등록
[2025-07-21 06:02:10] INFO - 0552 | 홈플러스 | [홈플러스 인천숭의점] 조리제안 단기 TW 모집공고 | 21시간 전 등록
[2025-07-21 06:02:10] INFO - 0553 | 오감랭귀지 파주운정점 | [오감랭귀지 운정] 즐겁게 영어 가르치실 유/초등부 선생님 모집 | 21시간 전 등록
[2025-07-21 06:02:10] INFO - 0554 | 제니의원 | 압구정 제니클리닉에서 간호조무사/피부관리사 채용합니다. | 22시간 전 등록
[2025-07-21 06:02:10] INFO - 0555 | 마츠도 서울역점 | [서울역 / 주5일근무] 미소라멘 전문점 마츠도 서울역점 정직원 모집 | 22시간 전 등록
[2025-07-21 06:02:10] INFO - 0556 | 보울박스 역삼역점 | [역삼동] 건강하고 진심을 담은 샐러드를 함께 만들어갈 분을 찾습니다 | 22시간 전 등록
[2025-07-21 06:02:11] INFO - 0557 | 고은산업 | 쿠팡화물기사님 모집, 지입아님, 보증금할부없음, 주6일 430부터 | 22시간 전 등록
[2025-07-21 06:02:11] INFO - 0558 | 씨제이푸드빌 | 뚜레쥬르 직영점 주방 생산 인턴사원(신입/경력) 모집 | 22시간 전 등록
[2025-07-21 06:02:11] INFO - 0559 | ㈜대농마트 | [4주 기준 월 6회 휴무(연차,휴일대체포함)] 마트 진열/배송 | 22시간 전 등록
[2025-07-21 06:02:11] INFO - 0560 | 무토스 은평고양지사 | 무토스 방문미술강사 채용 | 22시간 전 등록
[2025-07-21 06:02:11] INFO - ⛔ 1일 이내 게시글 크롤링 완료 — 종료
[2025-07-21 06:02:11] INFO - 📝 마지막 데이터 저장 완료 (총 560건)
[2025-07-21 06:02:11] INFO - ✅ 크롤러 정상 종료
[2025-07-21 06:02:11] INFO - 테이블 생성 시작
[2025-07-21 06:02:11] INFO - 테이블 생성 완료
[2025-07-21 06:02:11] INFO - 0번째 행 입력
[2025-07-21 06:02:12] INFO - 1번째 행 입력
[2025-07-21 06:02:12] INFO - 2번째 행 입력
[2025-07-21 06:02:12] INFO - 3번째 행 입력
[2025-07-21 06:02:12] INFO - 4번째 행 입력
[2025-07-21 06:02:12] INFO - 5번째 행 입력
[2025-07-21 06:02:12] INFO - 6번째 행 입력
[2025-07-21 06:02:12] INFO - 7번째 행 입력
[2025-07-21 06:02:12] INFO - 8번째 행 입력
[2025-07-21 06:02:12] INFO - 9번째 행 입력
[2025-07-21 06:02:12] INFO - 10번째 행 입력
[2025-07-21 06:02:12] INFO - 11번째 행 입력
[2025-07-21 06:02:12] INFO - 12번째 행 입력
[2025-07-21 06:02:12] INFO - 13번째 행 입력
[2025-07-21 06:02:12] INFO - 14번째 행 입력
[2025-07-21 06:02:12] INFO - 15번째 행 입력
[2025-07-21 06:02:12] INFO - 16번째 행 입력
[2025-07-21 06:02:12] INFO - 17번째 행 입력
[2025-07-21 06:02:12] INFO - 18번째 행 입력
[2025-07-21 06:02:12] INFO - 19번째 행 입력
[2025-07-21 06:02:12] INFO - 20번째 행 입력
[2025-07-21 06:02:12] INFO - 21번째 행 입력
[2025-07-21 06:02:12] INFO - 22번째 행 입력
[2025-07-21 06:02:13] INFO - 23번째 행 입력
[2025-07-21 06:02:13] INFO - 24번째 행 입력
[2025-07-21 06:02:13] INFO - 25번째 행 입력
[2025-07-21 06:02:13] INFO - 26번째 행 입력
[2025-07-21 06:02:13] INFO - 27번째 행 입력
[2025-07-21 06:02:13] INFO - 28번째 행 입력
[2025-07-21 06:02:13] INFO - 29번째 행 입력
[2025-07-21 06:02:13] INFO - 30번째 행 입력
[2025-07-21 06:02:13] INFO - 31번째 행 입력
[2025-07-21 06:02:13] INFO - 32번째 행 입력
[2025-07-21 06:02:13] INFO - 33번째 행 입력
[2025-07-21 06:02:13] INFO - 34번째 행 입력
[2025-07-21 06:02:13] INFO - 35번째 행 입력
[2025-07-21 06:02:13] INFO - 36번째 행 입력
[2025-07-21 06:02:13] INFO - 37번째 행 입력
[2025-07-21 06:02:13] INFO - 38번째 행 입력
[2025-07-21 06:02:13] INFO - 39번째 행 입력
[2025-07-21 06:02:13] INFO - 40번째 행 입력
[2025-07-21 06:02:13] INFO - 41번째 행 입력
[2025-07-21 06:02:13] INFO - 42번째 행 입력
[2025-07-21 06:02:14] INFO - 43번째 행 입력
[2025-07-21 06:02:14] INFO - 44번째 행 입력
[2025-07-21 06:02:14] INFO - 45번째 행 입력
[2025-07-21 06:02:14] INFO - 46번째 행 입력
[2025-07-21 06:02:14] INFO - 47번째 행 입력
[2025-07-21 06:02:14] INFO - 48번째 행 입력
[2025-07-21 06:02:14] INFO - 49번째 행 입력
[2025-07-21 06:02:14] INFO - 50번째 행 입력
[2025-07-21 06:02:14] INFO - 51번째 행 입력
[2025-07-21 06:02:14] INFO - 52번째 행 입력
[2025-07-21 06:02:14] INFO - 53번째 행 입력
[2025-07-21 06:02:14] INFO - 54번째 행 입력
[2025-07-21 06:02:14] INFO - 55번째 행 입력
[2025-07-21 06:02:14] INFO - 56번째 행 입력
[2025-07-21 06:02:14] INFO - 57번째 행 입력
[2025-07-21 06:02:14] INFO - 58번째 행 입력
[2025-07-21 06:02:14] INFO - 59번째 행 입력
[2025-07-21 06:02:14] INFO - 60번째 행 입력
[2025-07-21 06:02:14] INFO - 61번째 행 입력
[2025-07-21 06:02:14] INFO - 62번째 행 입력
[2025-07-21 06:02:15] INFO - 63번째 행 입력
[2025-07-21 06:02:15] INFO - 64번째 행 입력
[2025-07-21 06:02:15] INFO - 65번째 행 입력
[2025-07-21 06:02:15] INFO - 66번째 행 입력
[2025-07-21 06:02:15] INFO - 67번째 행 입력
[2025-07-21 06:02:15] INFO - 68번째 행 입력
[2025-07-21 06:02:15] INFO - 69번째 행 입력
[2025-07-21 06:02:15] INFO - 70번째 행 입력
[2025-07-21 06:02:15] INFO - 71번째 행 입력
[2025-07-21 06:02:15] INFO - 72번째 행 입력
[2025-07-21 06:02:15] INFO - 73번째 행 입력
[2025-07-21 06:02:15] INFO - 74번째 행 입력
[2025-07-21 06:02:15] INFO - 75번째 행 입력
[2025-07-21 06:02:15] INFO - 76번째 행 입력
[2025-07-21 06:02:15] INFO - 77번째 행 입력
[2025-07-21 06:02:15] INFO - 78번째 행 입력
[2025-07-21 06:02:15] INFO - 79번째 행 입력
[2025-07-21 06:02:15] INFO - 80번째 행 입력
[2025-07-21 06:02:15] INFO - 81번째 행 입력
[2025-07-21 06:02:15] INFO - 82번째 행 입력
[2025-07-21 06:02:15] INFO - 83번째 행 입력
[2025-07-21 06:02:16] INFO - 84번째 행 입력
[2025-07-21 06:02:16] INFO - 85번째 행 입력
[2025-07-21 06:02:16] INFO - 86번째 행 입력
[2025-07-21 06:02:16] INFO - 87번째 행 입력
[2025-07-21 06:02:16] INFO - 88번째 행 입력
[2025-07-21 06:02:16] INFO - 89번째 행 입력
[2025-07-21 06:02:16] INFO - 90번째 행 입력
[2025-07-21 06:02:16] INFO - 91번째 행 입력
[2025-07-21 06:02:16] INFO - 92번째 행 입력
[2025-07-21 06:02:16] INFO - 93번째 행 입력
[2025-07-21 06:02:16] INFO - 94번째 행 입력
[2025-07-21 06:02:16] INFO - 95번째 행 입력
[2025-07-21 06:02:16] INFO - 96번째 행 입력
[2025-07-21 06:02:16] INFO - 97번째 행 입력
[2025-07-21 06:02:16] INFO - 98번째 행 입력
[2025-07-21 06:02:16] INFO - 99번째 행 입력
[2025-07-21 06:02:16] INFO - 100번째 행 입력
[2025-07-21 06:02:16] INFO - [SKIPPED - DUPLICATE] 흥국생명보험㈜ / [2025년 본사직영 신규채용] 기본급300. 정착지윈금지급. 복합TM센터 / 2025-07-21 은 이미 존재하여 삽입되지 않았습니다.
[2025-07-21 06:02:16] INFO - 101번째 행 입력
[2025-07-21 06:02:16] INFO - 102번째 행 입력
[2025-07-21 06:02:17] INFO - 103번째 행 입력
[2025-07-21 06:02:17] INFO - 104번째 행 입력
[2025-07-21 06:02:17] INFO - 105번째 행 입력
[2025-07-21 06:02:17] INFO - 106번째 행 입력
[2025-07-21 06:02:17] INFO - 107번째 행 입력
[2025-07-21 06:02:17] INFO - 108번째 행 입력
[2025-07-21 06:02:17] INFO - 109번째 행 입력
[2025-07-21 06:02:17] INFO - 110번째 행 입력
[2025-07-21 06:02:17] INFO - 111번째 행 입력
[2025-07-21 06:02:17] INFO - 112번째 행 입력
[2025-07-21 06:02:17] INFO - 113번째 행 입력
[2025-07-21 06:02:17] INFO - 114번째 행 입력
[2025-07-21 06:02:17] INFO - 115번째 행 입력
[2025-07-21 06:02:17] INFO - 116번째 행 입력
[2025-07-21 06:02:17] INFO - 117번째 행 입력
[2025-07-21 06:02:17] INFO - 118번째 행 입력
[2025-07-21 06:02:17] INFO - 119번째 행 입력
[2025-07-21 06:02:17] INFO - 120번째 행 입력
[2025-07-21 06:02:17] INFO - [SKIPPED - DUPLICATE] ㈜위즈아이앤씨 / [판교] 삼성전자 MES S-MMAS 시스템 운영 ( C# / SM ) / 2025-07-31 은 이미 존재하여 삽입되지 않았습니다.
[2025-07-21 06:02:17] INFO - 121번째 행 입력
[2025-07-21 06:02:17] INFO - [SKIPPED - DUPLICATE] ㈜위즈아이앤씨 / [상암] 우리은행 연계 시스템 구축 ( JAVA ) / 2025-07-31 은 이미 존재하여 삽입되지 않았습니다.
[2025-07-21 06:02:17] INFO - 122번째 행 입력
[2025-07-21 06:02:17] INFO - [SKIPPED - DUPLICATE] ㈜위즈아이앤씨 / (기흥) HL홀딩스 데이터센터 서버 운영 모집 건 / 2025-07-31 은 이미 존재하여 삽입되지 않았습니다.
[2025-07-21 06:02:17] INFO - 123번째 행 입력
[2025-07-21 06:02:17] INFO - 124번째 행 입력
[2025-07-21 06:02:17] INFO - 125번째 행 입력
[2025-07-21 06:02:18] INFO - 126번째 행 입력
[2025-07-21 06:02:18] INFO - 127번째 행 입력
[2025-07-21 06:02:18] INFO - 128번째 행 입력
[2025-07-21 06:02:18] INFO - 129번째 행 입력
[2025-07-21 06:02:18] INFO - 130번째 행 입력
[2025-07-21 06:02:18] INFO - 131번째 행 입력
[2025-07-21 06:02:18] INFO - 132번째 행 입력
[2025-07-21 06:02:18] INFO - 133번째 행 입력
[2025-07-21 06:02:18] INFO - 134번째 행 입력
[2025-07-21 06:02:18] INFO - 135번째 행 입력
[2025-07-21 06:02:18] INFO - 136번째 행 입력
[2025-07-21 06:02:18] INFO - 137번째 행 입력
[2025-07-21 06:02:18] INFO - 138번째 행 입력
[2025-07-21 06:02:18] INFO - 139번째 행 입력
[2025-07-21 06:02:18] INFO - 140번째 행 입력
[2025-07-21 06:02:18] INFO - 141번째 행 입력
[2025-07-21 06:02:18] INFO - 142번째 행 입력
[2025-07-21 06:02:18] INFO - 143번째 행 입력
[2025-07-21 06:02:18] INFO - 144번째 행 입력
[2025-07-21 06:02:18] INFO - 145번째 행 입력
[2025-07-21 06:02:18] INFO - 146번째 행 입력
[2025-07-21 06:02:18] INFO - 147번째 행 입력
[2025-07-21 06:02:18] INFO - 148번째 행 입력
[2025-07-21 06:02:18] INFO - 149번째 행 입력
[2025-07-21 06:02:19] INFO - 150번째 행 입력
[2025-07-21 06:02:19] INFO - 151번째 행 입력
[2025-07-21 06:02:19] INFO - 152번째 행 입력
[2025-07-21 06:02:19] INFO - 153번째 행 입력
[2025-07-21 06:02:19] INFO - 154번째 행 입력
[2025-07-21 06:02:19] INFO - 155번째 행 입력
[2025-07-21 06:02:19] INFO - 156번째 행 입력
[2025-07-21 06:02:19] INFO - 157번째 행 입력
[2025-07-21 06:02:19] INFO - 158번째 행 입력
[2025-07-21 06:02:19] INFO - 159번째 행 입력
[2025-07-21 06:02:19] INFO - 160번째 행 입력
[2025-07-21 06:02:19] INFO - 161번째 행 입력
[2025-07-21 06:02:19] INFO - 162번째 행 입력
[2025-07-21 06:02:19] INFO - 163번째 행 입력
[2025-07-21 06:02:19] INFO - 164번째 행 입력
[2025-07-21 06:02:19] INFO - 165번째 행 입력
[2025-07-21 06:02:19] INFO - 166번째 행 입력
[2025-07-21 06:02:19] INFO - 167번째 행 입력
[2025-07-21 06:02:19] INFO - 168번째 행 입력
[2025-07-21 06:02:19] INFO - 169번째 행 입력
[2025-07-21 06:02:19] INFO - 170번째 행 입력
[2025-07-21 06:02:20] INFO - 171번째 행 입력
[2025-07-21 06:02:20] INFO - 172번째 행 입력
[2025-07-21 06:02:20] INFO - 173번째 행 입력
[2025-07-21 06:02:20] INFO - 174번째 행 입력
[2025-07-21 06:02:20] INFO - 175번째 행 입력
[2025-07-21 06:02:20] INFO - 176번째 행 입력
[2025-07-21 06:02:20] INFO - 177번째 행 입력
[2025-07-21 06:02:20] INFO - 178번째 행 입력
[2025-07-21 06:02:20] INFO - 179번째 행 입력
[2025-07-21 06:02:20] INFO - 180번째 행 입력
[2025-07-21 06:02:20] INFO - 181번째 행 입력
[2025-07-21 06:02:20] INFO - 182번째 행 입력
[2025-07-21 06:02:20] INFO - 183번째 행 입력
[2025-07-21 06:02:20] INFO - 184번째 행 입력
[2025-07-21 06:02:20] INFO - 185번째 행 입력
[2025-07-21 06:02:20] INFO - 186번째 행 입력
[2025-07-21 06:02:20] INFO - 187번째 행 입력
[2025-07-21 06:02:20] INFO - 188번째 행 입력
[2025-07-21 06:02:20] INFO - [SKIPPED - DUPLICATE] 의료법인 대산의료재단 동안성병원 / [ 동안성병원 ] 정신병동 간호조무사 채용 공고 (월10일근무/기숙사) / 2025-07-31 은 이미 존재하여 삽입되지 않았습니다.
[2025-07-21 06:02:20] INFO - 189번째 행 입력
[2025-07-21 06:02:20] INFO - 190번째 행 입력
[2025-07-21 06:02:20] INFO - 191번째 행 입력
[2025-07-21 06:02:20] INFO - 192번째 행 입력
[2025-07-21 06:02:20] INFO - 193번째 행 입력
[2025-07-21 06:02:20] INFO - 194번째 행 입력
[2025-07-21 06:02:21] INFO - 195번째 행 입력
[2025-07-21 06:02:21] INFO - 196번째 행 입력
[2025-07-21 06:02:21] INFO - 197번째 행 입력
[2025-07-21 06:02:21] INFO - 198번째 행 입력
[2025-07-21 06:02:21] INFO - 199번째 행 입력
[2025-07-21 06:02:21] INFO - 200번째 행 입력
[2025-07-21 06:02:21] INFO - 201번째 행 입력
[2025-07-21 06:02:21] INFO - 202번째 행 입력
[2025-07-21 06:02:21] INFO - 203번째 행 입력
[2025-07-21 06:02:21] INFO - 204번째 행 입력
[2025-07-21 06:02:21] INFO - 205번째 행 입력
[2025-07-21 06:02:21] INFO - 206번째 행 입력
[2025-07-21 06:02:21] INFO - 207번째 행 입력
[2025-07-21 06:02:21] INFO - 208번째 행 입력
[2025-07-21 06:02:21] INFO - 209번째 행 입력
[2025-07-21 06:02:21] INFO - 210번째 행 입력
[2025-07-21 06:02:21] INFO - 211번째 행 입력
[2025-07-21 06:02:21] INFO - 212번째 행 입력
[2025-07-21 06:02:21] INFO - 213번째 행 입력
[2025-07-21 06:02:21] INFO - 214번째 행 입력
[2025-07-21 06:02:21] INFO - 215번째 행 입력
[2025-07-21 06:02:21] INFO - 216번째 행 입력
[2025-07-21 06:02:22] INFO - 217번째 행 입력
[2025-07-21 06:02:22] INFO - 218번째 행 입력
[2025-07-21 06:02:22] INFO - 219번째 행 입력
[2025-07-21 06:02:22] INFO - 220번째 행 입력
[2025-07-21 06:02:22] INFO - 221번째 행 입력
[2025-07-21 06:02:22] INFO - 222번째 행 입력
[2025-07-21 06:02:22] INFO - 223번째 행 입력
[2025-07-21 06:02:22] INFO - 224번째 행 입력
[2025-07-21 06:02:22] INFO - 225번째 행 입력
[2025-07-21 06:02:22] INFO - 226번째 행 입력
[2025-07-21 06:02:22] INFO - 227번째 행 입력
[2025-07-21 06:02:22] INFO - 228번째 행 입력
[2025-07-21 06:02:22] INFO - 229번째 행 입력
[2025-07-21 06:02:22] INFO - 230번째 행 입력
[2025-07-21 06:02:22] INFO - 231번째 행 입력
[2025-07-21 06:02:22] INFO - 232번째 행 입력
[2025-07-21 06:02:22] INFO - 233번째 행 입력
[2025-07-21 06:02:22] INFO - 234번째 행 입력
[2025-07-21 06:02:22] INFO - 235번째 행 입력
[2025-07-21 06:02:23] INFO - 236번째 행 입력
[2025-07-21 06:02:23] INFO - 237번째 행 입력
[2025-07-21 06:02:23] INFO - 238번째 행 입력
[2025-07-21 06:02:23] INFO - 239번째 행 입력
[2025-07-21 06:02:23] INFO - 240번째 행 입력
[2025-07-21 06:02:23] INFO - 241번째 행 입력
[2025-07-21 06:02:23] INFO - 242번째 행 입력
[2025-07-21 06:02:23] INFO - 243번째 행 입력
[2025-07-21 06:02:23] INFO - 244번째 행 입력
[2025-07-21 06:02:23] INFO - 245번째 행 입력
[2025-07-21 06:02:23] INFO - 246번째 행 입력
[2025-07-21 06:02:23] INFO - 247번째 행 입력
[2025-07-21 06:02:23] INFO - 248번째 행 입력
[2025-07-21 06:02:23] INFO - 249번째 행 입력
[2025-07-21 06:02:23] INFO - 250번째 행 입력
[2025-07-21 06:02:23] INFO - 251번째 행 입력
[2025-07-21 06:02:23] INFO - 252번째 행 입력
[2025-07-21 06:02:23] INFO - 253번째 행 입력
[2025-07-21 06:02:23] INFO - 254번째 행 입력
[2025-07-21 06:02:23] INFO - 255번째 행 입력
[2025-07-21 06:02:23] INFO - 256번째 행 입력
[2025-07-21 06:02:23] INFO - 257번째 행 입력
[2025-07-21 06:02:23] INFO - 258번째 행 입력
[2025-07-21 06:02:24] INFO - 259번째 행 입력
[2025-07-21 06:02:24] INFO - 260번째 행 입력
[2025-07-21 06:02:24] INFO - 261번째 행 입력
[2025-07-21 06:02:24] INFO - 262번째 행 입력
[2025-07-21 06:02:24] INFO - 263번째 행 입력
[2025-07-21 06:02:24] INFO - 264번째 행 입력
[2025-07-21 06:02:24] INFO - 265번째 행 입력
[2025-07-21 06:02:24] INFO - 266번째 행 입력
[2025-07-21 06:02:24] INFO - 267번째 행 입력
[2025-07-21 06:02:24] INFO - 268번째 행 입력
[2025-07-21 06:02:24] INFO - 269번째 행 입력
[2025-07-21 06:02:24] INFO - 270번째 행 입력
[2025-07-21 06:02:24] INFO - 271번째 행 입력
[2025-07-21 06:02:24] INFO - 272번째 행 입력
[2025-07-21 06:02:24] INFO - 273번째 행 입력
[2025-07-21 06:02:24] INFO - 274번째 행 입력
[2025-07-21 06:02:24] INFO - 275번째 행 입력
[2025-07-21 06:02:24] INFO - 276번째 행 입력
[2025-07-21 06:02:24] INFO - 277번째 행 입력
[2025-07-21 06:02:24] INFO - 278번째 행 입력
[2025-07-21 06:02:24] INFO - 279번째 행 입력
[2025-07-21 06:02:25] INFO - 280번째 행 입력
[2025-07-21 06:02:25] INFO - 281번째 행 입력
[2025-07-21 06:02:25] INFO - 282번째 행 입력
[2025-07-21 06:02:25] INFO - 283번째 행 입력
[2025-07-21 06:02:25] INFO - 284번째 행 입력
[2025-07-21 06:02:25] INFO - 285번째 행 입력
[2025-07-21 06:02:25] INFO - 286번째 행 입력
[2025-07-21 06:02:25] INFO - 287번째 행 입력
[2025-07-21 06:02:25] INFO - 288번째 행 입력
[2025-07-21 06:02:25] INFO - 289번째 행 입력
[2025-07-21 06:02:25] INFO - 290번째 행 입력
[2025-07-21 06:02:25] INFO - 291번째 행 입력
[2025-07-21 06:02:25] INFO - 292번째 행 입력
[2025-07-21 06:02:25] INFO - 293번째 행 입력
[2025-07-21 06:02:25] INFO - 294번째 행 입력
[2025-07-21 06:02:25] INFO - 295번째 행 입력
[2025-07-21 06:02:25] INFO - 296번째 행 입력
[2025-07-21 06:02:25] INFO - 297번째 행 입력
[2025-07-21 06:02:25] INFO - 298번째 행 입력
[2025-07-21 06:02:25] INFO - 299번째 행 입력
[2025-07-21 06:02:26] INFO - 300번째 행 입력
[2025-07-21 06:02:26] INFO - 301번째 행 입력
[2025-07-21 06:02:26] INFO - 302번째 행 입력
[2025-07-21 06:02:26] INFO - 303번째 행 입력
[2025-07-21 06:02:26] INFO - 304번째 행 입력
[2025-07-21 06:02:26] INFO - 305번째 행 입력
[2025-07-21 06:02:26] INFO - 306번째 행 입력
[2025-07-21 06:02:26] INFO - 307번째 행 입력
[2025-07-21 06:02:26] INFO - 308번째 행 입력
[2025-07-21 06:02:26] INFO - 309번째 행 입력
[2025-07-21 06:02:26] INFO - 310번째 행 입력
[2025-07-21 06:02:26] INFO - 311번째 행 입력
[2025-07-21 06:02:26] INFO - 312번째 행 입력
[2025-07-21 06:02:26] INFO - 313번째 행 입력
[2025-07-21 06:02:26] INFO - 314번째 행 입력
[2025-07-21 06:02:26] INFO - 315번째 행 입력
[2025-07-21 06:02:26] INFO - 316번째 행 입력
[2025-07-21 06:02:26] INFO - 317번째 행 입력
[2025-07-21 06:02:26] INFO - 318번째 행 입력
[2025-07-21 06:02:26] INFO - 319번째 행 입력
[2025-07-21 06:02:26] INFO - 320번째 행 입력
[2025-07-21 06:02:26] INFO - 321번째 행 입력
[2025-07-21 06:02:27] INFO - 322번째 행 입력
[2025-07-21 06:02:27] INFO - 323번째 행 입력
[2025-07-21 06:02:27] INFO - 324번째 행 입력
[2025-07-21 06:02:27] INFO - 325번째 행 입력
[2025-07-21 06:02:27] INFO - 326번째 행 입력
[2025-07-21 06:02:27] INFO - 327번째 행 입력
[2025-07-21 06:02:27] INFO - 328번째 행 입력
[2025-07-21 06:02:27] INFO - 329번째 행 입력
[2025-07-21 06:02:27] INFO - 330번째 행 입력
[2025-07-21 06:02:27] INFO - 331번째 행 입력
[2025-07-21 06:02:27] INFO - 332번째 행 입력
[2025-07-21 06:02:27] INFO - 333번째 행 입력
[2025-07-21 06:02:27] INFO - 334번째 행 입력
[2025-07-21 06:02:27] INFO - 335번째 행 입력
[2025-07-21 06:02:27] INFO - 336번째 행 입력
[2025-07-21 06:02:27] INFO - 337번째 행 입력
[2025-07-21 06:02:27] INFO - 338번째 행 입력
[2025-07-21 06:02:27] INFO - 339번째 행 입력
[2025-07-21 06:02:27] INFO - 340번째 행 입력
[2025-07-21 06:02:27] INFO - 341번째 행 입력
[2025-07-21 06:02:27] INFO - 342번째 행 입력
[2025-07-21 06:02:27] INFO - 343번째 행 입력
[2025-07-21 06:02:27] INFO - 344번째 행 입력
[2025-07-21 06:02:28] INFO - 345번째 행 입력
[2025-07-21 06:02:28] INFO - 346번째 행 입력
[2025-07-21 06:02:28] INFO - 347번째 행 입력
[2025-07-21 06:02:28] INFO - 348번째 행 입력
[2025-07-21 06:02:28] INFO - 349번째 행 입력
[2025-07-21 06:02:28] INFO - 350번째 행 입력
[2025-07-21 06:02:28] INFO - 351번째 행 입력
[2025-07-21 06:02:28] INFO - 352번째 행 입력
[2025-07-21 06:02:28] INFO - 353번째 행 입력
[2025-07-21 06:02:28] INFO - 354번째 행 입력
[2025-07-21 06:02:28] INFO - 355번째 행 입력
[2025-07-21 06:02:28] INFO - 356번째 행 입력
[2025-07-21 06:02:28] INFO - 357번째 행 입력
[2025-07-21 06:02:28] INFO - 358번째 행 입력
[2025-07-21 06:02:28] INFO - 359번째 행 입력
[2025-07-21 06:02:28] INFO - 360번째 행 입력
[2025-07-21 06:02:28] INFO - 361번째 행 입력
[2025-07-21 06:02:28] INFO - 362번째 행 입력
[2025-07-21 06:02:28] INFO - 363번째 행 입력
[2025-07-21 06:02:28] INFO - 364번째 행 입력
[2025-07-21 06:02:28] INFO - 365번째 행 입력
[2025-07-21 06:02:28] INFO - 366번째 행 입력
[2025-07-21 06:02:29] INFO - 367번째 행 입력
[2025-07-21 06:02:29] INFO - 368번째 행 입력
[2025-07-21 06:02:29] INFO - 369번째 행 입력
[2025-07-21 06:02:29] INFO - 370번째 행 입력
[2025-07-21 06:02:29] INFO - 371번째 행 입력
[2025-07-21 06:02:29] INFO - 372번째 행 입력
[2025-07-21 06:02:29] INFO - 373번째 행 입력
[2025-07-21 06:02:29] INFO - 374번째 행 입력
[2025-07-21 06:02:29] INFO - 375번째 행 입력
[2025-07-21 06:02:29] INFO - 376번째 행 입력
[2025-07-21 06:02:29] INFO - 377번째 행 입력
[2025-07-21 06:02:29] INFO - 378번째 행 입력
[2025-07-21 06:02:29] INFO - 379번째 행 입력
[2025-07-21 06:02:29] INFO - 380번째 행 입력
[2025-07-21 06:02:29] INFO - 381번째 행 입력
[2025-07-21 06:02:29] INFO - 382번째 행 입력
[2025-07-21 06:02:29] INFO - 383번째 행 입력
[2025-07-21 06:02:29] INFO - 384번째 행 입력
[2025-07-21 06:02:29] INFO - 385번째 행 입력
[2025-07-21 06:02:30] INFO - 386번째 행 입력
[2025-07-21 06:02:30] INFO - 387번째 행 입력
[2025-07-21 06:02:30] INFO - 388번째 행 입력
[2025-07-21 06:02:30] INFO - 389번째 행 입력
[2025-07-21 06:02:30] INFO - 390번째 행 입력
[2025-07-21 06:02:30] INFO - 391번째 행 입력
[2025-07-21 06:02:30] INFO - 392번째 행 입력
[2025-07-21 06:02:30] INFO - 393번째 행 입력
[2025-07-21 06:02:30] INFO - 394번째 행 입력
[2025-07-21 06:02:30] INFO - 395번째 행 입력
[2025-07-21 06:02:30] INFO - 396번째 행 입력
[2025-07-21 06:02:30] INFO - 397번째 행 입력
[2025-07-21 06:02:30] INFO - 398번째 행 입력
[2025-07-21 06:02:30] INFO - 399번째 행 입력
[2025-07-21 06:02:30] INFO - 400번째 행 입력
[2025-07-21 06:02:30] INFO - 401번째 행 입력
[2025-07-21 06:02:30] INFO - 402번째 행 입력
[2025-07-21 06:02:30] INFO - 403번째 행 입력
[2025-07-21 06:02:30] INFO - 404번째 행 입력
[2025-07-21 06:02:30] INFO - 405번째 행 입력
[2025-07-21 06:02:30] INFO - 406번째 행 입력
[2025-07-21 06:02:30] INFO - 407번째 행 입력
[2025-07-21 06:02:31] INFO - 408번째 행 입력
[2025-07-21 06:02:31] INFO - 409번째 행 입력
[2025-07-21 06:02:31] INFO - 410번째 행 입력
[2025-07-21 06:02:31] INFO - 411번째 행 입력
[2025-07-21 06:02:31] INFO - 412번째 행 입력
[2025-07-21 06:02:31] INFO - 413번째 행 입력
[2025-07-21 06:02:31] INFO - 414번째 행 입력
[2025-07-21 06:02:31] INFO - 415번째 행 입력
[2025-07-21 06:02:31] INFO - 416번째 행 입력
[2025-07-21 06:02:31] INFO - 417번째 행 입력
[2025-07-21 06:02:31] INFO - 418번째 행 입력
[2025-07-21 06:02:31] INFO - 419번째 행 입력
[2025-07-21 06:02:31] INFO - 420번째 행 입력
[2025-07-21 06:02:31] INFO - 421번째 행 입력
[2025-07-21 06:02:31] INFO - 422번째 행 입력
[2025-07-21 06:02:31] INFO - 423번째 행 입력
[2025-07-21 06:02:31] INFO - 424번째 행 입력
[2025-07-21 06:02:31] INFO - 425번째 행 입력
[2025-07-21 06:02:31] INFO - 426번째 행 입력
[2025-07-21 06:02:31] INFO - 427번째 행 입력
[2025-07-21 06:02:31] INFO - 428번째 행 입력
[2025-07-21 06:02:31] INFO - 429번째 행 입력
[2025-07-21 06:02:32] INFO - 430번째 행 입력
[2025-07-21 06:02:32] INFO - 431번째 행 입력
[2025-07-21 06:02:32] INFO - 432번째 행 입력
[2025-07-21 06:02:32] INFO - 433번째 행 입력
[2025-07-21 06:02:32] INFO - 434번째 행 입력
[2025-07-21 06:02:32] INFO - 435번째 행 입력
[2025-07-21 06:02:32] INFO - 436번째 행 입력
[2025-07-21 06:02:32] INFO - 437번째 행 입력
[2025-07-21 06:02:32] INFO - 438번째 행 입력
[2025-07-21 06:02:32] INFO - 439번째 행 입력
[2025-07-21 06:02:32] INFO - 440번째 행 입력
[2025-07-21 06:02:32] INFO - 441번째 행 입력
[2025-07-21 06:02:32] INFO - 442번째 행 입력
[2025-07-21 06:02:32] INFO - 443번째 행 입력
[2025-07-21 06:02:32] INFO - 444번째 행 입력
[2025-07-21 06:02:32] INFO - 445번째 행 입력
[2025-07-21 06:02:32] INFO - 446번째 행 입력
[2025-07-21 06:02:32] INFO - 447번째 행 입력
[2025-07-21 06:02:32] INFO - 448번째 행 입력
[2025-07-21 06:02:32] INFO - 449번째 행 입력
[2025-07-21 06:02:32] INFO - 450번째 행 입력
[2025-07-21 06:02:32] INFO - 451번째 행 입력
[2025-07-21 06:02:33] INFO - 452번째 행 입력
[2025-07-21 06:02:33] INFO - 453번째 행 입력
[2025-07-21 06:02:33] INFO - 454번째 행 입력
[2025-07-21 06:02:33] INFO - 455번째 행 입력
[2025-07-21 06:02:33] INFO - 456번째 행 입력
[2025-07-21 06:02:33] INFO - 457번째 행 입력
[2025-07-21 06:02:33] INFO - 458번째 행 입력
[2025-07-21 06:02:33] INFO - 459번째 행 입력
[2025-07-21 06:02:33] INFO - 460번째 행 입력
[2025-07-21 06:02:33] INFO - 461번째 행 입력
[2025-07-21 06:02:33] INFO - 462번째 행 입력
[2025-07-21 06:02:33] INFO - 463번째 행 입력
[2025-07-21 06:02:33] INFO - 464번째 행 입력
[2025-07-21 06:02:33] INFO - 465번째 행 입력
[2025-07-21 06:02:33] INFO - 466번째 행 입력
[2025-07-21 06:02:33] INFO - 467번째 행 입력
[2025-07-21 06:02:33] INFO - 468번째 행 입력
[2025-07-21 06:02:33] INFO - 469번째 행 입력
[2025-07-21 06:02:33] INFO - 470번째 행 입력
[2025-07-21 06:02:33] INFO - 471번째 행 입력
[2025-07-21 06:02:33] INFO - 472번째 행 입력
[2025-07-21 06:02:34] INFO - 473번째 행 입력
[2025-07-21 06:02:34] INFO - 474번째 행 입력
[2025-07-21 06:02:34] INFO - 475번째 행 입력
[2025-07-21 06:02:34] INFO - 476번째 행 입력
[2025-07-21 06:02:34] INFO - 477번째 행 입력
[2025-07-21 06:02:34] INFO - 478번째 행 입력
[2025-07-21 06:02:34] INFO - 479번째 행 입력
[2025-07-21 06:02:34] INFO - 480번째 행 입력
[2025-07-21 06:02:34] INFO - 481번째 행 입력
[2025-07-21 06:02:34] INFO - 482번째 행 입력
[2025-07-21 06:02:34] INFO - 483번째 행 입력
[2025-07-21 06:02:34] INFO - 484번째 행 입력
[2025-07-21 06:02:34] INFO - 485번째 행 입력
[2025-07-21 06:02:34] INFO - 486번째 행 입력
[2025-07-21 06:02:34] INFO - 487번째 행 입력
[2025-07-21 06:02:34] INFO - 488번째 행 입력
[2025-07-21 06:02:34] INFO - 489번째 행 입력
[2025-07-21 06:02:34] INFO - 490번째 행 입력
[2025-07-21 06:02:34] INFO - 491번째 행 입력
[2025-07-21 06:02:34] INFO - 492번째 행 입력
[2025-07-21 06:02:34] INFO - 493번째 행 입력
[2025-07-21 06:02:34] INFO - 494번째 행 입력
[2025-07-21 06:02:34] INFO - 495번째 행 입력
[2025-07-21 06:02:35] INFO - 496번째 행 입력
[2025-07-21 06:02:35] INFO - 497번째 행 입력
[2025-07-21 06:02:35] INFO - 498번째 행 입력
[2025-07-21 06:02:35] INFO - 499번째 행 입력
[2025-07-21 06:02:35] INFO - 500번째 행 입력
[2025-07-21 06:02:35] INFO - 501번째 행 입력
[2025-07-21 06:02:35] INFO - 502번째 행 입력
[2025-07-21 06:02:35] INFO - 503번째 행 입력
[2025-07-21 06:02:35] INFO - 504번째 행 입력
[2025-07-21 06:02:35] INFO - 505번째 행 입력
[2025-07-21 06:02:35] INFO - 506번째 행 입력
[2025-07-21 06:02:35] INFO - 507번째 행 입력
[2025-07-21 06:02:35] INFO - 508번째 행 입력
[2025-07-21 06:02:35] INFO - 509번째 행 입력
[2025-07-21 06:02:35] INFO - 510번째 행 입력
[2025-07-21 06:02:35] INFO - 511번째 행 입력
[2025-07-21 06:02:35] INFO - 512번째 행 입력
[2025-07-21 06:02:35] INFO - 513번째 행 입력
[2025-07-21 06:02:35] INFO - 514번째 행 입력
[2025-07-21 06:02:35] INFO - 515번째 행 입력
[2025-07-21 06:02:35] INFO - 516번째 행 입력
[2025-07-21 06:02:35] INFO - 517번째 행 입력
[2025-07-21 06:02:35] INFO - 518번째 행 입력
[2025-07-21 06:02:36] INFO - 519번째 행 입력
[2025-07-21 06:02:36] INFO - 520번째 행 입력
[2025-07-21 06:02:36] INFO - 521번째 행 입력
[2025-07-21 06:02:36] INFO - 522번째 행 입력
[2025-07-21 06:02:36] INFO - 523번째 행 입력
[2025-07-21 06:02:36] INFO - 524번째 행 입력
[2025-07-21 06:02:36] INFO - 525번째 행 입력
[2025-07-21 06:02:36] INFO - 526번째 행 입력
[2025-07-21 06:02:36] INFO - 527번째 행 입력
[2025-07-21 06:02:36] INFO - 528번째 행 입력
[2025-07-21 06:02:36] INFO - 529번째 행 입력
[2025-07-21 06:02:36] INFO - 530번째 행 입력
[2025-07-21 06:02:36] INFO - 531번째 행 입력
[2025-07-21 06:02:36] INFO - 532번째 행 입력
[2025-07-21 06:02:36] INFO - 533번째 행 입력
[2025-07-21 06:02:36] INFO - 534번째 행 입력
[2025-07-21 06:02:36] INFO - 535번째 행 입력
[2025-07-21 06:02:36] INFO - 536번째 행 입력
[2025-07-21 06:02:36] INFO - 537번째 행 입력
[2025-07-21 06:02:36] INFO - 538번째 행 입력
[2025-07-21 06:02:36] INFO - 539번째 행 입력
[2025-07-21 06:02:37] INFO - 540번째 행 입력
[2025-07-21 06:02:37] INFO - 541번째 행 입력
[2025-07-21 06:02:37] INFO - 542번째 행 입력
[2025-07-21 06:02:37] INFO - 543번째 행 입력
[2025-07-21 06:02:37] INFO - 544번째 행 입력
[2025-07-21 06:02:37] INFO - 545번째 행 입력
[2025-07-21 06:02:37] INFO - 546번째 행 입력
[2025-07-21 06:02:37] INFO - 547번째 행 입력
[2025-07-21 06:02:37] INFO - 548번째 행 입력
[2025-07-21 06:02:37] INFO - 549번째 행 입력
[2025-07-21 06:02:37] INFO - 550번째 행 입력
[2025-07-21 06:02:37] INFO - 551번째 행 입력
[2025-07-21 06:02:37] INFO - 552번째 행 입력
[2025-07-21 06:02:37] INFO - 553번째 행 입력
[2025-07-21 06:02:37] INFO - 554번째 행 입력
[2025-07-21 06:02:37] INFO - 555번째 행 입력
[2025-07-21 06:02:37] INFO - 556번째 행 입력
[2025-07-21 06:02:37] INFO - 557번째 행 입력
[2025-07-21 06:02:37] INFO - 558번째 행 입력
[2025-07-21 06:02:37] INFO - 559번째 행 입력
[2025-07-21 06:02:37] INFO - 프로그램 종료
